running egg_info
creating ../../build/phil_pkg/phil_pkg.egg-info
writing ../../build/phil_pkg/phil_pkg.egg-info/PKG-INFO
writing dependency_links to ../../build/phil_pkg/phil_pkg.egg-info/dependency_links.txt
writing entry points to ../../build/phil_pkg/phil_pkg.egg-info/entry_points.txt
writing requirements to ../../build/phil_pkg/phil_pkg.egg-info/requires.txt
writing top-level names to ../../build/phil_pkg/phil_pkg.egg-info/top_level.txt
writing manifest file '../../build/phil_pkg/phil_pkg.egg-info/SOURCES.txt'
reading manifest file '../../build/phil_pkg/phil_pkg.egg-info/SOURCES.txt'
adding license file 'LICENSE'
writing manifest file '../../build/phil_pkg/phil_pkg.egg-info/SOURCES.txt'
running build
running build_py
creating /home/philnoc/ezmr_ws/build/phil_pkg/build
creating /home/philnoc/ezmr_ws/build/phil_pkg/build/lib
creating /home/philnoc/ezmr_ws/build/phil_pkg/build/lib/phil_pkg
copying phil_pkg/HelloPhil.py -> /home/philnoc/ezmr_ws/build/phil_pkg/build/lib/phil_pkg
copying phil_pkg/__init__.py -> /home/philnoc/ezmr_ws/build/phil_pkg/build/lib/phil_pkg
running install
running install_lib
creating /home/philnoc/ezmr_ws/install/phil_pkg/lib/python3.10/site-packages/phil_pkg
copying /home/philnoc/ezmr_ws/build/phil_pkg/build/lib/phil_pkg/HelloPhil.py -> /home/philnoc/ezmr_ws/install/phil_pkg/lib/python3.10/site-packages/phil_pkg
copying /home/philnoc/ezmr_ws/build/phil_pkg/build/lib/phil_pkg/__init__.py -> /home/philnoc/ezmr_ws/install/phil_pkg/lib/python3.10/site-packages/phil_pkg
byte-compiling /home/philnoc/ezmr_ws/install/phil_pkg/lib/python3.10/site-packages/phil_pkg/HelloPhil.py to HelloPhil.cpython-310.pyc
byte-compiling /home/philnoc/ezmr_ws/install/phil_pkg/lib/python3.10/site-packages/phil_pkg/__init__.py to __init__.cpython-310.pyc
running install_data
creating /home/philnoc/ezmr_ws/install/phil_pkg/share/ament_index
creating /home/philnoc/ezmr_ws/install/phil_pkg/share/ament_index/resource_index
creating /home/philnoc/ezmr_ws/install/phil_pkg/share/ament_index/resource_index/packages
copying resource/phil_pkg -> /home/philnoc/ezmr_ws/install/phil_pkg/share/ament_index/resource_index/packages
copying package.xml -> /home/philnoc/ezmr_ws/install/phil_pkg/share/phil_pkg
running install_egg_info
Copying ../../build/phil_pkg/phil_pkg.egg-info to /home/philnoc/ezmr_ws/install/phil_pkg/lib/python3.10/site-packages/phil_pkg-0.0.0-py3.10.egg-info
running install_scripts
Installing HelloPhil script to /home/philnoc/ezmr_ws/install/phil_pkg/lib/phil_pkg
writing list of installed files to '/home/philnoc/ezmr_ws/build/phil_pkg/install.log'
