[0.902s] Invoking command in '/home/philnoc/ezmr_ws/src/phil_pkg': PYTHONPATH=/home/philnoc/ezmr_ws/build/phil_pkg/prefix_override:/usr/lib/python3/dist-packages/colcon_core/task/python/colcon_distutils_commands:/home/philnoc/ezmr_ws/install/phil_pkg/lib/python3.10/site-packages:${PYTHONPATH} /usr/bin/python3 -W ignore:setup.py install is deprecated -W ignore:easy_install command is deprecated setup.py egg_info --egg-base ../../build/phil_pkg build --build-base /home/philnoc/ezmr_ws/build/phil_pkg/build install --record /home/philnoc/ezmr_ws/build/phil_pkg/install.log --single-version-externally-managed install_data
[1.179s] running egg_info
[1.180s] creating ../../build/phil_pkg/phil_pkg.egg-info
[1.180s] writing ../../build/phil_pkg/phil_pkg.egg-info/PKG-INFO
[1.180s] writing dependency_links to ../../build/phil_pkg/phil_pkg.egg-info/dependency_links.txt
[1.180s] writing entry points to ../../build/phil_pkg/phil_pkg.egg-info/entry_points.txt
[1.181s] writing requirements to ../../build/phil_pkg/phil_pkg.egg-info/requires.txt
[1.181s] writing top-level names to ../../build/phil_pkg/phil_pkg.egg-info/top_level.txt
[1.181s] writing manifest file '../../build/phil_pkg/phil_pkg.egg-info/SOURCES.txt'
[1.184s] reading manifest file '../../build/phil_pkg/phil_pkg.egg-info/SOURCES.txt'
[1.184s] adding license file 'LICENSE'
[1.185s] writing manifest file '../../build/phil_pkg/phil_pkg.egg-info/SOURCES.txt'
[1.185s] running build
[1.186s] running build_py
[1.186s] creating /home/philnoc/ezmr_ws/build/phil_pkg/build
[1.186s] creating /home/philnoc/ezmr_ws/build/phil_pkg/build/lib
[1.186s] creating /home/philnoc/ezmr_ws/build/phil_pkg/build/lib/phil_pkg
[1.186s] copying phil_pkg/HelloPhil.py -> /home/philnoc/ezmr_ws/build/phil_pkg/build/lib/phil_pkg
[1.186s] copying phil_pkg/__init__.py -> /home/philnoc/ezmr_ws/build/phil_pkg/build/lib/phil_pkg
[1.186s] running install
[1.187s] running install_lib
[1.188s] creating /home/philnoc/ezmr_ws/install/phil_pkg/lib/python3.10/site-packages/phil_pkg
[1.188s] copying /home/philnoc/ezmr_ws/build/phil_pkg/build/lib/phil_pkg/HelloPhil.py -> /home/philnoc/ezmr_ws/install/phil_pkg/lib/python3.10/site-packages/phil_pkg
[1.188s] copying /home/philnoc/ezmr_ws/build/phil_pkg/build/lib/phil_pkg/__init__.py -> /home/philnoc/ezmr_ws/install/phil_pkg/lib/python3.10/site-packages/phil_pkg
[1.188s] byte-compiling /home/philnoc/ezmr_ws/install/phil_pkg/lib/python3.10/site-packages/phil_pkg/HelloPhil.py to HelloPhil.cpython-310.pyc
[1.189s] byte-compiling /home/philnoc/ezmr_ws/install/phil_pkg/lib/python3.10/site-packages/phil_pkg/__init__.py to __init__.cpython-310.pyc
[1.189s] running install_data
[1.189s] creating /home/philnoc/ezmr_ws/install/phil_pkg/share/ament_index
[1.189s] creating /home/philnoc/ezmr_ws/install/phil_pkg/share/ament_index/resource_index
[1.190s] creating /home/philnoc/ezmr_ws/install/phil_pkg/share/ament_index/resource_index/packages
[1.190s] copying resource/phil_pkg -> /home/philnoc/ezmr_ws/install/phil_pkg/share/ament_index/resource_index/packages
[1.190s] copying package.xml -> /home/philnoc/ezmr_ws/install/phil_pkg/share/phil_pkg
[1.190s] running install_egg_info
[1.192s] Copying ../../build/phil_pkg/phil_pkg.egg-info to /home/philnoc/ezmr_ws/install/phil_pkg/lib/python3.10/site-packages/phil_pkg-0.0.0-py3.10.egg-info
[1.193s] running install_scripts
[1.218s] Installing HelloPhil script to /home/philnoc/ezmr_ws/install/phil_pkg/lib/phil_pkg
[1.221s] writing list of installed files to '/home/philnoc/ezmr_ws/build/phil_pkg/install.log'
[1.265s] Invoked command in '/home/philnoc/ezmr_ws/src/phil_pkg' returned '0': PYTHONPATH=/home/philnoc/ezmr_ws/build/phil_pkg/prefix_override:/usr/lib/python3/dist-packages/colcon_core/task/python/colcon_distutils_commands:/home/philnoc/ezmr_ws/install/phil_pkg/lib/python3.10/site-packages:${PYTHONPATH} /usr/bin/python3 -W ignore:setup.py install is deprecated -W ignore:easy_install command is deprecated setup.py egg_info --egg-base ../../build/phil_pkg build --build-base /home/philnoc/ezmr_ws/build/phil_pkg/build install --record /home/philnoc/ezmr_ws/build/phil_pkg/install.log --single-version-externally-managed install_data
