running egg_info
writing ../../build/sensors_add/sensors_add.egg-info/PKG-INFO
writing dependency_links to ../../build/sensors_add/sensors_add.egg-info/dependency_links.txt
writing entry points to ../../build/sensors_add/sensors_add.egg-info/entry_points.txt
writing requirements to ../../build/sensors_add/sensors_add.egg-info/requires.txt
writing top-level names to ../../build/sensors_add/sensors_add.egg-info/top_level.txt
reading manifest file '../../build/sensors_add/sensors_add.egg-info/SOURCES.txt'
adding license file 'LICENSE'
writing manifest file '../../build/sensors_add/sensors_add.egg-info/SOURCES.txt'
running build
running build_py
copying sensors_add/steal_warn.py -> /home/philnoc/ezmr_ws/build/sensors_add/build/lib/sensors_add
running install
running install_lib
copying /home/philnoc/ezmr_ws/build/sensors_add/build/lib/sensors_add/steal_warn.py -> /home/philnoc/ezmr_ws/install/sensors_add/lib/python3.10/site-packages/sensors_add
byte-compiling /home/philnoc/ezmr_ws/install/sensors_add/lib/python3.10/site-packages/sensors_add/steal_warn.py to steal_warn.cpython-310.pyc
running install_data
running install_egg_info
removing '/home/philnoc/ezmr_ws/install/sensors_add/lib/python3.10/site-packages/sensors_add-0.0.0-py3.10.egg-info' (and everything under it)
Copying ../../build/sensors_add/sensors_add.egg-info to /home/philnoc/ezmr_ws/install/sensors_add/lib/python3.10/site-packages/sensors_add-0.0.0-py3.10.egg-info
running install_scripts
Installing circle_warn script to /home/philnoc/ezmr_ws/install/sensors_add/lib/sensors_add
Installing ultra_display script to /home/philnoc/ezmr_ws/install/sensors_add/lib/sensors_add
writing list of installed files to '/home/philnoc/ezmr_ws/build/sensors_add/install.log'
