[0.048s] Invoking command in '/home/philnoc/ezmr_ws/build/turtlesim': CMAKE_PREFIX_PATH=/opt/ros/humble /usr/bin/cmake --build /home/philnoc/ezmr_ws/build/turtlesim -- -j4 -l4
[0.130s] [  1%] Built target turtlesim__cpp
[0.152s] [ 11%] Built target turtlesim__rosidl_generator_c
[0.153s] [ 11%] Built target ament_cmake_python_copy_turtlesim
[0.184s] [ 12%] [32mBuilding CXX object CMakeFiles/turtlesim__rosidl_typesupport_cpp.dir/rosidl_typesupport_cpp/turtlesim/action/rotate_absolute__type_support.cpp.o[0m
[0.190s] [ 13%] [32mBuilding CXX object CMakeFiles/turtlesim__rosidl_typesupport_fastrtps_cpp.dir/rosidl_typesupport_fastrtps_cpp/turtlesim/action/detail/dds_fastrtps/rotate_absolute__type_support.cpp.o[0m
[0.211s] [ 14%] [32mBuilding CXX object CMakeFiles/turtlesim__rosidl_typesupport_introspection_cpp.dir/rosidl_typesupport_introspection_cpp/turtlesim/action/detail/rotate_absolute__type_support.cpp.o[0m
[0.556s] running egg_info
[0.558s] writing turtlesim.egg-info/PKG-INFO
[0.558s] writing dependency_links to turtlesim.egg-info/dependency_links.txt
[0.560s] writing top-level names to turtlesim.egg-info/top_level.txt
[0.564s] reading manifest file 'turtlesim.egg-info/SOURCES.txt'
[0.565s] writing manifest file 'turtlesim.egg-info/SOURCES.txt'
[0.648s] [ 14%] Built target ament_cmake_python_build_turtlesim_egg
[0.672s] [ 15%] [32mBuilding CXX object CMakeFiles/turtlesim__rosidl_typesupport_introspection_cpp.dir/rosidl_typesupport_introspection_cpp/turtlesim/msg/detail/color__type_support.cpp.o[0m
[0.828s] [ 16%] [32mBuilding CXX object CMakeFiles/turtlesim__rosidl_typesupport_cpp.dir/rosidl_typesupport_cpp/turtlesim/msg/color__type_support.cpp.o[0m
[1.028s] [ 17%] [32mBuilding CXX object CMakeFiles/turtlesim__rosidl_typesupport_fastrtps_cpp.dir/rosidl_typesupport_fastrtps_cpp/turtlesim/msg/detail/dds_fastrtps/color__type_support.cpp.o[0m
[1.257s] [ 18%] [32mBuilding CXX object CMakeFiles/turtlesim__rosidl_typesupport_cpp.dir/rosidl_typesupport_cpp/turtlesim/msg/pose__type_support.cpp.o[0m
[1.267s] [ 19%] [32mBuilding CXX object CMakeFiles/turtlesim__rosidl_typesupport_introspection_cpp.dir/rosidl_typesupport_introspection_cpp/turtlesim/msg/detail/pose__type_support.cpp.o[0m
[1.335s] [ 20%] [32mBuilding CXX object CMakeFiles/turtlesim__rosidl_typesupport_fastrtps_c.dir/rosidl_typesupport_fastrtps_c/turtlesim/action/detail/rotate_absolute__type_support_c.cpp.o[0m
[1.580s] [ 21%] [32mBuilding CXX object CMakeFiles/turtlesim__rosidl_typesupport_fastrtps_cpp.dir/rosidl_typesupport_fastrtps_cpp/turtlesim/msg/detail/dds_fastrtps/pose__type_support.cpp.o[0m
[1.586s] [ 22%] [32mBuilding CXX object CMakeFiles/turtlesim__rosidl_typesupport_cpp.dir/rosidl_typesupport_cpp/turtlesim/srv/kill__type_support.cpp.o[0m
[1.759s] [ 23%] [32mBuilding CXX object CMakeFiles/turtlesim__rosidl_typesupport_introspection_cpp.dir/rosidl_typesupport_introspection_cpp/turtlesim/srv/detail/kill__type_support.cpp.o[0m
[1.849s] [ 24%] [32mBuilding CXX object CMakeFiles/turtlesim__rosidl_typesupport_fastrtps_c.dir/rosidl_typesupport_fastrtps_c/turtlesim/msg/detail/color__type_support_c.cpp.o[0m
[1.950s] [ 25%] [32mBuilding CXX object CMakeFiles/turtlesim__rosidl_typesupport_cpp.dir/rosidl_typesupport_cpp/turtlesim/srv/set_pen__type_support.cpp.o[0m
[2.095s] [ 26%] [32mBuilding CXX object CMakeFiles/turtlesim__rosidl_typesupport_fastrtps_cpp.dir/rosidl_typesupport_fastrtps_cpp/turtlesim/srv/detail/dds_fastrtps/kill__type_support.cpp.o[0m
[2.289s] [ 27%] [32mBuilding CXX object CMakeFiles/turtlesim__rosidl_typesupport_fastrtps_c.dir/rosidl_typesupport_fastrtps_c/turtlesim/msg/detail/pose__type_support_c.cpp.o[0m
[2.293s] [ 28%] [32mBuilding CXX object CMakeFiles/turtlesim__rosidl_typesupport_introspection_cpp.dir/rosidl_typesupport_introspection_cpp/turtlesim/srv/detail/set_pen__type_support.cpp.o[0m
[2.312s] [ 29%] [32mBuilding CXX object CMakeFiles/turtlesim__rosidl_typesupport_cpp.dir/rosidl_typesupport_cpp/turtlesim/srv/spawn__type_support.cpp.o[0m
[2.657s] [ 30%] [32mBuilding CXX object CMakeFiles/turtlesim__rosidl_typesupport_fastrtps_cpp.dir/rosidl_typesupport_fastrtps_cpp/turtlesim/srv/detail/dds_fastrtps/set_pen__type_support.cpp.o[0m
[2.684s] [ 31%] [32mBuilding CXX object CMakeFiles/turtlesim__rosidl_typesupport_cpp.dir/rosidl_typesupport_cpp/turtlesim/srv/teleport_absolute__type_support.cpp.o[0m
[2.766s] [ 32%] [32mBuilding CXX object CMakeFiles/turtlesim__rosidl_typesupport_fastrtps_c.dir/rosidl_typesupport_fastrtps_c/turtlesim/srv/detail/kill__type_support_c.cpp.o[0m
[2.814s] [ 33%] [32mBuilding CXX object CMakeFiles/turtlesim__rosidl_typesupport_introspection_cpp.dir/rosidl_typesupport_introspection_cpp/turtlesim/srv/detail/spawn__type_support.cpp.o[0m
[3.059s] [ 34%] [32mBuilding CXX object CMakeFiles/turtlesim__rosidl_typesupport_cpp.dir/rosidl_typesupport_cpp/turtlesim/srv/teleport_relative__type_support.cpp.o[0m
[3.238s] [ 35%] [32mBuilding CXX object CMakeFiles/turtlesim__rosidl_typesupport_fastrtps_cpp.dir/rosidl_typesupport_fastrtps_cpp/turtlesim/srv/detail/dds_fastrtps/spawn__type_support.cpp.o[0m
[3.307s] [ 36%] [32mBuilding CXX object CMakeFiles/turtlesim__rosidl_typesupport_fastrtps_c.dir/rosidl_typesupport_fastrtps_c/turtlesim/srv/detail/set_pen__type_support_c.cpp.o[0m
[3.315s] [ 37%] [32mBuilding CXX object CMakeFiles/turtlesim__rosidl_typesupport_introspection_cpp.dir/rosidl_typesupport_introspection_cpp/turtlesim/srv/detail/teleport_absolute__type_support.cpp.o[0m
[3.445s] [ 38%] [32m[1mLinking CXX shared library libturtlesim__rosidl_typesupport_cpp.so[0m
[3.519s] [ 39%] Built target turtlesim__rosidl_typesupport_cpp
[3.530s] [ 40%] [32mBuilding CXX object CMakeFiles/turtlesim__rosidl_typesupport_fastrtps_c.dir/rosidl_typesupport_fastrtps_c/turtlesim/srv/detail/spawn__type_support_c.cpp.o[0m
[3.802s] [ 41%] [32mBuilding CXX object CMakeFiles/turtlesim__rosidl_typesupport_fastrtps_cpp.dir/rosidl_typesupport_fastrtps_cpp/turtlesim/srv/detail/dds_fastrtps/teleport_absolute__type_support.cpp.o[0m
[3.814s] [ 42%] [32mBuilding CXX object CMakeFiles/turtlesim__rosidl_typesupport_introspection_cpp.dir/rosidl_typesupport_introspection_cpp/turtlesim/srv/detail/teleport_relative__type_support.cpp.o[0m
[3.829s] [ 43%] [32mBuilding CXX object CMakeFiles/turtlesim__rosidl_typesupport_fastrtps_c.dir/rosidl_typesupport_fastrtps_c/turtlesim/srv/detail/teleport_absolute__type_support_c.cpp.o[0m
[4.046s] [ 53%] Built target turtlesim__rosidl_typesupport_introspection_c
[4.058s] [ 54%] [32mBuilding CXX object CMakeFiles/turtlesim__rosidl_typesupport_fastrtps_c.dir/rosidl_typesupport_fastrtps_c/turtlesim/srv/detail/teleport_relative__type_support_c.cpp.o[0m
[4.323s] [ 55%] [32mBuilding CXX object CMakeFiles/turtlesim__rosidl_typesupport_fastrtps_cpp.dir/rosidl_typesupport_fastrtps_cpp/turtlesim/srv/detail/dds_fastrtps/teleport_relative__type_support.cpp.o[0m
[4.344s] [ 56%] [32m[1mLinking CXX shared library libturtlesim__rosidl_typesupport_introspection_cpp.so[0m
[4.380s] [ 66%] Built target turtlesim__rosidl_typesupport_c
[4.447s] [ 67%] [32mBuilding CXX object CMakeFiles/turtlesim_node.dir/src/turtlesim.cpp.o[0m
[4.552s] [ 68%] [32m[1mLinking CXX shared library libturtlesim__rosidl_typesupport_fastrtps_c.so[0m
[4.567s] [ 69%] Built target turtlesim__rosidl_typesupport_introspection_cpp
[4.582s] [ 70%] [32mBuilding CXX object CMakeFiles/turtlesim_node.dir/src/turtle.cpp.o[0m
[4.753s] [ 71%] Built target turtlesim__rosidl_typesupport_fastrtps_c
[4.769s] [ 72%] [32mBuilding CXX object CMakeFiles/turtlesim_node.dir/src/turtle_frame.cpp.o[0m
[4.862s] [ 73%] [32m[1mLinking CXX shared library libturtlesim__rosidl_typesupport_fastrtps_cpp.so[0m
[5.063s] [ 74%] Built target turtlesim__rosidl_typesupport_fastrtps_cpp
[5.076s] [ 75%] [32mBuilding CXX object CMakeFiles/turtlesim_node.dir/include/turtlesim/moc_turtle_frame.cpp.o[0m
[11.219s] [ 76%] [32mBuilding CXX object CMakeFiles/turtle_teleop_key.dir/tutorials/teleop_turtle_key.cpp.o[0m
[11.382s] [ 77%] [32mBuilding CXX object CMakeFiles/draw_square.dir/tutorials/draw_square.cpp.o[0m
[20.594s] [ 78%] [32m[1mLinking CXX executable turtle_teleop_key[0m
[21.820s] [ 78%] Built target turtle_teleop_key
[21.884s] [ 79%] [32mBuilding CXX object CMakeFiles/mimic.dir/tutorials/mimic.cpp.o[0m
[24.432s] [ 80%] [32m[1mLinking CXX executable turtlesim_node[0m
[26.060s] [ 81%] [32m[1mLinking CXX executable draw_square[0m
[27.315s] [ 81%] Built target draw_square
[27.349s] [ 81%] Built target turtlesim
[27.391s] [ 82%] Built target turtlesim__py
[27.435s] [ 83%] [32mBuilding C object CMakeFiles/turtlesim__rosidl_generator_py.dir/rosidl_generator_py/turtlesim/action/_rotate_absolute_s.c.o[0m
[27.435s] [ 84%] [32mBuilding C object CMakeFiles/turtlesim__rosidl_generator_py.dir/rosidl_generator_py/turtlesim/msg/_color_s.c.o[0m
[27.746s] [ 85%] [32mBuilding C object CMakeFiles/turtlesim__rosidl_generator_py.dir/rosidl_generator_py/turtlesim/msg/_pose_s.c.o[0m
[27.802s] [ 86%] [32mBuilding C object CMakeFiles/turtlesim__rosidl_generator_py.dir/rosidl_generator_py/turtlesim/srv/_kill_s.c.o[0m
[27.899s] [ 87%] [32mBuilding C object CMakeFiles/turtlesim__rosidl_generator_py.dir/rosidl_generator_py/turtlesim/srv/_set_pen_s.c.o[0m
[27.964s] [ 88%] [32mBuilding C object CMakeFiles/turtlesim__rosidl_generator_py.dir/rosidl_generator_py/turtlesim/srv/_spawn_s.c.o[0m
[28.073s] [ 89%] [32mBuilding C object CMakeFiles/turtlesim__rosidl_generator_py.dir/rosidl_generator_py/turtlesim/srv/_teleport_absolute_s.c.o[0m
[28.150s] [ 90%] [32mBuilding C object CMakeFiles/turtlesim__rosidl_generator_py.dir/rosidl_generator_py/turtlesim/srv/_teleport_relative_s.c.o[0m
[28.334s] [ 91%] [32m[1mLinking C shared library rosidl_generator_py/turtlesim/libturtlesim__rosidl_generator_py.so[0m
[28.445s] [ 91%] Built target turtlesim__rosidl_generator_py
[28.485s] [ 92%] [32mBuilding C object CMakeFiles/turtlesim__rosidl_typesupport_introspection_c__pyext.dir/rosidl_generator_py/turtlesim/_turtlesim_s.ep.rosidl_typesupport_introspection_c.c.o[0m
[28.490s] [ 93%] [32mBuilding C object CMakeFiles/turtlesim__rosidl_typesupport_fastrtps_c__pyext.dir/rosidl_generator_py/turtlesim/_turtlesim_s.ep.rosidl_typesupport_fastrtps_c.c.o[0m
[28.759s] [ 94%] [32m[1mLinking C shared library rosidl_generator_py/turtlesim/turtlesim_s__rosidl_typesupport_fastrtps_c.cpython-310-x86_64-linux-gnu.so[0m
[28.770s] [ 95%] [32m[1mLinking C shared library rosidl_generator_py/turtlesim/turtlesim_s__rosidl_typesupport_introspection_c.cpython-310-x86_64-linux-gnu.so[0m
[28.835s] [ 95%] Built target turtlesim__rosidl_typesupport_fastrtps_c__pyext
[28.860s] [ 95%] Built target turtlesim__rosidl_typesupport_introspection_c__pyext
[28.885s] [ 96%] [32mBuilding C object CMakeFiles/turtlesim__rosidl_typesupport_c__pyext.dir/rosidl_generator_py/turtlesim/_turtlesim_s.ep.rosidl_typesupport_c.c.o[0m
[29.127s] [ 97%] [32m[1mLinking C shared library rosidl_generator_py/turtlesim/turtlesim_s__rosidl_typesupport_c.cpython-310-x86_64-linux-gnu.so[0m
[29.212s] [ 97%] Built target turtlesim__rosidl_typesupport_c__pyext
[30.458s] [ 98%] Built target turtlesim_node
[34.267s] [100%] [32m[1mLinking CXX executable mimic[0m
[35.084s] [100%] Built target mimic
[35.104s] Invoked command in '/home/philnoc/ezmr_ws/build/turtlesim' returned '0': CMAKE_PREFIX_PATH=/opt/ros/humble /usr/bin/cmake --build /home/philnoc/ezmr_ws/build/turtlesim -- -j4 -l4
[35.119s] Invoking command in '/home/philnoc/ezmr_ws/build/turtlesim': CMAKE_PREFIX_PATH=/opt/ros/humble /usr/bin/cmake --install /home/philnoc/ezmr_ws/build/turtlesim
[35.131s] -- Install configuration: ""
[35.131s] -- Up-to-date: /home/philnoc/ezmr_ws/install/turtlesim/share/ament_index/resource_index/rosidl_interfaces/turtlesim
[35.131s] -- Up-to-date: /home/philnoc/ezmr_ws/install/turtlesim/include/turtlesim/turtlesim
[35.132s] -- Up-to-date: /home/philnoc/ezmr_ws/install/turtlesim/include/turtlesim/turtlesim/action
[35.132s] -- Up-to-date: /home/philnoc/ezmr_ws/install/turtlesim/include/turtlesim/turtlesim/action/detail
[35.133s] -- Up-to-date: /home/philnoc/ezmr_ws/install/turtlesim/include/turtlesim/turtlesim/action/detail/rotate_absolute__functions.h
[35.133s] -- Up-to-date: /home/philnoc/ezmr_ws/install/turtlesim/include/turtlesim/turtlesim/action/detail/rotate_absolute__functions.c
[35.133s] -- Up-to-date: /home/philnoc/ezmr_ws/install/turtlesim/include/turtlesim/turtlesim/action/detail/rotate_absolute__type_support.h
[35.133s] -- Up-to-date: /home/philnoc/ezmr_ws/install/turtlesim/include/turtlesim/turtlesim/action/detail/rotate_absolute__struct.h
[35.133s] -- Up-to-date: /home/philnoc/ezmr_ws/install/turtlesim/include/turtlesim/turtlesim/action/rotate_absolute.h
[35.133s] -- Up-to-date: /home/philnoc/ezmr_ws/install/turtlesim/include/turtlesim/turtlesim/msg
[35.133s] -- Up-to-date: /home/philnoc/ezmr_ws/install/turtlesim/include/turtlesim/turtlesim/msg/rosidl_generator_c__visibility_control.h
[35.133s] -- Up-to-date: /home/philnoc/ezmr_ws/install/turtlesim/include/turtlesim/turtlesim/msg/pose.h
[35.133s] -- Up-to-date: /home/philnoc/ezmr_ws/install/turtlesim/include/turtlesim/turtlesim/msg/color.h
[35.133s] -- Up-to-date: /home/philnoc/ezmr_ws/install/turtlesim/include/turtlesim/turtlesim/msg/detail
[35.134s] -- Up-to-date: /home/philnoc/ezmr_ws/install/turtlesim/include/turtlesim/turtlesim/msg/detail/pose__functions.h
[35.134s] -- Up-to-date: /home/philnoc/ezmr_ws/install/turtlesim/include/turtlesim/turtlesim/msg/detail/pose__functions.c
[35.134s] -- Up-to-date: /home/philnoc/ezmr_ws/install/turtlesim/include/turtlesim/turtlesim/msg/detail/pose__type_support.h
[35.134s] -- Up-to-date: /home/philnoc/ezmr_ws/install/turtlesim/include/turtlesim/turtlesim/msg/detail/color__struct.h
[35.135s] -- Up-to-date: /home/philnoc/ezmr_ws/install/turtlesim/include/turtlesim/turtlesim/msg/detail/pose__struct.h
[35.135s] -- Up-to-date: /home/philnoc/ezmr_ws/install/turtlesim/include/turtlesim/turtlesim/msg/detail/color__functions.c
[35.135s] -- Up-to-date: /home/philnoc/ezmr_ws/install/turtlesim/include/turtlesim/turtlesim/msg/detail/color__functions.h
[35.135s] -- Up-to-date: /home/philnoc/ezmr_ws/install/turtlesim/include/turtlesim/turtlesim/msg/detail/color__type_support.h
[35.135s] -- Up-to-date: /home/philnoc/ezmr_ws/install/turtlesim/include/turtlesim/turtlesim/srv
[35.136s] -- Up-to-date: /home/philnoc/ezmr_ws/install/turtlesim/include/turtlesim/turtlesim/srv/detail
[35.136s] -- Up-to-date: /home/philnoc/ezmr_ws/install/turtlesim/include/turtlesim/turtlesim/srv/detail/teleport_relative__type_support.h
[35.136s] -- Up-to-date: /home/philnoc/ezmr_ws/install/turtlesim/include/turtlesim/turtlesim/srv/detail/spawn__struct.h
[35.136s] -- Up-to-date: /home/philnoc/ezmr_ws/install/turtlesim/include/turtlesim/turtlesim/srv/detail/set_pen__type_support.h
[35.136s] -- Up-to-date: /home/philnoc/ezmr_ws/install/turtlesim/include/turtlesim/turtlesim/srv/detail/spawn__functions.c
[35.136s] -- Up-to-date: /home/philnoc/ezmr_ws/install/turtlesim/include/turtlesim/turtlesim/srv/detail/set_pen__struct.h
[35.136s] -- Up-to-date: /home/philnoc/ezmr_ws/install/turtlesim/include/turtlesim/turtlesim/srv/detail/spawn__type_support.h
[35.136s] -- Up-to-date: /home/philnoc/ezmr_ws/install/turtlesim/include/turtlesim/turtlesim/srv/detail/kill__functions.c
[35.136s] -- Up-to-date: /home/philnoc/ezmr_ws/install/turtlesim/include/turtlesim/turtlesim/srv/detail/set_pen__functions.c
[35.136s] -- Up-to-date: /home/philnoc/ezmr_ws/install/turtlesim/include/turtlesim/turtlesim/srv/detail/teleport_relative__functions.c
[35.137s] -- Up-to-date: /home/philnoc/ezmr_ws/install/turtlesim/include/turtlesim/turtlesim/srv/detail/set_pen__functions.h
[35.137s] -- Up-to-date: /home/philnoc/ezmr_ws/install/turtlesim/include/turtlesim/turtlesim/srv/detail/kill__functions.h
[35.137s] -- Up-to-date: /home/philnoc/ezmr_ws/install/turtlesim/include/turtlesim/turtlesim/srv/detail/kill__type_support.h
[35.137s] -- Up-to-date: /home/philnoc/ezmr_ws/install/turtlesim/include/turtlesim/turtlesim/srv/detail/teleport_absolute__functions.h
[35.137s] -- Up-to-date: /home/philnoc/ezmr_ws/install/turtlesim/include/turtlesim/turtlesim/srv/detail/teleport_absolute__functions.c
[35.137s] -- Up-to-date: /home/philnoc/ezmr_ws/install/turtlesim/include/turtlesim/turtlesim/srv/detail/teleport_absolute__struct.h
[35.137s] -- Up-to-date: /home/philnoc/ezmr_ws/install/turtlesim/include/turtlesim/turtlesim/srv/detail/teleport_relative__functions.h
[35.137s] -- Up-to-date: /home/philnoc/ezmr_ws/install/turtlesim/include/turtlesim/turtlesim/srv/detail/spawn__functions.h
[35.137s] -- Up-to-date: /home/philnoc/ezmr_ws/install/turtlesim/include/turtlesim/turtlesim/srv/detail/teleport_relative__struct.h
[35.138s] -- Up-to-date: /home/philnoc/ezmr_ws/install/turtlesim/include/turtlesim/turtlesim/srv/detail/teleport_absolute__type_support.h
[35.138s] -- Up-to-date: /home/philnoc/ezmr_ws/install/turtlesim/include/turtlesim/turtlesim/srv/detail/kill__struct.h
[35.138s] -- Up-to-date: /home/philnoc/ezmr_ws/install/turtlesim/include/turtlesim/turtlesim/srv/teleport_absolute.h
[35.138s] -- Up-to-date: /home/philnoc/ezmr_ws/install/turtlesim/include/turtlesim/turtlesim/srv/teleport_relative.h
[35.138s] -- Up-to-date: /home/philnoc/ezmr_ws/install/turtlesim/include/turtlesim/turtlesim/srv/kill.h
[35.138s] -- Up-to-date: /home/philnoc/ezmr_ws/install/turtlesim/include/turtlesim/turtlesim/srv/set_pen.h
[35.138s] -- Up-to-date: /home/philnoc/ezmr_ws/install/turtlesim/include/turtlesim/turtlesim/srv/spawn.h
[35.139s] -- Up-to-date: /home/philnoc/ezmr_ws/install/turtlesim/share/turtlesim/environment/library_path.sh
[35.139s] -- Up-to-date: /home/philnoc/ezmr_ws/install/turtlesim/share/turtlesim/environment/library_path.dsv
[35.139s] -- Up-to-date: /home/philnoc/ezmr_ws/install/turtlesim/lib/libturtlesim__rosidl_generator_c.so
[35.139s] -- Up-to-date: /home/philnoc/ezmr_ws/install/turtlesim/include/turtlesim/turtlesim
[35.139s] -- Up-to-date: /home/philnoc/ezmr_ws/install/turtlesim/include/turtlesim/turtlesim/action
[35.140s] -- Up-to-date: /home/philnoc/ezmr_ws/install/turtlesim/include/turtlesim/turtlesim/action/detail
[35.140s] -- Up-to-date: /home/philnoc/ezmr_ws/install/turtlesim/include/turtlesim/turtlesim/action/detail/rotate_absolute__rosidl_typesupport_fastrtps_c.h
[35.140s] -- Up-to-date: /home/philnoc/ezmr_ws/install/turtlesim/include/turtlesim/turtlesim/msg
[35.140s] -- Up-to-date: /home/philnoc/ezmr_ws/install/turtlesim/include/turtlesim/turtlesim/msg/detail
[35.140s] -- Up-to-date: /home/philnoc/ezmr_ws/install/turtlesim/include/turtlesim/turtlesim/msg/detail/color__rosidl_typesupport_fastrtps_c.h
[35.140s] -- Up-to-date: /home/philnoc/ezmr_ws/install/turtlesim/include/turtlesim/turtlesim/msg/detail/pose__rosidl_typesupport_fastrtps_c.h
[35.140s] -- Up-to-date: /home/philnoc/ezmr_ws/install/turtlesim/include/turtlesim/turtlesim/msg/rosidl_typesupport_fastrtps_c__visibility_control.h
[35.140s] -- Up-to-date: /home/philnoc/ezmr_ws/install/turtlesim/include/turtlesim/turtlesim/srv
[35.141s] -- Up-to-date: /home/philnoc/ezmr_ws/install/turtlesim/include/turtlesim/turtlesim/srv/detail
[35.141s] -- Up-to-date: /home/philnoc/ezmr_ws/install/turtlesim/include/turtlesim/turtlesim/srv/detail/teleport_relative__rosidl_typesupport_fastrtps_c.h
[35.141s] -- Up-to-date: /home/philnoc/ezmr_ws/install/turtlesim/include/turtlesim/turtlesim/srv/detail/set_pen__rosidl_typesupport_fastrtps_c.h
[35.141s] -- Up-to-date: /home/philnoc/ezmr_ws/install/turtlesim/include/turtlesim/turtlesim/srv/detail/teleport_absolute__rosidl_typesupport_fastrtps_c.h
[35.141s] -- Up-to-date: /home/philnoc/ezmr_ws/install/turtlesim/include/turtlesim/turtlesim/srv/detail/kill__rosidl_typesupport_fastrtps_c.h
[35.141s] -- Up-to-date: /home/philnoc/ezmr_ws/install/turtlesim/include/turtlesim/turtlesim/srv/detail/spawn__rosidl_typesupport_fastrtps_c.h
[35.143s] -- Installing: /home/philnoc/ezmr_ws/install/turtlesim/lib/libturtlesim__rosidl_typesupport_fastrtps_c.so
[35.143s] -- Set runtime path of "/home/philnoc/ezmr_ws/install/turtlesim/lib/libturtlesim__rosidl_typesupport_fastrtps_c.so" to ""
[35.143s] -- Up-to-date: /home/philnoc/ezmr_ws/install/turtlesim/include/turtlesim/turtlesim
[35.144s] -- Up-to-date: /home/philnoc/ezmr_ws/install/turtlesim/include/turtlesim/turtlesim/action
[35.144s] -- Up-to-date: /home/philnoc/ezmr_ws/install/turtlesim/include/turtlesim/turtlesim/action/detail
[35.145s] -- Up-to-date: /home/philnoc/ezmr_ws/install/turtlesim/include/turtlesim/turtlesim/action/detail/rotate_absolute__traits.hpp
[35.145s] -- Up-to-date: /home/philnoc/ezmr_ws/install/turtlesim/include/turtlesim/turtlesim/action/detail/rotate_absolute__struct.hpp
[35.145s] -- Up-to-date: /home/philnoc/ezmr_ws/install/turtlesim/include/turtlesim/turtlesim/action/detail/rotate_absolute__builder.hpp
[35.145s] -- Up-to-date: /home/philnoc/ezmr_ws/install/turtlesim/include/turtlesim/turtlesim/action/detail/rotate_absolute__type_support.hpp
[35.145s] -- Up-to-date: /home/philnoc/ezmr_ws/install/turtlesim/include/turtlesim/turtlesim/action/rotate_absolute.hpp
[35.146s] -- Up-to-date: /home/philnoc/ezmr_ws/install/turtlesim/include/turtlesim/turtlesim/msg
[35.146s] -- Up-to-date: /home/philnoc/ezmr_ws/install/turtlesim/include/turtlesim/turtlesim/msg/detail
[35.146s] -- Up-to-date: /home/philnoc/ezmr_ws/install/turtlesim/include/turtlesim/turtlesim/msg/detail/pose__builder.hpp
[35.146s] -- Up-to-date: /home/philnoc/ezmr_ws/install/turtlesim/include/turtlesim/turtlesim/msg/detail/pose__struct.hpp
[35.146s] -- Up-to-date: /home/philnoc/ezmr_ws/install/turtlesim/include/turtlesim/turtlesim/msg/detail/color__type_support.hpp
[35.146s] -- Up-to-date: /home/philnoc/ezmr_ws/install/turtlesim/include/turtlesim/turtlesim/msg/detail/pose__traits.hpp
[35.146s] -- Up-to-date: /home/philnoc/ezmr_ws/install/turtlesim/include/turtlesim/turtlesim/msg/detail/color__struct.hpp
[35.147s] -- Up-to-date: /home/philnoc/ezmr_ws/install/turtlesim/include/turtlesim/turtlesim/msg/detail/color__builder.hpp
[35.147s] -- Up-to-date: /home/philnoc/ezmr_ws/install/turtlesim/include/turtlesim/turtlesim/msg/detail/pose__type_support.hpp
[35.147s] -- Up-to-date: /home/philnoc/ezmr_ws/install/turtlesim/include/turtlesim/turtlesim/msg/detail/color__traits.hpp
[35.147s] -- Up-to-date: /home/philnoc/ezmr_ws/install/turtlesim/include/turtlesim/turtlesim/msg/pose.hpp
[35.147s] -- Up-to-date: /home/philnoc/ezmr_ws/install/turtlesim/include/turtlesim/turtlesim/msg/color.hpp
[35.147s] -- Up-to-date: /home/philnoc/ezmr_ws/install/turtlesim/include/turtlesim/turtlesim/msg/rosidl_generator_cpp__visibility_control.hpp
[35.147s] -- Up-to-date: /home/philnoc/ezmr_ws/install/turtlesim/include/turtlesim/turtlesim/srv
[35.148s] -- Up-to-date: /home/philnoc/ezmr_ws/install/turtlesim/include/turtlesim/turtlesim/srv/kill.hpp
[35.148s] -- Up-to-date: /home/philnoc/ezmr_ws/install/turtlesim/include/turtlesim/turtlesim/srv/teleport_relative.hpp
[35.148s] -- Up-to-date: /home/philnoc/ezmr_ws/install/turtlesim/include/turtlesim/turtlesim/srv/detail
[35.148s] -- Up-to-date: /home/philnoc/ezmr_ws/install/turtlesim/include/turtlesim/turtlesim/srv/detail/kill__builder.hpp
[35.148s] -- Up-to-date: /home/philnoc/ezmr_ws/install/turtlesim/include/turtlesim/turtlesim/srv/detail/set_pen__struct.hpp
[35.148s] -- Up-to-date: /home/philnoc/ezmr_ws/install/turtlesim/include/turtlesim/turtlesim/srv/detail/teleport_relative__struct.hpp
[35.148s] -- Up-to-date: /home/philnoc/ezmr_ws/install/turtlesim/include/turtlesim/turtlesim/srv/detail/spawn__builder.hpp
[35.148s] -- Up-to-date: /home/philnoc/ezmr_ws/install/turtlesim/include/turtlesim/turtlesim/srv/detail/teleport_relative__traits.hpp
[35.148s] -- Up-to-date: /home/philnoc/ezmr_ws/install/turtlesim/include/turtlesim/turtlesim/srv/detail/teleport_absolute__builder.hpp
[35.148s] -- Up-to-date: /home/philnoc/ezmr_ws/install/turtlesim/include/turtlesim/turtlesim/srv/detail/kill__type_support.hpp
[35.149s] -- Up-to-date: /home/philnoc/ezmr_ws/install/turtlesim/include/turtlesim/turtlesim/srv/detail/set_pen__traits.hpp
[35.149s] -- Up-to-date: /home/philnoc/ezmr_ws/install/turtlesim/include/turtlesim/turtlesim/srv/detail/spawn__struct.hpp
[35.149s] -- Up-to-date: /home/philnoc/ezmr_ws/install/turtlesim/include/turtlesim/turtlesim/srv/detail/kill__traits.hpp
[35.149s] -- Up-to-date: /home/philnoc/ezmr_ws/install/turtlesim/include/turtlesim/turtlesim/srv/detail/spawn__type_support.hpp
[35.149s] -- Up-to-date: /home/philnoc/ezmr_ws/install/turtlesim/include/turtlesim/turtlesim/srv/detail/teleport_absolute__traits.hpp
[35.149s] -- Up-to-date: /home/philnoc/ezmr_ws/install/turtlesim/include/turtlesim/turtlesim/srv/detail/teleport_relative__type_support.hpp
[35.149s] -- Up-to-date: /home/philnoc/ezmr_ws/install/turtlesim/include/turtlesim/turtlesim/srv/detail/set_pen__builder.hpp
[35.149s] -- Up-to-date: /home/philnoc/ezmr_ws/install/turtlesim/include/turtlesim/turtlesim/srv/detail/spawn__traits.hpp
[35.149s] -- Up-to-date: /home/philnoc/ezmr_ws/install/turtlesim/include/turtlesim/turtlesim/srv/detail/teleport_absolute__type_support.hpp
[35.149s] -- Up-to-date: /home/philnoc/ezmr_ws/install/turtlesim/include/turtlesim/turtlesim/srv/detail/kill__struct.hpp
[35.149s] -- Up-to-date: /home/philnoc/ezmr_ws/install/turtlesim/include/turtlesim/turtlesim/srv/detail/teleport_absolute__struct.hpp
[35.150s] -- Up-to-date: /home/philnoc/ezmr_ws/install/turtlesim/include/turtlesim/turtlesim/srv/detail/set_pen__type_support.hpp
[35.150s] -- Up-to-date: /home/philnoc/ezmr_ws/install/turtlesim/include/turtlesim/turtlesim/srv/detail/teleport_relative__builder.hpp
[35.150s] -- Up-to-date: /home/philnoc/ezmr_ws/install/turtlesim/include/turtlesim/turtlesim/srv/set_pen.hpp
[35.150s] -- Up-to-date: /home/philnoc/ezmr_ws/install/turtlesim/include/turtlesim/turtlesim/srv/spawn.hpp
[35.150s] -- Up-to-date: /home/philnoc/ezmr_ws/install/turtlesim/include/turtlesim/turtlesim/srv/teleport_absolute.hpp
[35.150s] -- Up-to-date: /home/philnoc/ezmr_ws/install/turtlesim/include/turtlesim/turtlesim
[35.150s] -- Up-to-date: /home/philnoc/ezmr_ws/install/turtlesim/include/turtlesim/turtlesim/action
[35.150s] -- Up-to-date: /home/philnoc/ezmr_ws/install/turtlesim/include/turtlesim/turtlesim/action/detail
[35.150s] -- Up-to-date: /home/philnoc/ezmr_ws/install/turtlesim/include/turtlesim/turtlesim/action/detail/dds_fastrtps
[35.150s] -- Up-to-date: /home/philnoc/ezmr_ws/install/turtlesim/include/turtlesim/turtlesim/action/detail/rotate_absolute__rosidl_typesupport_fastrtps_cpp.hpp
[35.150s] -- Up-to-date: /home/philnoc/ezmr_ws/install/turtlesim/include/turtlesim/turtlesim/msg
[35.151s] -- Up-to-date: /home/philnoc/ezmr_ws/install/turtlesim/include/turtlesim/turtlesim/msg/rosidl_typesupport_fastrtps_cpp__visibility_control.h
[35.151s] -- Up-to-date: /home/philnoc/ezmr_ws/install/turtlesim/include/turtlesim/turtlesim/msg/detail
[35.151s] -- Up-to-date: /home/philnoc/ezmr_ws/install/turtlesim/include/turtlesim/turtlesim/msg/detail/pose__rosidl_typesupport_fastrtps_cpp.hpp
[35.151s] -- Up-to-date: /home/philnoc/ezmr_ws/install/turtlesim/include/turtlesim/turtlesim/msg/detail/dds_fastrtps
[35.151s] -- Up-to-date: /home/philnoc/ezmr_ws/install/turtlesim/include/turtlesim/turtlesim/msg/detail/color__rosidl_typesupport_fastrtps_cpp.hpp
[35.152s] -- Up-to-date: /home/philnoc/ezmr_ws/install/turtlesim/include/turtlesim/turtlesim/srv
[35.152s] -- Up-to-date: /home/philnoc/ezmr_ws/install/turtlesim/include/turtlesim/turtlesim/srv/detail
[35.152s] -- Up-to-date: /home/philnoc/ezmr_ws/install/turtlesim/include/turtlesim/turtlesim/srv/detail/teleport_absolute__rosidl_typesupport_fastrtps_cpp.hpp
[35.152s] -- Up-to-date: /home/philnoc/ezmr_ws/install/turtlesim/include/turtlesim/turtlesim/srv/detail/dds_fastrtps
[35.153s] -- Up-to-date: /home/philnoc/ezmr_ws/install/turtlesim/include/turtlesim/turtlesim/srv/detail/set_pen__rosidl_typesupport_fastrtps_cpp.hpp
[35.153s] -- Up-to-date: /home/philnoc/ezmr_ws/install/turtlesim/include/turtlesim/turtlesim/srv/detail/spawn__rosidl_typesupport_fastrtps_cpp.hpp
[35.153s] -- Up-to-date: /home/philnoc/ezmr_ws/install/turtlesim/include/turtlesim/turtlesim/srv/detail/kill__rosidl_typesupport_fastrtps_cpp.hpp
[35.153s] -- Up-to-date: /home/philnoc/ezmr_ws/install/turtlesim/include/turtlesim/turtlesim/srv/detail/teleport_relative__rosidl_typesupport_fastrtps_cpp.hpp
[35.155s] -- Installing: /home/philnoc/ezmr_ws/install/turtlesim/lib/libturtlesim__rosidl_typesupport_fastrtps_cpp.so
[35.155s] -- Set runtime path of "/home/philnoc/ezmr_ws/install/turtlesim/lib/libturtlesim__rosidl_typesupport_fastrtps_cpp.so" to ""
[35.156s] -- Up-to-date: /home/philnoc/ezmr_ws/install/turtlesim/include/turtlesim/turtlesim
[35.156s] -- Up-to-date: /home/philnoc/ezmr_ws/install/turtlesim/include/turtlesim/turtlesim/action
[35.156s] -- Up-to-date: /home/philnoc/ezmr_ws/install/turtlesim/include/turtlesim/turtlesim/action/detail
[35.156s] -- Up-to-date: /home/philnoc/ezmr_ws/install/turtlesim/include/turtlesim/turtlesim/action/detail/rotate_absolute__rosidl_typesupport_introspection_c.h
[35.156s] -- Up-to-date: /home/philnoc/ezmr_ws/install/turtlesim/include/turtlesim/turtlesim/action/detail/rotate_absolute__type_support.c
[35.157s] -- Up-to-date: /home/philnoc/ezmr_ws/install/turtlesim/include/turtlesim/turtlesim/msg
[35.157s] -- Up-to-date: /home/philnoc/ezmr_ws/install/turtlesim/include/turtlesim/turtlesim/msg/detail
[35.157s] -- Up-to-date: /home/philnoc/ezmr_ws/install/turtlesim/include/turtlesim/turtlesim/msg/detail/color__rosidl_typesupport_introspection_c.h
[35.158s] -- Up-to-date: /home/philnoc/ezmr_ws/install/turtlesim/include/turtlesim/turtlesim/msg/detail/pose__type_support.c
[35.158s] -- Up-to-date: /home/philnoc/ezmr_ws/install/turtlesim/include/turtlesim/turtlesim/msg/detail/pose__rosidl_typesupport_introspection_c.h
[35.158s] -- Up-to-date: /home/philnoc/ezmr_ws/install/turtlesim/include/turtlesim/turtlesim/msg/detail/color__type_support.c
[35.158s] -- Up-to-date: /home/philnoc/ezmr_ws/install/turtlesim/include/turtlesim/turtlesim/msg/rosidl_typesupport_introspection_c__visibility_control.h
[35.158s] -- Up-to-date: /home/philnoc/ezmr_ws/install/turtlesim/include/turtlesim/turtlesim/srv
[35.159s] -- Up-to-date: /home/philnoc/ezmr_ws/install/turtlesim/include/turtlesim/turtlesim/srv/detail
[35.159s] -- Up-to-date: /home/philnoc/ezmr_ws/install/turtlesim/include/turtlesim/turtlesim/srv/detail/teleport_relative__rosidl_typesupport_introspection_c.h
[35.159s] -- Up-to-date: /home/philnoc/ezmr_ws/install/turtlesim/include/turtlesim/turtlesim/srv/detail/spawn__rosidl_typesupport_introspection_c.h
[35.159s] -- Up-to-date: /home/philnoc/ezmr_ws/install/turtlesim/include/turtlesim/turtlesim/srv/detail/set_pen__type_support.c
[35.159s] -- Up-to-date: /home/philnoc/ezmr_ws/install/turtlesim/include/turtlesim/turtlesim/srv/detail/teleport_relative__type_support.c
[35.159s] -- Up-to-date: /home/philnoc/ezmr_ws/install/turtlesim/include/turtlesim/turtlesim/srv/detail/kill__rosidl_typesupport_introspection_c.h
[35.159s] -- Up-to-date: /home/philnoc/ezmr_ws/install/turtlesim/include/turtlesim/turtlesim/srv/detail/set_pen__rosidl_typesupport_introspection_c.h
[35.159s] -- Up-to-date: /home/philnoc/ezmr_ws/install/turtlesim/include/turtlesim/turtlesim/srv/detail/teleport_absolute__rosidl_typesupport_introspection_c.h
[35.159s] -- Up-to-date: /home/philnoc/ezmr_ws/install/turtlesim/include/turtlesim/turtlesim/srv/detail/kill__type_support.c
[35.160s] -- Up-to-date: /home/philnoc/ezmr_ws/install/turtlesim/include/turtlesim/turtlesim/srv/detail/spawn__type_support.c
[35.160s] -- Up-to-date: /home/philnoc/ezmr_ws/install/turtlesim/include/turtlesim/turtlesim/srv/detail/teleport_absolute__type_support.c
[35.162s] -- Up-to-date: /home/philnoc/ezmr_ws/install/turtlesim/lib/libturtlesim__rosidl_typesupport_introspection_c.so
[35.164s] -- Up-to-date: /home/philnoc/ezmr_ws/install/turtlesim/lib/libturtlesim__rosidl_typesupport_c.so
[35.165s] -- Up-to-date: /home/philnoc/ezmr_ws/install/turtlesim/include/turtlesim/turtlesim
[35.165s] -- Up-to-date: /home/philnoc/ezmr_ws/install/turtlesim/include/turtlesim/turtlesim/action
[35.166s] -- Up-to-date: /home/philnoc/ezmr_ws/install/turtlesim/include/turtlesim/turtlesim/action/detail
[35.166s] -- Up-to-date: /home/philnoc/ezmr_ws/install/turtlesim/include/turtlesim/turtlesim/action/detail/rotate_absolute__rosidl_typesupport_introspection_cpp.hpp
[35.166s] -- Up-to-date: /home/philnoc/ezmr_ws/install/turtlesim/include/turtlesim/turtlesim/action/detail/rotate_absolute__type_support.cpp
[35.166s] -- Up-to-date: /home/philnoc/ezmr_ws/install/turtlesim/include/turtlesim/turtlesim/msg
[35.167s] -- Up-to-date: /home/philnoc/ezmr_ws/install/turtlesim/include/turtlesim/turtlesim/msg/detail
[35.167s] -- Up-to-date: /home/philnoc/ezmr_ws/install/turtlesim/include/turtlesim/turtlesim/msg/detail/color__rosidl_typesupport_introspection_cpp.hpp
[35.168s] -- Up-to-date: /home/philnoc/ezmr_ws/install/turtlesim/include/turtlesim/turtlesim/msg/detail/color__type_support.cpp
[35.168s] -- Up-to-date: /home/philnoc/ezmr_ws/install/turtlesim/include/turtlesim/turtlesim/msg/detail/pose__rosidl_typesupport_introspection_cpp.hpp
[35.168s] -- Up-to-date: /home/philnoc/ezmr_ws/install/turtlesim/include/turtlesim/turtlesim/msg/detail/pose__type_support.cpp
[35.168s] -- Up-to-date: /home/philnoc/ezmr_ws/install/turtlesim/include/turtlesim/turtlesim/srv
[35.168s] -- Up-to-date: /home/philnoc/ezmr_ws/install/turtlesim/include/turtlesim/turtlesim/srv/detail
[35.169s] -- Up-to-date: /home/philnoc/ezmr_ws/install/turtlesim/include/turtlesim/turtlesim/srv/detail/kill__type_support.cpp
[35.169s] -- Up-to-date: /home/philnoc/ezmr_ws/install/turtlesim/include/turtlesim/turtlesim/srv/detail/spawn__rosidl_typesupport_introspection_cpp.hpp
[35.169s] -- Up-to-date: /home/philnoc/ezmr_ws/install/turtlesim/include/turtlesim/turtlesim/srv/detail/kill__rosidl_typesupport_introspection_cpp.hpp
[35.169s] -- Up-to-date: /home/philnoc/ezmr_ws/install/turtlesim/include/turtlesim/turtlesim/srv/detail/spawn__type_support.cpp
[35.169s] -- Up-to-date: /home/philnoc/ezmr_ws/install/turtlesim/include/turtlesim/turtlesim/srv/detail/teleport_absolute__type_support.cpp
[35.169s] -- Up-to-date: /home/philnoc/ezmr_ws/install/turtlesim/include/turtlesim/turtlesim/srv/detail/set_pen__type_support.cpp
[35.169s] -- Up-to-date: /home/philnoc/ezmr_ws/install/turtlesim/include/turtlesim/turtlesim/srv/detail/set_pen__rosidl_typesupport_introspection_cpp.hpp
[35.169s] -- Up-to-date: /home/philnoc/ezmr_ws/install/turtlesim/include/turtlesim/turtlesim/srv/detail/teleport_absolute__rosidl_typesupport_introspection_cpp.hpp
[35.169s] -- Up-to-date: /home/philnoc/ezmr_ws/install/turtlesim/include/turtlesim/turtlesim/srv/detail/teleport_relative__type_support.cpp
[35.169s] -- Up-to-date: /home/philnoc/ezmr_ws/install/turtlesim/include/turtlesim/turtlesim/srv/detail/teleport_relative__rosidl_typesupport_introspection_cpp.hpp
[35.171s] -- Installing: /home/philnoc/ezmr_ws/install/turtlesim/lib/libturtlesim__rosidl_typesupport_introspection_cpp.so
[35.172s] -- Set runtime path of "/home/philnoc/ezmr_ws/install/turtlesim/lib/libturtlesim__rosidl_typesupport_introspection_cpp.so" to ""
[35.173s] -- Installing: /home/philnoc/ezmr_ws/install/turtlesim/lib/libturtlesim__rosidl_typesupport_cpp.so
[35.174s] -- Set runtime path of "/home/philnoc/ezmr_ws/install/turtlesim/lib/libturtlesim__rosidl_typesupport_cpp.so" to ""
[35.174s] -- Up-to-date: /home/philnoc/ezmr_ws/install/turtlesim/share/turtlesim/environment/pythonpath.sh
[35.174s] -- Up-to-date: /home/philnoc/ezmr_ws/install/turtlesim/share/turtlesim/environment/pythonpath.dsv
[35.175s] -- Up-to-date: /home/philnoc/ezmr_ws/install/turtlesim/local/lib/python3.10/dist-packages/turtlesim-1.4.2-py3.10.egg-info
[35.175s] -- Installing: /home/philnoc/ezmr_ws/install/turtlesim/local/lib/python3.10/dist-packages/turtlesim-1.4.2-py3.10.egg-info/top_level.txt
[35.175s] -- Installing: /home/philnoc/ezmr_ws/install/turtlesim/local/lib/python3.10/dist-packages/turtlesim-1.4.2-py3.10.egg-info/dependency_links.txt
[35.176s] -- Installing: /home/philnoc/ezmr_ws/install/turtlesim/local/lib/python3.10/dist-packages/turtlesim-1.4.2-py3.10.egg-info/PKG-INFO
[35.176s] -- Installing: /home/philnoc/ezmr_ws/install/turtlesim/local/lib/python3.10/dist-packages/turtlesim-1.4.2-py3.10.egg-info/SOURCES.txt
[35.176s] -- Up-to-date: /home/philnoc/ezmr_ws/install/turtlesim/local/lib/python3.10/dist-packages/turtlesim
[35.176s] -- Installing: /home/philnoc/ezmr_ws/install/turtlesim/local/lib/python3.10/dist-packages/turtlesim/turtlesim_s__rosidl_typesupport_fastrtps_c.cpython-310-x86_64-linux-gnu.so
[35.177s] -- Up-to-date: /home/philnoc/ezmr_ws/install/turtlesim/local/lib/python3.10/dist-packages/turtlesim/action
[35.177s] -- Up-to-date: /home/philnoc/ezmr_ws/install/turtlesim/local/lib/python3.10/dist-packages/turtlesim/action/__init__.py
[35.177s] -- Up-to-date: /home/philnoc/ezmr_ws/install/turtlesim/local/lib/python3.10/dist-packages/turtlesim/action/_rotate_absolute_s.c
[35.178s] -- Up-to-date: /home/philnoc/ezmr_ws/install/turtlesim/local/lib/python3.10/dist-packages/turtlesim/action/_rotate_absolute.py
[35.178s] -- Up-to-date: /home/philnoc/ezmr_ws/install/turtlesim/local/lib/python3.10/dist-packages/turtlesim/_turtlesim_s.ep.rosidl_typesupport_c.c
[35.178s] -- Up-to-date: /home/philnoc/ezmr_ws/install/turtlesim/local/lib/python3.10/dist-packages/turtlesim/msg
[35.178s] -- Up-to-date: /home/philnoc/ezmr_ws/install/turtlesim/local/lib/python3.10/dist-packages/turtlesim/msg/_pose.py
[35.178s] -- Up-to-date: /home/philnoc/ezmr_ws/install/turtlesim/local/lib/python3.10/dist-packages/turtlesim/msg/__init__.py
[35.178s] -- Up-to-date: /home/philnoc/ezmr_ws/install/turtlesim/local/lib/python3.10/dist-packages/turtlesim/msg/_color_s.c
[35.178s] -- Up-to-date: /home/philnoc/ezmr_ws/install/turtlesim/local/lib/python3.10/dist-packages/turtlesim/msg/_color.py
[35.178s] -- Up-to-date: /home/philnoc/ezmr_ws/install/turtlesim/local/lib/python3.10/dist-packages/turtlesim/msg/_pose_s.c
[35.178s] -- Up-to-date: /home/philnoc/ezmr_ws/install/turtlesim/local/lib/python3.10/dist-packages/turtlesim/__init__.py
[35.178s] -- Up-to-date: /home/philnoc/ezmr_ws/install/turtlesim/local/lib/python3.10/dist-packages/turtlesim/_turtlesim_s.ep.rosidl_typesupport_introspection_c.c
[35.178s] -- Installing: /home/philnoc/ezmr_ws/install/turtlesim/local/lib/python3.10/dist-packages/turtlesim/libturtlesim__rosidl_generator_py.so
[35.178s] -- Installing: /home/philnoc/ezmr_ws/install/turtlesim/local/lib/python3.10/dist-packages/turtlesim/turtlesim_s__rosidl_typesupport_c.cpython-310-x86_64-linux-gnu.so
[35.179s] -- Installing: /home/philnoc/ezmr_ws/install/turtlesim/local/lib/python3.10/dist-packages/turtlesim/turtlesim_s__rosidl_typesupport_introspection_c.cpython-310-x86_64-linux-gnu.so
[35.179s] -- Up-to-date: /home/philnoc/ezmr_ws/install/turtlesim/local/lib/python3.10/dist-packages/turtlesim/_turtlesim_s.ep.rosidl_typesupport_fastrtps_c.c
[35.179s] -- Up-to-date: /home/philnoc/ezmr_ws/install/turtlesim/local/lib/python3.10/dist-packages/turtlesim/srv
[35.179s] -- Up-to-date: /home/philnoc/ezmr_ws/install/turtlesim/local/lib/python3.10/dist-packages/turtlesim/srv/_teleport_relative.py
[35.179s] -- Up-to-date: /home/philnoc/ezmr_ws/install/turtlesim/local/lib/python3.10/dist-packages/turtlesim/srv/_teleport_relative_s.c
[35.179s] -- Up-to-date: /home/philnoc/ezmr_ws/install/turtlesim/local/lib/python3.10/dist-packages/turtlesim/srv/_kill_s.c
[35.179s] -- Up-to-date: /home/philnoc/ezmr_ws/install/turtlesim/local/lib/python3.10/dist-packages/turtlesim/srv/__init__.py
[35.179s] -- Up-to-date: /home/philnoc/ezmr_ws/install/turtlesim/local/lib/python3.10/dist-packages/turtlesim/srv/_teleport_absolute.py
[35.179s] -- Up-to-date: /home/philnoc/ezmr_ws/install/turtlesim/local/lib/python3.10/dist-packages/turtlesim/srv/_teleport_absolute_s.c
[35.179s] -- Up-to-date: /home/philnoc/ezmr_ws/install/turtlesim/local/lib/python3.10/dist-packages/turtlesim/srv/_kill.py
[35.179s] -- Up-to-date: /home/philnoc/ezmr_ws/install/turtlesim/local/lib/python3.10/dist-packages/turtlesim/srv/_spawn.py
[35.179s] -- Up-to-date: /home/philnoc/ezmr_ws/install/turtlesim/local/lib/python3.10/dist-packages/turtlesim/srv/_set_pen_s.c
[35.180s] -- Up-to-date: /home/philnoc/ezmr_ws/install/turtlesim/local/lib/python3.10/dist-packages/turtlesim/srv/_spawn_s.c
[35.180s] -- Up-to-date: /home/philnoc/ezmr_ws/install/turtlesim/local/lib/python3.10/dist-packages/turtlesim/srv/_set_pen.py
[35.265s] Listing '/home/philnoc/ezmr_ws/install/turtlesim/local/lib/python3.10/dist-packages/turtlesim'...
[35.266s] Listing '/home/philnoc/ezmr_ws/install/turtlesim/local/lib/python3.10/dist-packages/turtlesim/action'...
[35.266s] Listing '/home/philnoc/ezmr_ws/install/turtlesim/local/lib/python3.10/dist-packages/turtlesim/msg'...
[35.266s] Listing '/home/philnoc/ezmr_ws/install/turtlesim/local/lib/python3.10/dist-packages/turtlesim/srv'...
[35.273s] -- Installing: /home/philnoc/ezmr_ws/install/turtlesim/local/lib/python3.10/dist-packages/turtlesim/turtlesim_s__rosidl_typesupport_fastrtps_c.cpython-310-x86_64-linux-gnu.so
[35.274s] -- Set runtime path of "/home/philnoc/ezmr_ws/install/turtlesim/local/lib/python3.10/dist-packages/turtlesim/turtlesim_s__rosidl_typesupport_fastrtps_c.cpython-310-x86_64-linux-gnu.so" to ""
[35.275s] -- Installing: /home/philnoc/ezmr_ws/install/turtlesim/local/lib/python3.10/dist-packages/turtlesim/turtlesim_s__rosidl_typesupport_introspection_c.cpython-310-x86_64-linux-gnu.so
[35.276s] -- Set runtime path of "/home/philnoc/ezmr_ws/install/turtlesim/local/lib/python3.10/dist-packages/turtlesim/turtlesim_s__rosidl_typesupport_introspection_c.cpython-310-x86_64-linux-gnu.so" to ""
[35.276s] -- Installing: /home/philnoc/ezmr_ws/install/turtlesim/local/lib/python3.10/dist-packages/turtlesim/turtlesim_s__rosidl_typesupport_c.cpython-310-x86_64-linux-gnu.so
[35.276s] -- Set runtime path of "/home/philnoc/ezmr_ws/install/turtlesim/local/lib/python3.10/dist-packages/turtlesim/turtlesim_s__rosidl_typesupport_c.cpython-310-x86_64-linux-gnu.so" to ""
[35.278s] -- Installing: /home/philnoc/ezmr_ws/install/turtlesim/lib/libturtlesim__rosidl_generator_py.so
[35.279s] -- Set runtime path of "/home/philnoc/ezmr_ws/install/turtlesim/lib/libturtlesim__rosidl_generator_py.so" to ""
[35.279s] -- Up-to-date: /home/philnoc/ezmr_ws/install/turtlesim/share/turtlesim/action/RotateAbsolute.idl
[35.279s] -- Up-to-date: /home/philnoc/ezmr_ws/install/turtlesim/share/turtlesim/msg/Color.idl
[35.279s] -- Up-to-date: /home/philnoc/ezmr_ws/install/turtlesim/share/turtlesim/msg/Pose.idl
[35.279s] -- Up-to-date: /home/philnoc/ezmr_ws/install/turtlesim/share/turtlesim/srv/Kill.idl
[35.280s] -- Up-to-date: /home/philnoc/ezmr_ws/install/turtlesim/share/turtlesim/srv/SetPen.idl
[35.280s] -- Up-to-date: /home/philnoc/ezmr_ws/install/turtlesim/share/turtlesim/srv/Spawn.idl
[35.280s] -- Up-to-date: /home/philnoc/ezmr_ws/install/turtlesim/share/turtlesim/srv/TeleportAbsolute.idl
[35.280s] -- Up-to-date: /home/philnoc/ezmr_ws/install/turtlesim/share/turtlesim/srv/TeleportRelative.idl
[35.281s] -- Up-to-date: /home/philnoc/ezmr_ws/install/turtlesim/share/turtlesim/action/RotateAbsolute.action
[35.281s] -- Up-to-date: /home/philnoc/ezmr_ws/install/turtlesim/share/turtlesim/msg/Color.msg
[35.281s] -- Up-to-date: /home/philnoc/ezmr_ws/install/turtlesim/share/turtlesim/msg/Pose.msg
[35.281s] -- Up-to-date: /home/philnoc/ezmr_ws/install/turtlesim/share/turtlesim/srv/Kill.srv
[35.281s] -- Up-to-date: /home/philnoc/ezmr_ws/install/turtlesim/share/turtlesim/srv/Kill_Request.msg
[35.281s] -- Up-to-date: /home/philnoc/ezmr_ws/install/turtlesim/share/turtlesim/srv/Kill_Response.msg
[35.281s] -- Up-to-date: /home/philnoc/ezmr_ws/install/turtlesim/share/turtlesim/srv/SetPen.srv
[35.281s] -- Up-to-date: /home/philnoc/ezmr_ws/install/turtlesim/share/turtlesim/srv/SetPen_Request.msg
[35.282s] -- Up-to-date: /home/philnoc/ezmr_ws/install/turtlesim/share/turtlesim/srv/SetPen_Response.msg
[35.282s] -- Up-to-date: /home/philnoc/ezmr_ws/install/turtlesim/share/turtlesim/srv/Spawn.srv
[35.282s] -- Up-to-date: /home/philnoc/ezmr_ws/install/turtlesim/share/turtlesim/srv/Spawn_Request.msg
[35.282s] -- Up-to-date: /home/philnoc/ezmr_ws/install/turtlesim/share/turtlesim/srv/Spawn_Response.msg
[35.282s] -- Up-to-date: /home/philnoc/ezmr_ws/install/turtlesim/share/turtlesim/srv/TeleportAbsolute.srv
[35.282s] -- Up-to-date: /home/philnoc/ezmr_ws/install/turtlesim/share/turtlesim/srv/TeleportAbsolute_Request.msg
[35.282s] -- Up-to-date: /home/philnoc/ezmr_ws/install/turtlesim/share/turtlesim/srv/TeleportAbsolute_Response.msg
[35.283s] -- Up-to-date: /home/philnoc/ezmr_ws/install/turtlesim/share/turtlesim/srv/TeleportRelative.srv
[35.283s] -- Up-to-date: /home/philnoc/ezmr_ws/install/turtlesim/share/turtlesim/srv/TeleportRelative_Request.msg
[35.283s] -- Up-to-date: /home/philnoc/ezmr_ws/install/turtlesim/share/turtlesim/srv/TeleportRelative_Response.msg
[35.283s] -- Installing: /home/philnoc/ezmr_ws/install/turtlesim/lib/turtlesim/turtlesim_node
[35.293s] -- Set runtime path of "/home/philnoc/ezmr_ws/install/turtlesim/lib/turtlesim/turtlesim_node" to ""
[35.295s] -- Installing: /home/philnoc/ezmr_ws/install/turtlesim/lib/turtlesim/turtle_teleop_key
[35.298s] -- Set runtime path of "/home/philnoc/ezmr_ws/install/turtlesim/lib/turtlesim/turtle_teleop_key" to ""
[35.299s] -- Installing: /home/philnoc/ezmr_ws/install/turtlesim/lib/turtlesim/draw_square
[35.304s] -- Set runtime path of "/home/philnoc/ezmr_ws/install/turtlesim/lib/turtlesim/draw_square" to ""
[35.306s] -- Installing: /home/philnoc/ezmr_ws/install/turtlesim/lib/turtlesim/mimic
[35.310s] -- Set runtime path of "/home/philnoc/ezmr_ws/install/turtlesim/lib/turtlesim/mimic" to ""
[35.311s] -- Up-to-date: /home/philnoc/ezmr_ws/install/turtlesim/share/turtlesim/images
[35.311s] -- Up-to-date: /home/philnoc/ezmr_ws/install/turtlesim/share/turtlesim/images/eloquent.png
[35.312s] -- Up-to-date: /home/philnoc/ezmr_ws/install/turtlesim/share/turtlesim/images/bouncy.png
[35.312s] -- Up-to-date: /home/philnoc/ezmr_ws/install/turtlesim/share/turtlesim/images/foxy.png
[35.312s] -- Up-to-date: /home/philnoc/ezmr_ws/install/turtlesim/share/turtlesim/images/dashing.png
[35.312s] -- Up-to-date: /home/philnoc/ezmr_ws/install/turtlesim/share/turtlesim/images/crystal.png
[35.312s] -- Up-to-date: /home/philnoc/ezmr_ws/install/turtlesim/share/turtlesim/images/ardent.png
[35.313s] -- Up-to-date: /home/philnoc/ezmr_ws/install/turtlesim/share/turtlesim/images/rolling.png
[35.313s] -- Up-to-date: /home/philnoc/ezmr_ws/install/turtlesim/share/turtlesim/images/galactic.png
[35.313s] -- Up-to-date: /home/philnoc/ezmr_ws/install/turtlesim/share/turtlesim/images/humble.png
[35.313s] -- Up-to-date: /home/philnoc/ezmr_ws/install/turtlesim/share/turtlesim/launch
[35.314s] -- Up-to-date: /home/philnoc/ezmr_ws/install/turtlesim/share/turtlesim/launch/multisim.launch.py
[35.315s] -- Up-to-date: /home/philnoc/ezmr_ws/install/turtlesim/share/ament_index/resource_index/package_run_dependencies/turtlesim
[35.315s] -- Up-to-date: /home/philnoc/ezmr_ws/install/turtlesim/share/ament_index/resource_index/parent_prefix_path/turtlesim
[35.315s] -- Up-to-date: /home/philnoc/ezmr_ws/install/turtlesim/share/turtlesim/environment/ament_prefix_path.sh
[35.316s] -- Up-to-date: /home/philnoc/ezmr_ws/install/turtlesim/share/turtlesim/environment/ament_prefix_path.dsv
[35.316s] -- Up-to-date: /home/philnoc/ezmr_ws/install/turtlesim/share/turtlesim/environment/path.sh
[35.316s] -- Up-to-date: /home/philnoc/ezmr_ws/install/turtlesim/share/turtlesim/environment/path.dsv
[35.316s] -- Up-to-date: /home/philnoc/ezmr_ws/install/turtlesim/share/turtlesim/local_setup.bash
[35.316s] -- Up-to-date: /home/philnoc/ezmr_ws/install/turtlesim/share/turtlesim/local_setup.sh
[35.316s] -- Up-to-date: /home/philnoc/ezmr_ws/install/turtlesim/share/turtlesim/local_setup.zsh
[35.316s] -- Up-to-date: /home/philnoc/ezmr_ws/install/turtlesim/share/turtlesim/local_setup.dsv
[35.316s] -- Up-to-date: /home/philnoc/ezmr_ws/install/turtlesim/share/turtlesim/package.dsv
[35.317s] -- Up-to-date: /home/philnoc/ezmr_ws/install/turtlesim/share/ament_index/resource_index/packages/turtlesim
[35.317s] -- Up-to-date: /home/philnoc/ezmr_ws/install/turtlesim/share/turtlesim/cmake/export_turtlesim__rosidl_generator_cExport.cmake
[35.317s] -- Up-to-date: /home/philnoc/ezmr_ws/install/turtlesim/share/turtlesim/cmake/export_turtlesim__rosidl_generator_cExport-noconfig.cmake
[35.318s] -- Up-to-date: /home/philnoc/ezmr_ws/install/turtlesim/share/turtlesim/cmake/export_turtlesim__rosidl_typesupport_fastrtps_cExport.cmake
[35.318s] -- Up-to-date: /home/philnoc/ezmr_ws/install/turtlesim/share/turtlesim/cmake/export_turtlesim__rosidl_typesupport_fastrtps_cExport-noconfig.cmake
[35.319s] -- Up-to-date: /home/philnoc/ezmr_ws/install/turtlesim/share/turtlesim/cmake/export_turtlesim__rosidl_generator_cppExport.cmake
[35.320s] -- Up-to-date: /home/philnoc/ezmr_ws/install/turtlesim/share/turtlesim/cmake/export_turtlesim__rosidl_typesupport_fastrtps_cppExport.cmake
[35.321s] -- Up-to-date: /home/philnoc/ezmr_ws/install/turtlesim/share/turtlesim/cmake/export_turtlesim__rosidl_typesupport_fastrtps_cppExport-noconfig.cmake
[35.322s] -- Up-to-date: /home/philnoc/ezmr_ws/install/turtlesim/share/turtlesim/cmake/turtlesim__rosidl_typesupport_introspection_cExport.cmake
[35.322s] -- Up-to-date: /home/philnoc/ezmr_ws/install/turtlesim/share/turtlesim/cmake/turtlesim__rosidl_typesupport_introspection_cExport-noconfig.cmake
[35.323s] -- Up-to-date: /home/philnoc/ezmr_ws/install/turtlesim/share/turtlesim/cmake/turtlesim__rosidl_typesupport_cExport.cmake
[35.323s] -- Up-to-date: /home/philnoc/ezmr_ws/install/turtlesim/share/turtlesim/cmake/turtlesim__rosidl_typesupport_cExport-noconfig.cmake
[35.324s] -- Up-to-date: /home/philnoc/ezmr_ws/install/turtlesim/share/turtlesim/cmake/turtlesim__rosidl_typesupport_introspection_cppExport.cmake
[35.324s] -- Up-to-date: /home/philnoc/ezmr_ws/install/turtlesim/share/turtlesim/cmake/turtlesim__rosidl_typesupport_introspection_cppExport-noconfig.cmake
[35.324s] -- Up-to-date: /home/philnoc/ezmr_ws/install/turtlesim/share/turtlesim/cmake/turtlesim__rosidl_typesupport_cppExport.cmake
[35.325s] -- Up-to-date: /home/philnoc/ezmr_ws/install/turtlesim/share/turtlesim/cmake/turtlesim__rosidl_typesupport_cppExport-noconfig.cmake
[35.326s] -- Up-to-date: /home/philnoc/ezmr_ws/install/turtlesim/share/turtlesim/cmake/export_turtlesim__rosidl_generator_pyExport.cmake
[35.326s] -- Up-to-date: /home/philnoc/ezmr_ws/install/turtlesim/share/turtlesim/cmake/export_turtlesim__rosidl_generator_pyExport-noconfig.cmake
[35.326s] -- Up-to-date: /home/philnoc/ezmr_ws/install/turtlesim/share/turtlesim/cmake/rosidl_cmake-extras.cmake
[35.326s] -- Up-to-date: /home/philnoc/ezmr_ws/install/turtlesim/share/turtlesim/cmake/ament_cmake_export_dependencies-extras.cmake
[35.326s] -- Up-to-date: /home/philnoc/ezmr_ws/install/turtlesim/share/turtlesim/cmake/ament_cmake_export_include_directories-extras.cmake
[35.326s] -- Up-to-date: /home/philnoc/ezmr_ws/install/turtlesim/share/turtlesim/cmake/ament_cmake_export_libraries-extras.cmake
[35.326s] -- Up-to-date: /home/philnoc/ezmr_ws/install/turtlesim/share/turtlesim/cmake/ament_cmake_export_targets-extras.cmake
[35.326s] -- Up-to-date: /home/philnoc/ezmr_ws/install/turtlesim/share/turtlesim/cmake/rosidl_cmake_export_typesupport_targets-extras.cmake
[35.327s] -- Up-to-date: /home/philnoc/ezmr_ws/install/turtlesim/share/turtlesim/cmake/rosidl_cmake_export_typesupport_libraries-extras.cmake
[35.327s] -- Up-to-date: /home/philnoc/ezmr_ws/install/turtlesim/share/turtlesim/cmake/turtlesimConfig.cmake
[35.327s] -- Up-to-date: /home/philnoc/ezmr_ws/install/turtlesim/share/turtlesim/cmake/turtlesimConfig-version.cmake
[35.327s] -- Up-to-date: /home/philnoc/ezmr_ws/install/turtlesim/share/turtlesim/package.xml
[35.332s] Invoked command in '/home/philnoc/ezmr_ws/build/turtlesim' returned '0': CMAKE_PREFIX_PATH=/opt/ros/humble /usr/bin/cmake --install /home/philnoc/ezmr_ws/build/turtlesim
