/home/philnoc/prak_ws/install/phil_turtlebot/lib/python3.10/site-packages/phil_turtlebot/movedisco.py
/home/philnoc/prak_ws/install/phil_turtlebot/lib/python3.10/site-packages/phil_turtlebot/__init__.py
/home/philnoc/prak_ws/install/phil_turtlebot/lib/python3.10/site-packages/phil_turtlebot/spinn.py
/home/philnoc/prak_ws/install/phil_turtlebot/lib/python3.10/site-packages/phil_turtlebot/show_one_img.py
/home/philnoc/prak_ws/install/phil_turtlebot/lib/python3.10/site-packages/phil_turtlebot/callAction.py
/home/philnoc/prak_ws/install/phil_turtlebot/lib/python3.10/site-packages/phil_turtlebot/playmusic.py
/home/philnoc/prak_ws/install/phil_turtlebot/lib/python3.10/site-packages/phil_turtlebot/__pycache__/movedisco.cpython-310.pyc
/home/philnoc/prak_ws/install/phil_turtlebot/lib/python3.10/site-packages/phil_turtlebot/__pycache__/__init__.cpython-310.pyc
/home/philnoc/prak_ws/install/phil_turtlebot/lib/python3.10/site-packages/phil_turtlebot/__pycache__/spinn.cpython-310.pyc
/home/philnoc/prak_ws/install/phil_turtlebot/lib/python3.10/site-packages/phil_turtlebot/__pycache__/show_one_img.cpython-310.pyc
/home/philnoc/prak_ws/install/phil_turtlebot/lib/python3.10/site-packages/phil_turtlebot/__pycache__/callAction.cpython-310.pyc
/home/philnoc/prak_ws/install/phil_turtlebot/lib/python3.10/site-packages/phil_turtlebot/__pycache__/playmusic.cpython-310.pyc
/home/philnoc/prak_ws/install/phil_turtlebot/share/ament_index/resource_index/packages/phil_turtlebot
/home/philnoc/prak_ws/install/phil_turtlebot/share/phil_turtlebot/package.xml
/home/philnoc/prak_ws/install/phil_turtlebot/lib/python3.10/site-packages/phil_turtlebot-0.0.0-py3.10.egg-info/entry_points.txt
/home/philnoc/prak_ws/install/phil_turtlebot/lib/python3.10/site-packages/phil_turtlebot-0.0.0-py3.10.egg-info/top_level.txt
/home/philnoc/prak_ws/install/phil_turtlebot/lib/python3.10/site-packages/phil_turtlebot-0.0.0-py3.10.egg-info/dependency_links.txt
/home/philnoc/prak_ws/install/phil_turtlebot/lib/python3.10/site-packages/phil_turtlebot-0.0.0-py3.10.egg-info/requires.txt
/home/philnoc/prak_ws/install/phil_turtlebot/lib/python3.10/site-packages/phil_turtlebot-0.0.0-py3.10.egg-info/PKG-INFO
/home/philnoc/prak_ws/install/phil_turtlebot/lib/python3.10/site-packages/phil_turtlebot-0.0.0-py3.10.egg-info/zip-safe
/home/philnoc/prak_ws/install/phil_turtlebot/lib/python3.10/site-packages/phil_turtlebot-0.0.0-py3.10.egg-info/SOURCES.txt
/home/philnoc/prak_ws/install/phil_turtlebot/lib/phil_turtlebot/Spinn45
/home/philnoc/prak_ws/install/phil_turtlebot/lib/phil_turtlebot/callAction
/home/philnoc/prak_ws/install/phil_turtlebot/lib/phil_turtlebot/musicDetect
/home/philnoc/prak_ws/install/phil_turtlebot/lib/phil_turtlebot/musictest
/home/philnoc/prak_ws/install/phil_turtlebot/lib/phil_turtlebot/oneIMG
