[2.036s] Invoking command in '/home/philnoc/ezmr_ws/src/sensors_add': PYTHONPATH=/home/philnoc/ezmr_ws/build/sensors_add/prefix_override:/usr/lib/python3/dist-packages/colcon_core/task/python/colcon_distutils_commands:/home/philnoc/ezmr_ws/install/sensors_add/lib/python3.10/site-packages:${PYTHONPATH} /usr/bin/python3 -W ignore:setup.py install is deprecated -W ignore:easy_install command is deprecated setup.py egg_info --egg-base ../../build/sensors_add build --build-base /home/philnoc/ezmr_ws/build/sensors_add/build install --record /home/philnoc/ezmr_ws/build/sensors_add/install.log --single-version-externally-managed install_data
[2.412s] running egg_info
[2.412s] writing ../../build/sensors_add/sensors_add.egg-info/PKG-INFO
[2.412s] writing dependency_links to ../../build/sensors_add/sensors_add.egg-info/dependency_links.txt
[2.413s] writing entry points to ../../build/sensors_add/sensors_add.egg-info/entry_points.txt
[2.413s] writing requirements to ../../build/sensors_add/sensors_add.egg-info/requires.txt
[2.413s] writing top-level names to ../../build/sensors_add/sensors_add.egg-info/top_level.txt
[2.415s] reading manifest file '../../build/sensors_add/sensors_add.egg-info/SOURCES.txt'
[2.415s] adding license file 'LICENSE'
[2.419s] writing manifest file '../../build/sensors_add/sensors_add.egg-info/SOURCES.txt'
[2.422s] running build
[2.422s] running build_py
[2.422s] running install
[2.422s] running install_lib
[2.423s] running install_data
[2.423s] running install_egg_info
[2.425s] removing '/home/philnoc/ezmr_ws/install/sensors_add/lib/python3.10/site-packages/sensors_add-0.0.0-py3.10.egg-info' (and everything under it)
[2.426s] Copying ../../build/sensors_add/sensors_add.egg-info to /home/philnoc/ezmr_ws/install/sensors_add/lib/python3.10/site-packages/sensors_add-0.0.0-py3.10.egg-info
[2.427s] running install_scripts
[2.466s] Installing circle_warn script to /home/philnoc/ezmr_ws/install/sensors_add/lib/sensors_add
[2.466s] Installing ultra_display script to /home/philnoc/ezmr_ws/install/sensors_add/lib/sensors_add
[2.471s] writing list of installed files to '/home/philnoc/ezmr_ws/build/sensors_add/install.log'
[2.536s] Invoked command in '/home/philnoc/ezmr_ws/src/sensors_add' returned '0': PYTHONPATH=/home/philnoc/ezmr_ws/build/sensors_add/prefix_override:/usr/lib/python3/dist-packages/colcon_core/task/python/colcon_distutils_commands:/home/philnoc/ezmr_ws/install/sensors_add/lib/python3.10/site-packages:${PYTHONPATH} /usr/bin/python3 -W ignore:setup.py install is deprecated -W ignore:easy_install command is deprecated setup.py egg_info --egg-base ../../build/sensors_add build --build-base /home/philnoc/ezmr_ws/build/sensors_add/build install --record /home/philnoc/ezmr_ws/build/sensors_add/install.log --single-version-externally-managed install_data
