[0.021s] Invoking command in '/home/philnoc/ezmr_ws/build/turtlesim': CMAKE_PREFIX_PATH=/opt/ros/humble /usr/bin/cmake --build /home/philnoc/ezmr_ws/build/turtlesim -- -j4 -l4
[0.096s] [35m[1mConsolidate compiler generated dependencies of target turtlesim__rosidl_generator_c[0m
[0.111s] [  1%] Built target turtlesim__cpp
[0.119s] [ 11%] Built target turtlesim__rosidl_generator_c
[0.138s] [35m[1mConsolidate compiler generated dependencies of target turtlesim__rosidl_typesupport_cpp[0m
[0.138s] [ 11%] Built target ament_cmake_python_copy_turtlesim
[0.147s] [35m[1mConsolidate compiler generated dependencies of target turtlesim__rosidl_typesupport_fastrtps_cpp[0m
[0.149s] [35m[1mConsolidate compiler generated dependencies of target turtlesim__rosidl_typesupport_introspection_cpp[0m
[0.159s] [35m[1mConsolidate compiler generated dependencies of target turtlesim__rosidl_typesupport_fastrtps_c[0m
[0.165s] [ 21%] Built target turtlesim__rosidl_typesupport_cpp
[0.180s] [ 31%] Built target turtlesim__rosidl_typesupport_introspection_cpp
[0.181s] [ 41%] Built target turtlesim__rosidl_typesupport_fastrtps_cpp
[0.186s] [35m[1mConsolidate compiler generated dependencies of target turtlesim__rosidl_typesupport_introspection_c[0m
[0.194s] [ 51%] Built target turtlesim__rosidl_typesupport_fastrtps_c
[0.197s] [35m[1mConsolidate compiler generated dependencies of target turtlesim__rosidl_typesupport_c[0m
[0.218s] [ 61%] Built target turtlesim__rosidl_typesupport_introspection_c
[0.218s] [35m[1mConsolidate compiler generated dependencies of target turtlesim_node[0m
[0.225s] [ 71%] Built target turtlesim__rosidl_typesupport_c
[0.234s] [35m[1mConsolidate compiler generated dependencies of target turtle_teleop_key[0m
[0.242s] [35m[1mConsolidate compiler generated dependencies of target draw_square[0m
[0.266s] [ 73%] Built target turtle_teleop_key
[0.267s] [ 74%] [32mBuilding CXX object CMakeFiles/turtlesim_node.dir/src/turtle_frame.cpp.o[0m
[0.269s] [ 76%] Built target draw_square
[0.284s] [35m[1mConsolidate compiler generated dependencies of target mimic[0m
[0.298s] [ 76%] Built target turtlesim
[0.314s] [ 78%] Built target mimic
[0.333s] [ 79%] Built target turtlesim__py
[0.359s] [35m[1mConsolidate compiler generated dependencies of target turtlesim__rosidl_generator_py[0m
[0.388s] [ 88%] Built target turtlesim__rosidl_generator_py
[0.403s] [35m[1mConsolidate compiler generated dependencies of target turtlesim__rosidl_typesupport_fastrtps_c__pyext[0m
[0.404s] [35m[1mConsolidate compiler generated dependencies of target turtlesim__rosidl_typesupport_introspection_c__pyext[0m
[0.428s] [ 90%] Built target turtlesim__rosidl_typesupport_fastrtps_c__pyext
[0.428s] [ 92%] Built target turtlesim__rosidl_typesupport_introspection_c__pyext
[0.447s] [35m[1mConsolidate compiler generated dependencies of target turtlesim__rosidl_typesupport_c__pyext[0m
[0.468s] [ 94%] Built target turtlesim__rosidl_typesupport_c__pyext
[0.564s] running egg_info
[0.565s] writing turtlesim.egg-info/PKG-INFO
[0.565s] writing dependency_links to turtlesim.egg-info/dependency_links.txt
[0.565s] writing top-level names to turtlesim.egg-info/top_level.txt
[0.571s] reading manifest file 'turtlesim.egg-info/SOURCES.txt'
[0.572s] writing manifest file 'turtlesim.egg-info/SOURCES.txt'
[0.617s] [ 94%] Built target ament_cmake_python_build_turtlesim_egg
[14.643s] [ 95%] [32m[1mLinking CXX executable turtlesim_node[0m
[19.944s] [100%] Built target turtlesim_node
[19.974s] Invoked command in '/home/philnoc/ezmr_ws/build/turtlesim' returned '0': CMAKE_PREFIX_PATH=/opt/ros/humble /usr/bin/cmake --build /home/philnoc/ezmr_ws/build/turtlesim -- -j4 -l4
[19.996s] Invoking command in '/home/philnoc/ezmr_ws/build/turtlesim': CMAKE_PREFIX_PATH=/opt/ros/humble /usr/bin/cmake --install /home/philnoc/ezmr_ws/build/turtlesim
[20.009s] -- Install configuration: ""
[20.010s] -- Up-to-date: /home/philnoc/ezmr_ws/install/turtlesim/share/ament_index/resource_index/rosidl_interfaces/turtlesim
[20.010s] -- Up-to-date: /home/philnoc/ezmr_ws/install/turtlesim/include/turtlesim/turtlesim
[20.010s] -- Up-to-date: /home/philnoc/ezmr_ws/install/turtlesim/include/turtlesim/turtlesim/action
[20.010s] -- Up-to-date: /home/philnoc/ezmr_ws/install/turtlesim/include/turtlesim/turtlesim/action/detail
[20.010s] -- Up-to-date: /home/philnoc/ezmr_ws/install/turtlesim/include/turtlesim/turtlesim/action/detail/rotate_absolute__functions.h
[20.011s] -- Up-to-date: /home/philnoc/ezmr_ws/install/turtlesim/include/turtlesim/turtlesim/action/detail/rotate_absolute__functions.c
[20.011s] -- Up-to-date: /home/philnoc/ezmr_ws/install/turtlesim/include/turtlesim/turtlesim/action/detail/rotate_absolute__type_support.h
[20.011s] -- Up-to-date: /home/philnoc/ezmr_ws/install/turtlesim/include/turtlesim/turtlesim/action/detail/rotate_absolute__struct.h
[20.011s] -- Up-to-date: /home/philnoc/ezmr_ws/install/turtlesim/include/turtlesim/turtlesim/action/rotate_absolute.h
[20.012s] -- Up-to-date: /home/philnoc/ezmr_ws/install/turtlesim/include/turtlesim/turtlesim/msg
[20.012s] -- Up-to-date: /home/philnoc/ezmr_ws/install/turtlesim/include/turtlesim/turtlesim/msg/rosidl_generator_c__visibility_control.h
[20.012s] -- Up-to-date: /home/philnoc/ezmr_ws/install/turtlesim/include/turtlesim/turtlesim/msg/pose.h
[20.012s] -- Up-to-date: /home/philnoc/ezmr_ws/install/turtlesim/include/turtlesim/turtlesim/msg/color.h
[20.013s] -- Up-to-date: /home/philnoc/ezmr_ws/install/turtlesim/include/turtlesim/turtlesim/msg/detail
[20.013s] -- Up-to-date: /home/philnoc/ezmr_ws/install/turtlesim/include/turtlesim/turtlesim/msg/detail/pose__functions.h
[20.013s] -- Up-to-date: /home/philnoc/ezmr_ws/install/turtlesim/include/turtlesim/turtlesim/msg/detail/pose__functions.c
[20.013s] -- Up-to-date: /home/philnoc/ezmr_ws/install/turtlesim/include/turtlesim/turtlesim/msg/detail/pose__type_support.h
[20.013s] -- Up-to-date: /home/philnoc/ezmr_ws/install/turtlesim/include/turtlesim/turtlesim/msg/detail/color__struct.h
[20.013s] -- Up-to-date: /home/philnoc/ezmr_ws/install/turtlesim/include/turtlesim/turtlesim/msg/detail/pose__struct.h
[20.014s] -- Up-to-date: /home/philnoc/ezmr_ws/install/turtlesim/include/turtlesim/turtlesim/msg/detail/color__functions.c
[20.014s] -- Up-to-date: /home/philnoc/ezmr_ws/install/turtlesim/include/turtlesim/turtlesim/msg/detail/color__functions.h
[20.015s] -- Up-to-date: /home/philnoc/ezmr_ws/install/turtlesim/include/turtlesim/turtlesim/msg/detail/color__type_support.h
[20.015s] -- Up-to-date: /home/philnoc/ezmr_ws/install/turtlesim/include/turtlesim/turtlesim/srv
[20.015s] -- Up-to-date: /home/philnoc/ezmr_ws/install/turtlesim/include/turtlesim/turtlesim/srv/detail
[20.016s] -- Up-to-date: /home/philnoc/ezmr_ws/install/turtlesim/include/turtlesim/turtlesim/srv/detail/teleport_relative__type_support.h
[20.016s] -- Up-to-date: /home/philnoc/ezmr_ws/install/turtlesim/include/turtlesim/turtlesim/srv/detail/spawn__struct.h
[20.016s] -- Up-to-date: /home/philnoc/ezmr_ws/install/turtlesim/include/turtlesim/turtlesim/srv/detail/set_pen__type_support.h
[20.016s] -- Up-to-date: /home/philnoc/ezmr_ws/install/turtlesim/include/turtlesim/turtlesim/srv/detail/spawn__functions.c
[20.016s] -- Up-to-date: /home/philnoc/ezmr_ws/install/turtlesim/include/turtlesim/turtlesim/srv/detail/set_pen__struct.h
[20.016s] -- Up-to-date: /home/philnoc/ezmr_ws/install/turtlesim/include/turtlesim/turtlesim/srv/detail/spawn__type_support.h
[20.016s] -- Up-to-date: /home/philnoc/ezmr_ws/install/turtlesim/include/turtlesim/turtlesim/srv/detail/kill__functions.c
[20.017s] -- Up-to-date: /home/philnoc/ezmr_ws/install/turtlesim/include/turtlesim/turtlesim/srv/detail/set_pen__functions.c
[20.018s] -- Up-to-date: /home/philnoc/ezmr_ws/install/turtlesim/include/turtlesim/turtlesim/srv/detail/teleport_relative__functions.c
[20.018s] -- Up-to-date: /home/philnoc/ezmr_ws/install/turtlesim/include/turtlesim/turtlesim/srv/detail/set_pen__functions.h
[20.018s] -- Up-to-date: /home/philnoc/ezmr_ws/install/turtlesim/include/turtlesim/turtlesim/srv/detail/kill__functions.h
[20.018s] -- Up-to-date: /home/philnoc/ezmr_ws/install/turtlesim/include/turtlesim/turtlesim/srv/detail/kill__type_support.h
[20.018s] -- Up-to-date: /home/philnoc/ezmr_ws/install/turtlesim/include/turtlesim/turtlesim/srv/detail/teleport_absolute__functions.h
[20.018s] -- Up-to-date: /home/philnoc/ezmr_ws/install/turtlesim/include/turtlesim/turtlesim/srv/detail/teleport_absolute__functions.c
[20.018s] -- Up-to-date: /home/philnoc/ezmr_ws/install/turtlesim/include/turtlesim/turtlesim/srv/detail/teleport_absolute__struct.h
[20.018s] -- Up-to-date: /home/philnoc/ezmr_ws/install/turtlesim/include/turtlesim/turtlesim/srv/detail/teleport_relative__functions.h
[20.019s] -- Up-to-date: /home/philnoc/ezmr_ws/install/turtlesim/include/turtlesim/turtlesim/srv/detail/spawn__functions.h
[20.019s] -- Up-to-date: /home/philnoc/ezmr_ws/install/turtlesim/include/turtlesim/turtlesim/srv/detail/teleport_relative__struct.h
[20.019s] -- Up-to-date: /home/philnoc/ezmr_ws/install/turtlesim/include/turtlesim/turtlesim/srv/detail/teleport_absolute__type_support.h
[20.020s] -- Up-to-date: /home/philnoc/ezmr_ws/install/turtlesim/include/turtlesim/turtlesim/srv/detail/kill__struct.h
[20.020s] -- Up-to-date: /home/philnoc/ezmr_ws/install/turtlesim/include/turtlesim/turtlesim/srv/teleport_absolute.h
[20.020s] -- Up-to-date: /home/philnoc/ezmr_ws/install/turtlesim/include/turtlesim/turtlesim/srv/teleport_relative.h
[20.020s] -- Up-to-date: /home/philnoc/ezmr_ws/install/turtlesim/include/turtlesim/turtlesim/srv/kill.h
[20.021s] -- Up-to-date: /home/philnoc/ezmr_ws/install/turtlesim/include/turtlesim/turtlesim/srv/set_pen.h
[20.021s] -- Up-to-date: /home/philnoc/ezmr_ws/install/turtlesim/include/turtlesim/turtlesim/srv/spawn.h
[20.021s] -- Up-to-date: /home/philnoc/ezmr_ws/install/turtlesim/share/turtlesim/environment/library_path.sh
[20.021s] -- Up-to-date: /home/philnoc/ezmr_ws/install/turtlesim/share/turtlesim/environment/library_path.dsv
[20.021s] -- Up-to-date: /home/philnoc/ezmr_ws/install/turtlesim/lib/libturtlesim__rosidl_generator_c.so
[20.022s] -- Up-to-date: /home/philnoc/ezmr_ws/install/turtlesim/include/turtlesim/turtlesim
[20.022s] -- Up-to-date: /home/philnoc/ezmr_ws/install/turtlesim/include/turtlesim/turtlesim/action
[20.022s] -- Up-to-date: /home/philnoc/ezmr_ws/install/turtlesim/include/turtlesim/turtlesim/action/detail
[20.022s] -- Up-to-date: /home/philnoc/ezmr_ws/install/turtlesim/include/turtlesim/turtlesim/action/detail/rotate_absolute__rosidl_typesupport_fastrtps_c.h
[20.023s] -- Up-to-date: /home/philnoc/ezmr_ws/install/turtlesim/include/turtlesim/turtlesim/msg
[20.023s] -- Up-to-date: /home/philnoc/ezmr_ws/install/turtlesim/include/turtlesim/turtlesim/msg/detail
[20.024s] -- Up-to-date: /home/philnoc/ezmr_ws/install/turtlesim/include/turtlesim/turtlesim/msg/detail/color__rosidl_typesupport_fastrtps_c.h
[20.024s] -- Up-to-date: /home/philnoc/ezmr_ws/install/turtlesim/include/turtlesim/turtlesim/msg/detail/pose__rosidl_typesupport_fastrtps_c.h
[20.024s] -- Up-to-date: /home/philnoc/ezmr_ws/install/turtlesim/include/turtlesim/turtlesim/msg/rosidl_typesupport_fastrtps_c__visibility_control.h
[20.024s] -- Up-to-date: /home/philnoc/ezmr_ws/install/turtlesim/include/turtlesim/turtlesim/srv
[20.025s] -- Up-to-date: /home/philnoc/ezmr_ws/install/turtlesim/include/turtlesim/turtlesim/srv/detail
[20.025s] -- Up-to-date: /home/philnoc/ezmr_ws/install/turtlesim/include/turtlesim/turtlesim/srv/detail/teleport_relative__rosidl_typesupport_fastrtps_c.h
[20.025s] -- Up-to-date: /home/philnoc/ezmr_ws/install/turtlesim/include/turtlesim/turtlesim/srv/detail/set_pen__rosidl_typesupport_fastrtps_c.h
[20.025s] -- Up-to-date: /home/philnoc/ezmr_ws/install/turtlesim/include/turtlesim/turtlesim/srv/detail/teleport_absolute__rosidl_typesupport_fastrtps_c.h
[20.025s] -- Up-to-date: /home/philnoc/ezmr_ws/install/turtlesim/include/turtlesim/turtlesim/srv/detail/kill__rosidl_typesupport_fastrtps_c.h
[20.026s] -- Up-to-date: /home/philnoc/ezmr_ws/install/turtlesim/include/turtlesim/turtlesim/srv/detail/spawn__rosidl_typesupport_fastrtps_c.h
[20.026s] -- Up-to-date: /home/philnoc/ezmr_ws/install/turtlesim/lib/libturtlesim__rosidl_typesupport_fastrtps_c.so
[20.026s] -- Up-to-date: /home/philnoc/ezmr_ws/install/turtlesim/include/turtlesim/turtlesim
[20.026s] -- Up-to-date: /home/philnoc/ezmr_ws/install/turtlesim/include/turtlesim/turtlesim/action
[20.026s] -- Up-to-date: /home/philnoc/ezmr_ws/install/turtlesim/include/turtlesim/turtlesim/action/detail
[20.026s] -- Up-to-date: /home/philnoc/ezmr_ws/install/turtlesim/include/turtlesim/turtlesim/action/detail/rotate_absolute__traits.hpp
[20.026s] -- Up-to-date: /home/philnoc/ezmr_ws/install/turtlesim/include/turtlesim/turtlesim/action/detail/rotate_absolute__struct.hpp
[20.026s] -- Up-to-date: /home/philnoc/ezmr_ws/install/turtlesim/include/turtlesim/turtlesim/action/detail/rotate_absolute__builder.hpp
[20.026s] -- Up-to-date: /home/philnoc/ezmr_ws/install/turtlesim/include/turtlesim/turtlesim/action/detail/rotate_absolute__type_support.hpp
[20.026s] -- Up-to-date: /home/philnoc/ezmr_ws/install/turtlesim/include/turtlesim/turtlesim/action/rotate_absolute.hpp
[20.026s] -- Up-to-date: /home/philnoc/ezmr_ws/install/turtlesim/include/turtlesim/turtlesim/msg
[20.027s] -- Up-to-date: /home/philnoc/ezmr_ws/install/turtlesim/include/turtlesim/turtlesim/msg/detail
[20.027s] -- Up-to-date: /home/philnoc/ezmr_ws/install/turtlesim/include/turtlesim/turtlesim/msg/detail/pose__builder.hpp
[20.027s] -- Up-to-date: /home/philnoc/ezmr_ws/install/turtlesim/include/turtlesim/turtlesim/msg/detail/pose__struct.hpp
[20.027s] -- Up-to-date: /home/philnoc/ezmr_ws/install/turtlesim/include/turtlesim/turtlesim/msg/detail/color__type_support.hpp
[20.027s] -- Up-to-date: /home/philnoc/ezmr_ws/install/turtlesim/include/turtlesim/turtlesim/msg/detail/pose__traits.hpp
[20.027s] -- Up-to-date: /home/philnoc/ezmr_ws/install/turtlesim/include/turtlesim/turtlesim/msg/detail/color__struct.hpp
[20.027s] -- Up-to-date: /home/philnoc/ezmr_ws/install/turtlesim/include/turtlesim/turtlesim/msg/detail/color__builder.hpp
[20.027s] -- Up-to-date: /home/philnoc/ezmr_ws/install/turtlesim/include/turtlesim/turtlesim/msg/detail/pose__type_support.hpp
[20.027s] -- Up-to-date: /home/philnoc/ezmr_ws/install/turtlesim/include/turtlesim/turtlesim/msg/detail/color__traits.hpp
[20.027s] -- Up-to-date: /home/philnoc/ezmr_ws/install/turtlesim/include/turtlesim/turtlesim/msg/pose.hpp
[20.027s] -- Up-to-date: /home/philnoc/ezmr_ws/install/turtlesim/include/turtlesim/turtlesim/msg/color.hpp
[20.028s] -- Up-to-date: /home/philnoc/ezmr_ws/install/turtlesim/include/turtlesim/turtlesim/msg/rosidl_generator_cpp__visibility_control.hpp
[20.028s] -- Up-to-date: /home/philnoc/ezmr_ws/install/turtlesim/include/turtlesim/turtlesim/srv
[20.028s] -- Up-to-date: /home/philnoc/ezmr_ws/install/turtlesim/include/turtlesim/turtlesim/srv/kill.hpp
[20.028s] -- Up-to-date: /home/philnoc/ezmr_ws/install/turtlesim/include/turtlesim/turtlesim/srv/teleport_relative.hpp
[20.028s] -- Up-to-date: /home/philnoc/ezmr_ws/install/turtlesim/include/turtlesim/turtlesim/srv/detail
[20.028s] -- Up-to-date: /home/philnoc/ezmr_ws/install/turtlesim/include/turtlesim/turtlesim/srv/detail/kill__builder.hpp
[20.028s] -- Up-to-date: /home/philnoc/ezmr_ws/install/turtlesim/include/turtlesim/turtlesim/srv/detail/set_pen__struct.hpp
[20.028s] -- Up-to-date: /home/philnoc/ezmr_ws/install/turtlesim/include/turtlesim/turtlesim/srv/detail/teleport_relative__struct.hpp
[20.028s] -- Up-to-date: /home/philnoc/ezmr_ws/install/turtlesim/include/turtlesim/turtlesim/srv/detail/spawn__builder.hpp
[20.028s] -- Up-to-date: /home/philnoc/ezmr_ws/install/turtlesim/include/turtlesim/turtlesim/srv/detail/teleport_relative__traits.hpp
[20.028s] -- Up-to-date: /home/philnoc/ezmr_ws/install/turtlesim/include/turtlesim/turtlesim/srv/detail/teleport_absolute__builder.hpp
[20.029s] -- Up-to-date: /home/philnoc/ezmr_ws/install/turtlesim/include/turtlesim/turtlesim/srv/detail/kill__type_support.hpp
[20.029s] -- Up-to-date: /home/philnoc/ezmr_ws/install/turtlesim/include/turtlesim/turtlesim/srv/detail/set_pen__traits.hpp
[20.029s] -- Up-to-date: /home/philnoc/ezmr_ws/install/turtlesim/include/turtlesim/turtlesim/srv/detail/spawn__struct.hpp
[20.029s] -- Up-to-date: /home/philnoc/ezmr_ws/install/turtlesim/include/turtlesim/turtlesim/srv/detail/kill__traits.hpp
[20.029s] -- Up-to-date: /home/philnoc/ezmr_ws/install/turtlesim/include/turtlesim/turtlesim/srv/detail/spawn__type_support.hpp
[20.029s] -- Up-to-date: /home/philnoc/ezmr_ws/install/turtlesim/include/turtlesim/turtlesim/srv/detail/teleport_absolute__traits.hpp
[20.029s] -- Up-to-date: /home/philnoc/ezmr_ws/install/turtlesim/include/turtlesim/turtlesim/srv/detail/teleport_relative__type_support.hpp
[20.029s] -- Up-to-date: /home/philnoc/ezmr_ws/install/turtlesim/include/turtlesim/turtlesim/srv/detail/set_pen__builder.hpp
[20.029s] -- Up-to-date: /home/philnoc/ezmr_ws/install/turtlesim/include/turtlesim/turtlesim/srv/detail/spawn__traits.hpp
[20.029s] -- Up-to-date: /home/philnoc/ezmr_ws/install/turtlesim/include/turtlesim/turtlesim/srv/detail/teleport_absolute__type_support.hpp
[20.029s] -- Up-to-date: /home/philnoc/ezmr_ws/install/turtlesim/include/turtlesim/turtlesim/srv/detail/kill__struct.hpp
[20.029s] -- Up-to-date: /home/philnoc/ezmr_ws/install/turtlesim/include/turtlesim/turtlesim/srv/detail/teleport_absolute__struct.hpp
[20.030s] -- Up-to-date: /home/philnoc/ezmr_ws/install/turtlesim/include/turtlesim/turtlesim/srv/detail/set_pen__type_support.hpp
[20.030s] -- Up-to-date: /home/philnoc/ezmr_ws/install/turtlesim/include/turtlesim/turtlesim/srv/detail/teleport_relative__builder.hpp
[20.030s] -- Up-to-date: /home/philnoc/ezmr_ws/install/turtlesim/include/turtlesim/turtlesim/srv/set_pen.hpp
[20.030s] -- Up-to-date: /home/philnoc/ezmr_ws/install/turtlesim/include/turtlesim/turtlesim/srv/spawn.hpp
[20.030s] -- Up-to-date: /home/philnoc/ezmr_ws/install/turtlesim/include/turtlesim/turtlesim/srv/teleport_absolute.hpp
[20.030s] -- Up-to-date: /home/philnoc/ezmr_ws/install/turtlesim/include/turtlesim/turtlesim
[20.030s] -- Up-to-date: /home/philnoc/ezmr_ws/install/turtlesim/include/turtlesim/turtlesim/action
[20.030s] -- Up-to-date: /home/philnoc/ezmr_ws/install/turtlesim/include/turtlesim/turtlesim/action/detail
[20.030s] -- Up-to-date: /home/philnoc/ezmr_ws/install/turtlesim/include/turtlesim/turtlesim/action/detail/dds_fastrtps
[20.030s] -- Up-to-date: /home/philnoc/ezmr_ws/install/turtlesim/include/turtlesim/turtlesim/action/detail/rotate_absolute__rosidl_typesupport_fastrtps_cpp.hpp
[20.030s] -- Up-to-date: /home/philnoc/ezmr_ws/install/turtlesim/include/turtlesim/turtlesim/msg
[20.031s] -- Up-to-date: /home/philnoc/ezmr_ws/install/turtlesim/include/turtlesim/turtlesim/msg/rosidl_typesupport_fastrtps_cpp__visibility_control.h
[20.031s] -- Up-to-date: /home/philnoc/ezmr_ws/install/turtlesim/include/turtlesim/turtlesim/msg/detail
[20.031s] -- Up-to-date: /home/philnoc/ezmr_ws/install/turtlesim/include/turtlesim/turtlesim/msg/detail/pose__rosidl_typesupport_fastrtps_cpp.hpp
[20.031s] -- Up-to-date: /home/philnoc/ezmr_ws/install/turtlesim/include/turtlesim/turtlesim/msg/detail/dds_fastrtps
[20.031s] -- Up-to-date: /home/philnoc/ezmr_ws/install/turtlesim/include/turtlesim/turtlesim/msg/detail/color__rosidl_typesupport_fastrtps_cpp.hpp
[20.031s] -- Up-to-date: /home/philnoc/ezmr_ws/install/turtlesim/include/turtlesim/turtlesim/srv
[20.031s] -- Up-to-date: /home/philnoc/ezmr_ws/install/turtlesim/include/turtlesim/turtlesim/srv/detail
[20.031s] -- Up-to-date: /home/philnoc/ezmr_ws/install/turtlesim/include/turtlesim/turtlesim/srv/detail/teleport_absolute__rosidl_typesupport_fastrtps_cpp.hpp
[20.031s] -- Up-to-date: /home/philnoc/ezmr_ws/install/turtlesim/include/turtlesim/turtlesim/srv/detail/dds_fastrtps
[20.031s] -- Up-to-date: /home/philnoc/ezmr_ws/install/turtlesim/include/turtlesim/turtlesim/srv/detail/set_pen__rosidl_typesupport_fastrtps_cpp.hpp
[20.031s] -- Up-to-date: /home/philnoc/ezmr_ws/install/turtlesim/include/turtlesim/turtlesim/srv/detail/spawn__rosidl_typesupport_fastrtps_cpp.hpp
[20.031s] -- Up-to-date: /home/philnoc/ezmr_ws/install/turtlesim/include/turtlesim/turtlesim/srv/detail/kill__rosidl_typesupport_fastrtps_cpp.hpp
[20.032s] -- Up-to-date: /home/philnoc/ezmr_ws/install/turtlesim/include/turtlesim/turtlesim/srv/detail/teleport_relative__rosidl_typesupport_fastrtps_cpp.hpp
[20.032s] -- Up-to-date: /home/philnoc/ezmr_ws/install/turtlesim/lib/libturtlesim__rosidl_typesupport_fastrtps_cpp.so
[20.032s] -- Up-to-date: /home/philnoc/ezmr_ws/install/turtlesim/include/turtlesim/turtlesim
[20.032s] -- Up-to-date: /home/philnoc/ezmr_ws/install/turtlesim/include/turtlesim/turtlesim/action
[20.032s] -- Up-to-date: /home/philnoc/ezmr_ws/install/turtlesim/include/turtlesim/turtlesim/action/detail
[20.032s] -- Up-to-date: /home/philnoc/ezmr_ws/install/turtlesim/include/turtlesim/turtlesim/action/detail/rotate_absolute__rosidl_typesupport_introspection_c.h
[20.033s] -- Up-to-date: /home/philnoc/ezmr_ws/install/turtlesim/include/turtlesim/turtlesim/action/detail/rotate_absolute__type_support.c
[20.033s] -- Up-to-date: /home/philnoc/ezmr_ws/install/turtlesim/include/turtlesim/turtlesim/msg
[20.033s] -- Up-to-date: /home/philnoc/ezmr_ws/install/turtlesim/include/turtlesim/turtlesim/msg/detail
[20.033s] -- Up-to-date: /home/philnoc/ezmr_ws/install/turtlesim/include/turtlesim/turtlesim/msg/detail/color__rosidl_typesupport_introspection_c.h
[20.033s] -- Up-to-date: /home/philnoc/ezmr_ws/install/turtlesim/include/turtlesim/turtlesim/msg/detail/pose__type_support.c
[20.033s] -- Up-to-date: /home/philnoc/ezmr_ws/install/turtlesim/include/turtlesim/turtlesim/msg/detail/pose__rosidl_typesupport_introspection_c.h
[20.033s] -- Up-to-date: /home/philnoc/ezmr_ws/install/turtlesim/include/turtlesim/turtlesim/msg/detail/color__type_support.c
[20.033s] -- Up-to-date: /home/philnoc/ezmr_ws/install/turtlesim/include/turtlesim/turtlesim/msg/rosidl_typesupport_introspection_c__visibility_control.h
[20.033s] -- Up-to-date: /home/philnoc/ezmr_ws/install/turtlesim/include/turtlesim/turtlesim/srv
[20.033s] -- Up-to-date: /home/philnoc/ezmr_ws/install/turtlesim/include/turtlesim/turtlesim/srv/detail
[20.034s] -- Up-to-date: /home/philnoc/ezmr_ws/install/turtlesim/include/turtlesim/turtlesim/srv/detail/teleport_relative__rosidl_typesupport_introspection_c.h
[20.034s] -- Up-to-date: /home/philnoc/ezmr_ws/install/turtlesim/include/turtlesim/turtlesim/srv/detail/spawn__rosidl_typesupport_introspection_c.h
[20.034s] -- Up-to-date: /home/philnoc/ezmr_ws/install/turtlesim/include/turtlesim/turtlesim/srv/detail/set_pen__type_support.c
[20.034s] -- Up-to-date: /home/philnoc/ezmr_ws/install/turtlesim/include/turtlesim/turtlesim/srv/detail/teleport_relative__type_support.c
[20.034s] -- Up-to-date: /home/philnoc/ezmr_ws/install/turtlesim/include/turtlesim/turtlesim/srv/detail/kill__rosidl_typesupport_introspection_c.h
[20.034s] -- Up-to-date: /home/philnoc/ezmr_ws/install/turtlesim/include/turtlesim/turtlesim/srv/detail/set_pen__rosidl_typesupport_introspection_c.h
[20.034s] -- Up-to-date: /home/philnoc/ezmr_ws/install/turtlesim/include/turtlesim/turtlesim/srv/detail/teleport_absolute__rosidl_typesupport_introspection_c.h
[20.034s] -- Up-to-date: /home/philnoc/ezmr_ws/install/turtlesim/include/turtlesim/turtlesim/srv/detail/kill__type_support.c
[20.034s] -- Up-to-date: /home/philnoc/ezmr_ws/install/turtlesim/include/turtlesim/turtlesim/srv/detail/spawn__type_support.c
[20.034s] -- Up-to-date: /home/philnoc/ezmr_ws/install/turtlesim/include/turtlesim/turtlesim/srv/detail/teleport_absolute__type_support.c
[20.034s] -- Up-to-date: /home/philnoc/ezmr_ws/install/turtlesim/lib/libturtlesim__rosidl_typesupport_introspection_c.so
[20.034s] -- Up-to-date: /home/philnoc/ezmr_ws/install/turtlesim/lib/libturtlesim__rosidl_typesupport_c.so
[20.035s] -- Up-to-date: /home/philnoc/ezmr_ws/install/turtlesim/include/turtlesim/turtlesim
[20.035s] -- Up-to-date: /home/philnoc/ezmr_ws/install/turtlesim/include/turtlesim/turtlesim/action
[20.035s] -- Up-to-date: /home/philnoc/ezmr_ws/install/turtlesim/include/turtlesim/turtlesim/action/detail
[20.035s] -- Up-to-date: /home/philnoc/ezmr_ws/install/turtlesim/include/turtlesim/turtlesim/action/detail/rotate_absolute__rosidl_typesupport_introspection_cpp.hpp
[20.035s] -- Up-to-date: /home/philnoc/ezmr_ws/install/turtlesim/include/turtlesim/turtlesim/action/detail/rotate_absolute__type_support.cpp
[20.035s] -- Up-to-date: /home/philnoc/ezmr_ws/install/turtlesim/include/turtlesim/turtlesim/msg
[20.035s] -- Up-to-date: /home/philnoc/ezmr_ws/install/turtlesim/include/turtlesim/turtlesim/msg/detail
[20.035s] -- Up-to-date: /home/philnoc/ezmr_ws/install/turtlesim/include/turtlesim/turtlesim/msg/detail/color__rosidl_typesupport_introspection_cpp.hpp
[20.035s] -- Up-to-date: /home/philnoc/ezmr_ws/install/turtlesim/include/turtlesim/turtlesim/msg/detail/color__type_support.cpp
[20.035s] -- Up-to-date: /home/philnoc/ezmr_ws/install/turtlesim/include/turtlesim/turtlesim/msg/detail/pose__rosidl_typesupport_introspection_cpp.hpp
[20.035s] -- Up-to-date: /home/philnoc/ezmr_ws/install/turtlesim/include/turtlesim/turtlesim/msg/detail/pose__type_support.cpp
[20.035s] -- Up-to-date: /home/philnoc/ezmr_ws/install/turtlesim/include/turtlesim/turtlesim/srv
[20.035s] -- Up-to-date: /home/philnoc/ezmr_ws/install/turtlesim/include/turtlesim/turtlesim/srv/detail
[20.036s] -- Up-to-date: /home/philnoc/ezmr_ws/install/turtlesim/include/turtlesim/turtlesim/srv/detail/kill__type_support.cpp
[20.036s] -- Up-to-date: /home/philnoc/ezmr_ws/install/turtlesim/include/turtlesim/turtlesim/srv/detail/spawn__rosidl_typesupport_introspection_cpp.hpp
[20.036s] -- Up-to-date: /home/philnoc/ezmr_ws/install/turtlesim/include/turtlesim/turtlesim/srv/detail/kill__rosidl_typesupport_introspection_cpp.hpp
[20.036s] -- Up-to-date: /home/philnoc/ezmr_ws/install/turtlesim/include/turtlesim/turtlesim/srv/detail/spawn__type_support.cpp
[20.036s] -- Up-to-date: /home/philnoc/ezmr_ws/install/turtlesim/include/turtlesim/turtlesim/srv/detail/teleport_absolute__type_support.cpp
[20.036s] -- Up-to-date: /home/philnoc/ezmr_ws/install/turtlesim/include/turtlesim/turtlesim/srv/detail/set_pen__type_support.cpp
[20.036s] -- Up-to-date: /home/philnoc/ezmr_ws/install/turtlesim/include/turtlesim/turtlesim/srv/detail/set_pen__rosidl_typesupport_introspection_cpp.hpp
[20.036s] -- Up-to-date: /home/philnoc/ezmr_ws/install/turtlesim/include/turtlesim/turtlesim/srv/detail/teleport_absolute__rosidl_typesupport_introspection_cpp.hpp
[20.036s] -- Up-to-date: /home/philnoc/ezmr_ws/install/turtlesim/include/turtlesim/turtlesim/srv/detail/teleport_relative__type_support.cpp
[20.036s] -- Up-to-date: /home/philnoc/ezmr_ws/install/turtlesim/include/turtlesim/turtlesim/srv/detail/teleport_relative__rosidl_typesupport_introspection_cpp.hpp
[20.037s] -- Up-to-date: /home/philnoc/ezmr_ws/install/turtlesim/lib/libturtlesim__rosidl_typesupport_introspection_cpp.so
[20.037s] -- Up-to-date: /home/philnoc/ezmr_ws/install/turtlesim/lib/libturtlesim__rosidl_typesupport_cpp.so
[20.037s] -- Up-to-date: /home/philnoc/ezmr_ws/install/turtlesim/share/turtlesim/environment/pythonpath.sh
[20.037s] -- Up-to-date: /home/philnoc/ezmr_ws/install/turtlesim/share/turtlesim/environment/pythonpath.dsv
[20.037s] -- Up-to-date: /home/philnoc/ezmr_ws/install/turtlesim/local/lib/python3.10/dist-packages/turtlesim-1.4.2-py3.10.egg-info
[20.037s] -- Installing: /home/philnoc/ezmr_ws/install/turtlesim/local/lib/python3.10/dist-packages/turtlesim-1.4.2-py3.10.egg-info/top_level.txt
[20.037s] -- Installing: /home/philnoc/ezmr_ws/install/turtlesim/local/lib/python3.10/dist-packages/turtlesim-1.4.2-py3.10.egg-info/dependency_links.txt
[20.037s] -- Installing: /home/philnoc/ezmr_ws/install/turtlesim/local/lib/python3.10/dist-packages/turtlesim-1.4.2-py3.10.egg-info/PKG-INFO
[20.037s] -- Installing: /home/philnoc/ezmr_ws/install/turtlesim/local/lib/python3.10/dist-packages/turtlesim-1.4.2-py3.10.egg-info/SOURCES.txt
[20.037s] -- Up-to-date: /home/philnoc/ezmr_ws/install/turtlesim/local/lib/python3.10/dist-packages/turtlesim
[20.037s] -- Up-to-date: /home/philnoc/ezmr_ws/install/turtlesim/local/lib/python3.10/dist-packages/turtlesim/turtlesim_s__rosidl_typesupport_fastrtps_c.cpython-310-x86_64-linux-gnu.so
[20.037s] -- Up-to-date: /home/philnoc/ezmr_ws/install/turtlesim/local/lib/python3.10/dist-packages/turtlesim/action
[20.037s] -- Up-to-date: /home/philnoc/ezmr_ws/install/turtlesim/local/lib/python3.10/dist-packages/turtlesim/action/__init__.py
[20.037s] -- Up-to-date: /home/philnoc/ezmr_ws/install/turtlesim/local/lib/python3.10/dist-packages/turtlesim/action/_rotate_absolute_s.c
[20.038s] -- Up-to-date: /home/philnoc/ezmr_ws/install/turtlesim/local/lib/python3.10/dist-packages/turtlesim/action/_rotate_absolute.py
[20.038s] -- Up-to-date: /home/philnoc/ezmr_ws/install/turtlesim/local/lib/python3.10/dist-packages/turtlesim/_turtlesim_s.ep.rosidl_typesupport_c.c
[20.038s] -- Up-to-date: /home/philnoc/ezmr_ws/install/turtlesim/local/lib/python3.10/dist-packages/turtlesim/msg
[20.038s] -- Up-to-date: /home/philnoc/ezmr_ws/install/turtlesim/local/lib/python3.10/dist-packages/turtlesim/msg/_pose.py
[20.038s] -- Up-to-date: /home/philnoc/ezmr_ws/install/turtlesim/local/lib/python3.10/dist-packages/turtlesim/msg/__init__.py
[20.038s] -- Up-to-date: /home/philnoc/ezmr_ws/install/turtlesim/local/lib/python3.10/dist-packages/turtlesim/msg/_color_s.c
[20.038s] -- Up-to-date: /home/philnoc/ezmr_ws/install/turtlesim/local/lib/python3.10/dist-packages/turtlesim/msg/_color.py
[20.038s] -- Up-to-date: /home/philnoc/ezmr_ws/install/turtlesim/local/lib/python3.10/dist-packages/turtlesim/msg/_pose_s.c
[20.038s] -- Up-to-date: /home/philnoc/ezmr_ws/install/turtlesim/local/lib/python3.10/dist-packages/turtlesim/__init__.py
[20.038s] -- Up-to-date: /home/philnoc/ezmr_ws/install/turtlesim/local/lib/python3.10/dist-packages/turtlesim/_turtlesim_s.ep.rosidl_typesupport_introspection_c.c
[20.038s] -- Up-to-date: /home/philnoc/ezmr_ws/install/turtlesim/local/lib/python3.10/dist-packages/turtlesim/libturtlesim__rosidl_generator_py.so
[20.039s] -- Up-to-date: /home/philnoc/ezmr_ws/install/turtlesim/local/lib/python3.10/dist-packages/turtlesim/turtlesim_s__rosidl_typesupport_c.cpython-310-x86_64-linux-gnu.so
[20.039s] -- Up-to-date: /home/philnoc/ezmr_ws/install/turtlesim/local/lib/python3.10/dist-packages/turtlesim/turtlesim_s__rosidl_typesupport_introspection_c.cpython-310-x86_64-linux-gnu.so
[20.039s] -- Up-to-date: /home/philnoc/ezmr_ws/install/turtlesim/local/lib/python3.10/dist-packages/turtlesim/_turtlesim_s.ep.rosidl_typesupport_fastrtps_c.c
[20.039s] -- Up-to-date: /home/philnoc/ezmr_ws/install/turtlesim/local/lib/python3.10/dist-packages/turtlesim/srv
[20.039s] -- Up-to-date: /home/philnoc/ezmr_ws/install/turtlesim/local/lib/python3.10/dist-packages/turtlesim/srv/_teleport_relative.py
[20.039s] -- Up-to-date: /home/philnoc/ezmr_ws/install/turtlesim/local/lib/python3.10/dist-packages/turtlesim/srv/_teleport_relative_s.c
[20.039s] -- Up-to-date: /home/philnoc/ezmr_ws/install/turtlesim/local/lib/python3.10/dist-packages/turtlesim/srv/_kill_s.c
[20.039s] -- Up-to-date: /home/philnoc/ezmr_ws/install/turtlesim/local/lib/python3.10/dist-packages/turtlesim/srv/__init__.py
[20.039s] -- Up-to-date: /home/philnoc/ezmr_ws/install/turtlesim/local/lib/python3.10/dist-packages/turtlesim/srv/_teleport_absolute.py
[20.039s] -- Up-to-date: /home/philnoc/ezmr_ws/install/turtlesim/local/lib/python3.10/dist-packages/turtlesim/srv/_teleport_absolute_s.c
[20.039s] -- Up-to-date: /home/philnoc/ezmr_ws/install/turtlesim/local/lib/python3.10/dist-packages/turtlesim/srv/_kill.py
[20.039s] -- Up-to-date: /home/philnoc/ezmr_ws/install/turtlesim/local/lib/python3.10/dist-packages/turtlesim/srv/_spawn.py
[20.039s] -- Up-to-date: /home/philnoc/ezmr_ws/install/turtlesim/local/lib/python3.10/dist-packages/turtlesim/srv/_set_pen_s.c
[20.040s] -- Up-to-date: /home/philnoc/ezmr_ws/install/turtlesim/local/lib/python3.10/dist-packages/turtlesim/srv/_spawn_s.c
[20.040s] -- Up-to-date: /home/philnoc/ezmr_ws/install/turtlesim/local/lib/python3.10/dist-packages/turtlesim/srv/_set_pen.py
[20.077s] Listing '/home/philnoc/ezmr_ws/install/turtlesim/local/lib/python3.10/dist-packages/turtlesim'...
[20.077s] Listing '/home/philnoc/ezmr_ws/install/turtlesim/local/lib/python3.10/dist-packages/turtlesim/action'...
[20.078s] Listing '/home/philnoc/ezmr_ws/install/turtlesim/local/lib/python3.10/dist-packages/turtlesim/msg'...
[20.078s] Listing '/home/philnoc/ezmr_ws/install/turtlesim/local/lib/python3.10/dist-packages/turtlesim/srv'...
[20.087s] -- Up-to-date: /home/philnoc/ezmr_ws/install/turtlesim/local/lib/python3.10/dist-packages/turtlesim/turtlesim_s__rosidl_typesupport_fastrtps_c.cpython-310-x86_64-linux-gnu.so
[20.087s] -- Up-to-date: /home/philnoc/ezmr_ws/install/turtlesim/local/lib/python3.10/dist-packages/turtlesim/turtlesim_s__rosidl_typesupport_introspection_c.cpython-310-x86_64-linux-gnu.so
[20.087s] -- Up-to-date: /home/philnoc/ezmr_ws/install/turtlesim/local/lib/python3.10/dist-packages/turtlesim/turtlesim_s__rosidl_typesupport_c.cpython-310-x86_64-linux-gnu.so
[20.088s] -- Up-to-date: /home/philnoc/ezmr_ws/install/turtlesim/lib/libturtlesim__rosidl_generator_py.so
[20.088s] -- Up-to-date: /home/philnoc/ezmr_ws/install/turtlesim/share/turtlesim/action/RotateAbsolute.idl
[20.088s] -- Up-to-date: /home/philnoc/ezmr_ws/install/turtlesim/share/turtlesim/msg/Color.idl
[20.088s] -- Up-to-date: /home/philnoc/ezmr_ws/install/turtlesim/share/turtlesim/msg/Pose.idl
[20.088s] -- Up-to-date: /home/philnoc/ezmr_ws/install/turtlesim/share/turtlesim/srv/Kill.idl
[20.088s] -- Up-to-date: /home/philnoc/ezmr_ws/install/turtlesim/share/turtlesim/srv/SetPen.idl
[20.089s] -- Up-to-date: /home/philnoc/ezmr_ws/install/turtlesim/share/turtlesim/srv/Spawn.idl
[20.089s] -- Up-to-date: /home/philnoc/ezmr_ws/install/turtlesim/share/turtlesim/srv/TeleportAbsolute.idl
[20.089s] -- Up-to-date: /home/philnoc/ezmr_ws/install/turtlesim/share/turtlesim/srv/TeleportRelative.idl
[20.089s] -- Up-to-date: /home/philnoc/ezmr_ws/install/turtlesim/share/turtlesim/action/RotateAbsolute.action
[20.089s] -- Up-to-date: /home/philnoc/ezmr_ws/install/turtlesim/share/turtlesim/msg/Color.msg
[20.089s] -- Up-to-date: /home/philnoc/ezmr_ws/install/turtlesim/share/turtlesim/msg/Pose.msg
[20.090s] -- Up-to-date: /home/philnoc/ezmr_ws/install/turtlesim/share/turtlesim/srv/Kill.srv
[20.090s] -- Up-to-date: /home/philnoc/ezmr_ws/install/turtlesim/share/turtlesim/srv/Kill_Request.msg
[20.090s] -- Up-to-date: /home/philnoc/ezmr_ws/install/turtlesim/share/turtlesim/srv/Kill_Response.msg
[20.090s] -- Up-to-date: /home/philnoc/ezmr_ws/install/turtlesim/share/turtlesim/srv/SetPen.srv
[20.090s] -- Up-to-date: /home/philnoc/ezmr_ws/install/turtlesim/share/turtlesim/srv/SetPen_Request.msg
[20.090s] -- Up-to-date: /home/philnoc/ezmr_ws/install/turtlesim/share/turtlesim/srv/SetPen_Response.msg
[20.090s] -- Up-to-date: /home/philnoc/ezmr_ws/install/turtlesim/share/turtlesim/srv/Spawn.srv
[20.090s] -- Up-to-date: /home/philnoc/ezmr_ws/install/turtlesim/share/turtlesim/srv/Spawn_Request.msg
[20.090s] -- Up-to-date: /home/philnoc/ezmr_ws/install/turtlesim/share/turtlesim/srv/Spawn_Response.msg
[20.090s] -- Up-to-date: /home/philnoc/ezmr_ws/install/turtlesim/share/turtlesim/srv/TeleportAbsolute.srv
[20.090s] -- Up-to-date: /home/philnoc/ezmr_ws/install/turtlesim/share/turtlesim/srv/TeleportAbsolute_Request.msg
[20.090s] -- Up-to-date: /home/philnoc/ezmr_ws/install/turtlesim/share/turtlesim/srv/TeleportAbsolute_Response.msg
[20.091s] -- Up-to-date: /home/philnoc/ezmr_ws/install/turtlesim/share/turtlesim/srv/TeleportRelative.srv
[20.091s] -- Up-to-date: /home/philnoc/ezmr_ws/install/turtlesim/share/turtlesim/srv/TeleportRelative_Request.msg
[20.091s] -- Up-to-date: /home/philnoc/ezmr_ws/install/turtlesim/share/turtlesim/srv/TeleportRelative_Response.msg
[20.091s] -- Installing: /home/philnoc/ezmr_ws/install/turtlesim/lib/turtlesim/turtlesim_node
[20.103s] -- Set runtime path of "/home/philnoc/ezmr_ws/install/turtlesim/lib/turtlesim/turtlesim_node" to ""
[20.103s] -- Up-to-date: /home/philnoc/ezmr_ws/install/turtlesim/lib/turtlesim/turtle_teleop_key
[20.103s] -- Up-to-date: /home/philnoc/ezmr_ws/install/turtlesim/lib/turtlesim/draw_square
[20.104s] -- Up-to-date: /home/philnoc/ezmr_ws/install/turtlesim/lib/turtlesim/mimic
[20.105s] -- Up-to-date: /home/philnoc/ezmr_ws/install/turtlesim/share/turtlesim/images
[20.105s] -- Up-to-date: /home/philnoc/ezmr_ws/install/turtlesim/share/turtlesim/images/eloquent.png
[20.105s] -- Up-to-date: /home/philnoc/ezmr_ws/install/turtlesim/share/turtlesim/images/bouncy.png
[20.105s] -- Up-to-date: /home/philnoc/ezmr_ws/install/turtlesim/share/turtlesim/images/foxy.png
[20.105s] -- Up-to-date: /home/philnoc/ezmr_ws/install/turtlesim/share/turtlesim/images/dashing.png
[20.105s] -- Up-to-date: /home/philnoc/ezmr_ws/install/turtlesim/share/turtlesim/images/crystal.png
[20.106s] -- Up-to-date: /home/philnoc/ezmr_ws/install/turtlesim/share/turtlesim/images/ardent.png
[20.106s] -- Up-to-date: /home/philnoc/ezmr_ws/install/turtlesim/share/turtlesim/images/rolling.png
[20.106s] -- Up-to-date: /home/philnoc/ezmr_ws/install/turtlesim/share/turtlesim/images/galactic.png
[20.106s] -- Up-to-date: /home/philnoc/ezmr_ws/install/turtlesim/share/turtlesim/images/humble.png
[20.106s] -- Up-to-date: /home/philnoc/ezmr_ws/install/turtlesim/share/turtlesim/launch
[20.106s] -- Up-to-date: /home/philnoc/ezmr_ws/install/turtlesim/share/turtlesim/launch/multisim.launch.py
[20.106s] -- Up-to-date: /home/philnoc/ezmr_ws/install/turtlesim/share/ament_index/resource_index/package_run_dependencies/turtlesim
[20.107s] -- Up-to-date: /home/philnoc/ezmr_ws/install/turtlesim/share/ament_index/resource_index/parent_prefix_path/turtlesim
[20.107s] -- Up-to-date: /home/philnoc/ezmr_ws/install/turtlesim/share/turtlesim/environment/ament_prefix_path.sh
[20.107s] -- Up-to-date: /home/philnoc/ezmr_ws/install/turtlesim/share/turtlesim/environment/ament_prefix_path.dsv
[20.107s] -- Up-to-date: /home/philnoc/ezmr_ws/install/turtlesim/share/turtlesim/environment/path.sh
[20.108s] -- Up-to-date: /home/philnoc/ezmr_ws/install/turtlesim/share/turtlesim/environment/path.dsv
[20.108s] -- Up-to-date: /home/philnoc/ezmr_ws/install/turtlesim/share/turtlesim/local_setup.bash
[20.108s] -- Up-to-date: /home/philnoc/ezmr_ws/install/turtlesim/share/turtlesim/local_setup.sh
[20.108s] -- Up-to-date: /home/philnoc/ezmr_ws/install/turtlesim/share/turtlesim/local_setup.zsh
[20.109s] -- Up-to-date: /home/philnoc/ezmr_ws/install/turtlesim/share/turtlesim/local_setup.dsv
[20.109s] -- Installing: /home/philnoc/ezmr_ws/install/turtlesim/share/turtlesim/package.dsv
[20.109s] -- Up-to-date: /home/philnoc/ezmr_ws/install/turtlesim/share/ament_index/resource_index/packages/turtlesim
[20.109s] -- Up-to-date: /home/philnoc/ezmr_ws/install/turtlesim/share/turtlesim/cmake/export_turtlesim__rosidl_generator_cExport.cmake
[20.109s] -- Up-to-date: /home/philnoc/ezmr_ws/install/turtlesim/share/turtlesim/cmake/export_turtlesim__rosidl_generator_cExport-noconfig.cmake
[20.109s] -- Up-to-date: /home/philnoc/ezmr_ws/install/turtlesim/share/turtlesim/cmake/export_turtlesim__rosidl_typesupport_fastrtps_cExport.cmake
[20.109s] -- Up-to-date: /home/philnoc/ezmr_ws/install/turtlesim/share/turtlesim/cmake/export_turtlesim__rosidl_typesupport_fastrtps_cExport-noconfig.cmake
[20.109s] -- Up-to-date: /home/philnoc/ezmr_ws/install/turtlesim/share/turtlesim/cmake/export_turtlesim__rosidl_generator_cppExport.cmake
[20.109s] -- Up-to-date: /home/philnoc/ezmr_ws/install/turtlesim/share/turtlesim/cmake/export_turtlesim__rosidl_typesupport_fastrtps_cppExport.cmake
[20.109s] -- Up-to-date: /home/philnoc/ezmr_ws/install/turtlesim/share/turtlesim/cmake/export_turtlesim__rosidl_typesupport_fastrtps_cppExport-noconfig.cmake
[20.110s] -- Up-to-date: /home/philnoc/ezmr_ws/install/turtlesim/share/turtlesim/cmake/turtlesim__rosidl_typesupport_introspection_cExport.cmake
[20.110s] -- Up-to-date: /home/philnoc/ezmr_ws/install/turtlesim/share/turtlesim/cmake/turtlesim__rosidl_typesupport_introspection_cExport-noconfig.cmake
[20.110s] -- Up-to-date: /home/philnoc/ezmr_ws/install/turtlesim/share/turtlesim/cmake/turtlesim__rosidl_typesupport_cExport.cmake
[20.110s] -- Up-to-date: /home/philnoc/ezmr_ws/install/turtlesim/share/turtlesim/cmake/turtlesim__rosidl_typesupport_cExport-noconfig.cmake
[20.110s] -- Up-to-date: /home/philnoc/ezmr_ws/install/turtlesim/share/turtlesim/cmake/turtlesim__rosidl_typesupport_introspection_cppExport.cmake
[20.110s] -- Up-to-date: /home/philnoc/ezmr_ws/install/turtlesim/share/turtlesim/cmake/turtlesim__rosidl_typesupport_introspection_cppExport-noconfig.cmake
[20.110s] -- Up-to-date: /home/philnoc/ezmr_ws/install/turtlesim/share/turtlesim/cmake/turtlesim__rosidl_typesupport_cppExport.cmake
[20.110s] -- Up-to-date: /home/philnoc/ezmr_ws/install/turtlesim/share/turtlesim/cmake/turtlesim__rosidl_typesupport_cppExport-noconfig.cmake
[20.110s] -- Up-to-date: /home/philnoc/ezmr_ws/install/turtlesim/share/turtlesim/cmake/export_turtlesim__rosidl_generator_pyExport.cmake
[20.110s] -- Up-to-date: /home/philnoc/ezmr_ws/install/turtlesim/share/turtlesim/cmake/export_turtlesim__rosidl_generator_pyExport-noconfig.cmake
[20.110s] -- Up-to-date: /home/philnoc/ezmr_ws/install/turtlesim/share/turtlesim/cmake/rosidl_cmake-extras.cmake
[20.111s] -- Up-to-date: /home/philnoc/ezmr_ws/install/turtlesim/share/turtlesim/cmake/ament_cmake_export_dependencies-extras.cmake
[20.111s] -- Up-to-date: /home/philnoc/ezmr_ws/install/turtlesim/share/turtlesim/cmake/ament_cmake_export_include_directories-extras.cmake
[20.111s] -- Up-to-date: /home/philnoc/ezmr_ws/install/turtlesim/share/turtlesim/cmake/ament_cmake_export_libraries-extras.cmake
[20.111s] -- Up-to-date: /home/philnoc/ezmr_ws/install/turtlesim/share/turtlesim/cmake/ament_cmake_export_targets-extras.cmake
[20.111s] -- Up-to-date: /home/philnoc/ezmr_ws/install/turtlesim/share/turtlesim/cmake/rosidl_cmake_export_typesupport_targets-extras.cmake
[20.111s] -- Up-to-date: /home/philnoc/ezmr_ws/install/turtlesim/share/turtlesim/cmake/rosidl_cmake_export_typesupport_libraries-extras.cmake
[20.111s] -- Up-to-date: /home/philnoc/ezmr_ws/install/turtlesim/share/turtlesim/cmake/turtlesimConfig.cmake
[20.111s] -- Up-to-date: /home/philnoc/ezmr_ws/install/turtlesim/share/turtlesim/cmake/turtlesimConfig-version.cmake
[20.111s] -- Up-to-date: /home/philnoc/ezmr_ws/install/turtlesim/share/turtlesim/package.xml
[20.113s] Invoked command in '/home/philnoc/ezmr_ws/build/turtlesim' returned '0': CMAKE_PREFIX_PATH=/opt/ros/humble /usr/bin/cmake --install /home/philnoc/ezmr_ws/build/turtlesim
