[0.710s] Invoking command in '/home/philnoc/ezmr_ws/src/sensors_add': PYTHONPATH=/home/philnoc/ezmr_ws/build/sensors_add/prefix_override:/usr/lib/python3/dist-packages/colcon_core/task/python/colcon_distutils_commands:/home/philnoc/ezmr_ws/install/sensors_add/lib/python3.10/site-packages:${PYTHONPATH} /usr/bin/python3 -W ignore:setup.py install is deprecated -W ignore:easy_install command is deprecated setup.py egg_info --egg-base ../../build/sensors_add build --build-base /home/philnoc/ezmr_ws/build/sensors_add/build install --record /home/philnoc/ezmr_ws/build/sensors_add/install.log --single-version-externally-managed install_data
[0.982s] running egg_info
[0.983s] writing ../../build/sensors_add/sensors_add.egg-info/PKG-INFO
[0.984s] writing dependency_links to ../../build/sensors_add/sensors_add.egg-info/dependency_links.txt
[0.984s] writing entry points to ../../build/sensors_add/sensors_add.egg-info/entry_points.txt
[0.985s] writing requirements to ../../build/sensors_add/sensors_add.egg-info/requires.txt
[0.985s] writing top-level names to ../../build/sensors_add/sensors_add.egg-info/top_level.txt
[0.987s] reading manifest file '../../build/sensors_add/sensors_add.egg-info/SOURCES.txt'
[0.988s] adding license file 'LICENSE'
[0.989s] writing manifest file '../../build/sensors_add/sensors_add.egg-info/SOURCES.txt'
[0.989s] running build
[0.989s] running build_py
[0.989s] copying sensors_add/steal_warn.py -> /home/philnoc/ezmr_ws/build/sensors_add/build/lib/sensors_add
[0.990s] running install
[0.990s] running install_lib
[0.991s] copying /home/philnoc/ezmr_ws/build/sensors_add/build/lib/sensors_add/steal_warn.py -> /home/philnoc/ezmr_ws/install/sensors_add/lib/python3.10/site-packages/sensors_add
[0.991s] byte-compiling /home/philnoc/ezmr_ws/install/sensors_add/lib/python3.10/site-packages/sensors_add/steal_warn.py to steal_warn.cpython-310.pyc
[0.992s] Sorry: IndentationError: expected an indented block after function definition on line 67 (steal_warn.py, line 68)
[0.992s] running install_data
[0.992s] running install_egg_info
[0.994s] removing '/home/philnoc/ezmr_ws/install/sensors_add/lib/python3.10/site-packages/sensors_add-0.0.0-py3.10.egg-info' (and everything under it)
[0.995s] Copying ../../build/sensors_add/sensors_add.egg-info to /home/philnoc/ezmr_ws/install/sensors_add/lib/python3.10/site-packages/sensors_add-0.0.0-py3.10.egg-info
[0.996s] running install_scripts
[1.021s] Installing circle_warn script to /home/philnoc/ezmr_ws/install/sensors_add/lib/sensors_add
[1.021s] Installing ultra_display script to /home/philnoc/ezmr_ws/install/sensors_add/lib/sensors_add
[1.022s] writing list of installed files to '/home/philnoc/ezmr_ws/build/sensors_add/install.log'
[1.062s] Invoked command in '/home/philnoc/ezmr_ws/src/sensors_add' returned '0': PYTHONPATH=/home/philnoc/ezmr_ws/build/sensors_add/prefix_override:/usr/lib/python3/dist-packages/colcon_core/task/python/colcon_distutils_commands:/home/philnoc/ezmr_ws/install/sensors_add/lib/python3.10/site-packages:${PYTHONPATH} /usr/bin/python3 -W ignore:setup.py install is deprecated -W ignore:easy_install command is deprecated setup.py egg_info --egg-base ../../build/sensors_add build --build-base /home/philnoc/ezmr_ws/build/sensors_add/build install --record /home/philnoc/ezmr_ws/build/sensors_add/install.log --single-version-externally-managed install_data
