running egg_info
creating ../../build/py_pubsub_phil/py_pubsub_phil.egg-info
writing ../../build/py_pubsub_phil/py_pubsub_phil.egg-info/PKG-INFO
writing dependency_links to ../../build/py_pubsub_phil/py_pubsub_phil.egg-info/dependency_links.txt
writing entry points to ../../build/py_pubsub_phil/py_pubsub_phil.egg-info/entry_points.txt
writing requirements to ../../build/py_pubsub_phil/py_pubsub_phil.egg-info/requires.txt
writing top-level names to ../../build/py_pubsub_phil/py_pubsub_phil.egg-info/top_level.txt
writing manifest file '../../build/py_pubsub_phil/py_pubsub_phil.egg-info/SOURCES.txt'
reading manifest file '../../build/py_pubsub_phil/py_pubsub_phil.egg-info/SOURCES.txt'
adding license file 'LICENSE'
writing manifest file '../../build/py_pubsub_phil/py_pubsub_phil.egg-info/SOURCES.txt'
running build
running build_py
creating /home/philnoc/ezmr_ws/build/py_pubsub_phil/build
creating /home/philnoc/ezmr_ws/build/py_pubsub_phil/build/lib
creating /home/philnoc/ezmr_ws/build/py_pubsub_phil/build/lib/py_pubsub_phil
copying py_pubsub_phil/__init__.py -> /home/philnoc/ezmr_ws/build/py_pubsub_phil/build/lib/py_pubsub_phil
copying py_pubsub_phil/subscriber_member_function.py -> /home/philnoc/ezmr_ws/build/py_pubsub_phil/build/lib/py_pubsub_phil
copying py_pubsub_phil/publisher_member_function.py -> /home/philnoc/ezmr_ws/build/py_pubsub_phil/build/lib/py_pubsub_phil
running install
running install_lib
creating /home/philnoc/ezmr_ws/install/py_pubsub_phil/lib/python3.10/site-packages/py_pubsub_phil
copying /home/philnoc/ezmr_ws/build/py_pubsub_phil/build/lib/py_pubsub_phil/__init__.py -> /home/philnoc/ezmr_ws/install/py_pubsub_phil/lib/python3.10/site-packages/py_pubsub_phil
copying /home/philnoc/ezmr_ws/build/py_pubsub_phil/build/lib/py_pubsub_phil/subscriber_member_function.py -> /home/philnoc/ezmr_ws/install/py_pubsub_phil/lib/python3.10/site-packages/py_pubsub_phil
copying /home/philnoc/ezmr_ws/build/py_pubsub_phil/build/lib/py_pubsub_phil/publisher_member_function.py -> /home/philnoc/ezmr_ws/install/py_pubsub_phil/lib/python3.10/site-packages/py_pubsub_phil
byte-compiling /home/philnoc/ezmr_ws/install/py_pubsub_phil/lib/python3.10/site-packages/py_pubsub_phil/__init__.py to __init__.cpython-310.pyc
byte-compiling /home/philnoc/ezmr_ws/install/py_pubsub_phil/lib/python3.10/site-packages/py_pubsub_phil/subscriber_member_function.py to subscriber_member_function.cpython-310.pyc
byte-compiling /home/philnoc/ezmr_ws/install/py_pubsub_phil/lib/python3.10/site-packages/py_pubsub_phil/publisher_member_function.py to publisher_member_function.cpython-310.pyc
running install_data
creating /home/philnoc/ezmr_ws/install/py_pubsub_phil/share/ament_index
creating /home/philnoc/ezmr_ws/install/py_pubsub_phil/share/ament_index/resource_index
creating /home/philnoc/ezmr_ws/install/py_pubsub_phil/share/ament_index/resource_index/packages
copying resource/py_pubsub_phil -> /home/philnoc/ezmr_ws/install/py_pubsub_phil/share/ament_index/resource_index/packages
copying package.xml -> /home/philnoc/ezmr_ws/install/py_pubsub_phil/share/py_pubsub_phil
running install_egg_info
Copying ../../build/py_pubsub_phil/py_pubsub_phil.egg-info to /home/philnoc/ezmr_ws/install/py_pubsub_phil/lib/python3.10/site-packages/py_pubsub_phil-0.0.0-py3.10.egg-info
running install_scripts
Installing listener script to /home/philnoc/ezmr_ws/install/py_pubsub_phil/lib/py_pubsub_phil
Installing talker script to /home/philnoc/ezmr_ws/install/py_pubsub_phil/lib/py_pubsub_phil
writing list of installed files to '/home/philnoc/ezmr_ws/build/py_pubsub_phil/install.log'
