[0.726s] Invoking command in '/home/philnoc/ezmr_ws/src/py_pubsub_phil': PYTHONPATH=/home/philnoc/ezmr_ws/build/py_pubsub_phil/prefix_override:/usr/lib/python3/dist-packages/colcon_core/task/python/colcon_distutils_commands:/home/philnoc/ezmr_ws/install/py_pubsub_phil/lib/python3.10/site-packages:${PYTHONPATH} /usr/bin/python3 -W ignore:setup.py install is deprecated -W ignore:easy_install command is deprecated setup.py egg_info --egg-base ../../build/py_pubsub_phil build --build-base /home/philnoc/ezmr_ws/build/py_pubsub_phil/build install --record /home/philnoc/ezmr_ws/build/py_pubsub_phil/install.log --single-version-externally-managed install_data
[0.995s] running egg_info
[0.996s] creating ../../build/py_pubsub_phil/py_pubsub_phil.egg-info
[0.996s] writing ../../build/py_pubsub_phil/py_pubsub_phil.egg-info/PKG-INFO
[0.997s] writing dependency_links to ../../build/py_pubsub_phil/py_pubsub_phil.egg-info/dependency_links.txt
[0.997s] writing entry points to ../../build/py_pubsub_phil/py_pubsub_phil.egg-info/entry_points.txt
[0.997s] writing requirements to ../../build/py_pubsub_phil/py_pubsub_phil.egg-info/requires.txt
[0.997s] writing top-level names to ../../build/py_pubsub_phil/py_pubsub_phil.egg-info/top_level.txt
[0.997s] writing manifest file '../../build/py_pubsub_phil/py_pubsub_phil.egg-info/SOURCES.txt'
[0.999s] reading manifest file '../../build/py_pubsub_phil/py_pubsub_phil.egg-info/SOURCES.txt'
[1.000s] adding license file 'LICENSE'
[1.000s] writing manifest file '../../build/py_pubsub_phil/py_pubsub_phil.egg-info/SOURCES.txt'
[1.001s] running build
[1.001s] running build_py
[1.001s] creating /home/philnoc/ezmr_ws/build/py_pubsub_phil/build
[1.001s] creating /home/philnoc/ezmr_ws/build/py_pubsub_phil/build/lib
[1.001s] creating /home/philnoc/ezmr_ws/build/py_pubsub_phil/build/lib/py_pubsub_phil
[1.001s] copying py_pubsub_phil/__init__.py -> /home/philnoc/ezmr_ws/build/py_pubsub_phil/build/lib/py_pubsub_phil
[1.001s] copying py_pubsub_phil/subscriber_member_function.py -> /home/philnoc/ezmr_ws/build/py_pubsub_phil/build/lib/py_pubsub_phil
[1.001s] copying py_pubsub_phil/publisher_member_function.py -> /home/philnoc/ezmr_ws/build/py_pubsub_phil/build/lib/py_pubsub_phil
[1.001s] running install
[1.002s] running install_lib
[1.002s] creating /home/philnoc/ezmr_ws/install/py_pubsub_phil/lib/python3.10/site-packages/py_pubsub_phil
[1.003s] copying /home/philnoc/ezmr_ws/build/py_pubsub_phil/build/lib/py_pubsub_phil/__init__.py -> /home/philnoc/ezmr_ws/install/py_pubsub_phil/lib/python3.10/site-packages/py_pubsub_phil
[1.003s] copying /home/philnoc/ezmr_ws/build/py_pubsub_phil/build/lib/py_pubsub_phil/subscriber_member_function.py -> /home/philnoc/ezmr_ws/install/py_pubsub_phil/lib/python3.10/site-packages/py_pubsub_phil
[1.003s] copying /home/philnoc/ezmr_ws/build/py_pubsub_phil/build/lib/py_pubsub_phil/publisher_member_function.py -> /home/philnoc/ezmr_ws/install/py_pubsub_phil/lib/python3.10/site-packages/py_pubsub_phil
[1.003s] byte-compiling /home/philnoc/ezmr_ws/install/py_pubsub_phil/lib/python3.10/site-packages/py_pubsub_phil/__init__.py to __init__.cpython-310.pyc
[1.003s] byte-compiling /home/philnoc/ezmr_ws/install/py_pubsub_phil/lib/python3.10/site-packages/py_pubsub_phil/subscriber_member_function.py to subscriber_member_function.cpython-310.pyc
[1.004s] byte-compiling /home/philnoc/ezmr_ws/install/py_pubsub_phil/lib/python3.10/site-packages/py_pubsub_phil/publisher_member_function.py to publisher_member_function.cpython-310.pyc
[1.004s] running install_data
[1.005s] creating /home/philnoc/ezmr_ws/install/py_pubsub_phil/share/ament_index
[1.005s] creating /home/philnoc/ezmr_ws/install/py_pubsub_phil/share/ament_index/resource_index
[1.005s] creating /home/philnoc/ezmr_ws/install/py_pubsub_phil/share/ament_index/resource_index/packages
[1.005s] copying resource/py_pubsub_phil -> /home/philnoc/ezmr_ws/install/py_pubsub_phil/share/ament_index/resource_index/packages
[1.006s] copying package.xml -> /home/philnoc/ezmr_ws/install/py_pubsub_phil/share/py_pubsub_phil
[1.006s] running install_egg_info
[1.007s] Copying ../../build/py_pubsub_phil/py_pubsub_phil.egg-info to /home/philnoc/ezmr_ws/install/py_pubsub_phil/lib/python3.10/site-packages/py_pubsub_phil-0.0.0-py3.10.egg-info
[1.008s] running install_scripts
[1.035s] Installing listener script to /home/philnoc/ezmr_ws/install/py_pubsub_phil/lib/py_pubsub_phil
[1.035s] Installing talker script to /home/philnoc/ezmr_ws/install/py_pubsub_phil/lib/py_pubsub_phil
[1.035s] writing list of installed files to '/home/philnoc/ezmr_ws/build/py_pubsub_phil/install.log'
[1.077s] Invoked command in '/home/philnoc/ezmr_ws/src/py_pubsub_phil' returned '0': PYTHONPATH=/home/philnoc/ezmr_ws/build/py_pubsub_phil/prefix_override:/usr/lib/python3/dist-packages/colcon_core/task/python/colcon_distutils_commands:/home/philnoc/ezmr_ws/install/py_pubsub_phil/lib/python3.10/site-packages:${PYTHONPATH} /usr/bin/python3 -W ignore:setup.py install is deprecated -W ignore:easy_install command is deprecated setup.py egg_info --egg-base ../../build/py_pubsub_phil build --build-base /home/philnoc/ezmr_ws/build/py_pubsub_phil/build install --record /home/philnoc/ezmr_ws/build/py_pubsub_phil/install.log --single-version-externally-managed install_data
