running egg_info
creating ../../build/drive_rob/drive_rob.egg-info
writing ../../build/drive_rob/drive_rob.egg-info/PKG-INFO
writing dependency_links to ../../build/drive_rob/drive_rob.egg-info/dependency_links.txt
writing entry points to ../../build/drive_rob/drive_rob.egg-info/entry_points.txt
writing requirements to ../../build/drive_rob/drive_rob.egg-info/requires.txt
writing top-level names to ../../build/drive_rob/drive_rob.egg-info/top_level.txt
writing manifest file '../../build/drive_rob/drive_rob.egg-info/SOURCES.txt'
reading manifest file '../../build/drive_rob/drive_rob.egg-info/SOURCES.txt'
adding license file 'LICENSE'
writing manifest file '../../build/drive_rob/drive_rob.egg-info/SOURCES.txt'
running build
running build_py
creating /home/philnoc/ezmr_ws/build/drive_rob/build
creating /home/philnoc/ezmr_ws/build/drive_rob/build/lib
creating /home/philnoc/ezmr_ws/build/drive_rob/build/lib/drive_rob
copying drive_rob/robot_heart.py -> /home/philnoc/ezmr_ws/build/drive_rob/build/lib/drive_rob
copying drive_rob/__init__.py -> /home/philnoc/ezmr_ws/build/drive_rob/build/lib/drive_rob
running install
running install_lib
creating /home/philnoc/ezmr_ws/install/drive_rob/lib/python3.10/site-packages/drive_rob
copying /home/philnoc/ezmr_ws/build/drive_rob/build/lib/drive_rob/robot_heart.py -> /home/philnoc/ezmr_ws/install/drive_rob/lib/python3.10/site-packages/drive_rob
copying /home/philnoc/ezmr_ws/build/drive_rob/build/lib/drive_rob/__init__.py -> /home/philnoc/ezmr_ws/install/drive_rob/lib/python3.10/site-packages/drive_rob
byte-compiling /home/philnoc/ezmr_ws/install/drive_rob/lib/python3.10/site-packages/drive_rob/robot_heart.py to robot_heart.cpython-310.pyc
byte-compiling /home/philnoc/ezmr_ws/install/drive_rob/lib/python3.10/site-packages/drive_rob/__init__.py to __init__.cpython-310.pyc
running install_data
creating /home/philnoc/ezmr_ws/install/drive_rob/share/ament_index
creating /home/philnoc/ezmr_ws/install/drive_rob/share/ament_index/resource_index
creating /home/philnoc/ezmr_ws/install/drive_rob/share/ament_index/resource_index/packages
copying resource/drive_rob -> /home/philnoc/ezmr_ws/install/drive_rob/share/ament_index/resource_index/packages
copying package.xml -> /home/philnoc/ezmr_ws/install/drive_rob/share/drive_rob
running install_egg_info
Copying ../../build/drive_rob/drive_rob.egg-info to /home/philnoc/ezmr_ws/install/drive_rob/lib/python3.10/site-packages/drive_rob-0.0.0-py3.10.egg-info
running install_scripts
Installing turtle_heart script to /home/philnoc/ezmr_ws/install/drive_rob/lib/drive_rob
writing list of installed files to '/home/philnoc/ezmr_ws/build/drive_rob/install.log'
