running egg_info
writing ../../build/phil_pkg/phil_pkg.egg-info/PKG-INFO
writing dependency_links to ../../build/phil_pkg/phil_pkg.egg-info/dependency_links.txt
writing entry points to ../../build/phil_pkg/phil_pkg.egg-info/entry_points.txt
writing requirements to ../../build/phil_pkg/phil_pkg.egg-info/requires.txt
writing top-level names to ../../build/phil_pkg/phil_pkg.egg-info/top_level.txt
reading manifest file '../../build/phil_pkg/phil_pkg.egg-info/SOURCES.txt'
adding license file 'LICENSE'
writing manifest file '../../build/phil_pkg/phil_pkg.egg-info/SOURCES.txt'
running build
running build_py
running install
running install_lib
running install_data
running install_egg_info
removing '/home/philnoc/ezmr_ws/install/phil_pkg/lib/python3.10/site-packages/phil_pkg-0.0.0-py3.10.egg-info' (and everything under it)
Copying ../../build/phil_pkg/phil_pkg.egg-info to /home/philnoc/ezmr_ws/install/phil_pkg/lib/python3.10/site-packages/phil_pkg-0.0.0-py3.10.egg-info
running install_scripts
Installing HelloPhil script to /home/philnoc/ezmr_ws/install/phil_pkg/lib/phil_pkg
writing list of installed files to '/home/philnoc/ezmr_ws/build/phil_pkg/install.log'
