[1.152s] Invoking command in '/home/philnoc/ezmr_ws/src/sensors_add': PYTHONPATH=/home/philnoc/ezmr_ws/build/sensors_add/prefix_override:/usr/lib/python3/dist-packages/colcon_core/task/python/colcon_distutils_commands:/home/philnoc/ezmr_ws/install/sensors_add/lib/python3.10/site-packages:${PYTHONPATH} /usr/bin/python3 -W ignore:setup.py install is deprecated -W ignore:easy_install command is deprecated setup.py egg_info --egg-base ../../build/sensors_add build --build-base /home/philnoc/ezmr_ws/build/sensors_add/build install --record /home/philnoc/ezmr_ws/build/sensors_add/install.log --single-version-externally-managed install_data
[1.530s] running egg_info
[1.530s] writing ../../build/sensors_add/sensors_add.egg-info/PKG-INFO
[1.530s] writing dependency_links to ../../build/sensors_add/sensors_add.egg-info/dependency_links.txt
[1.530s] writing entry points to ../../build/sensors_add/sensors_add.egg-info/entry_points.txt
[1.531s] writing requirements to ../../build/sensors_add/sensors_add.egg-info/requires.txt
[1.531s] writing top-level names to ../../build/sensors_add/sensors_add.egg-info/top_level.txt
[1.533s] reading manifest file '../../build/sensors_add/sensors_add.egg-info/SOURCES.txt'
[1.543s] adding license file 'LICENSE'
[1.546s] writing manifest file '../../build/sensors_add/sensors_add.egg-info/SOURCES.txt'
[1.547s] running build
[1.547s] running build_py
[1.558s] copying sensors_add/ultra_disp.py -> /home/philnoc/ezmr_ws/build/sensors_add/build/lib/sensors_add
[1.559s] running install
[1.559s] running install_lib
[1.561s] copying /home/philnoc/ezmr_ws/build/sensors_add/build/lib/sensors_add/ultra_disp.py -> /home/philnoc/ezmr_ws/install/sensors_add/lib/python3.10/site-packages/sensors_add
[1.562s] byte-compiling /home/philnoc/ezmr_ws/install/sensors_add/lib/python3.10/site-packages/sensors_add/ultra_disp.py to ultra_disp.cpython-310.pyc
[1.564s] running install_data
[1.566s] running install_egg_info
[1.574s] removing '/home/philnoc/ezmr_ws/install/sensors_add/lib/python3.10/site-packages/sensors_add-0.0.0-py3.10.egg-info' (and everything under it)
[1.576s] Copying ../../build/sensors_add/sensors_add.egg-info to /home/philnoc/ezmr_ws/install/sensors_add/lib/python3.10/site-packages/sensors_add-0.0.0-py3.10.egg-info
[1.580s] running install_scripts
[1.646s] Installing circle_warn script to /home/philnoc/ezmr_ws/install/sensors_add/lib/sensors_add
[1.648s] Installing ultra_display script to /home/philnoc/ezmr_ws/install/sensors_add/lib/sensors_add
[1.648s] writing list of installed files to '/home/philnoc/ezmr_ws/build/sensors_add/install.log'
[1.703s] Invoked command in '/home/philnoc/ezmr_ws/src/sensors_add' returned '0': PYTHONPATH=/home/philnoc/ezmr_ws/build/sensors_add/prefix_override:/usr/lib/python3/dist-packages/colcon_core/task/python/colcon_distutils_commands:/home/philnoc/ezmr_ws/install/sensors_add/lib/python3.10/site-packages:${PYTHONPATH} /usr/bin/python3 -W ignore:setup.py install is deprecated -W ignore:easy_install command is deprecated setup.py egg_info --egg-base ../../build/sensors_add build --build-base /home/philnoc/ezmr_ws/build/sensors_add/build install --record /home/philnoc/ezmr_ws/build/sensors_add/install.log --single-version-externally-managed install_data
