[0.865s] Invoking command in '/home/leobots/Desktop/Phil_MB_prak/prak_ws/src/phil_turtlebot': PYTHONPATH=/home/leobots/Desktop/Phil_MB_prak/prak_ws/build/phil_turtlebot/prefix_override:/usr/lib/python3/dist-packages/colcon_core/task/python/colcon_distutils_commands:/home/leobots/Desktop/Phil_MB_prak/prak_ws/install/phil_turtlebot/lib/python3.10/site-packages:${PYTHONPATH} /usr/bin/python3 -W ignore:setup.py install is deprecated setup.py egg_info --egg-base ../../build/phil_turtlebot build --build-base /home/leobots/Desktop/Phil_MB_prak/prak_ws/build/phil_turtlebot/build install --record /home/leobots/Desktop/Phil_MB_prak/prak_ws/build/phil_turtlebot/install.log --single-version-externally-managed install_data
[1.138s] running egg_info
[1.139s] writing ../../build/phil_turtlebot/phil_turtlebot.egg-info/PKG-INFO
[1.139s] writing dependency_links to ../../build/phil_turtlebot/phil_turtlebot.egg-info/dependency_links.txt
[1.139s] writing entry points to ../../build/phil_turtlebot/phil_turtlebot.egg-info/entry_points.txt
[1.140s] writing requirements to ../../build/phil_turtlebot/phil_turtlebot.egg-info/requires.txt
[1.140s] writing top-level names to ../../build/phil_turtlebot/phil_turtlebot.egg-info/top_level.txt
[1.142s] reading manifest file '../../build/phil_turtlebot/phil_turtlebot.egg-info/SOURCES.txt'
[1.142s] adding license file 'LICENSE'
[1.143s] writing manifest file '../../build/phil_turtlebot/phil_turtlebot.egg-info/SOURCES.txt'
[1.143s] running build
[1.143s] running build_py
[1.143s] copying phil_turtlebot/spinn.py -> /home/leobots/Desktop/Phil_MB_prak/prak_ws/build/phil_turtlebot/build/lib/phil_turtlebot
[1.143s] copying phil_turtlebot/detect_obj.py -> /home/leobots/Desktop/Phil_MB_prak/prak_ws/build/phil_turtlebot/build/lib/phil_turtlebot
[1.144s] running install
[1.144s] running install_lib
[1.145s] copying /home/leobots/Desktop/Phil_MB_prak/prak_ws/build/phil_turtlebot/build/lib/phil_turtlebot/spinn.py -> /home/leobots/Desktop/Phil_MB_prak/prak_ws/install/phil_turtlebot/lib/python3.10/site-packages/phil_turtlebot
[1.145s] copying /home/leobots/Desktop/Phil_MB_prak/prak_ws/build/phil_turtlebot/build/lib/phil_turtlebot/detect_obj.py -> /home/leobots/Desktop/Phil_MB_prak/prak_ws/install/phil_turtlebot/lib/python3.10/site-packages/phil_turtlebot
[1.145s] byte-compiling /home/leobots/Desktop/Phil_MB_prak/prak_ws/install/phil_turtlebot/lib/python3.10/site-packages/phil_turtlebot/spinn.py to spinn.cpython-310.pyc
[1.146s] byte-compiling /home/leobots/Desktop/Phil_MB_prak/prak_ws/install/phil_turtlebot/lib/python3.10/site-packages/phil_turtlebot/detect_obj.py to detect_obj.cpython-310.pyc
[1.147s] running install_data
[1.147s] running install_egg_info
[1.149s] removing '/home/leobots/Desktop/Phil_MB_prak/prak_ws/install/phil_turtlebot/lib/python3.10/site-packages/phil_turtlebot-0.0.0-py3.10.egg-info' (and everything under it)
[1.149s] Copying ../../build/phil_turtlebot/phil_turtlebot.egg-info to /home/leobots/Desktop/Phil_MB_prak/prak_ws/install/phil_turtlebot/lib/python3.10/site-packages/phil_turtlebot-0.0.0-py3.10.egg-info
[1.150s] running install_scripts
[1.169s] Installing camPos script to /home/leobots/Desktop/Phil_MB_prak/prak_ws/install/phil_turtlebot/lib/phil_turtlebot
[1.169s] Installing detect script to /home/leobots/Desktop/Phil_MB_prak/prak_ws/install/phil_turtlebot/lib/phil_turtlebot
[1.169s] Installing navmap script to /home/leobots/Desktop/Phil_MB_prak/prak_ws/install/phil_turtlebot/lib/phil_turtlebot
[1.170s] Installing oneIMG script to /home/leobots/Desktop/Phil_MB_prak/prak_ws/install/phil_turtlebot/lib/phil_turtlebot
[1.170s] Installing rotate script to /home/leobots/Desktop/Phil_MB_prak/prak_ws/install/phil_turtlebot/lib/phil_turtlebot
[1.170s] Installing turtlebot script to /home/leobots/Desktop/Phil_MB_prak/prak_ws/install/phil_turtlebot/lib/phil_turtlebot
[1.170s] writing list of installed files to '/home/leobots/Desktop/Phil_MB_prak/prak_ws/build/phil_turtlebot/install.log'
[1.193s] Invoked command in '/home/leobots/Desktop/Phil_MB_prak/prak_ws/src/phil_turtlebot' returned '0': PYTHONPATH=/home/leobots/Desktop/Phil_MB_prak/prak_ws/build/phil_turtlebot/prefix_override:/usr/lib/python3/dist-packages/colcon_core/task/python/colcon_distutils_commands:/home/leobots/Desktop/Phil_MB_prak/prak_ws/install/phil_turtlebot/lib/python3.10/site-packages:${PYTHONPATH} /usr/bin/python3 -W ignore:setup.py install is deprecated setup.py egg_info --egg-base ../../build/phil_turtlebot build --build-base /home/leobots/Desktop/Phil_MB_prak/prak_ws/build/phil_turtlebot/build install --record /home/leobots/Desktop/Phil_MB_prak/prak_ws/build/phil_turtlebot/install.log --single-version-externally-managed install_data
