[0.771s] Invoking command in '/home/philnoc/ezmr_ws/src/drive_rob': PYTHONPATH=/home/philnoc/ezmr_ws/build/drive_rob/prefix_override:/usr/lib/python3/dist-packages/colcon_core/task/python/colcon_distutils_commands:/home/philnoc/ezmr_ws/install/drive_rob/lib/python3.10/site-packages:${PYTHONPATH} /usr/bin/python3 -W ignore:setup.py install is deprecated -W ignore:easy_install command is deprecated setup.py egg_info --egg-base ../../build/drive_rob build --build-base /home/philnoc/ezmr_ws/build/drive_rob/build install --record /home/philnoc/ezmr_ws/build/drive_rob/install.log --single-version-externally-managed install_data
[1.069s] running egg_info
[1.071s] writing ../../build/drive_rob/drive_rob.egg-info/PKG-INFO
[1.071s] writing dependency_links to ../../build/drive_rob/drive_rob.egg-info/dependency_links.txt
[1.071s] writing entry points to ../../build/drive_rob/drive_rob.egg-info/entry_points.txt
[1.071s] writing requirements to ../../build/drive_rob/drive_rob.egg-info/requires.txt
[1.072s] writing top-level names to ../../build/drive_rob/drive_rob.egg-info/top_level.txt
[1.074s] reading manifest file '../../build/drive_rob/drive_rob.egg-info/SOURCES.txt'
[1.074s] adding license file 'LICENSE'
[1.075s] writing manifest file '../../build/drive_rob/drive_rob.egg-info/SOURCES.txt'
[1.075s] running build
[1.075s] running build_py
[1.075s] copying drive_rob/robot_square.py -> /home/philnoc/ezmr_ws/build/drive_rob/build/lib/drive_rob
[1.076s] running install
[1.076s] running install_lib
[1.077s] copying /home/philnoc/ezmr_ws/build/drive_rob/build/lib/drive_rob/robot_square.py -> /home/philnoc/ezmr_ws/install/drive_rob/lib/python3.10/site-packages/drive_rob
[1.078s] byte-compiling /home/philnoc/ezmr_ws/install/drive_rob/lib/python3.10/site-packages/drive_rob/robot_square.py to robot_square.cpython-310.pyc
[1.078s] Sorry: TabError: inconsistent use of tabs and spaces in indentation (robot_square.py, line 80)
[1.078s] running install_data
[1.078s] running install_egg_info
[1.081s] removing '/home/philnoc/ezmr_ws/install/drive_rob/lib/python3.10/site-packages/drive_rob-0.0.0-py3.10.egg-info' (and everything under it)
[1.082s] Copying ../../build/drive_rob/drive_rob.egg-info to /home/philnoc/ezmr_ws/install/drive_rob/lib/python3.10/site-packages/drive_rob-0.0.0-py3.10.egg-info
[1.083s] running install_scripts
[1.106s] Installing turtle_heart script to /home/philnoc/ezmr_ws/install/drive_rob/lib/drive_rob
[1.107s] writing list of installed files to '/home/philnoc/ezmr_ws/build/drive_rob/install.log'
[1.147s] Invoked command in '/home/philnoc/ezmr_ws/src/drive_rob' returned '0': PYTHONPATH=/home/philnoc/ezmr_ws/build/drive_rob/prefix_override:/usr/lib/python3/dist-packages/colcon_core/task/python/colcon_distutils_commands:/home/philnoc/ezmr_ws/install/drive_rob/lib/python3.10/site-packages:${PYTHONPATH} /usr/bin/python3 -W ignore:setup.py install is deprecated -W ignore:easy_install command is deprecated setup.py egg_info --egg-base ../../build/drive_rob build --build-base /home/philnoc/ezmr_ws/build/drive_rob/build install --record /home/philnoc/ezmr_ws/build/drive_rob/install.log --single-version-externally-managed install_data
