running egg_info
creating ../../build/phil_turtlebot/phil_turtlebot.egg-info
writing ../../build/phil_turtlebot/phil_turtlebot.egg-info/PKG-INFO
writing dependency_links to ../../build/phil_turtlebot/phil_turtlebot.egg-info/dependency_links.txt
writing entry points to ../../build/phil_turtlebot/phil_turtlebot.egg-info/entry_points.txt
writing requirements to ../../build/phil_turtlebot/phil_turtlebot.egg-info/requires.txt
writing top-level names to ../../build/phil_turtlebot/phil_turtlebot.egg-info/top_level.txt
writing manifest file '../../build/phil_turtlebot/phil_turtlebot.egg-info/SOURCES.txt'
reading manifest file '../../build/phil_turtlebot/phil_turtlebot.egg-info/SOURCES.txt'
adding license file 'LICENSE'
writing manifest file '../../build/phil_turtlebot/phil_turtlebot.egg-info/SOURCES.txt'
running build
running build_py
creating /home/philnoc/prak_ws/build/phil_turtlebot/build
creating /home/philnoc/prak_ws/build/phil_turtlebot/build/lib
creating /home/philnoc/prak_ws/build/phil_turtlebot/build/lib/phil_turtlebot
copying phil_turtlebot/movedisco.py -> /home/philnoc/prak_ws/build/phil_turtlebot/build/lib/phil_turtlebot
copying phil_turtlebot/__init__.py -> /home/philnoc/prak_ws/build/phil_turtlebot/build/lib/phil_turtlebot
copying phil_turtlebot/spinn.py -> /home/philnoc/prak_ws/build/phil_turtlebot/build/lib/phil_turtlebot
copying phil_turtlebot/show_one_img.py -> /home/philnoc/prak_ws/build/phil_turtlebot/build/lib/phil_turtlebot
copying phil_turtlebot/callAction.py -> /home/philnoc/prak_ws/build/phil_turtlebot/build/lib/phil_turtlebot
copying phil_turtlebot/playmusic.py -> /home/philnoc/prak_ws/build/phil_turtlebot/build/lib/phil_turtlebot
running install
running install_lib
running install_data
running install_egg_info
removing '/home/philnoc/prak_ws/install/phil_turtlebot/lib/python3.10/site-packages/phil_turtlebot-0.0.0-py3.10.egg-info' (and everything under it)
Copying ../../build/phil_turtlebot/phil_turtlebot.egg-info to /home/philnoc/prak_ws/install/phil_turtlebot/lib/python3.10/site-packages/phil_turtlebot-0.0.0-py3.10.egg-info
running install_scripts
Installing Spinn45 script to /home/philnoc/prak_ws/install/phil_turtlebot/lib/phil_turtlebot
Installing callAction script to /home/philnoc/prak_ws/install/phil_turtlebot/lib/phil_turtlebot
Installing musicDetect script to /home/philnoc/prak_ws/install/phil_turtlebot/lib/phil_turtlebot
Installing musictest script to /home/philnoc/prak_ws/install/phil_turtlebot/lib/phil_turtlebot
Installing oneIMG script to /home/philnoc/prak_ws/install/phil_turtlebot/lib/phil_turtlebot
writing list of installed files to '/home/philnoc/prak_ws/build/phil_turtlebot/install.log'
