[0.924s] Invoking command in '/home/philnoc/prak_ws/src/phil_turtlebot': PYTHONPATH=/home/philnoc/prak_ws/build/phil_turtlebot/prefix_override:/usr/lib/python3/dist-packages/colcon_core/task/python/colcon_distutils_commands:/home/philnoc/prak_ws/install/phil_turtlebot/lib/python3.10/site-packages:${PYTHONPATH} /usr/bin/python3 -W ignore:setup.py install is deprecated -W ignore:easy_install command is deprecated setup.py egg_info --egg-base ../../build/phil_turtlebot build --build-base /home/philnoc/prak_ws/build/phil_turtlebot/build install --record /home/philnoc/prak_ws/build/phil_turtlebot/install.log --single-version-externally-managed install_data
[1.264s] running egg_info
[1.265s] creating ../../build/phil_turtlebot/phil_turtlebot.egg-info
[1.266s] writing ../../build/phil_turtlebot/phil_turtlebot.egg-info/PKG-INFO
[1.267s] writing dependency_links to ../../build/phil_turtlebot/phil_turtlebot.egg-info/dependency_links.txt
[1.267s] writing entry points to ../../build/phil_turtlebot/phil_turtlebot.egg-info/entry_points.txt
[1.267s] writing requirements to ../../build/phil_turtlebot/phil_turtlebot.egg-info/requires.txt
[1.267s] writing top-level names to ../../build/phil_turtlebot/phil_turtlebot.egg-info/top_level.txt
[1.268s] writing manifest file '../../build/phil_turtlebot/phil_turtlebot.egg-info/SOURCES.txt'
[1.271s] reading manifest file '../../build/phil_turtlebot/phil_turtlebot.egg-info/SOURCES.txt'
[1.271s] adding license file 'LICENSE'
[1.274s] writing manifest file '../../build/phil_turtlebot/phil_turtlebot.egg-info/SOURCES.txt'
[1.274s] running build
[1.275s] running build_py
[1.275s] creating /home/philnoc/prak_ws/build/phil_turtlebot/build
[1.275s] creating /home/philnoc/prak_ws/build/phil_turtlebot/build/lib
[1.275s] creating /home/philnoc/prak_ws/build/phil_turtlebot/build/lib/phil_turtlebot
[1.275s] copying phil_turtlebot/movedisco.py -> /home/philnoc/prak_ws/build/phil_turtlebot/build/lib/phil_turtlebot
[1.275s] copying phil_turtlebot/__init__.py -> /home/philnoc/prak_ws/build/phil_turtlebot/build/lib/phil_turtlebot
[1.275s] copying phil_turtlebot/spinn.py -> /home/philnoc/prak_ws/build/phil_turtlebot/build/lib/phil_turtlebot
[1.275s] copying phil_turtlebot/show_one_img.py -> /home/philnoc/prak_ws/build/phil_turtlebot/build/lib/phil_turtlebot
[1.275s] copying phil_turtlebot/callAction.py -> /home/philnoc/prak_ws/build/phil_turtlebot/build/lib/phil_turtlebot
[1.275s] copying phil_turtlebot/playmusic.py -> /home/philnoc/prak_ws/build/phil_turtlebot/build/lib/phil_turtlebot
[1.276s] running install
[1.276s] running install_lib
[1.278s] running install_data
[1.278s] running install_egg_info
[1.282s] removing '/home/philnoc/prak_ws/install/phil_turtlebot/lib/python3.10/site-packages/phil_turtlebot-0.0.0-py3.10.egg-info' (and everything under it)
[1.282s] Copying ../../build/phil_turtlebot/phil_turtlebot.egg-info to /home/philnoc/prak_ws/install/phil_turtlebot/lib/python3.10/site-packages/phil_turtlebot-0.0.0-py3.10.egg-info
[1.283s] running install_scripts
[1.315s] Installing Spinn45 script to /home/philnoc/prak_ws/install/phil_turtlebot/lib/phil_turtlebot
[1.315s] Installing callAction script to /home/philnoc/prak_ws/install/phil_turtlebot/lib/phil_turtlebot
[1.318s] Installing musicDetect script to /home/philnoc/prak_ws/install/phil_turtlebot/lib/phil_turtlebot
[1.318s] Installing musictest script to /home/philnoc/prak_ws/install/phil_turtlebot/lib/phil_turtlebot
[1.318s] Installing oneIMG script to /home/philnoc/prak_ws/install/phil_turtlebot/lib/phil_turtlebot
[1.318s] writing list of installed files to '/home/philnoc/prak_ws/build/phil_turtlebot/install.log'
[1.374s] Invoked command in '/home/philnoc/prak_ws/src/phil_turtlebot' returned '0': PYTHONPATH=/home/philnoc/prak_ws/build/phil_turtlebot/prefix_override:/usr/lib/python3/dist-packages/colcon_core/task/python/colcon_distutils_commands:/home/philnoc/prak_ws/install/phil_turtlebot/lib/python3.10/site-packages:${PYTHONPATH} /usr/bin/python3 -W ignore:setup.py install is deprecated -W ignore:easy_install command is deprecated setup.py egg_info --egg-base ../../build/phil_turtlebot build --build-base /home/philnoc/prak_ws/build/phil_turtlebot/build install --record /home/philnoc/prak_ws/build/phil_turtlebot/install.log --single-version-externally-managed install_data
