[0.774s] Invoking command in '/home/philnoc/ezmr_ws/src/sensors_add': PYTHONPATH=/home/philnoc/ezmr_ws/build/sensors_add/prefix_override:/usr/lib/python3/dist-packages/colcon_core/task/python/colcon_distutils_commands:/home/philnoc/ezmr_ws/install/sensors_add/lib/python3.10/site-packages:${PYTHONPATH} /usr/bin/python3 -W ignore:setup.py install is deprecated -W ignore:easy_install command is deprecated setup.py egg_info --egg-base ../../build/sensors_add build --build-base /home/philnoc/ezmr_ws/build/sensors_add/build install --record /home/philnoc/ezmr_ws/build/sensors_add/install.log --single-version-externally-managed install_data
[1.051s] running egg_info
[1.051s] writing ../../build/sensors_add/sensors_add.egg-info/PKG-INFO
[1.051s] writing dependency_links to ../../build/sensors_add/sensors_add.egg-info/dependency_links.txt
[1.052s] writing entry points to ../../build/sensors_add/sensors_add.egg-info/entry_points.txt
[1.052s] writing requirements to ../../build/sensors_add/sensors_add.egg-info/requires.txt
[1.052s] writing top-level names to ../../build/sensors_add/sensors_add.egg-info/top_level.txt
[1.054s] reading manifest file '../../build/sensors_add/sensors_add.egg-info/SOURCES.txt'
[1.055s] adding license file 'LICENSE'
[1.056s] writing manifest file '../../build/sensors_add/sensors_add.egg-info/SOURCES.txt'
[1.056s] running build
[1.057s] running build_py
[1.057s] running install
[1.057s] running install_lib
[1.058s] running install_data
[1.059s] running install_egg_info
[1.061s] removing '/home/philnoc/ezmr_ws/install/sensors_add/lib/python3.10/site-packages/sensors_add-0.0.0-py3.10.egg-info' (and everything under it)
[1.061s] Copying ../../build/sensors_add/sensors_add.egg-info to /home/philnoc/ezmr_ws/install/sensors_add/lib/python3.10/site-packages/sensors_add-0.0.0-py3.10.egg-info
[1.062s] running install_scripts
[1.091s] Installing ultra_display script to /home/philnoc/ezmr_ws/install/sensors_add/lib/sensors_add
[1.092s] writing list of installed files to '/home/philnoc/ezmr_ws/build/sensors_add/install.log'
[1.141s] Invoked command in '/home/philnoc/ezmr_ws/src/sensors_add' returned '0': PYTHONPATH=/home/philnoc/ezmr_ws/build/sensors_add/prefix_override:/usr/lib/python3/dist-packages/colcon_core/task/python/colcon_distutils_commands:/home/philnoc/ezmr_ws/install/sensors_add/lib/python3.10/site-packages:${PYTHONPATH} /usr/bin/python3 -W ignore:setup.py install is deprecated -W ignore:easy_install command is deprecated setup.py egg_info --egg-base ../../build/sensors_add build --build-base /home/philnoc/ezmr_ws/build/sensors_add/build install --record /home/philnoc/ezmr_ws/build/sensors_add/install.log --single-version-externally-managed install_data
