running egg_info
writing ../../build/py_pubsub_phil/py_pubsub_phil.egg-info/PKG-INFO
writing dependency_links to ../../build/py_pubsub_phil/py_pubsub_phil.egg-info/dependency_links.txt
writing entry points to ../../build/py_pubsub_phil/py_pubsub_phil.egg-info/entry_points.txt
writing requirements to ../../build/py_pubsub_phil/py_pubsub_phil.egg-info/requires.txt
writing top-level names to ../../build/py_pubsub_phil/py_pubsub_phil.egg-info/top_level.txt
reading manifest file '../../build/py_pubsub_phil/py_pubsub_phil.egg-info/SOURCES.txt'
adding license file 'LICENSE'
writing manifest file '../../build/py_pubsub_phil/py_pubsub_phil.egg-info/SOURCES.txt'
running build
running build_py
running install
running install_lib
running install_data
running install_egg_info
removing '/home/philnoc/ezmr_ws/install/py_pubsub_phil/lib/python3.10/site-packages/py_pubsub_phil-0.0.0-py3.10.egg-info' (and everything under it)
Copying ../../build/py_pubsub_phil/py_pubsub_phil.egg-info to /home/philnoc/ezmr_ws/install/py_pubsub_phil/lib/python3.10/site-packages/py_pubsub_phil-0.0.0-py3.10.egg-info
running install_scripts
Installing listener script to /home/philnoc/ezmr_ws/install/py_pubsub_phil/lib/py_pubsub_phil
Installing talker script to /home/philnoc/ezmr_ws/install/py_pubsub_phil/lib/py_pubsub_phil
writing list of installed files to '/home/philnoc/ezmr_ws/build/py_pubsub_phil/install.log'
