[2.265s] Invoking command in '/home/philnoc/ezmr_ws/src/py_pubsub_phil': PYTHONPATH=/home/philnoc/ezmr_ws/build/py_pubsub_phil/prefix_override:/usr/lib/python3/dist-packages/colcon_core/task/python/colcon_distutils_commands:/home/philnoc/ezmr_ws/install/py_pubsub_phil/lib/python3.10/site-packages:${PYTHONPATH} /usr/bin/python3 -W ignore:setup.py install is deprecated -W ignore:easy_install command is deprecated setup.py egg_info --egg-base ../../build/py_pubsub_phil build --build-base /home/philnoc/ezmr_ws/build/py_pubsub_phil/build install --record /home/philnoc/ezmr_ws/build/py_pubsub_phil/install.log --single-version-externally-managed install_data
[2.641s] running egg_info
[2.642s] writing ../../build/py_pubsub_phil/py_pubsub_phil.egg-info/PKG-INFO
[2.646s] writing dependency_links to ../../build/py_pubsub_phil/py_pubsub_phil.egg-info/dependency_links.txt
[2.646s] writing entry points to ../../build/py_pubsub_phil/py_pubsub_phil.egg-info/entry_points.txt
[2.646s] writing requirements to ../../build/py_pubsub_phil/py_pubsub_phil.egg-info/requires.txt
[2.646s] writing top-level names to ../../build/py_pubsub_phil/py_pubsub_phil.egg-info/top_level.txt
[2.647s] reading manifest file '../../build/py_pubsub_phil/py_pubsub_phil.egg-info/SOURCES.txt'
[2.647s] adding license file 'LICENSE'
[2.652s] writing manifest file '../../build/py_pubsub_phil/py_pubsub_phil.egg-info/SOURCES.txt'
[2.652s] running build
[2.652s] running build_py
[2.654s] running install
[2.655s] running install_lib
[2.657s] running install_data
[2.661s] running install_egg_info
[2.662s] removing '/home/philnoc/ezmr_ws/install/py_pubsub_phil/lib/python3.10/site-packages/py_pubsub_phil-0.0.0-py3.10.egg-info' (and everything under it)
[2.662s] Copying ../../build/py_pubsub_phil/py_pubsub_phil.egg-info to /home/philnoc/ezmr_ws/install/py_pubsub_phil/lib/python3.10/site-packages/py_pubsub_phil-0.0.0-py3.10.egg-info
[2.666s] running install_scripts
[2.696s] Installing listener script to /home/philnoc/ezmr_ws/install/py_pubsub_phil/lib/py_pubsub_phil
[2.697s] Installing talker script to /home/philnoc/ezmr_ws/install/py_pubsub_phil/lib/py_pubsub_phil
[2.698s] writing list of installed files to '/home/philnoc/ezmr_ws/build/py_pubsub_phil/install.log'
[2.766s] Invoked command in '/home/philnoc/ezmr_ws/src/py_pubsub_phil' returned '0': PYTHONPATH=/home/philnoc/ezmr_ws/build/py_pubsub_phil/prefix_override:/usr/lib/python3/dist-packages/colcon_core/task/python/colcon_distutils_commands:/home/philnoc/ezmr_ws/install/py_pubsub_phil/lib/python3.10/site-packages:${PYTHONPATH} /usr/bin/python3 -W ignore:setup.py install is deprecated -W ignore:easy_install command is deprecated setup.py egg_info --egg-base ../../build/py_pubsub_phil build --build-base /home/philnoc/ezmr_ws/build/py_pubsub_phil/build install --record /home/philnoc/ezmr_ws/build/py_pubsub_phil/install.log --single-version-externally-managed install_data
