running egg_info
writing ../../build/phil_turtlebot/phil_turtlebot.egg-info/PKG-INFO
writing dependency_links to ../../build/phil_turtlebot/phil_turtlebot.egg-info/dependency_links.txt
writing entry points to ../../build/phil_turtlebot/phil_turtlebot.egg-info/entry_points.txt
writing requirements to ../../build/phil_turtlebot/phil_turtlebot.egg-info/requires.txt
writing top-level names to ../../build/phil_turtlebot/phil_turtlebot.egg-info/top_level.txt
reading manifest file '../../build/phil_turtlebot/phil_turtlebot.egg-info/SOURCES.txt'
adding license file 'LICENSE'
writing manifest file '../../build/phil_turtlebot/phil_turtlebot.egg-info/SOURCES.txt'
running build
running build_py
copying phil_turtlebot/callAction.py -> /home/philnoc/prak_ws/build/phil_turtlebot/build/lib/phil_turtlebot
running install
running install_lib
copying /home/philnoc/prak_ws/build/phil_turtlebot/build/lib/phil_turtlebot/callAction.py -> /home/philnoc/prak_ws/install/phil_turtlebot/lib/python3.10/site-packages/phil_turtlebot
byte-compiling /home/philnoc/prak_ws/install/phil_turtlebot/lib/python3.10/site-packages/phil_turtlebot/detect_obj.py to detect_obj.cpython-310.pyc
byte-compiling /home/philnoc/prak_ws/install/phil_turtlebot/lib/python3.10/site-packages/phil_turtlebot/spinn.py to spinn.cpython-310.pyc
byte-compiling /home/philnoc/prak_ws/install/phil_turtlebot/lib/python3.10/site-packages/phil_turtlebot/move_and_detect.py to move_and_detect.cpython-310.pyc
byte-compiling /home/philnoc/prak_ws/install/phil_turtlebot/lib/python3.10/site-packages/phil_turtlebot/move_disco.py to move_disco.cpython-310.pyc
byte-compiling /home/philnoc/prak_ws/install/phil_turtlebot/lib/python3.10/site-packages/phil_turtlebot/callAction.py to callAction.cpython-310.pyc
byte-compiling /home/philnoc/prak_ws/install/phil_turtlebot/lib/python3.10/site-packages/phil_turtlebot/playmusic.py to playmusic.cpython-310.pyc
running install_data
running install_egg_info
removing '/home/philnoc/prak_ws/install/phil_turtlebot/lib/python3.10/site-packages/phil_turtlebot-0.0.0-py3.10.egg-info' (and everything under it)
Copying ../../build/phil_turtlebot/phil_turtlebot.egg-info to /home/philnoc/prak_ws/install/phil_turtlebot/lib/python3.10/site-packages/phil_turtlebot-0.0.0-py3.10.egg-info
running install_scripts
Installing Spinn45 script to /home/philnoc/prak_ws/install/phil_turtlebot/lib/phil_turtlebot
Installing callAction script to /home/philnoc/prak_ws/install/phil_turtlebot/lib/phil_turtlebot
Installing musicDetect script to /home/philnoc/prak_ws/install/phil_turtlebot/lib/phil_turtlebot
Installing musictest script to /home/philnoc/prak_ws/install/phil_turtlebot/lib/phil_turtlebot
Installing oneIMG script to /home/philnoc/prak_ws/install/phil_turtlebot/lib/phil_turtlebot
writing list of installed files to '/home/philnoc/prak_ws/build/phil_turtlebot/install.log'
