[0.750s] Invoking command in '/home/leobots/Desktop/Phil_MB_prak/prak_ws/src/phil_turtlebot': PYTHONPATH=/home/leobots/Desktop/Phil_MB_prak/prak_ws/build/phil_turtlebot/prefix_override:/usr/lib/python3/dist-packages/colcon_core/task/python/colcon_distutils_commands:/home/leobots/Desktop/Phil_MB_prak/prak_ws/install/phil_turtlebot/lib/python3.10/site-packages:${PYTHONPATH} /usr/bin/python3 -W ignore:setup.py install is deprecated setup.py egg_info --egg-base ../../build/phil_turtlebot build --build-base /home/leobots/Desktop/Phil_MB_prak/prak_ws/build/phil_turtlebot/build install --record /home/leobots/Desktop/Phil_MB_prak/prak_ws/build/phil_turtlebot/install.log --single-version-externally-managed install_data
[1.031s] running egg_info
[1.032s] writing ../../build/phil_turtlebot/phil_turtlebot.egg-info/PKG-INFO
[1.032s] writing dependency_links to ../../build/phil_turtlebot/phil_turtlebot.egg-info/dependency_links.txt
[1.032s] writing entry points to ../../build/phil_turtlebot/phil_turtlebot.egg-info/entry_points.txt
[1.033s] writing requirements to ../../build/phil_turtlebot/phil_turtlebot.egg-info/requires.txt
[1.033s] writing top-level names to ../../build/phil_turtlebot/phil_turtlebot.egg-info/top_level.txt
[1.035s] reading manifest file '../../build/phil_turtlebot/phil_turtlebot.egg-info/SOURCES.txt'
[1.035s] adding license file 'LICENSE'
[1.036s] writing manifest file '../../build/phil_turtlebot/phil_turtlebot.egg-info/SOURCES.txt'
[1.036s] running build
[1.036s] running build_py
[1.037s] copying phil_turtlebot/move_and_detect.py -> /home/leobots/Desktop/Phil_MB_prak/prak_ws/build/phil_turtlebot/build/lib/phil_turtlebot
[1.038s] running install
[1.038s] running install_lib
[1.039s] copying /home/leobots/Desktop/Phil_MB_prak/prak_ws/build/phil_turtlebot/build/lib/phil_turtlebot/move_and_detect.py -> /home/leobots/Desktop/Phil_MB_prak/prak_ws/install/phil_turtlebot/lib/python3.10/site-packages/phil_turtlebot
[1.039s] byte-compiling /home/leobots/Desktop/Phil_MB_prak/prak_ws/install/phil_turtlebot/lib/python3.10/site-packages/phil_turtlebot/move_and_detect.py to move_and_detect.cpython-310.pyc
[1.042s] byte-compiling /home/leobots/Desktop/Phil_MB_prak/prak_ws/install/phil_turtlebot/lib/python3.10/site-packages/phil_turtlebot/spinn.py to spinn.cpython-310.pyc
[1.043s] byte-compiling /home/leobots/Desktop/Phil_MB_prak/prak_ws/install/phil_turtlebot/lib/python3.10/site-packages/phil_turtlebot/detect_obj.py to detect_obj.cpython-310.pyc
[1.043s] running install_data
[1.043s] running install_egg_info
[1.045s] removing '/home/leobots/Desktop/Phil_MB_prak/prak_ws/install/phil_turtlebot/lib/python3.10/site-packages/phil_turtlebot-0.0.0-py3.10.egg-info' (and everything under it)
[1.046s] Copying ../../build/phil_turtlebot/phil_turtlebot.egg-info to /home/leobots/Desktop/Phil_MB_prak/prak_ws/install/phil_turtlebot/lib/python3.10/site-packages/phil_turtlebot-0.0.0-py3.10.egg-info
[1.047s] running install_scripts
[1.067s] Installing camPos script to /home/leobots/Desktop/Phil_MB_prak/prak_ws/install/phil_turtlebot/lib/phil_turtlebot
[1.067s] Installing detect script to /home/leobots/Desktop/Phil_MB_prak/prak_ws/install/phil_turtlebot/lib/phil_turtlebot
[1.068s] Installing move_and_detect script to /home/leobots/Desktop/Phil_MB_prak/prak_ws/install/phil_turtlebot/lib/phil_turtlebot
[1.068s] Installing navmap script to /home/leobots/Desktop/Phil_MB_prak/prak_ws/install/phil_turtlebot/lib/phil_turtlebot
[1.068s] Installing oneIMG script to /home/leobots/Desktop/Phil_MB_prak/prak_ws/install/phil_turtlebot/lib/phil_turtlebot
[1.068s] Installing rotate script to /home/leobots/Desktop/Phil_MB_prak/prak_ws/install/phil_turtlebot/lib/phil_turtlebot
[1.068s] Installing turtlebot script to /home/leobots/Desktop/Phil_MB_prak/prak_ws/install/phil_turtlebot/lib/phil_turtlebot
[1.068s] writing list of installed files to '/home/leobots/Desktop/Phil_MB_prak/prak_ws/build/phil_turtlebot/install.log'
[1.099s] Invoked command in '/home/leobots/Desktop/Phil_MB_prak/prak_ws/src/phil_turtlebot' returned '0': PYTHONPATH=/home/leobots/Desktop/Phil_MB_prak/prak_ws/build/phil_turtlebot/prefix_override:/usr/lib/python3/dist-packages/colcon_core/task/python/colcon_distutils_commands:/home/leobots/Desktop/Phil_MB_prak/prak_ws/install/phil_turtlebot/lib/python3.10/site-packages:${PYTHONPATH} /usr/bin/python3 -W ignore:setup.py install is deprecated setup.py egg_info --egg-base ../../build/phil_turtlebot build --build-base /home/leobots/Desktop/Phil_MB_prak/prak_ws/build/phil_turtlebot/build install --record /home/leobots/Desktop/Phil_MB_prak/prak_ws/build/phil_turtlebot/install.log --single-version-externally-managed install_data
