running egg_info
creating ../../build/hellopkg/hellopkg.egg-info
writing ../../build/hellopkg/hellopkg.egg-info/PKG-INFO
writing dependency_links to ../../build/hellopkg/hellopkg.egg-info/dependency_links.txt
writing entry points to ../../build/hellopkg/hellopkg.egg-info/entry_points.txt
writing requirements to ../../build/hellopkg/hellopkg.egg-info/requires.txt
writing top-level names to ../../build/hellopkg/hellopkg.egg-info/top_level.txt
writing manifest file '../../build/hellopkg/hellopkg.egg-info/SOURCES.txt'
reading manifest file '../../build/hellopkg/hellopkg.egg-info/SOURCES.txt'
adding license file 'LICENSE'
writing manifest file '../../build/hellopkg/hellopkg.egg-info/SOURCES.txt'
running build
running build_py
creating /home/philnoc/ezmr_ws/build/hellopkg/build
creating /home/philnoc/ezmr_ws/build/hellopkg/build/lib
creating /home/philnoc/ezmr_ws/build/hellopkg/build/lib/hellopkg
copying hellopkg/__init__.py -> /home/philnoc/ezmr_ws/build/hellopkg/build/lib/hellopkg
running install
running install_lib
creating /home/philnoc/ezmr_ws/install/hellopkg/lib/python3.10/site-packages/hellopkg
copying /home/philnoc/ezmr_ws/build/hellopkg/build/lib/hellopkg/__init__.py -> /home/philnoc/ezmr_ws/install/hellopkg/lib/python3.10/site-packages/hellopkg
byte-compiling /home/philnoc/ezmr_ws/install/hellopkg/lib/python3.10/site-packages/hellopkg/__init__.py to __init__.cpython-310.pyc
running install_data
creating /home/philnoc/ezmr_ws/install/hellopkg/share/ament_index
creating /home/philnoc/ezmr_ws/install/hellopkg/share/ament_index/resource_index
creating /home/philnoc/ezmr_ws/install/hellopkg/share/ament_index/resource_index/packages
copying resource/hellopkg -> /home/philnoc/ezmr_ws/install/hellopkg/share/ament_index/resource_index/packages
copying package.xml -> /home/philnoc/ezmr_ws/install/hellopkg/share/hellopkg
running install_egg_info
Copying ../../build/hellopkg/hellopkg.egg-info to /home/philnoc/ezmr_ws/install/hellopkg/lib/python3.10/site-packages/hellopkg-0.0.0-py3.10.egg-info
running install_scripts
writing list of installed files to '/home/philnoc/ezmr_ws/build/hellopkg/install.log'
