[0.529s] DEBUG:colcon:Command line arguments: ['/usr/bin/colcon', 'build']
[0.529s] DEBUG:colcon:Parsed command line arguments: Namespace(log_base=None, log_level=None, verb_name='build', build_base='build', install_base='install', merge_install=False, symlink_install=False, test_result_base=None, continue_on_error=False, executor='parallel', parallel_workers=4, event_handlers=None, ignore_user_meta=False, metas=['./colcon.meta'], base_paths=['.'], packages_ignore=None, packages_ignore_regex=None, paths=None, packages_up_to=None, packages_up_to_regex=None, packages_above=None, packages_above_and_dependencies=None, packages_above_depth=None, packages_select_by_dep=None, packages_skip_by_dep=None, packages_skip_up_to=None, packages_select_build_failed=False, packages_skip_build_finished=False, packages_select_test_failures=False, packages_skip_test_passed=False, packages_select=None, packages_skip=None, packages_select_regex=None, packages_skip_regex=None, packages_start=None, packages_end=None, allow_overriding=[], cmake_args=None, cmake_target=None, cmake_target_skip_unavailable=False, cmake_clean_cache=False, cmake_clean_first=False, cmake_force_configure=False, ament_cmake_args=None, catkin_cmake_args=None, catkin_skip_building_tests=False, mixin_files=None, mixin=None, verb_parser=<colcon_mixin.mixin.mixin_argument.MixinArgumentDecorator object at 0x70253775a260>, verb_extension=<colcon_core.verb.build.BuildVerb object at 0x702537759c90>, main=<bound method BuildVerb.main of <colcon_core.verb.build.BuildVerb object at 0x702537759c90>>, mixin_verb=('build',))
[1.103s] Level 1:colcon.colcon_core.package_discovery:discover_packages(colcon_meta) check parameters
[1.103s] Level 1:colcon.colcon_core.package_discovery:discover_packages(recursive) check parameters
[1.103s] Level 1:colcon.colcon_core.package_discovery:discover_packages(ignore) check parameters
[1.103s] Level 1:colcon.colcon_core.package_discovery:discover_packages(path) check parameters
[1.103s] Level 1:colcon.colcon_core.package_discovery:discover_packages(colcon_meta) discover
[1.103s] Level 1:colcon.colcon_core.package_discovery:discover_packages(recursive) discover
[1.103s] INFO:colcon.colcon_core.package_discovery:Crawling recursively for packages in '/home/philnoc/ezmr_ws'
[1.103s] Level 1:colcon.colcon_core.package_identification:_identify(.) by extensions ['ignore', 'ignore_ament_install']
[1.103s] Level 1:colcon.colcon_core.package_identification:_identify(.) by extension 'ignore'
[1.103s] Level 1:colcon.colcon_core.package_identification:_identify(.) by extension 'ignore_ament_install'
[1.103s] Level 1:colcon.colcon_core.package_identification:_identify(.) by extensions ['colcon_pkg']
[1.103s] Level 1:colcon.colcon_core.package_identification:_identify(.) by extension 'colcon_pkg'
[1.103s] Level 1:colcon.colcon_core.package_identification:_identify(.) by extensions ['colcon_meta']
[1.103s] Level 1:colcon.colcon_core.package_identification:_identify(.) by extension 'colcon_meta'
[1.103s] Level 1:colcon.colcon_core.package_identification:_identify(.) by extensions ['ros']
[1.103s] Level 1:colcon.colcon_core.package_identification:_identify(.) by extension 'ros'
[1.126s] Level 1:colcon.colcon_core.package_identification:_identify(.) by extensions ['cmake', 'python']
[1.127s] Level 1:colcon.colcon_core.package_identification:_identify(.) by extension 'cmake'
[1.127s] Level 1:colcon.colcon_core.package_identification:_identify(.) by extension 'python'
[1.127s] Level 1:colcon.colcon_core.package_identification:_identify(.) by extensions ['python_setup_py']
[1.127s] Level 1:colcon.colcon_core.package_identification:_identify(.) by extension 'python_setup_py'
[1.127s] Level 1:colcon.colcon_core.package_identification:_identify(build) by extensions ['ignore', 'ignore_ament_install']
[1.127s] Level 1:colcon.colcon_core.package_identification:_identify(build) by extension 'ignore'
[1.127s] Level 1:colcon.colcon_core.package_identification:_identify(build) ignored
[1.127s] Level 1:colcon.colcon_core.package_identification:_identify(install) by extensions ['ignore', 'ignore_ament_install']
[1.127s] Level 1:colcon.colcon_core.package_identification:_identify(install) by extension 'ignore'
[1.127s] Level 1:colcon.colcon_core.package_identification:_identify(install) ignored
[1.128s] Level 1:colcon.colcon_core.package_identification:_identify(log) by extensions ['ignore', 'ignore_ament_install']
[1.128s] Level 1:colcon.colcon_core.package_identification:_identify(log) by extension 'ignore'
[1.128s] Level 1:colcon.colcon_core.package_identification:_identify(log) ignored
[1.128s] Level 1:colcon.colcon_core.package_identification:_identify(src) by extensions ['ignore', 'ignore_ament_install']
[1.129s] Level 1:colcon.colcon_core.package_identification:_identify(src) by extension 'ignore'
[1.129s] Level 1:colcon.colcon_core.package_identification:_identify(src) by extension 'ignore_ament_install'
[1.129s] Level 1:colcon.colcon_core.package_identification:_identify(src) by extensions ['colcon_pkg']
[1.129s] Level 1:colcon.colcon_core.package_identification:_identify(src) by extension 'colcon_pkg'
[1.129s] Level 1:colcon.colcon_core.package_identification:_identify(src) by extensions ['colcon_meta']
[1.129s] Level 1:colcon.colcon_core.package_identification:_identify(src) by extension 'colcon_meta'
[1.129s] Level 1:colcon.colcon_core.package_identification:_identify(src) by extensions ['ros']
[1.129s] Level 1:colcon.colcon_core.package_identification:_identify(src) by extension 'ros'
[1.129s] Level 1:colcon.colcon_core.package_identification:_identify(src) by extensions ['cmake', 'python']
[1.129s] Level 1:colcon.colcon_core.package_identification:_identify(src) by extension 'cmake'
[1.129s] Level 1:colcon.colcon_core.package_identification:_identify(src) by extension 'python'
[1.129s] Level 1:colcon.colcon_core.package_identification:_identify(src) by extensions ['python_setup_py']
[1.129s] Level 1:colcon.colcon_core.package_identification:_identify(src) by extension 'python_setup_py'
[1.130s] Level 1:colcon.colcon_core.package_identification:_identify(src/drive_rob) by extensions ['ignore', 'ignore_ament_install']
[1.130s] Level 1:colcon.colcon_core.package_identification:_identify(src/drive_rob) by extension 'ignore'
[1.130s] Level 1:colcon.colcon_core.package_identification:_identify(src/drive_rob) by extension 'ignore_ament_install'
[1.130s] Level 1:colcon.colcon_core.package_identification:_identify(src/drive_rob) by extensions ['colcon_pkg']
[1.130s] Level 1:colcon.colcon_core.package_identification:_identify(src/drive_rob) by extension 'colcon_pkg'
[1.130s] Level 1:colcon.colcon_core.package_identification:_identify(src/drive_rob) by extensions ['colcon_meta']
[1.130s] Level 1:colcon.colcon_core.package_identification:_identify(src/drive_rob) by extension 'colcon_meta'
[1.130s] Level 1:colcon.colcon_core.package_identification:_identify(src/drive_rob) by extensions ['ros']
[1.130s] Level 1:colcon.colcon_core.package_identification:_identify(src/drive_rob) by extension 'ros'
[1.136s] DEBUG:colcon.colcon_core.package_identification:Package 'src/drive_rob' with type 'ros.ament_python' and name 'drive_rob'
[1.138s] Level 1:colcon.colcon_core.package_identification:_identify(src/hellopkg) by extensions ['ignore', 'ignore_ament_install']
[1.138s] Level 1:colcon.colcon_core.package_identification:_identify(src/hellopkg) by extension 'ignore'
[1.138s] Level 1:colcon.colcon_core.package_identification:_identify(src/hellopkg) by extension 'ignore_ament_install'
[1.138s] Level 1:colcon.colcon_core.package_identification:_identify(src/hellopkg) by extensions ['colcon_pkg']
[1.138s] Level 1:colcon.colcon_core.package_identification:_identify(src/hellopkg) by extension 'colcon_pkg'
[1.138s] Level 1:colcon.colcon_core.package_identification:_identify(src/hellopkg) by extensions ['colcon_meta']
[1.138s] Level 1:colcon.colcon_core.package_identification:_identify(src/hellopkg) by extension 'colcon_meta'
[1.138s] Level 1:colcon.colcon_core.package_identification:_identify(src/hellopkg) by extensions ['ros']
[1.138s] Level 1:colcon.colcon_core.package_identification:_identify(src/hellopkg) by extension 'ros'
[1.140s] DEBUG:colcon.colcon_core.package_identification:Package 'src/hellopkg' with type 'ros.ament_python' and name 'hellopkg'
[1.142s] Level 1:colcon.colcon_core.package_identification:_identify(src/phil_pkg) by extensions ['ignore', 'ignore_ament_install']
[1.142s] Level 1:colcon.colcon_core.package_identification:_identify(src/phil_pkg) by extension 'ignore'
[1.142s] Level 1:colcon.colcon_core.package_identification:_identify(src/phil_pkg) by extension 'ignore_ament_install'
[1.142s] Level 1:colcon.colcon_core.package_identification:_identify(src/phil_pkg) by extensions ['colcon_pkg']
[1.142s] Level 1:colcon.colcon_core.package_identification:_identify(src/phil_pkg) by extension 'colcon_pkg'
[1.142s] Level 1:colcon.colcon_core.package_identification:_identify(src/phil_pkg) by extensions ['colcon_meta']
[1.142s] Level 1:colcon.colcon_core.package_identification:_identify(src/phil_pkg) by extension 'colcon_meta'
[1.142s] Level 1:colcon.colcon_core.package_identification:_identify(src/phil_pkg) by extensions ['ros']
[1.142s] Level 1:colcon.colcon_core.package_identification:_identify(src/phil_pkg) by extension 'ros'
[1.144s] DEBUG:colcon.colcon_core.package_identification:Package 'src/phil_pkg' with type 'ros.ament_python' and name 'phil_pkg'
[1.144s] Level 1:colcon.colcon_core.package_identification:_identify(src/py_pubsub_phil) by extensions ['ignore', 'ignore_ament_install']
[1.145s] Level 1:colcon.colcon_core.package_identification:_identify(src/py_pubsub_phil) by extension 'ignore'
[1.145s] Level 1:colcon.colcon_core.package_identification:_identify(src/py_pubsub_phil) by extension 'ignore_ament_install'
[1.145s] Level 1:colcon.colcon_core.package_identification:_identify(src/py_pubsub_phil) by extensions ['colcon_pkg']
[1.145s] Level 1:colcon.colcon_core.package_identification:_identify(src/py_pubsub_phil) by extension 'colcon_pkg'
[1.145s] Level 1:colcon.colcon_core.package_identification:_identify(src/py_pubsub_phil) by extensions ['colcon_meta']
[1.145s] Level 1:colcon.colcon_core.package_identification:_identify(src/py_pubsub_phil) by extension 'colcon_meta'
[1.145s] Level 1:colcon.colcon_core.package_identification:_identify(src/py_pubsub_phil) by extensions ['ros']
[1.145s] Level 1:colcon.colcon_core.package_identification:_identify(src/py_pubsub_phil) by extension 'ros'
[1.147s] DEBUG:colcon.colcon_core.package_identification:Package 'src/py_pubsub_phil' with type 'ros.ament_python' and name 'py_pubsub_phil'
[1.147s] Level 1:colcon.colcon_core.package_identification:_identify(src/ros_tutorials) by extensions ['ignore', 'ignore_ament_install']
[1.148s] Level 1:colcon.colcon_core.package_identification:_identify(src/ros_tutorials) by extension 'ignore'
[1.148s] Level 1:colcon.colcon_core.package_identification:_identify(src/ros_tutorials) by extension 'ignore_ament_install'
[1.148s] Level 1:colcon.colcon_core.package_identification:_identify(src/ros_tutorials) by extensions ['colcon_pkg']
[1.148s] Level 1:colcon.colcon_core.package_identification:_identify(src/ros_tutorials) by extension 'colcon_pkg'
[1.148s] Level 1:colcon.colcon_core.package_identification:_identify(src/ros_tutorials) by extensions ['colcon_meta']
[1.148s] Level 1:colcon.colcon_core.package_identification:_identify(src/ros_tutorials) by extension 'colcon_meta'
[1.148s] Level 1:colcon.colcon_core.package_identification:_identify(src/ros_tutorials) by extensions ['ros']
[1.148s] Level 1:colcon.colcon_core.package_identification:_identify(src/ros_tutorials) by extension 'ros'
[1.148s] Level 1:colcon.colcon_core.package_identification:_identify(src/ros_tutorials) by extensions ['cmake', 'python']
[1.148s] Level 1:colcon.colcon_core.package_identification:_identify(src/ros_tutorials) by extension 'cmake'
[1.148s] Level 1:colcon.colcon_core.package_identification:_identify(src/ros_tutorials) by extension 'python'
[1.148s] Level 1:colcon.colcon_core.package_identification:_identify(src/ros_tutorials) by extensions ['python_setup_py']
[1.148s] Level 1:colcon.colcon_core.package_identification:_identify(src/ros_tutorials) by extension 'python_setup_py'
[1.149s] Level 1:colcon.colcon_core.package_identification:_identify(src/ros_tutorials/ros_tutorials) by extensions ['ignore', 'ignore_ament_install']
[1.149s] Level 1:colcon.colcon_core.package_identification:_identify(src/ros_tutorials/ros_tutorials) by extension 'ignore'
[1.150s] Level 1:colcon.colcon_core.package_identification:_identify(src/ros_tutorials/ros_tutorials) ignored
[1.151s] Level 1:colcon.colcon_core.package_identification:_identify(src/ros_tutorials/roscpp_tutorials) by extensions ['ignore', 'ignore_ament_install']
[1.151s] Level 1:colcon.colcon_core.package_identification:_identify(src/ros_tutorials/roscpp_tutorials) by extension 'ignore'
[1.151s] Level 1:colcon.colcon_core.package_identification:_identify(src/ros_tutorials/roscpp_tutorials) ignored
[1.152s] Level 1:colcon.colcon_core.package_identification:_identify(src/ros_tutorials/rospy_tutorials) by extensions ['ignore', 'ignore_ament_install']
[1.152s] Level 1:colcon.colcon_core.package_identification:_identify(src/ros_tutorials/rospy_tutorials) by extension 'ignore'
[1.152s] Level 1:colcon.colcon_core.package_identification:_identify(src/ros_tutorials/rospy_tutorials) ignored
[1.152s] Level 1:colcon.colcon_core.package_identification:_identify(src/ros_tutorials/turtlesim) by extensions ['ignore', 'ignore_ament_install']
[1.152s] Level 1:colcon.colcon_core.package_identification:_identify(src/ros_tutorials/turtlesim) by extension 'ignore'
[1.152s] Level 1:colcon.colcon_core.package_identification:_identify(src/ros_tutorials/turtlesim) by extension 'ignore_ament_install'
[1.153s] Level 1:colcon.colcon_core.package_identification:_identify(src/ros_tutorials/turtlesim) by extensions ['colcon_pkg']
[1.153s] Level 1:colcon.colcon_core.package_identification:_identify(src/ros_tutorials/turtlesim) by extension 'colcon_pkg'
[1.153s] Level 1:colcon.colcon_core.package_identification:_identify(src/ros_tutorials/turtlesim) by extensions ['colcon_meta']
[1.153s] Level 1:colcon.colcon_core.package_identification:_identify(src/ros_tutorials/turtlesim) by extension 'colcon_meta'
[1.153s] Level 1:colcon.colcon_core.package_identification:_identify(src/ros_tutorials/turtlesim) by extensions ['ros']
[1.153s] Level 1:colcon.colcon_core.package_identification:_identify(src/ros_tutorials/turtlesim) by extension 'ros'
[1.156s] DEBUG:colcon.colcon_core.package_identification:Package 'src/ros_tutorials/turtlesim' with type 'ros.ament_cmake' and name 'turtlesim'
[1.156s] Level 1:colcon.colcon_core.package_identification:_identify(src/sensors_add) by extensions ['ignore', 'ignore_ament_install']
[1.156s] Level 1:colcon.colcon_core.package_identification:_identify(src/sensors_add) by extension 'ignore'
[1.156s] Level 1:colcon.colcon_core.package_identification:_identify(src/sensors_add) by extension 'ignore_ament_install'
[1.156s] Level 1:colcon.colcon_core.package_identification:_identify(src/sensors_add) by extensions ['colcon_pkg']
[1.157s] Level 1:colcon.colcon_core.package_identification:_identify(src/sensors_add) by extension 'colcon_pkg'
[1.157s] Level 1:colcon.colcon_core.package_identification:_identify(src/sensors_add) by extensions ['colcon_meta']
[1.157s] Level 1:colcon.colcon_core.package_identification:_identify(src/sensors_add) by extension 'colcon_meta'
[1.157s] Level 1:colcon.colcon_core.package_identification:_identify(src/sensors_add) by extensions ['ros']
[1.157s] Level 1:colcon.colcon_core.package_identification:_identify(src/sensors_add) by extension 'ros'
[1.158s] DEBUG:colcon.colcon_core.package_identification:Package 'src/sensors_add' with type 'ros.ament_python' and name 'sensors_add'
[1.158s] Level 1:colcon.colcon_core.package_discovery:discover_packages(recursive) using defaults
[1.158s] Level 1:colcon.colcon_core.package_discovery:discover_packages(ignore) discover
[1.158s] Level 1:colcon.colcon_core.package_discovery:discover_packages(ignore) using defaults
[1.158s] Level 1:colcon.colcon_core.package_discovery:discover_packages(path) discover
[1.158s] Level 1:colcon.colcon_core.package_discovery:discover_packages(path) using defaults
[1.231s] Level 1:colcon.colcon_core.package_discovery:discover_packages(prefix_path) check parameters
[1.231s] Level 1:colcon.colcon_core.package_discovery:discover_packages(prefix_path) discover
[1.240s] DEBUG:colcon.colcon_installed_package_information.package_discovery:Found 389 installed packages in /opt/ros/humble
[1.242s] Level 1:colcon.colcon_core.package_discovery:discover_packages(prefix_path) using defaults
[1.315s] WARNING:colcon.colcon_core.package_selection:Some selected packages are already built in one or more underlay workspaces:
	'turtlesim' is in: /opt/ros/humble
If a package in a merged underlay workspace is overridden and it installs headers, then all packages in the overlay must sort their include directories by workspace order. Failure to do so may result in build failures or undefined behavior at run time.
If the overridden package is used by another package in any underlay, then the overriding package in the overlay must be API and ABI compatible or undefined behavior at run time may occur.

If you understand the risks and want to override a package anyways, add the following to the command line:
	--allow-overriding turtlesim

This may be promoted to an error in a future release of colcon-override-check.
[1.317s] Level 5:colcon.colcon_core.verb:set package 'drive_rob' build argument 'cmake_args' from command line to 'None'
[1.317s] Level 5:colcon.colcon_core.verb:set package 'drive_rob' build argument 'cmake_target' from command line to 'None'
[1.317s] Level 5:colcon.colcon_core.verb:set package 'drive_rob' build argument 'cmake_target_skip_unavailable' from command line to 'False'
[1.317s] Level 5:colcon.colcon_core.verb:set package 'drive_rob' build argument 'cmake_clean_cache' from command line to 'False'
[1.317s] Level 5:colcon.colcon_core.verb:set package 'drive_rob' build argument 'cmake_clean_first' from command line to 'False'
[1.317s] Level 5:colcon.colcon_core.verb:set package 'drive_rob' build argument 'cmake_force_configure' from command line to 'False'
[1.317s] Level 5:colcon.colcon_core.verb:set package 'drive_rob' build argument 'ament_cmake_args' from command line to 'None'
[1.317s] Level 5:colcon.colcon_core.verb:set package 'drive_rob' build argument 'catkin_cmake_args' from command line to 'None'
[1.317s] Level 5:colcon.colcon_core.verb:set package 'drive_rob' build argument 'catkin_skip_building_tests' from command line to 'False'
[1.317s] DEBUG:colcon.colcon_core.verb:Building package 'drive_rob' with the following arguments: {'ament_cmake_args': None, 'build_base': '/home/philnoc/ezmr_ws/build/drive_rob', 'catkin_cmake_args': None, 'catkin_skip_building_tests': False, 'cmake_args': None, 'cmake_clean_cache': False, 'cmake_clean_first': False, 'cmake_force_configure': False, 'cmake_target': None, 'cmake_target_skip_unavailable': False, 'install_base': '/home/philnoc/ezmr_ws/install/drive_rob', 'merge_install': False, 'path': '/home/philnoc/ezmr_ws/src/drive_rob', 'symlink_install': False, 'test_result_base': None}
[1.318s] Level 5:colcon.colcon_core.verb:set package 'hellopkg' build argument 'cmake_args' from command line to 'None'
[1.318s] Level 5:colcon.colcon_core.verb:set package 'hellopkg' build argument 'cmake_target' from command line to 'None'
[1.318s] Level 5:colcon.colcon_core.verb:set package 'hellopkg' build argument 'cmake_target_skip_unavailable' from command line to 'False'
[1.318s] Level 5:colcon.colcon_core.verb:set package 'hellopkg' build argument 'cmake_clean_cache' from command line to 'False'
[1.318s] Level 5:colcon.colcon_core.verb:set package 'hellopkg' build argument 'cmake_clean_first' from command line to 'False'
[1.318s] Level 5:colcon.colcon_core.verb:set package 'hellopkg' build argument 'cmake_force_configure' from command line to 'False'
[1.318s] Level 5:colcon.colcon_core.verb:set package 'hellopkg' build argument 'ament_cmake_args' from command line to 'None'
[1.318s] Level 5:colcon.colcon_core.verb:set package 'hellopkg' build argument 'catkin_cmake_args' from command line to 'None'
[1.318s] Level 5:colcon.colcon_core.verb:set package 'hellopkg' build argument 'catkin_skip_building_tests' from command line to 'False'
[1.318s] DEBUG:colcon.colcon_core.verb:Building package 'hellopkg' with the following arguments: {'ament_cmake_args': None, 'build_base': '/home/philnoc/ezmr_ws/build/hellopkg', 'catkin_cmake_args': None, 'catkin_skip_building_tests': False, 'cmake_args': None, 'cmake_clean_cache': False, 'cmake_clean_first': False, 'cmake_force_configure': False, 'cmake_target': None, 'cmake_target_skip_unavailable': False, 'install_base': '/home/philnoc/ezmr_ws/install/hellopkg', 'merge_install': False, 'path': '/home/philnoc/ezmr_ws/src/hellopkg', 'symlink_install': False, 'test_result_base': None}
[1.318s] Level 5:colcon.colcon_core.verb:set package 'phil_pkg' build argument 'cmake_args' from command line to 'None'
[1.318s] Level 5:colcon.colcon_core.verb:set package 'phil_pkg' build argument 'cmake_target' from command line to 'None'
[1.318s] Level 5:colcon.colcon_core.verb:set package 'phil_pkg' build argument 'cmake_target_skip_unavailable' from command line to 'False'
[1.318s] Level 5:colcon.colcon_core.verb:set package 'phil_pkg' build argument 'cmake_clean_cache' from command line to 'False'
[1.318s] Level 5:colcon.colcon_core.verb:set package 'phil_pkg' build argument 'cmake_clean_first' from command line to 'False'
[1.318s] Level 5:colcon.colcon_core.verb:set package 'phil_pkg' build argument 'cmake_force_configure' from command line to 'False'
[1.318s] Level 5:colcon.colcon_core.verb:set package 'phil_pkg' build argument 'ament_cmake_args' from command line to 'None'
[1.318s] Level 5:colcon.colcon_core.verb:set package 'phil_pkg' build argument 'catkin_cmake_args' from command line to 'None'
[1.318s] Level 5:colcon.colcon_core.verb:set package 'phil_pkg' build argument 'catkin_skip_building_tests' from command line to 'False'
[1.319s] DEBUG:colcon.colcon_core.verb:Building package 'phil_pkg' with the following arguments: {'ament_cmake_args': None, 'build_base': '/home/philnoc/ezmr_ws/build/phil_pkg', 'catkin_cmake_args': None, 'catkin_skip_building_tests': False, 'cmake_args': None, 'cmake_clean_cache': False, 'cmake_clean_first': False, 'cmake_force_configure': False, 'cmake_target': None, 'cmake_target_skip_unavailable': False, 'install_base': '/home/philnoc/ezmr_ws/install/phil_pkg', 'merge_install': False, 'path': '/home/philnoc/ezmr_ws/src/phil_pkg', 'symlink_install': False, 'test_result_base': None}
[1.319s] Level 5:colcon.colcon_core.verb:set package 'py_pubsub_phil' build argument 'cmake_args' from command line to 'None'
[1.319s] Level 5:colcon.colcon_core.verb:set package 'py_pubsub_phil' build argument 'cmake_target' from command line to 'None'
[1.319s] Level 5:colcon.colcon_core.verb:set package 'py_pubsub_phil' build argument 'cmake_target_skip_unavailable' from command line to 'False'
[1.319s] Level 5:colcon.colcon_core.verb:set package 'py_pubsub_phil' build argument 'cmake_clean_cache' from command line to 'False'
[1.319s] Level 5:colcon.colcon_core.verb:set package 'py_pubsub_phil' build argument 'cmake_clean_first' from command line to 'False'
[1.319s] Level 5:colcon.colcon_core.verb:set package 'py_pubsub_phil' build argument 'cmake_force_configure' from command line to 'False'
[1.319s] Level 5:colcon.colcon_core.verb:set package 'py_pubsub_phil' build argument 'ament_cmake_args' from command line to 'None'
[1.319s] Level 5:colcon.colcon_core.verb:set package 'py_pubsub_phil' build argument 'catkin_cmake_args' from command line to 'None'
[1.319s] Level 5:colcon.colcon_core.verb:set package 'py_pubsub_phil' build argument 'catkin_skip_building_tests' from command line to 'False'
[1.319s] DEBUG:colcon.colcon_core.verb:Building package 'py_pubsub_phil' with the following arguments: {'ament_cmake_args': None, 'build_base': '/home/philnoc/ezmr_ws/build/py_pubsub_phil', 'catkin_cmake_args': None, 'catkin_skip_building_tests': False, 'cmake_args': None, 'cmake_clean_cache': False, 'cmake_clean_first': False, 'cmake_force_configure': False, 'cmake_target': None, 'cmake_target_skip_unavailable': False, 'install_base': '/home/philnoc/ezmr_ws/install/py_pubsub_phil', 'merge_install': False, 'path': '/home/philnoc/ezmr_ws/src/py_pubsub_phil', 'symlink_install': False, 'test_result_base': None}
[1.320s] Level 5:colcon.colcon_core.verb:set package 'sensors_add' build argument 'cmake_args' from command line to 'None'
[1.320s] Level 5:colcon.colcon_core.verb:set package 'sensors_add' build argument 'cmake_target' from command line to 'None'
[1.320s] Level 5:colcon.colcon_core.verb:set package 'sensors_add' build argument 'cmake_target_skip_unavailable' from command line to 'False'
[1.320s] Level 5:colcon.colcon_core.verb:set package 'sensors_add' build argument 'cmake_clean_cache' from command line to 'False'
[1.320s] Level 5:colcon.colcon_core.verb:set package 'sensors_add' build argument 'cmake_clean_first' from command line to 'False'
[1.320s] Level 5:colcon.colcon_core.verb:set package 'sensors_add' build argument 'cmake_force_configure' from command line to 'False'
[1.320s] Level 5:colcon.colcon_core.verb:set package 'sensors_add' build argument 'ament_cmake_args' from command line to 'None'
[1.320s] Level 5:colcon.colcon_core.verb:set package 'sensors_add' build argument 'catkin_cmake_args' from command line to 'None'
[1.320s] Level 5:colcon.colcon_core.verb:set package 'sensors_add' build argument 'catkin_skip_building_tests' from command line to 'False'
[1.320s] DEBUG:colcon.colcon_core.verb:Building package 'sensors_add' with the following arguments: {'ament_cmake_args': None, 'build_base': '/home/philnoc/ezmr_ws/build/sensors_add', 'catkin_cmake_args': None, 'catkin_skip_building_tests': False, 'cmake_args': None, 'cmake_clean_cache': False, 'cmake_clean_first': False, 'cmake_force_configure': False, 'cmake_target': None, 'cmake_target_skip_unavailable': False, 'install_base': '/home/philnoc/ezmr_ws/install/sensors_add', 'merge_install': False, 'path': '/home/philnoc/ezmr_ws/src/sensors_add', 'symlink_install': False, 'test_result_base': None}
[1.321s] Level 5:colcon.colcon_core.verb:set package 'turtlesim' build argument 'cmake_args' from command line to 'None'
[1.321s] Level 5:colcon.colcon_core.verb:set package 'turtlesim' build argument 'cmake_target' from command line to 'None'
[1.321s] Level 5:colcon.colcon_core.verb:set package 'turtlesim' build argument 'cmake_target_skip_unavailable' from command line to 'False'
[1.321s] Level 5:colcon.colcon_core.verb:set package 'turtlesim' build argument 'cmake_clean_cache' from command line to 'False'
[1.321s] Level 5:colcon.colcon_core.verb:set package 'turtlesim' build argument 'cmake_clean_first' from command line to 'False'
[1.321s] Level 5:colcon.colcon_core.verb:set package 'turtlesim' build argument 'cmake_force_configure' from command line to 'False'
[1.321s] Level 5:colcon.colcon_core.verb:set package 'turtlesim' build argument 'ament_cmake_args' from command line to 'None'
[1.321s] Level 5:colcon.colcon_core.verb:set package 'turtlesim' build argument 'catkin_cmake_args' from command line to 'None'
[1.321s] Level 5:colcon.colcon_core.verb:set package 'turtlesim' build argument 'catkin_skip_building_tests' from command line to 'False'
[1.321s] DEBUG:colcon.colcon_core.verb:Building package 'turtlesim' with the following arguments: {'ament_cmake_args': None, 'build_base': '/home/philnoc/ezmr_ws/build/turtlesim', 'catkin_cmake_args': None, 'catkin_skip_building_tests': False, 'cmake_args': None, 'cmake_clean_cache': False, 'cmake_clean_first': False, 'cmake_force_configure': False, 'cmake_target': None, 'cmake_target_skip_unavailable': False, 'install_base': '/home/philnoc/ezmr_ws/install/turtlesim', 'merge_install': False, 'path': '/home/philnoc/ezmr_ws/src/ros_tutorials/turtlesim', 'symlink_install': False, 'test_result_base': None}
[1.321s] INFO:colcon.colcon_core.executor:Executing jobs using 'parallel' executor
[1.324s] DEBUG:colcon.colcon_parallel_executor.executor.parallel:run_until_complete
[1.324s] INFO:colcon.colcon_ros.task.ament_python.build:Building ROS package in '/home/philnoc/ezmr_ws/src/drive_rob' with build type 'ament_python'
[1.325s] Level 1:colcon.colcon_core.shell:create_environment_hook('drive_rob', 'ament_prefix_path')
[1.337s] INFO:colcon.colcon_core.plugin_system:Skipping extension 'colcon_core.shell.bat': Not used on non-Windows systems
[1.337s] INFO:colcon.colcon_core.shell:Creating environment hook '/home/philnoc/ezmr_ws/install/drive_rob/share/drive_rob/hook/ament_prefix_path.ps1'
[1.340s] INFO:colcon.colcon_core.shell:Creating environment descriptor '/home/philnoc/ezmr_ws/install/drive_rob/share/drive_rob/hook/ament_prefix_path.dsv'
[1.341s] INFO:colcon.colcon_core.shell:Creating environment hook '/home/philnoc/ezmr_ws/install/drive_rob/share/drive_rob/hook/ament_prefix_path.sh'
[1.343s] INFO:colcon.colcon_core.shell:Skip shell extension 'powershell' for command environment: Not usable outside of PowerShell
[1.343s] DEBUG:colcon.colcon_core.shell:Skip shell extension 'dsv' for command environment
[1.349s] INFO:colcon.colcon_ros.task.ament_python.build:Building ROS package in '/home/philnoc/ezmr_ws/src/hellopkg' with build type 'ament_python'
[1.350s] Level 1:colcon.colcon_core.shell:create_environment_hook('hellopkg', 'ament_prefix_path')
[1.350s] INFO:colcon.colcon_core.shell:Creating environment hook '/home/philnoc/ezmr_ws/install/hellopkg/share/hellopkg/hook/ament_prefix_path.ps1'
[1.351s] INFO:colcon.colcon_core.shell:Creating environment descriptor '/home/philnoc/ezmr_ws/install/hellopkg/share/hellopkg/hook/ament_prefix_path.dsv'
[1.352s] INFO:colcon.colcon_core.shell:Creating environment hook '/home/philnoc/ezmr_ws/install/hellopkg/share/hellopkg/hook/ament_prefix_path.sh'
[1.353s] INFO:colcon.colcon_core.shell:Skip shell extension 'powershell' for command environment: Not usable outside of PowerShell
[1.353s] DEBUG:colcon.colcon_core.shell:Skip shell extension 'dsv' for command environment
[1.357s] INFO:colcon.colcon_ros.task.ament_python.build:Building ROS package in '/home/philnoc/ezmr_ws/src/phil_pkg' with build type 'ament_python'
[1.358s] Level 1:colcon.colcon_core.shell:create_environment_hook('phil_pkg', 'ament_prefix_path')
[1.358s] INFO:colcon.colcon_core.shell:Creating environment hook '/home/philnoc/ezmr_ws/install/phil_pkg/share/phil_pkg/hook/ament_prefix_path.ps1'
[1.363s] INFO:colcon.colcon_core.shell:Creating environment descriptor '/home/philnoc/ezmr_ws/install/phil_pkg/share/phil_pkg/hook/ament_prefix_path.dsv'
[1.364s] INFO:colcon.colcon_core.shell:Creating environment hook '/home/philnoc/ezmr_ws/install/phil_pkg/share/phil_pkg/hook/ament_prefix_path.sh'
[1.365s] INFO:colcon.colcon_core.shell:Skip shell extension 'powershell' for command environment: Not usable outside of PowerShell
[1.365s] DEBUG:colcon.colcon_core.shell:Skip shell extension 'dsv' for command environment
[1.370s] INFO:colcon.colcon_ros.task.ament_python.build:Building ROS package in '/home/philnoc/ezmr_ws/src/py_pubsub_phil' with build type 'ament_python'
[1.370s] Level 1:colcon.colcon_core.shell:create_environment_hook('py_pubsub_phil', 'ament_prefix_path')
[1.371s] INFO:colcon.colcon_core.shell:Creating environment hook '/home/philnoc/ezmr_ws/install/py_pubsub_phil/share/py_pubsub_phil/hook/ament_prefix_path.ps1'
[1.374s] INFO:colcon.colcon_core.shell:Creating environment descriptor '/home/philnoc/ezmr_ws/install/py_pubsub_phil/share/py_pubsub_phil/hook/ament_prefix_path.dsv'
[1.374s] INFO:colcon.colcon_core.shell:Creating environment hook '/home/philnoc/ezmr_ws/install/py_pubsub_phil/share/py_pubsub_phil/hook/ament_prefix_path.sh'
[1.376s] INFO:colcon.colcon_core.shell:Skip shell extension 'powershell' for command environment: Not usable outside of PowerShell
[1.376s] DEBUG:colcon.colcon_core.shell:Skip shell extension 'dsv' for command environment
[1.714s] INFO:colcon.colcon_core.task.python.build:Building Python package in '/home/philnoc/ezmr_ws/src/drive_rob'
[1.714s] INFO:colcon.colcon_core.shell:Skip shell extension 'powershell' for command environment: Not usable outside of PowerShell
[1.714s] DEBUG:colcon.colcon_core.shell:Skip shell extension 'dsv' for command environment
[2.045s] INFO:colcon.colcon_core.task.python.build:Building Python package in '/home/philnoc/ezmr_ws/src/hellopkg'
[2.045s] INFO:colcon.colcon_core.shell:Skip shell extension 'powershell' for command environment: Not usable outside of PowerShell
[2.045s] DEBUG:colcon.colcon_core.shell:Skip shell extension 'dsv' for command environment
[2.384s] INFO:colcon.colcon_core.task.python.build:Building Python package in '/home/philnoc/ezmr_ws/src/phil_pkg'
[2.385s] INFO:colcon.colcon_core.shell:Skip shell extension 'powershell' for command environment: Not usable outside of PowerShell
[2.385s] DEBUG:colcon.colcon_core.shell:Skip shell extension 'dsv' for command environment
[2.757s] INFO:colcon.colcon_core.task.python.build:Building Python package in '/home/philnoc/ezmr_ws/src/py_pubsub_phil'
[2.758s] INFO:colcon.colcon_core.shell:Skip shell extension 'powershell' for command environment: Not usable outside of PowerShell
[2.758s] DEBUG:colcon.colcon_core.shell:Skip shell extension 'dsv' for command environment
[3.636s] DEBUG:colcon.colcon_core.event_handler.log_command:Invoking command in '/home/philnoc/ezmr_ws/src/py_pubsub_phil': PYTHONPATH=/home/philnoc/ezmr_ws/build/py_pubsub_phil/prefix_override:/usr/lib/python3/dist-packages/colcon_core/task/python/colcon_distutils_commands:/home/philnoc/ezmr_ws/install/py_pubsub_phil/lib/python3.10/site-packages:${PYTHONPATH} /usr/bin/python3 -W ignore:setup.py install is deprecated -W ignore:easy_install command is deprecated setup.py egg_info --egg-base ../../build/py_pubsub_phil build --build-base /home/philnoc/ezmr_ws/build/py_pubsub_phil/build install --record /home/philnoc/ezmr_ws/build/py_pubsub_phil/install.log --single-version-externally-managed install_data
[3.644s] DEBUG:colcon.colcon_core.event_handler.log_command:Invoking command in '/home/philnoc/ezmr_ws/src/drive_rob': PYTHONPATH=/home/philnoc/ezmr_ws/build/drive_rob/prefix_override:/usr/lib/python3/dist-packages/colcon_core/task/python/colcon_distutils_commands:/home/philnoc/ezmr_ws/install/drive_rob/lib/python3.10/site-packages:${PYTHONPATH} /usr/bin/python3 -W ignore:setup.py install is deprecated -W ignore:easy_install command is deprecated setup.py egg_info --egg-base ../../build/drive_rob build --build-base /home/philnoc/ezmr_ws/build/drive_rob/build install --record /home/philnoc/ezmr_ws/build/drive_rob/install.log --single-version-externally-managed install_data
[3.648s] DEBUG:colcon.colcon_core.event_handler.log_command:Invoking command in '/home/philnoc/ezmr_ws/src/hellopkg': PYTHONPATH=/home/philnoc/ezmr_ws/build/hellopkg/prefix_override:/usr/lib/python3/dist-packages/colcon_core/task/python/colcon_distutils_commands:/home/philnoc/ezmr_ws/install/hellopkg/lib/python3.10/site-packages:${PYTHONPATH} /usr/bin/python3 -W ignore:setup.py install is deprecated -W ignore:easy_install command is deprecated setup.py egg_info --egg-base ../../build/hellopkg build --build-base /home/philnoc/ezmr_ws/build/hellopkg/build install --record /home/philnoc/ezmr_ws/build/hellopkg/install.log --single-version-externally-managed install_data
[3.657s] DEBUG:colcon.colcon_core.event_handler.log_command:Invoking command in '/home/philnoc/ezmr_ws/src/phil_pkg': PYTHONPATH=/home/philnoc/ezmr_ws/build/phil_pkg/prefix_override:/usr/lib/python3/dist-packages/colcon_core/task/python/colcon_distutils_commands:/home/philnoc/ezmr_ws/install/phil_pkg/lib/python3.10/site-packages:${PYTHONPATH} /usr/bin/python3 -W ignore:setup.py install is deprecated -W ignore:easy_install command is deprecated setup.py egg_info --egg-base ../../build/phil_pkg build --build-base /home/philnoc/ezmr_ws/build/phil_pkg/build install --record /home/philnoc/ezmr_ws/build/phil_pkg/install.log --single-version-externally-managed install_data
[4.137s] DEBUG:colcon.colcon_core.event_handler.log_command:Invoked command in '/home/philnoc/ezmr_ws/src/py_pubsub_phil' returned '0': PYTHONPATH=/home/philnoc/ezmr_ws/build/py_pubsub_phil/prefix_override:/usr/lib/python3/dist-packages/colcon_core/task/python/colcon_distutils_commands:/home/philnoc/ezmr_ws/install/py_pubsub_phil/lib/python3.10/site-packages:${PYTHONPATH} /usr/bin/python3 -W ignore:setup.py install is deprecated -W ignore:easy_install command is deprecated setup.py egg_info --egg-base ../../build/py_pubsub_phil build --build-base /home/philnoc/ezmr_ws/build/py_pubsub_phil/build install --record /home/philnoc/ezmr_ws/build/py_pubsub_phil/install.log --single-version-externally-managed install_data
[4.150s] Level 1:colcon.colcon_core.environment:checking '/home/philnoc/ezmr_ws/install/py_pubsub_phil' for CMake module files
[4.151s] Level 1:colcon.colcon_core.environment:checking '/home/philnoc/ezmr_ws/install/py_pubsub_phil' for CMake config files
[4.154s] Level 1:colcon.colcon_core.environment:checking '/home/philnoc/ezmr_ws/install/py_pubsub_phil/lib'
[4.154s] Level 1:colcon.colcon_core.environment:checking '/home/philnoc/ezmr_ws/install/py_pubsub_phil/bin'
[4.154s] Level 1:colcon.colcon_core.environment:checking '/home/philnoc/ezmr_ws/install/py_pubsub_phil/lib/pkgconfig/py_pubsub_phil.pc'
[4.154s] Level 1:colcon.colcon_core.environment:checking '/home/philnoc/ezmr_ws/install/py_pubsub_phil/lib/python3.10/site-packages'
[4.154s] Level 1:colcon.colcon_core.shell:create_environment_hook('py_pubsub_phil', 'pythonpath')
[4.155s] INFO:colcon.colcon_core.shell:Creating environment hook '/home/philnoc/ezmr_ws/install/py_pubsub_phil/share/py_pubsub_phil/hook/pythonpath.ps1'
[4.155s] INFO:colcon.colcon_core.shell:Creating environment descriptor '/home/philnoc/ezmr_ws/install/py_pubsub_phil/share/py_pubsub_phil/hook/pythonpath.dsv'
[4.156s] INFO:colcon.colcon_core.shell:Creating environment hook '/home/philnoc/ezmr_ws/install/py_pubsub_phil/share/py_pubsub_phil/hook/pythonpath.sh'
[4.158s] Level 1:colcon.colcon_core.environment:checking '/home/philnoc/ezmr_ws/install/py_pubsub_phil/bin'
[4.158s] Level 1:colcon.colcon_core.environment:create_environment_scripts_only(py_pubsub_phil)
[4.158s] INFO:colcon.colcon_core.shell:Creating package script '/home/philnoc/ezmr_ws/install/py_pubsub_phil/share/py_pubsub_phil/package.ps1'
[4.160s] INFO:colcon.colcon_core.shell:Creating package descriptor '/home/philnoc/ezmr_ws/install/py_pubsub_phil/share/py_pubsub_phil/package.dsv'
[4.161s] INFO:colcon.colcon_core.shell:Creating package script '/home/philnoc/ezmr_ws/install/py_pubsub_phil/share/py_pubsub_phil/package.sh'
[4.162s] INFO:colcon.colcon_core.shell:Creating package script '/home/philnoc/ezmr_ws/install/py_pubsub_phil/share/py_pubsub_phil/package.bash'
[4.163s] INFO:colcon.colcon_core.shell:Creating package script '/home/philnoc/ezmr_ws/install/py_pubsub_phil/share/py_pubsub_phil/package.zsh'
[4.165s] Level 1:colcon.colcon_core.environment:create_file_with_runtime_dependencies(/home/philnoc/ezmr_ws/install/py_pubsub_phil/share/colcon-core/packages/py_pubsub_phil)
[4.166s] INFO:colcon.colcon_ros.task.ament_python.build:Building ROS package in '/home/philnoc/ezmr_ws/src/sensors_add' with build type 'ament_python'
[4.166s] Level 1:colcon.colcon_core.shell:create_environment_hook('sensors_add', 'ament_prefix_path')
[4.166s] INFO:colcon.colcon_core.shell:Creating environment hook '/home/philnoc/ezmr_ws/install/sensors_add/share/sensors_add/hook/ament_prefix_path.ps1'
[4.169s] INFO:colcon.colcon_core.shell:Creating environment descriptor '/home/philnoc/ezmr_ws/install/sensors_add/share/sensors_add/hook/ament_prefix_path.dsv'
[4.170s] INFO:colcon.colcon_core.shell:Creating environment hook '/home/philnoc/ezmr_ws/install/sensors_add/share/sensors_add/hook/ament_prefix_path.sh'
[4.172s] INFO:colcon.colcon_core.shell:Skip shell extension 'powershell' for command environment: Not usable outside of PowerShell
[4.172s] DEBUG:colcon.colcon_core.shell:Skip shell extension 'dsv' for command environment
[4.549s] INFO:colcon.colcon_core.task.python.build:Building Python package in '/home/philnoc/ezmr_ws/src/sensors_add'
[4.550s] INFO:colcon.colcon_core.shell:Skip shell extension 'powershell' for command environment: Not usable outside of PowerShell
[4.550s] DEBUG:colcon.colcon_core.shell:Skip shell extension 'dsv' for command environment
[4.556s] Level 1:colcon.colcon_core.environment:checking '/home/philnoc/ezmr_ws/install/hellopkg' for CMake module files
[4.557s] DEBUG:colcon.colcon_core.event_handler.log_command:Invoked command in '/home/philnoc/ezmr_ws/src/hellopkg' returned '0': PYTHONPATH=/home/philnoc/ezmr_ws/build/hellopkg/prefix_override:/usr/lib/python3/dist-packages/colcon_core/task/python/colcon_distutils_commands:/home/philnoc/ezmr_ws/install/hellopkg/lib/python3.10/site-packages:${PYTHONPATH} /usr/bin/python3 -W ignore:setup.py install is deprecated -W ignore:easy_install command is deprecated setup.py egg_info --egg-base ../../build/hellopkg build --build-base /home/philnoc/ezmr_ws/build/hellopkg/build install --record /home/philnoc/ezmr_ws/build/hellopkg/install.log --single-version-externally-managed install_data
[4.557s] Level 1:colcon.colcon_core.environment:checking '/home/philnoc/ezmr_ws/install/hellopkg' for CMake config files
[4.558s] Level 1:colcon.colcon_core.environment:checking '/home/philnoc/ezmr_ws/install/hellopkg/lib'
[4.558s] Level 1:colcon.colcon_core.environment:checking '/home/philnoc/ezmr_ws/install/hellopkg/bin'
[4.558s] Level 1:colcon.colcon_core.environment:checking '/home/philnoc/ezmr_ws/install/hellopkg/lib/pkgconfig/hellopkg.pc'
[4.559s] Level 1:colcon.colcon_core.environment:checking '/home/philnoc/ezmr_ws/install/hellopkg/lib/python3.10/site-packages'
[4.559s] Level 1:colcon.colcon_core.shell:create_environment_hook('hellopkg', 'pythonpath')
[4.559s] INFO:colcon.colcon_core.shell:Creating environment hook '/home/philnoc/ezmr_ws/install/hellopkg/share/hellopkg/hook/pythonpath.ps1'
[4.560s] INFO:colcon.colcon_core.shell:Creating environment descriptor '/home/philnoc/ezmr_ws/install/hellopkg/share/hellopkg/hook/pythonpath.dsv'
[4.560s] INFO:colcon.colcon_core.shell:Creating environment hook '/home/philnoc/ezmr_ws/install/hellopkg/share/hellopkg/hook/pythonpath.sh'
[4.561s] Level 1:colcon.colcon_core.environment:checking '/home/philnoc/ezmr_ws/install/hellopkg/bin'
[4.561s] Level 1:colcon.colcon_core.environment:create_environment_scripts_only(hellopkg)
[4.562s] INFO:colcon.colcon_core.shell:Creating package script '/home/philnoc/ezmr_ws/install/hellopkg/share/hellopkg/package.ps1'
[4.562s] INFO:colcon.colcon_core.shell:Creating package descriptor '/home/philnoc/ezmr_ws/install/hellopkg/share/hellopkg/package.dsv'
[4.563s] INFO:colcon.colcon_core.shell:Creating package script '/home/philnoc/ezmr_ws/install/hellopkg/share/hellopkg/package.sh'
[4.564s] INFO:colcon.colcon_core.shell:Creating package script '/home/philnoc/ezmr_ws/install/hellopkg/share/hellopkg/package.bash'
[4.564s] INFO:colcon.colcon_core.shell:Creating package script '/home/philnoc/ezmr_ws/install/hellopkg/share/hellopkg/package.zsh'
[4.564s] Level 1:colcon.colcon_core.environment:create_file_with_runtime_dependencies(/home/philnoc/ezmr_ws/install/hellopkg/share/colcon-core/packages/hellopkg)
[4.567s] INFO:colcon.colcon_ros.task.ament_cmake.build:Building ROS package in '/home/philnoc/ezmr_ws/src/ros_tutorials/turtlesim' with build type 'ament_cmake'
[4.567s] INFO:colcon.colcon_cmake.task.cmake.build:Building CMake package in '/home/philnoc/ezmr_ws/src/ros_tutorials/turtlesim'
[4.568s] INFO:colcon.colcon_core.shell:Skip shell extension 'powershell' for command environment: Not usable outside of PowerShell
[4.568s] DEBUG:colcon.colcon_core.shell:Skip shell extension 'dsv' for command environment
[4.574s] Level 1:colcon.colcon_core.environment:checking '/home/philnoc/ezmr_ws/install/phil_pkg' for CMake module files
[4.575s] DEBUG:colcon.colcon_core.event_handler.log_command:Invoked command in '/home/philnoc/ezmr_ws/src/phil_pkg' returned '0': PYTHONPATH=/home/philnoc/ezmr_ws/build/phil_pkg/prefix_override:/usr/lib/python3/dist-packages/colcon_core/task/python/colcon_distutils_commands:/home/philnoc/ezmr_ws/install/phil_pkg/lib/python3.10/site-packages:${PYTHONPATH} /usr/bin/python3 -W ignore:setup.py install is deprecated -W ignore:easy_install command is deprecated setup.py egg_info --egg-base ../../build/phil_pkg build --build-base /home/philnoc/ezmr_ws/build/phil_pkg/build install --record /home/philnoc/ezmr_ws/build/phil_pkg/install.log --single-version-externally-managed install_data
[4.576s] Level 1:colcon.colcon_core.environment:checking '/home/philnoc/ezmr_ws/install/phil_pkg' for CMake config files
[4.578s] Level 1:colcon.colcon_core.environment:checking '/home/philnoc/ezmr_ws/install/phil_pkg/lib'
[4.578s] Level 1:colcon.colcon_core.environment:checking '/home/philnoc/ezmr_ws/install/phil_pkg/bin'
[4.578s] Level 1:colcon.colcon_core.environment:checking '/home/philnoc/ezmr_ws/install/phil_pkg/lib/pkgconfig/phil_pkg.pc'
[4.578s] Level 1:colcon.colcon_core.environment:checking '/home/philnoc/ezmr_ws/install/phil_pkg/lib/python3.10/site-packages'
[4.578s] Level 1:colcon.colcon_core.shell:create_environment_hook('phil_pkg', 'pythonpath')
[4.579s] INFO:colcon.colcon_core.shell:Creating environment hook '/home/philnoc/ezmr_ws/install/phil_pkg/share/phil_pkg/hook/pythonpath.ps1'
[4.579s] INFO:colcon.colcon_core.shell:Creating environment descriptor '/home/philnoc/ezmr_ws/install/phil_pkg/share/phil_pkg/hook/pythonpath.dsv'
[4.580s] INFO:colcon.colcon_core.shell:Creating environment hook '/home/philnoc/ezmr_ws/install/phil_pkg/share/phil_pkg/hook/pythonpath.sh'
[4.581s] Level 1:colcon.colcon_core.environment:checking '/home/philnoc/ezmr_ws/install/phil_pkg/bin'
[4.581s] Level 1:colcon.colcon_core.environment:create_environment_scripts_only(phil_pkg)
[4.582s] INFO:colcon.colcon_core.shell:Creating package script '/home/philnoc/ezmr_ws/install/phil_pkg/share/phil_pkg/package.ps1'
[4.583s] INFO:colcon.colcon_core.shell:Creating package descriptor '/home/philnoc/ezmr_ws/install/phil_pkg/share/phil_pkg/package.dsv'
[4.584s] INFO:colcon.colcon_core.shell:Creating package script '/home/philnoc/ezmr_ws/install/phil_pkg/share/phil_pkg/package.sh'
[4.585s] INFO:colcon.colcon_core.shell:Creating package script '/home/philnoc/ezmr_ws/install/phil_pkg/share/phil_pkg/package.bash'
[4.586s] INFO:colcon.colcon_core.shell:Creating package script '/home/philnoc/ezmr_ws/install/phil_pkg/share/phil_pkg/package.zsh'
[4.587s] Level 1:colcon.colcon_core.environment:create_file_with_runtime_dependencies(/home/philnoc/ezmr_ws/install/phil_pkg/share/colcon-core/packages/phil_pkg)
[4.589s] Level 1:colcon.colcon_core.environment:checking '/home/philnoc/ezmr_ws/install/drive_rob' for CMake module files
[4.591s] DEBUG:colcon.colcon_core.event_handler.log_command:Invoked command in '/home/philnoc/ezmr_ws/src/drive_rob' returned '0': PYTHONPATH=/home/philnoc/ezmr_ws/build/drive_rob/prefix_override:/usr/lib/python3/dist-packages/colcon_core/task/python/colcon_distutils_commands:/home/philnoc/ezmr_ws/install/drive_rob/lib/python3.10/site-packages:${PYTHONPATH} /usr/bin/python3 -W ignore:setup.py install is deprecated -W ignore:easy_install command is deprecated setup.py egg_info --egg-base ../../build/drive_rob build --build-base /home/philnoc/ezmr_ws/build/drive_rob/build install --record /home/philnoc/ezmr_ws/build/drive_rob/install.log --single-version-externally-managed install_data
[4.591s] Level 1:colcon.colcon_core.environment:checking '/home/philnoc/ezmr_ws/install/drive_rob' for CMake config files
[4.593s] Level 1:colcon.colcon_core.environment:checking '/home/philnoc/ezmr_ws/install/drive_rob/lib'
[4.593s] Level 1:colcon.colcon_core.environment:checking '/home/philnoc/ezmr_ws/install/drive_rob/bin'
[4.593s] Level 1:colcon.colcon_core.environment:checking '/home/philnoc/ezmr_ws/install/drive_rob/lib/pkgconfig/drive_rob.pc'
[4.594s] Level 1:colcon.colcon_core.environment:checking '/home/philnoc/ezmr_ws/install/drive_rob/lib/python3.10/site-packages'
[4.594s] Level 1:colcon.colcon_core.shell:create_environment_hook('drive_rob', 'pythonpath')
[4.594s] INFO:colcon.colcon_core.shell:Creating environment hook '/home/philnoc/ezmr_ws/install/drive_rob/share/drive_rob/hook/pythonpath.ps1'
[4.595s] INFO:colcon.colcon_core.shell:Creating environment descriptor '/home/philnoc/ezmr_ws/install/drive_rob/share/drive_rob/hook/pythonpath.dsv'
[4.595s] INFO:colcon.colcon_core.shell:Creating environment hook '/home/philnoc/ezmr_ws/install/drive_rob/share/drive_rob/hook/pythonpath.sh'
[4.596s] Level 1:colcon.colcon_core.environment:checking '/home/philnoc/ezmr_ws/install/drive_rob/bin'
[4.596s] Level 1:colcon.colcon_core.environment:create_environment_scripts_only(drive_rob)
[4.597s] INFO:colcon.colcon_core.shell:Creating package script '/home/philnoc/ezmr_ws/install/drive_rob/share/drive_rob/package.ps1'
[4.597s] INFO:colcon.colcon_core.shell:Creating package descriptor '/home/philnoc/ezmr_ws/install/drive_rob/share/drive_rob/package.dsv'
[4.598s] INFO:colcon.colcon_core.shell:Creating package script '/home/philnoc/ezmr_ws/install/drive_rob/share/drive_rob/package.sh'
[4.598s] INFO:colcon.colcon_core.shell:Creating package script '/home/philnoc/ezmr_ws/install/drive_rob/share/drive_rob/package.bash'
[4.599s] INFO:colcon.colcon_core.shell:Creating package script '/home/philnoc/ezmr_ws/install/drive_rob/share/drive_rob/package.zsh'
[4.599s] Level 1:colcon.colcon_core.environment:create_file_with_runtime_dependencies(/home/philnoc/ezmr_ws/install/drive_rob/share/colcon-core/packages/drive_rob)
[4.617s] DEBUG:colcon.colcon_core.event_handler.log_command:Invoking command in '/home/philnoc/ezmr_ws/build/turtlesim': CMAKE_PREFIX_PATH=/opt/ros/humble /usr/bin/cmake --build /home/philnoc/ezmr_ws/build/turtlesim -- -j4 -l4
[5.319s] DEBUG:colcon.colcon_core.event_handler.log_command:Invoking command in '/home/philnoc/ezmr_ws/src/sensors_add': PYTHONPATH=/home/philnoc/ezmr_ws/build/sensors_add/prefix_override:/usr/lib/python3/dist-packages/colcon_core/task/python/colcon_distutils_commands:/home/philnoc/ezmr_ws/install/sensors_add/lib/python3.10/site-packages:${PYTHONPATH} /usr/bin/python3 -W ignore:setup.py install is deprecated -W ignore:easy_install command is deprecated setup.py egg_info --egg-base ../../build/sensors_add build --build-base /home/philnoc/ezmr_ws/build/sensors_add/build install --record /home/philnoc/ezmr_ws/build/sensors_add/install.log --single-version-externally-managed install_data
[5.869s] Level 1:colcon.colcon_core.environment:checking '/home/philnoc/ezmr_ws/install/sensors_add' for CMake module files
[5.869s] Level 1:colcon.colcon_core.environment:checking '/home/philnoc/ezmr_ws/install/sensors_add' for CMake config files
[5.870s] DEBUG:colcon.colcon_core.event_handler.log_command:Invoked command in '/home/philnoc/ezmr_ws/src/sensors_add' returned '0': PYTHONPATH=/home/philnoc/ezmr_ws/build/sensors_add/prefix_override:/usr/lib/python3/dist-packages/colcon_core/task/python/colcon_distutils_commands:/home/philnoc/ezmr_ws/install/sensors_add/lib/python3.10/site-packages:${PYTHONPATH} /usr/bin/python3 -W ignore:setup.py install is deprecated -W ignore:easy_install command is deprecated setup.py egg_info --egg-base ../../build/sensors_add build --build-base /home/philnoc/ezmr_ws/build/sensors_add/build install --record /home/philnoc/ezmr_ws/build/sensors_add/install.log --single-version-externally-managed install_data
[5.871s] Level 1:colcon.colcon_core.environment:checking '/home/philnoc/ezmr_ws/install/sensors_add/lib'
[5.871s] Level 1:colcon.colcon_core.environment:checking '/home/philnoc/ezmr_ws/install/sensors_add/bin'
[5.871s] Level 1:colcon.colcon_core.environment:checking '/home/philnoc/ezmr_ws/install/sensors_add/lib/pkgconfig/sensors_add.pc'
[5.872s] Level 1:colcon.colcon_core.environment:checking '/home/philnoc/ezmr_ws/install/sensors_add/lib/python3.10/site-packages'
[5.872s] Level 1:colcon.colcon_core.shell:create_environment_hook('sensors_add', 'pythonpath')
[5.872s] INFO:colcon.colcon_core.shell:Creating environment hook '/home/philnoc/ezmr_ws/install/sensors_add/share/sensors_add/hook/pythonpath.ps1'
[5.873s] INFO:colcon.colcon_core.shell:Creating environment descriptor '/home/philnoc/ezmr_ws/install/sensors_add/share/sensors_add/hook/pythonpath.dsv'
[5.873s] INFO:colcon.colcon_core.shell:Creating environment hook '/home/philnoc/ezmr_ws/install/sensors_add/share/sensors_add/hook/pythonpath.sh'
[5.875s] Level 1:colcon.colcon_core.environment:checking '/home/philnoc/ezmr_ws/install/sensors_add/bin'
[5.875s] Level 1:colcon.colcon_core.environment:create_environment_scripts_only(sensors_add)
[5.876s] INFO:colcon.colcon_core.shell:Creating package script '/home/philnoc/ezmr_ws/install/sensors_add/share/sensors_add/package.ps1'
[5.884s] INFO:colcon.colcon_core.shell:Creating package descriptor '/home/philnoc/ezmr_ws/install/sensors_add/share/sensors_add/package.dsv'
[5.885s] INFO:colcon.colcon_core.shell:Creating package script '/home/philnoc/ezmr_ws/install/sensors_add/share/sensors_add/package.sh'
[5.886s] INFO:colcon.colcon_core.shell:Creating package script '/home/philnoc/ezmr_ws/install/sensors_add/share/sensors_add/package.bash'
[5.886s] INFO:colcon.colcon_core.shell:Creating package script '/home/philnoc/ezmr_ws/install/sensors_add/share/sensors_add/package.zsh'
[5.887s] Level 1:colcon.colcon_core.environment:create_file_with_runtime_dependencies(/home/philnoc/ezmr_ws/install/sensors_add/share/colcon-core/packages/sensors_add)
[39.672s] DEBUG:colcon.colcon_core.event_handler.log_command:Invoked command in '/home/philnoc/ezmr_ws/build/turtlesim' returned '0': CMAKE_PREFIX_PATH=/opt/ros/humble /usr/bin/cmake --build /home/philnoc/ezmr_ws/build/turtlesim -- -j4 -l4
[39.687s] DEBUG:colcon.colcon_core.event_handler.log_command:Invoking command in '/home/philnoc/ezmr_ws/build/turtlesim': CMAKE_PREFIX_PATH=/opt/ros/humble /usr/bin/cmake --install /home/philnoc/ezmr_ws/build/turtlesim
[39.898s] Level 1:colcon.colcon_core.environment:create_environment_scripts_only(turtlesim)
[39.899s] Level 1:colcon.colcon_core.environment:checking '/home/philnoc/ezmr_ws/install/turtlesim' for CMake module files
[39.900s] DEBUG:colcon.colcon_core.event_handler.log_command:Invoked command in '/home/philnoc/ezmr_ws/build/turtlesim' returned '0': CMAKE_PREFIX_PATH=/opt/ros/humble /usr/bin/cmake --install /home/philnoc/ezmr_ws/build/turtlesim
[39.902s] Level 1:colcon.colcon_core.environment:checking '/home/philnoc/ezmr_ws/install/turtlesim' for CMake config files
[39.915s] Level 1:colcon.colcon_core.shell:create_environment_hook('turtlesim', 'cmake_prefix_path')
[39.916s] INFO:colcon.colcon_core.shell:Creating environment hook '/home/philnoc/ezmr_ws/install/turtlesim/share/turtlesim/hook/cmake_prefix_path.ps1'
[39.917s] INFO:colcon.colcon_core.shell:Creating environment descriptor '/home/philnoc/ezmr_ws/install/turtlesim/share/turtlesim/hook/cmake_prefix_path.dsv'
[39.919s] INFO:colcon.colcon_core.shell:Creating environment hook '/home/philnoc/ezmr_ws/install/turtlesim/share/turtlesim/hook/cmake_prefix_path.sh'
[39.920s] Level 1:colcon.colcon_core.environment:checking '/home/philnoc/ezmr_ws/install/turtlesim/lib'
[39.920s] Level 1:colcon.colcon_core.shell:create_environment_hook('turtlesim', 'ld_library_path_lib')
[39.921s] INFO:colcon.colcon_core.shell:Creating environment hook '/home/philnoc/ezmr_ws/install/turtlesim/share/turtlesim/hook/ld_library_path_lib.ps1'
[39.921s] INFO:colcon.colcon_core.shell:Creating environment descriptor '/home/philnoc/ezmr_ws/install/turtlesim/share/turtlesim/hook/ld_library_path_lib.dsv'
[39.922s] INFO:colcon.colcon_core.shell:Creating environment hook '/home/philnoc/ezmr_ws/install/turtlesim/share/turtlesim/hook/ld_library_path_lib.sh'
[39.923s] Level 1:colcon.colcon_core.environment:checking '/home/philnoc/ezmr_ws/install/turtlesim/bin'
[39.923s] Level 1:colcon.colcon_core.environment:checking '/home/philnoc/ezmr_ws/install/turtlesim/lib/pkgconfig/turtlesim.pc'
[39.923s] Level 1:colcon.colcon_core.environment:checking '/home/philnoc/ezmr_ws/install/turtlesim/lib/python3.10/site-packages'
[39.923s] Level 1:colcon.colcon_core.environment:checking '/home/philnoc/ezmr_ws/install/turtlesim/bin'
[39.924s] INFO:colcon.colcon_core.shell:Creating package script '/home/philnoc/ezmr_ws/install/turtlesim/share/turtlesim/package.ps1'
[39.925s] INFO:colcon.colcon_core.shell:Creating package descriptor '/home/philnoc/ezmr_ws/install/turtlesim/share/turtlesim/package.dsv'
[39.926s] INFO:colcon.colcon_core.shell:Creating package script '/home/philnoc/ezmr_ws/install/turtlesim/share/turtlesim/package.sh'
[39.928s] INFO:colcon.colcon_core.shell:Creating package script '/home/philnoc/ezmr_ws/install/turtlesim/share/turtlesim/package.bash'
[39.929s] INFO:colcon.colcon_core.shell:Creating package script '/home/philnoc/ezmr_ws/install/turtlesim/share/turtlesim/package.zsh'
[39.930s] Level 1:colcon.colcon_core.environment:create_file_with_runtime_dependencies(/home/philnoc/ezmr_ws/install/turtlesim/share/colcon-core/packages/turtlesim)
[39.931s] Level 1:colcon.colcon_core.environment:create_environment_scripts_only(turtlesim)
[39.932s] Level 1:colcon.colcon_core.environment:checking '/home/philnoc/ezmr_ws/install/turtlesim' for CMake module files
[39.932s] Level 1:colcon.colcon_core.environment:checking '/home/philnoc/ezmr_ws/install/turtlesim' for CMake config files
[39.934s] Level 1:colcon.colcon_core.shell:create_environment_hook('turtlesim', 'cmake_prefix_path')
[39.934s] INFO:colcon.colcon_core.shell:Creating environment hook '/home/philnoc/ezmr_ws/install/turtlesim/share/turtlesim/hook/cmake_prefix_path.ps1'
[39.934s] INFO:colcon.colcon_core.shell:Creating environment descriptor '/home/philnoc/ezmr_ws/install/turtlesim/share/turtlesim/hook/cmake_prefix_path.dsv'
[39.935s] INFO:colcon.colcon_core.shell:Creating environment hook '/home/philnoc/ezmr_ws/install/turtlesim/share/turtlesim/hook/cmake_prefix_path.sh'
[39.936s] Level 1:colcon.colcon_core.environment:checking '/home/philnoc/ezmr_ws/install/turtlesim/lib'
[39.936s] Level 1:colcon.colcon_core.shell:create_environment_hook('turtlesim', 'ld_library_path_lib')
[39.937s] INFO:colcon.colcon_core.shell:Creating environment hook '/home/philnoc/ezmr_ws/install/turtlesim/share/turtlesim/hook/ld_library_path_lib.ps1'
[39.937s] INFO:colcon.colcon_core.shell:Creating environment descriptor '/home/philnoc/ezmr_ws/install/turtlesim/share/turtlesim/hook/ld_library_path_lib.dsv'
[39.938s] INFO:colcon.colcon_core.shell:Creating environment hook '/home/philnoc/ezmr_ws/install/turtlesim/share/turtlesim/hook/ld_library_path_lib.sh'
[39.939s] Level 1:colcon.colcon_core.environment:checking '/home/philnoc/ezmr_ws/install/turtlesim/bin'
[39.939s] Level 1:colcon.colcon_core.environment:checking '/home/philnoc/ezmr_ws/install/turtlesim/lib/pkgconfig/turtlesim.pc'
[39.939s] Level 1:colcon.colcon_core.environment:checking '/home/philnoc/ezmr_ws/install/turtlesim/lib/python3.10/site-packages'
[39.939s] Level 1:colcon.colcon_core.environment:checking '/home/philnoc/ezmr_ws/install/turtlesim/bin'
[39.940s] INFO:colcon.colcon_core.shell:Creating package script '/home/philnoc/ezmr_ws/install/turtlesim/share/turtlesim/package.ps1'
[39.940s] INFO:colcon.colcon_core.shell:Creating package descriptor '/home/philnoc/ezmr_ws/install/turtlesim/share/turtlesim/package.dsv'
[39.941s] INFO:colcon.colcon_core.shell:Creating package script '/home/philnoc/ezmr_ws/install/turtlesim/share/turtlesim/package.sh'
[39.942s] INFO:colcon.colcon_core.shell:Creating package script '/home/philnoc/ezmr_ws/install/turtlesim/share/turtlesim/package.bash'
[39.943s] INFO:colcon.colcon_core.shell:Creating package script '/home/philnoc/ezmr_ws/install/turtlesim/share/turtlesim/package.zsh'
[39.943s] Level 1:colcon.colcon_core.environment:create_file_with_runtime_dependencies(/home/philnoc/ezmr_ws/install/turtlesim/share/colcon-core/packages/turtlesim)
[39.944s] DEBUG:colcon.colcon_parallel_executor.executor.parallel:closing loop
[39.944s] DEBUG:colcon.colcon_parallel_executor.executor.parallel:loop closed
[39.944s] DEBUG:colcon.colcon_parallel_executor.executor.parallel:run_until_complete finished with '0'
[39.944s] DEBUG:colcon.colcon_core.event_reactor:joining thread
[39.960s] INFO:colcon.colcon_core.plugin_system:Skipping extension 'colcon_notification.desktop_notification.terminal_notifier': Not used on non-Darwin systems
[39.961s] INFO:colcon.colcon_core.plugin_system:Skipping extension 'colcon_notification.desktop_notification.win32': Not used on non-Windows systems
[39.961s] INFO:colcon.colcon_notification.desktop_notification:Sending desktop notification using 'notify2'
[39.981s] DEBUG:colcon.colcon_core.event_reactor:joined thread
[39.982s] INFO:colcon.colcon_core.shell:Creating prefix script '/home/philnoc/ezmr_ws/install/local_setup.ps1'
[39.984s] INFO:colcon.colcon_core.shell:Creating prefix util module '/home/philnoc/ezmr_ws/install/_local_setup_util_ps1.py'
[39.987s] INFO:colcon.colcon_core.shell:Creating prefix chain script '/home/philnoc/ezmr_ws/install/setup.ps1'
[39.993s] INFO:colcon.colcon_core.shell:Creating prefix script '/home/philnoc/ezmr_ws/install/local_setup.sh'
[39.994s] INFO:colcon.colcon_core.shell:Creating prefix util module '/home/philnoc/ezmr_ws/install/_local_setup_util_sh.py'
[39.995s] INFO:colcon.colcon_core.shell:Creating prefix chain script '/home/philnoc/ezmr_ws/install/setup.sh'
[39.998s] INFO:colcon.colcon_core.shell:Creating prefix script '/home/philnoc/ezmr_ws/install/local_setup.bash'
[39.999s] INFO:colcon.colcon_core.shell:Creating prefix chain script '/home/philnoc/ezmr_ws/install/setup.bash'
[40.001s] INFO:colcon.colcon_core.shell:Creating prefix script '/home/philnoc/ezmr_ws/install/local_setup.zsh'
[40.003s] INFO:colcon.colcon_core.shell:Creating prefix chain script '/home/philnoc/ezmr_ws/install/setup.zsh'
