[0.774s] Invoking command in '/home/philnoc/ezmr_ws/src/drive_rob': PYTHONPATH=/home/philnoc/ezmr_ws/build/drive_rob/prefix_override:/usr/lib/python3/dist-packages/colcon_core/task/python/colcon_distutils_commands:/home/philnoc/ezmr_ws/install/drive_rob/lib/python3.10/site-packages:${PYTHONPATH} /usr/bin/python3 -W ignore:setup.py install is deprecated -W ignore:easy_install command is deprecated setup.py egg_info --egg-base ../../build/drive_rob build --build-base /home/philnoc/ezmr_ws/build/drive_rob/build install --record /home/philnoc/ezmr_ws/build/drive_rob/install.log --single-version-externally-managed install_data
[1.105s] running egg_info
[1.106s] writing ../../build/drive_rob/drive_rob.egg-info/PKG-INFO
[1.106s] writing dependency_links to ../../build/drive_rob/drive_rob.egg-info/dependency_links.txt
[1.107s] writing entry points to ../../build/drive_rob/drive_rob.egg-info/entry_points.txt
[1.107s] writing requirements to ../../build/drive_rob/drive_rob.egg-info/requires.txt
[1.107s] writing top-level names to ../../build/drive_rob/drive_rob.egg-info/top_level.txt
[1.109s] reading manifest file '../../build/drive_rob/drive_rob.egg-info/SOURCES.txt'
[1.110s] adding license file 'LICENSE'
[1.111s] writing manifest file '../../build/drive_rob/drive_rob.egg-info/SOURCES.txt'
[1.111s] running build
[1.111s] running build_py
[1.111s] copying drive_rob/robot_heart.py -> /home/philnoc/ezmr_ws/build/drive_rob/build/lib/drive_rob
[1.113s] running install
[1.113s] running install_lib
[1.114s] copying /home/philnoc/ezmr_ws/build/drive_rob/build/lib/drive_rob/robot_heart.py -> /home/philnoc/ezmr_ws/install/drive_rob/lib/python3.10/site-packages/drive_rob
[1.114s] byte-compiling /home/philnoc/ezmr_ws/install/drive_rob/lib/python3.10/site-packages/drive_rob/robot_heart.py to robot_heart.cpython-310.pyc
[1.116s] running install_data
[1.117s] running install_egg_info
[1.120s] removing '/home/philnoc/ezmr_ws/install/drive_rob/lib/python3.10/site-packages/drive_rob-0.0.0-py3.10.egg-info' (and everything under it)
[1.121s] Copying ../../build/drive_rob/drive_rob.egg-info to /home/philnoc/ezmr_ws/install/drive_rob/lib/python3.10/site-packages/drive_rob-0.0.0-py3.10.egg-info
[1.122s] running install_scripts
[1.167s] Installing turtle_heart script to /home/philnoc/ezmr_ws/install/drive_rob/lib/drive_rob
[1.168s] writing list of installed files to '/home/philnoc/ezmr_ws/build/drive_rob/install.log'
[1.214s] Invoked command in '/home/philnoc/ezmr_ws/src/drive_rob' returned '0': PYTHONPATH=/home/philnoc/ezmr_ws/build/drive_rob/prefix_override:/usr/lib/python3/dist-packages/colcon_core/task/python/colcon_distutils_commands:/home/philnoc/ezmr_ws/install/drive_rob/lib/python3.10/site-packages:${PYTHONPATH} /usr/bin/python3 -W ignore:setup.py install is deprecated -W ignore:easy_install command is deprecated setup.py egg_info --egg-base ../../build/drive_rob build --build-base /home/philnoc/ezmr_ws/build/drive_rob/build install --record /home/philnoc/ezmr_ws/build/drive_rob/install.log --single-version-externally-managed install_data
