[2.319s] Invoking command in '/home/philnoc/ezmr_ws/src/drive_rob': PYTHONPATH=/home/philnoc/ezmr_ws/build/drive_rob/prefix_override:/usr/lib/python3/dist-packages/colcon_core/task/python/colcon_distutils_commands:/home/philnoc/ezmr_ws/install/drive_rob/lib/python3.10/site-packages:${PYTHONPATH} /usr/bin/python3 -W ignore:setup.py install is deprecated -W ignore:easy_install command is deprecated setup.py egg_info --egg-base ../../build/drive_rob build --build-base /home/philnoc/ezmr_ws/build/drive_rob/build install --record /home/philnoc/ezmr_ws/build/drive_rob/install.log --single-version-externally-managed install_data
[2.728s] running egg_info
[2.732s] writing ../../build/drive_rob/drive_rob.egg-info/PKG-INFO
[2.733s] writing dependency_links to ../../build/drive_rob/drive_rob.egg-info/dependency_links.txt
[2.733s] writing entry points to ../../build/drive_rob/drive_rob.egg-info/entry_points.txt
[2.734s] writing requirements to ../../build/drive_rob/drive_rob.egg-info/requires.txt
[2.734s] writing top-level names to ../../build/drive_rob/drive_rob.egg-info/top_level.txt
[2.739s] reading manifest file '../../build/drive_rob/drive_rob.egg-info/SOURCES.txt'
[2.740s] adding license file 'LICENSE'
[2.743s] writing manifest file '../../build/drive_rob/drive_rob.egg-info/SOURCES.txt'
[2.744s] running build
[2.745s] running build_py
[2.748s] running install
[2.748s] running install_lib
[2.752s] running install_data
[2.756s] running install_egg_info
[2.758s] removing '/home/philnoc/ezmr_ws/install/drive_rob/lib/python3.10/site-packages/drive_rob-0.0.0-py3.10.egg-info' (and everything under it)
[2.759s] Copying ../../build/drive_rob/drive_rob.egg-info to /home/philnoc/ezmr_ws/install/drive_rob/lib/python3.10/site-packages/drive_rob-0.0.0-py3.10.egg-info
[2.763s] running install_scripts
[2.798s] Installing turtle_heart script to /home/philnoc/ezmr_ws/install/drive_rob/lib/drive_rob
[2.800s] Installing turtle_square script to /home/philnoc/ezmr_ws/install/drive_rob/lib/drive_rob
[2.802s] writing list of installed files to '/home/philnoc/ezmr_ws/build/drive_rob/install.log'
[3.265s] Invoked command in '/home/philnoc/ezmr_ws/src/drive_rob' returned '0': PYTHONPATH=/home/philnoc/ezmr_ws/build/drive_rob/prefix_override:/usr/lib/python3/dist-packages/colcon_core/task/python/colcon_distutils_commands:/home/philnoc/ezmr_ws/install/drive_rob/lib/python3.10/site-packages:${PYTHONPATH} /usr/bin/python3 -W ignore:setup.py install is deprecated -W ignore:easy_install command is deprecated setup.py egg_info --egg-base ../../build/drive_rob build --build-base /home/philnoc/ezmr_ws/build/drive_rob/build install --record /home/philnoc/ezmr_ws/build/drive_rob/install.log --single-version-externally-managed install_data
