[0.678s] Invoking command in '/home/leobots/Desktop/Phil_MB_prak/prak_ws/src/phil_turtlebot': PYTHONPATH=/home/leobots/Desktop/Phil_MB_prak/prak_ws/build/phil_turtlebot/prefix_override:/usr/lib/python3/dist-packages/colcon_core/task/python/colcon_distutils_commands:/home/leobots/Desktop/Phil_MB_prak/prak_ws/install/phil_turtlebot/lib/python3.10/site-packages:${PYTHONPATH} /usr/bin/python3 -W ignore:setup.py install is deprecated setup.py egg_info --egg-base ../../build/phil_turtlebot build --build-base /home/leobots/Desktop/Phil_MB_prak/prak_ws/build/phil_turtlebot/build install --record /home/leobots/Desktop/Phil_MB_prak/prak_ws/build/phil_turtlebot/install.log --single-version-externally-managed install_data
[0.944s] running egg_info
[0.945s] writing ../../build/phil_turtlebot/phil_turtlebot.egg-info/PKG-INFO
[0.945s] writing dependency_links to ../../build/phil_turtlebot/phil_turtlebot.egg-info/dependency_links.txt
[0.945s] writing entry points to ../../build/phil_turtlebot/phil_turtlebot.egg-info/entry_points.txt
[0.946s] writing requirements to ../../build/phil_turtlebot/phil_turtlebot.egg-info/requires.txt
[0.946s] writing top-level names to ../../build/phil_turtlebot/phil_turtlebot.egg-info/top_level.txt
[0.947s] reading manifest file '../../build/phil_turtlebot/phil_turtlebot.egg-info/SOURCES.txt'
[0.948s] adding license file 'LICENSE'
[0.949s] writing manifest file '../../build/phil_turtlebot/phil_turtlebot.egg-info/SOURCES.txt'
[0.949s] running build
[0.949s] running build_py
[0.949s] copying phil_turtlebot/nav_map.py -> /home/leobots/Desktop/Phil_MB_prak/prak_ws/build/phil_turtlebot/build/lib/phil_turtlebot
[0.949s] running install
[0.950s] running install_lib
[0.950s] copying /home/leobots/Desktop/Phil_MB_prak/prak_ws/build/phil_turtlebot/build/lib/phil_turtlebot/nav_map.py -> /home/leobots/Desktop/Phil_MB_prak/prak_ws/install/phil_turtlebot/lib/python3.10/site-packages/phil_turtlebot
[0.951s] byte-compiling /home/leobots/Desktop/Phil_MB_prak/prak_ws/install/phil_turtlebot/lib/python3.10/site-packages/phil_turtlebot/nav_map.py to nav_map.cpython-310.pyc
[0.951s] running install_data
[0.952s] running install_egg_info
[0.953s] removing '/home/leobots/Desktop/Phil_MB_prak/prak_ws/install/phil_turtlebot/lib/python3.10/site-packages/phil_turtlebot-0.0.0-py3.10.egg-info' (and everything under it)
[0.954s] Copying ../../build/phil_turtlebot/phil_turtlebot.egg-info to /home/leobots/Desktop/Phil_MB_prak/prak_ws/install/phil_turtlebot/lib/python3.10/site-packages/phil_turtlebot-0.0.0-py3.10.egg-info
[0.954s] running install_scripts
[0.973s] Installing navmap script to /home/leobots/Desktop/Phil_MB_prak/prak_ws/install/phil_turtlebot/lib/phil_turtlebot
[0.973s] writing list of installed files to '/home/leobots/Desktop/Phil_MB_prak/prak_ws/build/phil_turtlebot/install.log'
[0.995s] Invoked command in '/home/leobots/Desktop/Phil_MB_prak/prak_ws/src/phil_turtlebot' returned '0': PYTHONPATH=/home/leobots/Desktop/Phil_MB_prak/prak_ws/build/phil_turtlebot/prefix_override:/usr/lib/python3/dist-packages/colcon_core/task/python/colcon_distutils_commands:/home/leobots/Desktop/Phil_MB_prak/prak_ws/install/phil_turtlebot/lib/python3.10/site-packages:${PYTHONPATH} /usr/bin/python3 -W ignore:setup.py install is deprecated setup.py egg_info --egg-base ../../build/phil_turtlebot build --build-base /home/leobots/Desktop/Phil_MB_prak/prak_ws/build/phil_turtlebot/build install --record /home/leobots/Desktop/Phil_MB_prak/prak_ws/build/phil_turtlebot/install.log --single-version-externally-managed install_data
