[0.754s] Invoking command in '/home/philnoc/ezmr_ws/src/drive_rob': PYTHONPATH=/home/philnoc/ezmr_ws/build/drive_rob/prefix_override:/usr/lib/python3/dist-packages/colcon_core/task/python/colcon_distutils_commands:/home/philnoc/ezmr_ws/install/drive_rob/lib/python3.10/site-packages:${PYTHONPATH} /usr/bin/python3 -W ignore:setup.py install is deprecated -W ignore:easy_install command is deprecated setup.py egg_info --egg-base ../../build/drive_rob build --build-base /home/philnoc/ezmr_ws/build/drive_rob/build install --record /home/philnoc/ezmr_ws/build/drive_rob/install.log --single-version-externally-managed install_data
[1.028s] running egg_info
[1.029s] writing ../../build/drive_rob/drive_rob.egg-info/PKG-INFO
[1.030s] writing dependency_links to ../../build/drive_rob/drive_rob.egg-info/dependency_links.txt
[1.030s] writing entry points to ../../build/drive_rob/drive_rob.egg-info/entry_points.txt
[1.030s] writing requirements to ../../build/drive_rob/drive_rob.egg-info/requires.txt
[1.030s] writing top-level names to ../../build/drive_rob/drive_rob.egg-info/top_level.txt
[1.033s] reading manifest file '../../build/drive_rob/drive_rob.egg-info/SOURCES.txt'
[1.033s] adding license file 'LICENSE'
[1.034s] writing manifest file '../../build/drive_rob/drive_rob.egg-info/SOURCES.txt'
[1.034s] running build
[1.035s] running build_py
[1.035s] running install
[1.036s] running install_lib
[1.037s] byte-compiling /home/philnoc/ezmr_ws/install/drive_rob/lib/python3.10/site-packages/drive_rob/robot_square1.py to robot_square1.cpython-310.pyc
[1.037s]   File "/home/philnoc/ezmr_ws/install/drive_rob/lib/python3.10/site-packages/drive_rob/robot_square1.py", line 18
[1.037s]     			if self.loopcount=4:
[1.037s]     			   ^^^^^^^^^^^^^^
[1.037s] SyntaxError: cannot assign to attribute here. Maybe you meant '==' instead of '='?
[1.037s] 
[1.038s] running install_data
[1.038s] running install_egg_info
[1.042s] removing '/home/philnoc/ezmr_ws/install/drive_rob/lib/python3.10/site-packages/drive_rob-0.0.0-py3.10.egg-info' (and everything under it)
[1.043s] Copying ../../build/drive_rob/drive_rob.egg-info to /home/philnoc/ezmr_ws/install/drive_rob/lib/python3.10/site-packages/drive_rob-0.0.0-py3.10.egg-info
[1.044s] running install_scripts
[1.069s] Installing turtle_heart script to /home/philnoc/ezmr_ws/install/drive_rob/lib/drive_rob
[1.069s] Installing turtle_square script to /home/philnoc/ezmr_ws/install/drive_rob/lib/drive_rob
[1.069s] Installing turtle_square1 script to /home/philnoc/ezmr_ws/install/drive_rob/lib/drive_rob
[1.070s] writing list of installed files to '/home/philnoc/ezmr_ws/build/drive_rob/install.log'
[1.111s] Invoked command in '/home/philnoc/ezmr_ws/src/drive_rob' returned '0': PYTHONPATH=/home/philnoc/ezmr_ws/build/drive_rob/prefix_override:/usr/lib/python3/dist-packages/colcon_core/task/python/colcon_distutils_commands:/home/philnoc/ezmr_ws/install/drive_rob/lib/python3.10/site-packages:${PYTHONPATH} /usr/bin/python3 -W ignore:setup.py install is deprecated -W ignore:easy_install command is deprecated setup.py egg_info --egg-base ../../build/drive_rob build --build-base /home/philnoc/ezmr_ws/build/drive_rob/build install --record /home/philnoc/ezmr_ws/build/drive_rob/install.log --single-version-externally-managed install_data
