running egg_info
creating ../../build/phil_turtlebot/phil_turtlebot.egg-info
writing ../../build/phil_turtlebot/phil_turtlebot.egg-info/PKG-INFO
writing dependency_links to ../../build/phil_turtlebot/phil_turtlebot.egg-info/dependency_links.txt
writing entry points to ../../build/phil_turtlebot/phil_turtlebot.egg-info/entry_points.txt
writing requirements to ../../build/phil_turtlebot/phil_turtlebot.egg-info/requires.txt
writing top-level names to ../../build/phil_turtlebot/phil_turtlebot.egg-info/top_level.txt
writing manifest file '../../build/phil_turtlebot/phil_turtlebot.egg-info/SOURCES.txt'
reading manifest file '../../build/phil_turtlebot/phil_turtlebot.egg-info/SOURCES.txt'
adding license file 'LICENSE'
writing manifest file '../../build/phil_turtlebot/phil_turtlebot.egg-info/SOURCES.txt'
running build
running build_py
creating /home/leobots/Desktop/Phil_MB_prak/prak_ws/build/phil_turtlebot/build
creating /home/leobots/Desktop/Phil_MB_prak/prak_ws/build/phil_turtlebot/build/lib
creating /home/leobots/Desktop/Phil_MB_prak/prak_ws/build/phil_turtlebot/build/lib/phil_turtlebot
copying phil_turtlebot/__init__.py -> /home/leobots/Desktop/Phil_MB_prak/prak_ws/build/phil_turtlebot/build/lib/phil_turtlebot
copying phil_turtlebot/nav_map.py -> /home/leobots/Desktop/Phil_MB_prak/prak_ws/build/phil_turtlebot/build/lib/phil_turtlebot
running install
running install_lib
creating /home/leobots/Desktop/Phil_MB_prak/prak_ws/install/phil_turtlebot/lib/python3.10/site-packages/phil_turtlebot
copying /home/leobots/Desktop/Phil_MB_prak/prak_ws/build/phil_turtlebot/build/lib/phil_turtlebot/__init__.py -> /home/leobots/Desktop/Phil_MB_prak/prak_ws/install/phil_turtlebot/lib/python3.10/site-packages/phil_turtlebot
copying /home/leobots/Desktop/Phil_MB_prak/prak_ws/build/phil_turtlebot/build/lib/phil_turtlebot/nav_map.py -> /home/leobots/Desktop/Phil_MB_prak/prak_ws/install/phil_turtlebot/lib/python3.10/site-packages/phil_turtlebot
byte-compiling /home/leobots/Desktop/Phil_MB_prak/prak_ws/install/phil_turtlebot/lib/python3.10/site-packages/phil_turtlebot/__init__.py to __init__.cpython-310.pyc
byte-compiling /home/leobots/Desktop/Phil_MB_prak/prak_ws/install/phil_turtlebot/lib/python3.10/site-packages/phil_turtlebot/nav_map.py to nav_map.cpython-310.pyc
running install_data
creating /home/leobots/Desktop/Phil_MB_prak/prak_ws/install/phil_turtlebot/share/ament_index
creating /home/leobots/Desktop/Phil_MB_prak/prak_ws/install/phil_turtlebot/share/ament_index/resource_index
creating /home/leobots/Desktop/Phil_MB_prak/prak_ws/install/phil_turtlebot/share/ament_index/resource_index/packages
copying resource/phil_turtlebot -> /home/leobots/Desktop/Phil_MB_prak/prak_ws/install/phil_turtlebot/share/ament_index/resource_index/packages
copying package.xml -> /home/leobots/Desktop/Phil_MB_prak/prak_ws/install/phil_turtlebot/share/phil_turtlebot
running install_egg_info
Copying ../../build/phil_turtlebot/phil_turtlebot.egg-info to /home/leobots/Desktop/Phil_MB_prak/prak_ws/install/phil_turtlebot/lib/python3.10/site-packages/phil_turtlebot-0.0.0-py3.10.egg-info
running install_scripts
Installing navmap script to /home/leobots/Desktop/Phil_MB_prak/prak_ws/install/phil_turtlebot/lib/phil_turtlebot
writing list of installed files to '/home/leobots/Desktop/Phil_MB_prak/prak_ws/build/phil_turtlebot/install.log'
