running egg_info
writing ../../build/phil_turtlebot/phil_turtlebot.egg-info/PKG-INFO
writing dependency_links to ../../build/phil_turtlebot/phil_turtlebot.egg-info/dependency_links.txt
writing entry points to ../../build/phil_turtlebot/phil_turtlebot.egg-info/entry_points.txt
writing requirements to ../../build/phil_turtlebot/phil_turtlebot.egg-info/requires.txt
writing top-level names to ../../build/phil_turtlebot/phil_turtlebot.egg-info/top_level.txt
reading manifest file '../../build/phil_turtlebot/phil_turtlebot.egg-info/SOURCES.txt'
adding license file 'LICENSE'
writing manifest file '../../build/phil_turtlebot/phil_turtlebot.egg-info/SOURCES.txt'
running build
running build_py
running install
running install_lib
byte-compiling /home/leobots/Desktop/Phil_MB_prak/prak_ws/install/phil_turtlebot/lib/python3.10/site-packages/phil_turtlebot/spinn.py to spinn.cpython-310.pyc
byte-compiling /home/leobots/Desktop/Phil_MB_prak/prak_ws/install/phil_turtlebot/lib/python3.10/site-packages/phil_turtlebot/detect_obj.py to detect_obj.cpython-310.pyc
running install_data
running install_egg_info
removing '/home/leobots/Desktop/Phil_MB_prak/prak_ws/install/phil_turtlebot/lib/python3.10/site-packages/phil_turtlebot-0.0.0-py3.10.egg-info' (and everything under it)
Copying ../../build/phil_turtlebot/phil_turtlebot.egg-info to /home/leobots/Desktop/Phil_MB_prak/prak_ws/install/phil_turtlebot/lib/python3.10/site-packages/phil_turtlebot-0.0.0-py3.10.egg-info
running install_scripts
Installing camPos script to /home/leobots/Desktop/Phil_MB_prak/prak_ws/install/phil_turtlebot/lib/phil_turtlebot
Installing detect script to /home/leobots/Desktop/Phil_MB_prak/prak_ws/install/phil_turtlebot/lib/phil_turtlebot
Installing navmap script to /home/leobots/Desktop/Phil_MB_prak/prak_ws/install/phil_turtlebot/lib/phil_turtlebot
Installing oneIMG script to /home/leobots/Desktop/Phil_MB_prak/prak_ws/install/phil_turtlebot/lib/phil_turtlebot
Installing rotate script to /home/leobots/Desktop/Phil_MB_prak/prak_ws/install/phil_turtlebot/lib/phil_turtlebot
Installing turtlebot script to /home/leobots/Desktop/Phil_MB_prak/prak_ws/install/phil_turtlebot/lib/phil_turtlebot
writing list of installed files to '/home/leobots/Desktop/Phil_MB_prak/prak_ws/build/phil_turtlebot/install.log'
