[0.689s] Invoking command in '/home/leobots/Desktop/Phil_MB_prak/prak_ws/src/phil_turtlebot': PYTHONPATH=/home/leobots/Desktop/Phil_MB_prak/prak_ws/build/phil_turtlebot/prefix_override:/usr/lib/python3/dist-packages/colcon_core/task/python/colcon_distutils_commands:/home/leobots/Desktop/Phil_MB_prak/prak_ws/install/phil_turtlebot/lib/python3.10/site-packages:${PYTHONPATH} /usr/bin/python3 -W ignore:setup.py install is deprecated setup.py egg_info --egg-base ../../build/phil_turtlebot build --build-base /home/leobots/Desktop/Phil_MB_prak/prak_ws/build/phil_turtlebot/build install --record /home/leobots/Desktop/Phil_MB_prak/prak_ws/build/phil_turtlebot/install.log --single-version-externally-managed install_data
[0.965s] running egg_info
[0.965s] writing ../../build/phil_turtlebot/phil_turtlebot.egg-info/PKG-INFO
[0.965s] writing dependency_links to ../../build/phil_turtlebot/phil_turtlebot.egg-info/dependency_links.txt
[0.966s] writing entry points to ../../build/phil_turtlebot/phil_turtlebot.egg-info/entry_points.txt
[0.966s] writing requirements to ../../build/phil_turtlebot/phil_turtlebot.egg-info/requires.txt
[0.966s] writing top-level names to ../../build/phil_turtlebot/phil_turtlebot.egg-info/top_level.txt
[0.968s] reading manifest file '../../build/phil_turtlebot/phil_turtlebot.egg-info/SOURCES.txt'
[0.968s] adding license file 'LICENSE'
[0.969s] writing manifest file '../../build/phil_turtlebot/phil_turtlebot.egg-info/SOURCES.txt'
[0.969s] running build
[0.969s] running build_py
[0.970s] running install
[0.970s] running install_lib
[0.971s] byte-compiling /home/leobots/Desktop/Phil_MB_prak/prak_ws/install/phil_turtlebot/lib/python3.10/site-packages/phil_turtlebot/spinn.py to spinn.cpython-310.pyc
[0.972s] byte-compiling /home/leobots/Desktop/Phil_MB_prak/prak_ws/install/phil_turtlebot/lib/python3.10/site-packages/phil_turtlebot/detect_obj.py to detect_obj.cpython-310.pyc
[0.972s] running install_data
[0.973s] running install_egg_info
[0.974s] removing '/home/leobots/Desktop/Phil_MB_prak/prak_ws/install/phil_turtlebot/lib/python3.10/site-packages/phil_turtlebot-0.0.0-py3.10.egg-info' (and everything under it)
[0.974s] Copying ../../build/phil_turtlebot/phil_turtlebot.egg-info to /home/leobots/Desktop/Phil_MB_prak/prak_ws/install/phil_turtlebot/lib/python3.10/site-packages/phil_turtlebot-0.0.0-py3.10.egg-info
[0.975s] running install_scripts
[0.994s] Installing camPos script to /home/leobots/Desktop/Phil_MB_prak/prak_ws/install/phil_turtlebot/lib/phil_turtlebot
[0.994s] Installing detect script to /home/leobots/Desktop/Phil_MB_prak/prak_ws/install/phil_turtlebot/lib/phil_turtlebot
[0.994s] Installing navmap script to /home/leobots/Desktop/Phil_MB_prak/prak_ws/install/phil_turtlebot/lib/phil_turtlebot
[0.994s] Installing oneIMG script to /home/leobots/Desktop/Phil_MB_prak/prak_ws/install/phil_turtlebot/lib/phil_turtlebot
[0.994s] Installing rotate script to /home/leobots/Desktop/Phil_MB_prak/prak_ws/install/phil_turtlebot/lib/phil_turtlebot
[0.994s] Installing turtlebot script to /home/leobots/Desktop/Phil_MB_prak/prak_ws/install/phil_turtlebot/lib/phil_turtlebot
[0.995s] writing list of installed files to '/home/leobots/Desktop/Phil_MB_prak/prak_ws/build/phil_turtlebot/install.log'
[1.019s] Invoked command in '/home/leobots/Desktop/Phil_MB_prak/prak_ws/src/phil_turtlebot' returned '0': PYTHONPATH=/home/leobots/Desktop/Phil_MB_prak/prak_ws/build/phil_turtlebot/prefix_override:/usr/lib/python3/dist-packages/colcon_core/task/python/colcon_distutils_commands:/home/leobots/Desktop/Phil_MB_prak/prak_ws/install/phil_turtlebot/lib/python3.10/site-packages:${PYTHONPATH} /usr/bin/python3 -W ignore:setup.py install is deprecated setup.py egg_info --egg-base ../../build/phil_turtlebot build --build-base /home/leobots/Desktop/Phil_MB_prak/prak_ws/build/phil_turtlebot/build install --record /home/leobots/Desktop/Phil_MB_prak/prak_ws/build/phil_turtlebot/install.log --single-version-externally-managed install_data
