[0.319s] DEBUG:colcon:Command line arguments: ['/usr/bin/colcon', 'build', '--packages-select', 'sensors_add']
[0.319s] DEBUG:colcon:Parsed command line arguments: Namespace(log_base=None, log_level=None, verb_name='build', build_base='build', install_base='install', merge_install=False, symlink_install=False, test_result_base=None, continue_on_error=False, executor='parallel', parallel_workers=4, event_handlers=None, ignore_user_meta=False, metas=['./colcon.meta'], base_paths=['.'], packages_ignore=None, packages_ignore_regex=None, paths=None, packages_up_to=None, packages_up_to_regex=None, packages_above=None, packages_above_and_dependencies=None, packages_above_depth=None, packages_select_by_dep=None, packages_skip_by_dep=None, packages_skip_up_to=None, packages_select_build_failed=False, packages_skip_build_finished=False, packages_select_test_failures=False, packages_skip_test_passed=False, packages_select=['sensors_add'], packages_skip=None, packages_select_regex=None, packages_skip_regex=None, packages_start=None, packages_end=None, allow_overriding=[], cmake_args=None, cmake_target=None, cmake_target_skip_unavailable=False, cmake_clean_cache=False, cmake_clean_first=False, cmake_force_configure=False, ament_cmake_args=None, catkin_cmake_args=None, catkin_skip_building_tests=False, mixin_files=None, mixin=None, verb_parser=<colcon_mixin.mixin.mixin_argument.MixinArgumentDecorator object at 0x70a1046491e0>, verb_extension=<colcon_core.verb.build.BuildVerb object at 0x70a104648c10>, main=<bound method BuildVerb.main of <colcon_core.verb.build.BuildVerb object at 0x70a104648c10>>, mixin_verb=('build',))
[0.759s] Level 1:colcon.colcon_core.package_discovery:discover_packages(colcon_meta) check parameters
[0.759s] Level 1:colcon.colcon_core.package_discovery:discover_packages(recursive) check parameters
[0.759s] Level 1:colcon.colcon_core.package_discovery:discover_packages(ignore) check parameters
[0.759s] Level 1:colcon.colcon_core.package_discovery:discover_packages(path) check parameters
[0.759s] Level 1:colcon.colcon_core.package_discovery:discover_packages(colcon_meta) discover
[0.759s] Level 1:colcon.colcon_core.package_discovery:discover_packages(recursive) discover
[0.759s] INFO:colcon.colcon_core.package_discovery:Crawling recursively for packages in '/home/philnoc/ezmr_ws'
[0.759s] Level 1:colcon.colcon_core.package_identification:_identify(.) by extensions ['ignore', 'ignore_ament_install']
[0.760s] Level 1:colcon.colcon_core.package_identification:_identify(.) by extension 'ignore'
[0.760s] Level 1:colcon.colcon_core.package_identification:_identify(.) by extension 'ignore_ament_install'
[0.760s] Level 1:colcon.colcon_core.package_identification:_identify(.) by extensions ['colcon_pkg']
[0.760s] Level 1:colcon.colcon_core.package_identification:_identify(.) by extension 'colcon_pkg'
[0.760s] Level 1:colcon.colcon_core.package_identification:_identify(.) by extensions ['colcon_meta']
[0.760s] Level 1:colcon.colcon_core.package_identification:_identify(.) by extension 'colcon_meta'
[0.760s] Level 1:colcon.colcon_core.package_identification:_identify(.) by extensions ['ros']
[0.760s] Level 1:colcon.colcon_core.package_identification:_identify(.) by extension 'ros'
[0.778s] Level 1:colcon.colcon_core.package_identification:_identify(.) by extensions ['cmake', 'python']
[0.778s] Level 1:colcon.colcon_core.package_identification:_identify(.) by extension 'cmake'
[0.778s] Level 1:colcon.colcon_core.package_identification:_identify(.) by extension 'python'
[0.778s] Level 1:colcon.colcon_core.package_identification:_identify(.) by extensions ['python_setup_py']
[0.778s] Level 1:colcon.colcon_core.package_identification:_identify(.) by extension 'python_setup_py'
[0.779s] Level 1:colcon.colcon_core.package_identification:_identify(build) by extensions ['ignore', 'ignore_ament_install']
[0.779s] Level 1:colcon.colcon_core.package_identification:_identify(build) by extension 'ignore'
[0.779s] Level 1:colcon.colcon_core.package_identification:_identify(build) ignored
[0.779s] Level 1:colcon.colcon_core.package_identification:_identify(install) by extensions ['ignore', 'ignore_ament_install']
[0.779s] Level 1:colcon.colcon_core.package_identification:_identify(install) by extension 'ignore'
[0.779s] Level 1:colcon.colcon_core.package_identification:_identify(install) ignored
[0.779s] Level 1:colcon.colcon_core.package_identification:_identify(log) by extensions ['ignore', 'ignore_ament_install']
[0.779s] Level 1:colcon.colcon_core.package_identification:_identify(log) by extension 'ignore'
[0.779s] Level 1:colcon.colcon_core.package_identification:_identify(log) ignored
[0.779s] Level 1:colcon.colcon_core.package_identification:_identify(src) by extensions ['ignore', 'ignore_ament_install']
[0.780s] Level 1:colcon.colcon_core.package_identification:_identify(src) by extension 'ignore'
[0.780s] Level 1:colcon.colcon_core.package_identification:_identify(src) by extension 'ignore_ament_install'
[0.780s] Level 1:colcon.colcon_core.package_identification:_identify(src) by extensions ['colcon_pkg']
[0.780s] Level 1:colcon.colcon_core.package_identification:_identify(src) by extension 'colcon_pkg'
[0.780s] Level 1:colcon.colcon_core.package_identification:_identify(src) by extensions ['colcon_meta']
[0.780s] Level 1:colcon.colcon_core.package_identification:_identify(src) by extension 'colcon_meta'
[0.780s] Level 1:colcon.colcon_core.package_identification:_identify(src) by extensions ['ros']
[0.780s] Level 1:colcon.colcon_core.package_identification:_identify(src) by extension 'ros'
[0.780s] Level 1:colcon.colcon_core.package_identification:_identify(src) by extensions ['cmake', 'python']
[0.780s] Level 1:colcon.colcon_core.package_identification:_identify(src) by extension 'cmake'
[0.780s] Level 1:colcon.colcon_core.package_identification:_identify(src) by extension 'python'
[0.780s] Level 1:colcon.colcon_core.package_identification:_identify(src) by extensions ['python_setup_py']
[0.780s] Level 1:colcon.colcon_core.package_identification:_identify(src) by extension 'python_setup_py'
[0.780s] Level 1:colcon.colcon_core.package_identification:_identify(src/drive_rob) by extensions ['ignore', 'ignore_ament_install']
[0.780s] Level 1:colcon.colcon_core.package_identification:_identify(src/drive_rob) by extension 'ignore'
[0.780s] Level 1:colcon.colcon_core.package_identification:_identify(src/drive_rob) by extension 'ignore_ament_install'
[0.780s] Level 1:colcon.colcon_core.package_identification:_identify(src/drive_rob) by extensions ['colcon_pkg']
[0.780s] Level 1:colcon.colcon_core.package_identification:_identify(src/drive_rob) by extension 'colcon_pkg'
[0.780s] Level 1:colcon.colcon_core.package_identification:_identify(src/drive_rob) by extensions ['colcon_meta']
[0.781s] Level 1:colcon.colcon_core.package_identification:_identify(src/drive_rob) by extension 'colcon_meta'
[0.781s] Level 1:colcon.colcon_core.package_identification:_identify(src/drive_rob) by extensions ['ros']
[0.781s] Level 1:colcon.colcon_core.package_identification:_identify(src/drive_rob) by extension 'ros'
[0.788s] DEBUG:colcon.colcon_core.package_identification:Package 'src/drive_rob' with type 'ros.ament_python' and name 'drive_rob'
[0.788s] Level 1:colcon.colcon_core.package_identification:_identify(src/phil_pkg) by extensions ['ignore', 'ignore_ament_install']
[0.788s] Level 1:colcon.colcon_core.package_identification:_identify(src/phil_pkg) by extension 'ignore'
[0.788s] Level 1:colcon.colcon_core.package_identification:_identify(src/phil_pkg) by extension 'ignore_ament_install'
[0.788s] Level 1:colcon.colcon_core.package_identification:_identify(src/phil_pkg) by extensions ['colcon_pkg']
[0.788s] Level 1:colcon.colcon_core.package_identification:_identify(src/phil_pkg) by extension 'colcon_pkg'
[0.788s] Level 1:colcon.colcon_core.package_identification:_identify(src/phil_pkg) by extensions ['colcon_meta']
[0.788s] Level 1:colcon.colcon_core.package_identification:_identify(src/phil_pkg) by extension 'colcon_meta'
[0.788s] Level 1:colcon.colcon_core.package_identification:_identify(src/phil_pkg) by extensions ['ros']
[0.788s] Level 1:colcon.colcon_core.package_identification:_identify(src/phil_pkg) by extension 'ros'
[0.790s] DEBUG:colcon.colcon_core.package_identification:Package 'src/phil_pkg' with type 'ros.ament_python' and name 'phil_pkg'
[0.790s] Level 1:colcon.colcon_core.package_identification:_identify(src/py_pubsub_phil) by extensions ['ignore', 'ignore_ament_install']
[0.790s] Level 1:colcon.colcon_core.package_identification:_identify(src/py_pubsub_phil) by extension 'ignore'
[0.790s] Level 1:colcon.colcon_core.package_identification:_identify(src/py_pubsub_phil) by extension 'ignore_ament_install'
[0.790s] Level 1:colcon.colcon_core.package_identification:_identify(src/py_pubsub_phil) by extensions ['colcon_pkg']
[0.790s] Level 1:colcon.colcon_core.package_identification:_identify(src/py_pubsub_phil) by extension 'colcon_pkg'
[0.790s] Level 1:colcon.colcon_core.package_identification:_identify(src/py_pubsub_phil) by extensions ['colcon_meta']
[0.790s] Level 1:colcon.colcon_core.package_identification:_identify(src/py_pubsub_phil) by extension 'colcon_meta'
[0.791s] Level 1:colcon.colcon_core.package_identification:_identify(src/py_pubsub_phil) by extensions ['ros']
[0.791s] Level 1:colcon.colcon_core.package_identification:_identify(src/py_pubsub_phil) by extension 'ros'
[0.792s] DEBUG:colcon.colcon_core.package_identification:Package 'src/py_pubsub_phil' with type 'ros.ament_python' and name 'py_pubsub_phil'
[0.792s] Level 1:colcon.colcon_core.package_identification:_identify(src/ros_tutorials) by extensions ['ignore', 'ignore_ament_install']
[0.792s] Level 1:colcon.colcon_core.package_identification:_identify(src/ros_tutorials) by extension 'ignore'
[0.792s] Level 1:colcon.colcon_core.package_identification:_identify(src/ros_tutorials) by extension 'ignore_ament_install'
[0.792s] Level 1:colcon.colcon_core.package_identification:_identify(src/ros_tutorials) by extensions ['colcon_pkg']
[0.792s] Level 1:colcon.colcon_core.package_identification:_identify(src/ros_tutorials) by extension 'colcon_pkg'
[0.793s] Level 1:colcon.colcon_core.package_identification:_identify(src/ros_tutorials) by extensions ['colcon_meta']
[0.793s] Level 1:colcon.colcon_core.package_identification:_identify(src/ros_tutorials) by extension 'colcon_meta'
[0.793s] Level 1:colcon.colcon_core.package_identification:_identify(src/ros_tutorials) by extensions ['ros']
[0.793s] Level 1:colcon.colcon_core.package_identification:_identify(src/ros_tutorials) by extension 'ros'
[0.793s] Level 1:colcon.colcon_core.package_identification:_identify(src/ros_tutorials) by extensions ['cmake', 'python']
[0.793s] Level 1:colcon.colcon_core.package_identification:_identify(src/ros_tutorials) by extension 'cmake'
[0.793s] Level 1:colcon.colcon_core.package_identification:_identify(src/ros_tutorials) by extension 'python'
[0.793s] Level 1:colcon.colcon_core.package_identification:_identify(src/ros_tutorials) by extensions ['python_setup_py']
[0.793s] Level 1:colcon.colcon_core.package_identification:_identify(src/ros_tutorials) by extension 'python_setup_py'
[0.794s] Level 1:colcon.colcon_core.package_identification:_identify(src/ros_tutorials/ros_tutorials) by extensions ['ignore', 'ignore_ament_install']
[0.794s] Level 1:colcon.colcon_core.package_identification:_identify(src/ros_tutorials/ros_tutorials) by extension 'ignore'
[0.794s] Level 1:colcon.colcon_core.package_identification:_identify(src/ros_tutorials/ros_tutorials) ignored
[0.795s] Level 1:colcon.colcon_core.package_identification:_identify(src/ros_tutorials/roscpp_tutorials) by extensions ['ignore', 'ignore_ament_install']
[0.796s] Level 1:colcon.colcon_core.package_identification:_identify(src/ros_tutorials/roscpp_tutorials) by extension 'ignore'
[0.796s] Level 1:colcon.colcon_core.package_identification:_identify(src/ros_tutorials/roscpp_tutorials) ignored
[0.796s] Level 1:colcon.colcon_core.package_identification:_identify(src/ros_tutorials/rospy_tutorials) by extensions ['ignore', 'ignore_ament_install']
[0.796s] Level 1:colcon.colcon_core.package_identification:_identify(src/ros_tutorials/rospy_tutorials) by extension 'ignore'
[0.797s] Level 1:colcon.colcon_core.package_identification:_identify(src/ros_tutorials/rospy_tutorials) ignored
[0.798s] Level 1:colcon.colcon_core.package_identification:_identify(src/ros_tutorials/turtlesim) by extensions ['ignore', 'ignore_ament_install']
[0.799s] Level 1:colcon.colcon_core.package_identification:_identify(src/ros_tutorials/turtlesim) by extension 'ignore'
[0.799s] Level 1:colcon.colcon_core.package_identification:_identify(src/ros_tutorials/turtlesim) by extension 'ignore_ament_install'
[0.799s] Level 1:colcon.colcon_core.package_identification:_identify(src/ros_tutorials/turtlesim) by extensions ['colcon_pkg']
[0.799s] Level 1:colcon.colcon_core.package_identification:_identify(src/ros_tutorials/turtlesim) by extension 'colcon_pkg'
[0.799s] Level 1:colcon.colcon_core.package_identification:_identify(src/ros_tutorials/turtlesim) by extensions ['colcon_meta']
[0.799s] Level 1:colcon.colcon_core.package_identification:_identify(src/ros_tutorials/turtlesim) by extension 'colcon_meta'
[0.799s] Level 1:colcon.colcon_core.package_identification:_identify(src/ros_tutorials/turtlesim) by extensions ['ros']
[0.799s] Level 1:colcon.colcon_core.package_identification:_identify(src/ros_tutorials/turtlesim) by extension 'ros'
[0.802s] DEBUG:colcon.colcon_core.package_identification:Package 'src/ros_tutorials/turtlesim' with type 'ros.ament_cmake' and name 'turtlesim'
[0.802s] Level 1:colcon.colcon_core.package_identification:_identify(src/sensors_add) by extensions ['ignore', 'ignore_ament_install']
[0.802s] Level 1:colcon.colcon_core.package_identification:_identify(src/sensors_add) by extension 'ignore'
[0.802s] Level 1:colcon.colcon_core.package_identification:_identify(src/sensors_add) by extension 'ignore_ament_install'
[0.802s] Level 1:colcon.colcon_core.package_identification:_identify(src/sensors_add) by extensions ['colcon_pkg']
[0.802s] Level 1:colcon.colcon_core.package_identification:_identify(src/sensors_add) by extension 'colcon_pkg'
[0.802s] Level 1:colcon.colcon_core.package_identification:_identify(src/sensors_add) by extensions ['colcon_meta']
[0.802s] Level 1:colcon.colcon_core.package_identification:_identify(src/sensors_add) by extension 'colcon_meta'
[0.802s] Level 1:colcon.colcon_core.package_identification:_identify(src/sensors_add) by extensions ['ros']
[0.802s] Level 1:colcon.colcon_core.package_identification:_identify(src/sensors_add) by extension 'ros'
[0.804s] DEBUG:colcon.colcon_core.package_identification:Package 'src/sensors_add' with type 'ros.ament_python' and name 'sensors_add'
[0.804s] Level 1:colcon.colcon_core.package_discovery:discover_packages(recursive) using defaults
[0.804s] Level 1:colcon.colcon_core.package_discovery:discover_packages(ignore) discover
[0.804s] Level 1:colcon.colcon_core.package_discovery:discover_packages(ignore) using defaults
[0.804s] Level 1:colcon.colcon_core.package_discovery:discover_packages(path) discover
[0.804s] Level 1:colcon.colcon_core.package_discovery:discover_packages(path) using defaults
[0.864s] INFO:colcon.colcon_core.package_selection:Skipping not selected package 'drive_rob' in 'src/drive_rob'
[0.864s] INFO:colcon.colcon_core.package_selection:Skipping not selected package 'phil_pkg' in 'src/phil_pkg'
[0.864s] INFO:colcon.colcon_core.package_selection:Skipping not selected package 'py_pubsub_phil' in 'src/py_pubsub_phil'
[0.864s] INFO:colcon.colcon_core.package_selection:Skipping not selected package 'turtlesim' in 'src/ros_tutorials/turtlesim'
[0.866s] Level 1:colcon.colcon_core.package_discovery:discover_packages(prefix_path) check parameters
[0.866s] Level 1:colcon.colcon_core.package_discovery:discover_packages(prefix_path) discover
[0.874s] DEBUG:colcon.colcon_installed_package_information.package_discovery:Found 271 installed packages in /opt/ros/humble
[0.876s] Level 1:colcon.colcon_core.package_discovery:discover_packages(prefix_path) using defaults
[0.929s] Level 5:colcon.colcon_core.verb:set package 'sensors_add' build argument 'cmake_args' from command line to 'None'
[0.930s] Level 5:colcon.colcon_core.verb:set package 'sensors_add' build argument 'cmake_target' from command line to 'None'
[0.930s] Level 5:colcon.colcon_core.verb:set package 'sensors_add' build argument 'cmake_target_skip_unavailable' from command line to 'False'
[0.930s] Level 5:colcon.colcon_core.verb:set package 'sensors_add' build argument 'cmake_clean_cache' from command line to 'False'
[0.930s] Level 5:colcon.colcon_core.verb:set package 'sensors_add' build argument 'cmake_clean_first' from command line to 'False'
[0.930s] Level 5:colcon.colcon_core.verb:set package 'sensors_add' build argument 'cmake_force_configure' from command line to 'False'
[0.930s] Level 5:colcon.colcon_core.verb:set package 'sensors_add' build argument 'ament_cmake_args' from command line to 'None'
[0.930s] Level 5:colcon.colcon_core.verb:set package 'sensors_add' build argument 'catkin_cmake_args' from command line to 'None'
[0.930s] Level 5:colcon.colcon_core.verb:set package 'sensors_add' build argument 'catkin_skip_building_tests' from command line to 'False'
[0.930s] DEBUG:colcon.colcon_core.verb:Building package 'sensors_add' with the following arguments: {'ament_cmake_args': None, 'build_base': '/home/philnoc/ezmr_ws/build/sensors_add', 'catkin_cmake_args': None, 'catkin_skip_building_tests': False, 'cmake_args': None, 'cmake_clean_cache': False, 'cmake_clean_first': False, 'cmake_force_configure': False, 'cmake_target': None, 'cmake_target_skip_unavailable': False, 'install_base': '/home/philnoc/ezmr_ws/install/sensors_add', 'merge_install': False, 'path': '/home/philnoc/ezmr_ws/src/sensors_add', 'symlink_install': False, 'test_result_base': None}
[0.931s] INFO:colcon.colcon_core.executor:Executing jobs using 'parallel' executor
[0.934s] DEBUG:colcon.colcon_parallel_executor.executor.parallel:run_until_complete
[0.935s] INFO:colcon.colcon_ros.task.ament_python.build:Building ROS package in '/home/philnoc/ezmr_ws/src/sensors_add' with build type 'ament_python'
[0.935s] Level 1:colcon.colcon_core.shell:create_environment_hook('sensors_add', 'ament_prefix_path')
[0.945s] INFO:colcon.colcon_core.plugin_system:Skipping extension 'colcon_core.shell.bat': Not used on non-Windows systems
[0.946s] INFO:colcon.colcon_core.shell:Creating environment hook '/home/philnoc/ezmr_ws/install/sensors_add/share/sensors_add/hook/ament_prefix_path.ps1'
[0.949s] INFO:colcon.colcon_core.shell:Creating environment descriptor '/home/philnoc/ezmr_ws/install/sensors_add/share/sensors_add/hook/ament_prefix_path.dsv'
[0.950s] INFO:colcon.colcon_core.shell:Creating environment hook '/home/philnoc/ezmr_ws/install/sensors_add/share/sensors_add/hook/ament_prefix_path.sh'
[0.952s] INFO:colcon.colcon_core.shell:Skip shell extension 'powershell' for command environment: Not usable outside of PowerShell
[0.952s] DEBUG:colcon.colcon_core.shell:Skip shell extension 'dsv' for command environment
[1.280s] INFO:colcon.colcon_core.task.python.build:Building Python package in '/home/philnoc/ezmr_ws/src/sensors_add'
[1.280s] INFO:colcon.colcon_core.shell:Skip shell extension 'powershell' for command environment: Not usable outside of PowerShell
[1.280s] DEBUG:colcon.colcon_core.shell:Skip shell extension 'dsv' for command environment
[1.814s] DEBUG:colcon.colcon_core.event_handler.log_command:Invoking command in '/home/philnoc/ezmr_ws/src/sensors_add': PYTHONPATH=/home/philnoc/ezmr_ws/build/sensors_add/prefix_override:/usr/lib/python3/dist-packages/colcon_core/task/python/colcon_distutils_commands:/home/philnoc/ezmr_ws/install/sensors_add/lib/python3.10/site-packages:${PYTHONPATH} /usr/bin/python3 -W ignore:setup.py install is deprecated -W ignore:easy_install command is deprecated setup.py egg_info --egg-base ../../build/sensors_add build --build-base /home/philnoc/ezmr_ws/build/sensors_add/build install --record /home/philnoc/ezmr_ws/build/sensors_add/install.log --single-version-externally-managed install_data
[2.208s] DEBUG:colcon.colcon_core.event_handler.log_command:Invoked command in '/home/philnoc/ezmr_ws/src/sensors_add' returned '0': PYTHONPATH=/home/philnoc/ezmr_ws/build/sensors_add/prefix_override:/usr/lib/python3/dist-packages/colcon_core/task/python/colcon_distutils_commands:/home/philnoc/ezmr_ws/install/sensors_add/lib/python3.10/site-packages:${PYTHONPATH} /usr/bin/python3 -W ignore:setup.py install is deprecated -W ignore:easy_install command is deprecated setup.py egg_info --egg-base ../../build/sensors_add build --build-base /home/philnoc/ezmr_ws/build/sensors_add/build install --record /home/philnoc/ezmr_ws/build/sensors_add/install.log --single-version-externally-managed install_data
[2.221s] Level 1:colcon.colcon_core.environment:checking '/home/philnoc/ezmr_ws/install/sensors_add' for CMake module files
[2.222s] Level 1:colcon.colcon_core.environment:checking '/home/philnoc/ezmr_ws/install/sensors_add' for CMake config files
[2.223s] Level 1:colcon.colcon_core.environment:checking '/home/philnoc/ezmr_ws/install/sensors_add/lib'
[2.223s] Level 1:colcon.colcon_core.environment:checking '/home/philnoc/ezmr_ws/install/sensors_add/bin'
[2.223s] Level 1:colcon.colcon_core.environment:checking '/home/philnoc/ezmr_ws/install/sensors_add/lib/pkgconfig/sensors_add.pc'
[2.223s] Level 1:colcon.colcon_core.environment:checking '/home/philnoc/ezmr_ws/install/sensors_add/lib/python3.10/site-packages'
[2.223s] Level 1:colcon.colcon_core.shell:create_environment_hook('sensors_add', 'pythonpath')
[2.223s] INFO:colcon.colcon_core.shell:Creating environment hook '/home/philnoc/ezmr_ws/install/sensors_add/share/sensors_add/hook/pythonpath.ps1'
[2.224s] INFO:colcon.colcon_core.shell:Creating environment descriptor '/home/philnoc/ezmr_ws/install/sensors_add/share/sensors_add/hook/pythonpath.dsv'
[2.225s] INFO:colcon.colcon_core.shell:Creating environment hook '/home/philnoc/ezmr_ws/install/sensors_add/share/sensors_add/hook/pythonpath.sh'
[2.225s] Level 1:colcon.colcon_core.environment:checking '/home/philnoc/ezmr_ws/install/sensors_add/bin'
[2.226s] Level 1:colcon.colcon_core.environment:create_environment_scripts_only(sensors_add)
[2.226s] INFO:colcon.colcon_core.shell:Creating package script '/home/philnoc/ezmr_ws/install/sensors_add/share/sensors_add/package.ps1'
[2.228s] INFO:colcon.colcon_core.shell:Creating package descriptor '/home/philnoc/ezmr_ws/install/sensors_add/share/sensors_add/package.dsv'
[2.230s] INFO:colcon.colcon_core.shell:Creating package script '/home/philnoc/ezmr_ws/install/sensors_add/share/sensors_add/package.sh'
[2.232s] INFO:colcon.colcon_core.shell:Creating package script '/home/philnoc/ezmr_ws/install/sensors_add/share/sensors_add/package.bash'
[2.234s] INFO:colcon.colcon_core.shell:Creating package script '/home/philnoc/ezmr_ws/install/sensors_add/share/sensors_add/package.zsh'
[2.236s] Level 1:colcon.colcon_core.environment:create_file_with_runtime_dependencies(/home/philnoc/ezmr_ws/install/sensors_add/share/colcon-core/packages/sensors_add)
[2.237s] DEBUG:colcon.colcon_parallel_executor.executor.parallel:closing loop
[2.237s] DEBUG:colcon.colcon_parallel_executor.executor.parallel:loop closed
[2.238s] DEBUG:colcon.colcon_parallel_executor.executor.parallel:run_until_complete finished with '0'
[2.238s] DEBUG:colcon.colcon_core.event_reactor:joining thread
[2.256s] INFO:colcon.colcon_core.plugin_system:Skipping extension 'colcon_notification.desktop_notification.terminal_notifier': Not used on non-Darwin systems
[2.257s] INFO:colcon.colcon_core.plugin_system:Skipping extension 'colcon_notification.desktop_notification.win32': Not used on non-Windows systems
[2.257s] INFO:colcon.colcon_notification.desktop_notification:Sending desktop notification using 'notify2'
[2.444s] DEBUG:colcon.colcon_core.event_reactor:joined thread
[2.445s] INFO:colcon.colcon_core.shell:Creating prefix script '/home/philnoc/ezmr_ws/install/local_setup.ps1'
[2.447s] INFO:colcon.colcon_core.shell:Creating prefix util module '/home/philnoc/ezmr_ws/install/_local_setup_util_ps1.py'
[2.450s] INFO:colcon.colcon_core.shell:Creating prefix chain script '/home/philnoc/ezmr_ws/install/setup.ps1'
[2.456s] INFO:colcon.colcon_core.shell:Creating prefix script '/home/philnoc/ezmr_ws/install/local_setup.sh'
[2.457s] INFO:colcon.colcon_core.shell:Creating prefix util module '/home/philnoc/ezmr_ws/install/_local_setup_util_sh.py'
[2.458s] INFO:colcon.colcon_core.shell:Creating prefix chain script '/home/philnoc/ezmr_ws/install/setup.sh'
[2.460s] INFO:colcon.colcon_core.shell:Creating prefix script '/home/philnoc/ezmr_ws/install/local_setup.bash'
[2.462s] INFO:colcon.colcon_core.shell:Creating prefix chain script '/home/philnoc/ezmr_ws/install/setup.bash'
[2.464s] INFO:colcon.colcon_core.shell:Creating prefix script '/home/philnoc/ezmr_ws/install/local_setup.zsh'
[2.466s] INFO:colcon.colcon_core.shell:Creating prefix chain script '/home/philnoc/ezmr_ws/install/setup.zsh'
