[0.026s] Invoking command in '/home/philnoc/ezmr_ws/build/turtlesim': CMAKE_PREFIX_PATH=/opt/ros/humble /usr/bin/cmake /home/philnoc/ezmr_ws/src/ros_tutorials/turtlesim -DCMAKE_INSTALL_PREFIX=/home/philnoc/ezmr_ws/install/turtlesim
[0.232s] -- The C compiler identification is GNU 11.4.0
[0.384s] -- The CXX compiler identification is GNU 11.4.0
[0.403s] -- Detecting C compiler ABI info
[0.511s] -- Detecting C compiler ABI info - done
[0.522s] -- Check for working C compiler: /usr/bin/cc - skipped
[0.523s] -- Detecting C compile features
[0.525s] -- Detecting C compile features - done
[0.531s] -- Detecting CXX compiler ABI info
[0.638s] -- Detecting CXX compiler ABI info - done
[0.650s] -- Check for working CXX compiler: /usr/bin/c++ - skipped
[0.651s] -- Detecting CXX compile features
[0.651s] -- Detecting CXX compile features - done
[0.663s] -- Found ament_cmake: 1.3.11 (/opt/ros/humble/share/ament_cmake/cmake)
[0.855s] -- Found Python3: /usr/bin/python3 (found version "3.10.12") found components: Interpreter 
[1.013s] -- Found ament_index_cpp: 1.4.0 (/opt/ros/humble/share/ament_index_cpp/cmake)
[1.018s] -- Found geometry_msgs: 4.8.0 (/opt/ros/humble/share/geometry_msgs/cmake)
[1.106s] -- Found rosidl_generator_c: 3.1.6 (/opt/ros/humble/share/rosidl_generator_c/cmake)
[1.116s] -- Found rosidl_adapter: 3.1.6 (/opt/ros/humble/share/rosidl_adapter/cmake)
[1.141s] -- Found rosidl_generator_cpp: 3.1.6 (/opt/ros/humble/share/rosidl_generator_cpp/cmake)
[1.176s] -- Using all available rosidl_typesupport_c: rosidl_typesupport_fastrtps_c;rosidl_typesupport_introspection_c
[1.216s] -- Using all available rosidl_typesupport_cpp: rosidl_typesupport_fastrtps_cpp;rosidl_typesupport_introspection_cpp
[1.364s] -- Found rclcpp: 16.0.12 (/opt/ros/humble/share/rclcpp/cmake)
[1.458s] -- Found rmw_implementation_cmake: 6.1.2 (/opt/ros/humble/share/rmw_implementation_cmake/cmake)
[1.466s] -- Found rmw_fastrtps_cpp: 6.2.7 (/opt/ros/humble/share/rmw_fastrtps_cpp/cmake)
[1.636s] -- Found OpenSSL: /usr/lib/x86_64-linux-gnu/libcrypto.so (found version "3.0.2")  
[1.673s] -- Found FastRTPS: /opt/ros/humble/include  
[1.727s] -- Using RMW implementation 'rmw_fastrtps_cpp' as default
[1.748s] -- Looking for pthread.h
[1.868s] -- Looking for pthread.h - found
[1.868s] -- Performing Test CMAKE_HAVE_LIBC_PTHREAD
[1.968s] -- Performing Test CMAKE_HAVE_LIBC_PTHREAD - Success
[1.970s] -- Found Threads: TRUE  
[2.072s] -- Found rclcpp_action: 16.0.12 (/opt/ros/humble/share/rclcpp_action/cmake)
[2.166s] -- Found rosidl_default_generators: 1.2.0 (/opt/ros/humble/share/rosidl_default_generators/cmake)
[2.187s] -- Found std_srvs: 4.8.0 (/opt/ros/humble/share/std_srvs/cmake)
[2.634s] -- Found ament_cmake_ros: 0.10.0 (/opt/ros/humble/share/ament_cmake_ros/cmake)
[3.054s] -- Using all available rosidl_typesupport_c: rosidl_typesupport_fastrtps_c;rosidl_typesupport_introspection_c
[3.206s] -- Using all available rosidl_typesupport_cpp: rosidl_typesupport_fastrtps_cpp;rosidl_typesupport_introspection_cpp
[3.238s] -- Found PythonInterp: /usr/bin/python3 (found suitable version "3.10.12", minimum required is "3.6") 
[3.241s] -- Found python_cmake_module: 0.10.0 (/opt/ros/humble/share/python_cmake_module/cmake)
[3.279s] -- Found PythonLibs: /usr/lib/x86_64-linux-gnu/libpython3.10.so (found suitable version "3.10.12", minimum required is "3.5") 
[3.280s] -- Using PYTHON_EXECUTABLE: /usr/bin/python3
[3.280s] -- Using PYTHON_INCLUDE_DIRS: /usr/include/python3.10
[3.280s] -- Using PYTHON_LIBRARIES: /usr/lib/x86_64-linux-gnu/libpython3.10.so
[3.306s] -- Found PythonExtra: .so  
[3.391s] -- Configuring done
[3.483s] -- Generating done
[3.513s] -- Build files have been written to: /home/philnoc/ezmr_ws/build/turtlesim
[3.533s] Invoked command in '/home/philnoc/ezmr_ws/build/turtlesim' returned '0': CMAKE_PREFIX_PATH=/opt/ros/humble /usr/bin/cmake /home/philnoc/ezmr_ws/src/ros_tutorials/turtlesim -DCMAKE_INSTALL_PREFIX=/home/philnoc/ezmr_ws/install/turtlesim
[3.536s] Invoking command in '/home/philnoc/ezmr_ws/build/turtlesim': CMAKE_PREFIX_PATH=/opt/ros/humble /usr/bin/cmake --build /home/philnoc/ezmr_ws/build/turtlesim -- -j4 -l4
[3.594s] [  1%] [34m[1mGenerating C code for ROS interfaces[0m
[3.608s] [  2%] [34m[1mGenerating C++ code for ROS interfaces[0m
[3.620s] [  2%] Built target ament_cmake_python_copy_turtlesim
[3.968s] running egg_info
[3.968s] creating turtlesim.egg-info
[3.969s] writing turtlesim.egg-info/PKG-INFO
[3.969s] writing dependency_links to turtlesim.egg-info/dependency_links.txt
[3.969s] writing top-level names to turtlesim.egg-info/top_level.txt
[3.970s] writing manifest file 'turtlesim.egg-info/SOURCES.txt'
[3.975s] reading manifest file 'turtlesim.egg-info/SOURCES.txt'
[3.975s] writing manifest file 'turtlesim.egg-info/SOURCES.txt'
[4.021s] [  2%] Built target ament_cmake_python_build_turtlesim_egg
[5.318s] [  2%] Built target turtlesim__cpp
[5.334s] [  3%] [34m[1mGenerating C++ type support dispatch for ROS interfaces[0m
[5.338s] [  4%] [34m[1mGenerating C++ type support for eProsima Fast-RTPS[0m
[5.347s] [  5%] [34m[1mGenerating C++ introspection for ROS interfaces[0m
[5.440s] [  6%] [32mBuilding C object CMakeFiles/turtlesim__rosidl_generator_c.dir/rosidl_generator_c/turtlesim/action/detail/rotate_absolute__functions.c.o[0m
[5.665s] [  7%] [32mBuilding C object CMakeFiles/turtlesim__rosidl_generator_c.dir/rosidl_generator_c/turtlesim/msg/detail/color__functions.c.o[0m
[5.731s] [  8%] [32mBuilding C object CMakeFiles/turtlesim__rosidl_generator_c.dir/rosidl_generator_c/turtlesim/msg/detail/pose__functions.c.o[0m
[5.802s] [  9%] [32mBuilding C object CMakeFiles/turtlesim__rosidl_generator_c.dir/rosidl_generator_c/turtlesim/srv/detail/kill__functions.c.o[0m
[5.890s] [ 10%] [32mBuilding C object CMakeFiles/turtlesim__rosidl_generator_c.dir/rosidl_generator_c/turtlesim/srv/detail/set_pen__functions.c.o[0m
[5.970s] [ 11%] [32mBuilding C object CMakeFiles/turtlesim__rosidl_generator_c.dir/rosidl_generator_c/turtlesim/srv/detail/spawn__functions.c.o[0m
[6.060s] [ 12%] [32mBuilding C object CMakeFiles/turtlesim__rosidl_generator_c.dir/rosidl_generator_c/turtlesim/srv/detail/teleport_absolute__functions.c.o[0m
[6.133s] [ 13%] [32mBuilding C object CMakeFiles/turtlesim__rosidl_generator_c.dir/rosidl_generator_c/turtlesim/srv/detail/teleport_relative__functions.c.o[0m
[6.214s] [ 14%] [32m[1mLinking C shared library libturtlesim__rosidl_generator_c.so[0m
[6.296s] [ 14%] Built target turtlesim__rosidl_generator_c
[6.311s] [ 15%] [34m[1mGenerating C type support for eProsima Fast-RTPS[0m
[6.473s] [ 16%] [32mBuilding CXX object CMakeFiles/turtlesim__rosidl_typesupport_cpp.dir/rosidl_typesupport_cpp/turtlesim/action/rotate_absolute__type_support.cpp.o[0m
[6.794s] [ 17%] [32mBuilding CXX object CMakeFiles/turtlesim__rosidl_typesupport_introspection_cpp.dir/rosidl_typesupport_introspection_cpp/turtlesim/action/detail/rotate_absolute__type_support.cpp.o[0m
[7.145s] [ 18%] [32mBuilding CXX object CMakeFiles/turtlesim__rosidl_typesupport_fastrtps_cpp.dir/rosidl_typesupport_fastrtps_cpp/turtlesim/action/detail/dds_fastrtps/rotate_absolute__type_support.cpp.o[0m
[7.340s] [ 19%] [32mBuilding CXX object CMakeFiles/turtlesim__rosidl_typesupport_cpp.dir/rosidl_typesupport_cpp/turtlesim/msg/color__type_support.cpp.o[0m
[7.856s] [ 20%] [32mBuilding CXX object CMakeFiles/turtlesim__rosidl_typesupport_introspection_cpp.dir/rosidl_typesupport_introspection_cpp/turtlesim/msg/detail/color__type_support.cpp.o[0m
[7.900s] [ 21%] [32mBuilding CXX object CMakeFiles/turtlesim__rosidl_typesupport_cpp.dir/rosidl_typesupport_cpp/turtlesim/msg/pose__type_support.cpp.o[0m
[8.266s] [ 22%] [32mBuilding CXX object CMakeFiles/turtlesim__rosidl_typesupport_fastrtps_cpp.dir/rosidl_typesupport_fastrtps_cpp/turtlesim/msg/detail/dds_fastrtps/color__type_support.cpp.o[0m
[8.323s] [ 23%] [32mBuilding CXX object CMakeFiles/turtlesim__rosidl_typesupport_cpp.dir/rosidl_typesupport_cpp/turtlesim/srv/kill__type_support.cpp.o[0m
[8.392s] [ 24%] [32mBuilding CXX object CMakeFiles/turtlesim__rosidl_typesupport_fastrtps_c.dir/rosidl_typesupport_fastrtps_c/turtlesim/action/detail/rotate_absolute__type_support_c.cpp.o[0m
[8.466s] [ 25%] [32mBuilding CXX object CMakeFiles/turtlesim__rosidl_typesupport_introspection_cpp.dir/rosidl_typesupport_introspection_cpp/turtlesim/msg/detail/pose__type_support.cpp.o[0m
[8.696s] [ 26%] [32mBuilding CXX object CMakeFiles/turtlesim__rosidl_typesupport_cpp.dir/rosidl_typesupport_cpp/turtlesim/srv/set_pen__type_support.cpp.o[0m
[8.842s] [ 27%] [32mBuilding CXX object CMakeFiles/turtlesim__rosidl_typesupport_fastrtps_cpp.dir/rosidl_typesupport_fastrtps_cpp/turtlesim/msg/detail/dds_fastrtps/pose__type_support.cpp.o[0m
[8.991s] [ 28%] [32mBuilding CXX object CMakeFiles/turtlesim__rosidl_typesupport_fastrtps_c.dir/rosidl_typesupport_fastrtps_c/turtlesim/msg/detail/color__type_support_c.cpp.o[0m
[9.048s] [ 29%] [32mBuilding CXX object CMakeFiles/turtlesim__rosidl_typesupport_introspection_cpp.dir/rosidl_typesupport_introspection_cpp/turtlesim/srv/detail/kill__type_support.cpp.o[0m
[9.108s] [ 30%] [32mBuilding CXX object CMakeFiles/turtlesim__rosidl_typesupport_cpp.dir/rosidl_typesupport_cpp/turtlesim/srv/spawn__type_support.cpp.o[0m
[9.398s] [ 31%] [32mBuilding CXX object CMakeFiles/turtlesim__rosidl_typesupport_fastrtps_cpp.dir/rosidl_typesupport_fastrtps_cpp/turtlesim/srv/detail/dds_fastrtps/kill__type_support.cpp.o[0m
[9.444s] [ 32%] [32mBuilding CXX object CMakeFiles/turtlesim__rosidl_typesupport_fastrtps_c.dir/rosidl_typesupport_fastrtps_c/turtlesim/msg/detail/pose__type_support_c.cpp.o[0m
[9.470s] [ 33%] [32mBuilding CXX object CMakeFiles/turtlesim__rosidl_typesupport_cpp.dir/rosidl_typesupport_cpp/turtlesim/srv/teleport_absolute__type_support.cpp.o[0m
[9.573s] [ 34%] [32mBuilding CXX object CMakeFiles/turtlesim__rosidl_typesupport_introspection_cpp.dir/rosidl_typesupport_introspection_cpp/turtlesim/srv/detail/set_pen__type_support.cpp.o[0m
[9.831s] [ 35%] [32mBuilding CXX object CMakeFiles/turtlesim__rosidl_typesupport_cpp.dir/rosidl_typesupport_cpp/turtlesim/srv/teleport_relative__type_support.cpp.o[0m
[9.907s] [ 36%] [32mBuilding CXX object CMakeFiles/turtlesim__rosidl_typesupport_fastrtps_c.dir/rosidl_typesupport_fastrtps_c/turtlesim/srv/detail/kill__type_support_c.cpp.o[0m
[9.964s] [ 37%] [32mBuilding CXX object CMakeFiles/turtlesim__rosidl_typesupport_fastrtps_cpp.dir/rosidl_typesupport_fastrtps_cpp/turtlesim/srv/detail/dds_fastrtps/set_pen__type_support.cpp.o[0m
[10.120s] [ 38%] [32mBuilding CXX object CMakeFiles/turtlesim__rosidl_typesupport_introspection_cpp.dir/rosidl_typesupport_introspection_cpp/turtlesim/srv/detail/spawn__type_support.cpp.o[0m
[10.223s] [ 39%] [32m[1mLinking CXX shared library libturtlesim__rosidl_typesupport_cpp.so[0m
[10.302s] [ 39%] Built target turtlesim__rosidl_typesupport_cpp
[10.315s] [ 40%] [32mBuilding CXX object CMakeFiles/turtlesim__rosidl_typesupport_fastrtps_c.dir/rosidl_typesupport_fastrtps_c/turtlesim/srv/detail/set_pen__type_support_c.cpp.o[0m
[10.435s] [ 41%] [32mBuilding CXX object CMakeFiles/turtlesim__rosidl_typesupport_introspection_cpp.dir/rosidl_typesupport_introspection_cpp/turtlesim/srv/detail/teleport_absolute__type_support.cpp.o[0m
[10.576s] [ 42%] [32mBuilding CXX object CMakeFiles/turtlesim__rosidl_typesupport_fastrtps_cpp.dir/rosidl_typesupport_fastrtps_cpp/turtlesim/srv/detail/dds_fastrtps/spawn__type_support.cpp.o[0m
[10.643s] [ 43%] [34m[1mGenerating C introspection for ROS interfaces[0m
[10.840s] [ 44%] [32mBuilding CXX object CMakeFiles/turtlesim__rosidl_typesupport_fastrtps_c.dir/rosidl_typesupport_fastrtps_c/turtlesim/srv/detail/spawn__type_support_c.cpp.o[0m
[10.992s] [ 45%] [32mBuilding CXX object CMakeFiles/turtlesim__rosidl_typesupport_introspection_cpp.dir/rosidl_typesupport_introspection_cpp/turtlesim/srv/detail/teleport_relative__type_support.cpp.o[0m
[11.204s] [ 46%] [32mBuilding CXX object CMakeFiles/turtlesim__rosidl_typesupport_fastrtps_cpp.dir/rosidl_typesupport_fastrtps_cpp/turtlesim/srv/detail/dds_fastrtps/teleport_absolute__type_support.cpp.o[0m
[11.310s] [ 47%] [32mBuilding CXX object CMakeFiles/turtlesim__rosidl_typesupport_fastrtps_c.dir/rosidl_typesupport_fastrtps_c/turtlesim/srv/detail/teleport_absolute__type_support_c.cpp.o[0m
[11.494s] [ 48%] [32m[1mLinking CXX shared library libturtlesim__rosidl_typesupport_introspection_cpp.so[0m
[11.677s] [ 48%] Built target turtlesim__rosidl_typesupport_introspection_cpp
[11.691s] [ 49%] [32mBuilding CXX object CMakeFiles/turtlesim__rosidl_typesupport_fastrtps_cpp.dir/rosidl_typesupport_fastrtps_cpp/turtlesim/srv/detail/dds_fastrtps/teleport_relative__type_support.cpp.o[0m
[11.760s] [ 50%] [32mBuilding CXX object CMakeFiles/turtlesim__rosidl_typesupport_fastrtps_c.dir/rosidl_typesupport_fastrtps_c/turtlesim/srv/detail/teleport_relative__type_support_c.cpp.o[0m
[11.774s] [ 51%] [34m[1mGenerating C type support dispatch for ROS interfaces[0m
[12.247s] [ 52%] [32m[1mLinking CXX shared library libturtlesim__rosidl_typesupport_fastrtps_cpp.so[0m
[12.257s] [ 53%] [32m[1mLinking CXX shared library libturtlesim__rosidl_typesupport_fastrtps_c.so[0m
[12.453s] [ 54%] [32mBuilding C object CMakeFiles/turtlesim__rosidl_typesupport_introspection_c.dir/rosidl_typesupport_introspection_c/turtlesim/action/detail/rotate_absolute__type_support.c.o[0m
[12.462s] [ 54%] Built target turtlesim__rosidl_typesupport_fastrtps_cpp
[12.483s] [ 55%] [34m[1mGenerating include/turtlesim/moc_turtle_frame.cpp[0m
[12.485s] [ 55%] Built target turtlesim__rosidl_typesupport_fastrtps_c
[12.527s] [ 56%] [32mBuilding CXX object CMakeFiles/turtle_teleop_key.dir/tutorials/teleop_turtle_key.cpp.o[0m
[12.538s] [ 57%] [32mBuilding C object CMakeFiles/turtlesim__rosidl_typesupport_introspection_c.dir/rosidl_typesupport_introspection_c/turtlesim/msg/detail/color__type_support.c.o[0m
[12.587s] [ 58%] [32mBuilding C object CMakeFiles/turtlesim__rosidl_typesupport_introspection_c.dir/rosidl_typesupport_introspection_c/turtlesim/msg/detail/pose__type_support.c.o[0m
[12.645s] [ 59%] [32mBuilding C object CMakeFiles/turtlesim__rosidl_typesupport_introspection_c.dir/rosidl_typesupport_introspection_c/turtlesim/srv/detail/kill__type_support.c.o[0m
[12.671s] [ 60%] [32mBuilding CXX object CMakeFiles/turtlesim_node.dir/src/turtlesim.cpp.o[0m
[12.703s] [ 61%] [32mBuilding C object CMakeFiles/turtlesim__rosidl_typesupport_introspection_c.dir/rosidl_typesupport_introspection_c/turtlesim/srv/detail/set_pen__type_support.c.o[0m
[12.767s] [ 62%] [32mBuilding C object CMakeFiles/turtlesim__rosidl_typesupport_introspection_c.dir/rosidl_typesupport_introspection_c/turtlesim/srv/detail/spawn__type_support.c.o[0m
[12.828s] [ 63%] [32mBuilding C object CMakeFiles/turtlesim__rosidl_typesupport_introspection_c.dir/rosidl_typesupport_introspection_c/turtlesim/srv/detail/teleport_absolute__type_support.c.o[0m
[12.882s] [ 64%] [32mBuilding C object CMakeFiles/turtlesim__rosidl_typesupport_introspection_c.dir/rosidl_typesupport_introspection_c/turtlesim/srv/detail/teleport_relative__type_support.c.o[0m
[12.942s] [ 65%] [32mBuilding CXX object CMakeFiles/turtlesim__rosidl_typesupport_c.dir/rosidl_typesupport_c/turtlesim/action/rotate_absolute__type_support.cpp.o[0m
[12.948s] [ 66%] [32m[1mLinking C shared library libturtlesim__rosidl_typesupport_introspection_c.so[0m
[13.006s] [ 66%] Built target turtlesim__rosidl_typesupport_introspection_c
[13.017s] [ 67%] [32mBuilding CXX object CMakeFiles/turtlesim_node.dir/src/turtle.cpp.o[0m
[13.035s] [ 68%] [32mBuilding CXX object CMakeFiles/turtlesim__rosidl_typesupport_c.dir/rosidl_typesupport_c/turtlesim/msg/color__type_support.cpp.o[0m
[13.084s] [ 69%] [32mBuilding CXX object CMakeFiles/turtlesim__rosidl_typesupport_c.dir/rosidl_typesupport_c/turtlesim/msg/pose__type_support.cpp.o[0m
[13.142s] [ 70%] [32mBuilding CXX object CMakeFiles/turtlesim__rosidl_typesupport_c.dir/rosidl_typesupport_c/turtlesim/srv/kill__type_support.cpp.o[0m
[13.198s] [ 71%] [32mBuilding CXX object CMakeFiles/turtlesim__rosidl_typesupport_c.dir/rosidl_typesupport_c/turtlesim/srv/set_pen__type_support.cpp.o[0m
[13.249s] [ 72%] [32mBuilding CXX object CMakeFiles/turtlesim__rosidl_typesupport_c.dir/rosidl_typesupport_c/turtlesim/srv/spawn__type_support.cpp.o[0m
[13.299s] [ 73%] [32mBuilding CXX object CMakeFiles/turtlesim__rosidl_typesupport_c.dir/rosidl_typesupport_c/turtlesim/srv/teleport_absolute__type_support.cpp.o[0m
[13.349s] [ 74%] [32mBuilding CXX object CMakeFiles/turtlesim__rosidl_typesupport_c.dir/rosidl_typesupport_c/turtlesim/srv/teleport_relative__type_support.cpp.o[0m
[13.398s] [ 75%] [32m[1mLinking CXX shared library libturtlesim__rosidl_typesupport_c.so[0m
[13.479s] [ 75%] Built target turtlesim__rosidl_typesupport_c
[13.487s] [ 76%] [32mBuilding CXX object CMakeFiles/turtlesim_node.dir/src/turtle_frame.cpp.o[0m
[24.108s] [ 77%] [32mBuilding CXX object CMakeFiles/turtlesim_node.dir/include/turtlesim/moc_turtle_frame.cpp.o[0m
[26.515s] [ 78%] [32m[1mLinking CXX executable turtle_teleop_key[0m
[27.273s] [ 78%] Built target turtle_teleop_key
[27.305s] [ 79%] [32mBuilding CXX object CMakeFiles/draw_square.dir/tutorials/draw_square.cpp.o[0m
[30.391s] [ 80%] [32mBuilding CXX object CMakeFiles/mimic.dir/tutorials/mimic.cpp.o[0m
[37.094s] [ 81%] [32m[1mLinking CXX executable turtlesim_node[0m
[41.052s] [ 82%] [32m[1mLinking CXX executable draw_square[0m
[42.067s] [ 82%] Built target draw_square
[42.096s] [ 82%] Built target turtlesim
[42.130s] [ 83%] [34m[1mGenerating Python code for ROS interfaces[0m
[42.834s] [ 83%] Built target turtlesim_node
[43.422s] [ 84%] [32m[1mLinking CXX executable mimic[0m
[44.187s] [ 84%] Built target mimic
[45.104s] [ 84%] Built target turtlesim__py
[45.134s] [ 85%] [32mBuilding C object CMakeFiles/turtlesim__rosidl_generator_py.dir/rosidl_generator_py/turtlesim/action/_rotate_absolute_s.c.o[0m
[45.135s] [ 86%] [32mBuilding C object CMakeFiles/turtlesim__rosidl_generator_py.dir/rosidl_generator_py/turtlesim/msg/_color_s.c.o[0m
[45.137s] [ 87%] [32mBuilding C object CMakeFiles/turtlesim__rosidl_generator_py.dir/rosidl_generator_py/turtlesim/msg/_pose_s.c.o[0m
[45.138s] [ 88%] [32mBuilding C object CMakeFiles/turtlesim__rosidl_generator_py.dir/rosidl_generator_py/turtlesim/srv/_kill_s.c.o[0m
[45.348s] [ 89%] [32mBuilding C object CMakeFiles/turtlesim__rosidl_generator_py.dir/rosidl_generator_py/turtlesim/srv/_set_pen_s.c.o[0m
[45.348s] [ 90%] [32mBuilding C object CMakeFiles/turtlesim__rosidl_generator_py.dir/rosidl_generator_py/turtlesim/srv/_spawn_s.c.o[0m
[45.353s] [ 91%] [32mBuilding C object CMakeFiles/turtlesim__rosidl_generator_py.dir/rosidl_generator_py/turtlesim/srv/_teleport_absolute_s.c.o[0m
[45.405s] [ 92%] [32mBuilding C object CMakeFiles/turtlesim__rosidl_generator_py.dir/rosidl_generator_py/turtlesim/srv/_teleport_relative_s.c.o[0m
[45.543s] [ 93%] [32m[1mLinking C shared library rosidl_generator_py/turtlesim/libturtlesim__rosidl_generator_py.so[0m
[45.607s] [ 93%] Built target turtlesim__rosidl_generator_py
[45.638s] [ 94%] [32mBuilding C object CMakeFiles/turtlesim__rosidl_typesupport_fastrtps_c__pyext.dir/rosidl_generator_py/turtlesim/_turtlesim_s.ep.rosidl_typesupport_fastrtps_c.c.o[0m
[45.639s] [ 96%] [32mBuilding C object CMakeFiles/turtlesim__rosidl_typesupport_c__pyext.dir/rosidl_generator_py/turtlesim/_turtlesim_s.ep.rosidl_typesupport_c.c.o[0m
[45.639s] [ 96%] [32mBuilding C object CMakeFiles/turtlesim__rosidl_typesupport_introspection_c__pyext.dir/rosidl_generator_py/turtlesim/_turtlesim_s.ep.rosidl_typesupport_introspection_c.c.o[0m
[45.837s] [ 97%] [32m[1mLinking C shared library rosidl_generator_py/turtlesim/turtlesim_s__rosidl_typesupport_c.cpython-310-x86_64-linux-gnu.so[0m
[45.841s] [100%] [32m[1mLinking C shared library rosidl_generator_py/turtlesim/turtlesim_s__rosidl_typesupport_introspection_c.cpython-310-x86_64-linux-gnu.so[0m
[45.841s] [100%] [32m[1mLinking C shared library rosidl_generator_py/turtlesim/turtlesim_s__rosidl_typesupport_fastrtps_c.cpython-310-x86_64-linux-gnu.so[0m
[45.900s] [100%] Built target turtlesim__rosidl_typesupport_c__pyext
[45.903s] [100%] Built target turtlesim__rosidl_typesupport_introspection_c__pyext
[45.904s] [100%] Built target turtlesim__rosidl_typesupport_fastrtps_c__pyext
[45.929s] Invoked command in '/home/philnoc/ezmr_ws/build/turtlesim' returned '0': CMAKE_PREFIX_PATH=/opt/ros/humble /usr/bin/cmake --build /home/philnoc/ezmr_ws/build/turtlesim -- -j4 -l4
[45.945s] Invoking command in '/home/philnoc/ezmr_ws/build/turtlesim': CMAKE_PREFIX_PATH=/opt/ros/humble /usr/bin/cmake --install /home/philnoc/ezmr_ws/build/turtlesim
[45.954s] -- Install configuration: ""
[45.955s] -- Installing: /home/philnoc/ezmr_ws/install/turtlesim/share/ament_index/resource_index/rosidl_interfaces/turtlesim
[45.955s] -- Installing: /home/philnoc/ezmr_ws/install/turtlesim/include/turtlesim/turtlesim
[45.956s] -- Installing: /home/philnoc/ezmr_ws/install/turtlesim/include/turtlesim/turtlesim/action
[45.956s] -- Installing: /home/philnoc/ezmr_ws/install/turtlesim/include/turtlesim/turtlesim/action/detail
[45.956s] -- Installing: /home/philnoc/ezmr_ws/install/turtlesim/include/turtlesim/turtlesim/action/detail/rotate_absolute__functions.h
[45.956s] -- Installing: /home/philnoc/ezmr_ws/install/turtlesim/include/turtlesim/turtlesim/action/detail/rotate_absolute__functions.c
[45.956s] -- Installing: /home/philnoc/ezmr_ws/install/turtlesim/include/turtlesim/turtlesim/action/detail/rotate_absolute__type_support.h
[45.957s] -- Installing: /home/philnoc/ezmr_ws/install/turtlesim/include/turtlesim/turtlesim/action/detail/rotate_absolute__struct.h
[45.957s] -- Installing: /home/philnoc/ezmr_ws/install/turtlesim/include/turtlesim/turtlesim/action/rotate_absolute.h
[45.957s] -- Installing: /home/philnoc/ezmr_ws/install/turtlesim/include/turtlesim/turtlesim/msg
[45.957s] -- Installing: /home/philnoc/ezmr_ws/install/turtlesim/include/turtlesim/turtlesim/msg/rosidl_generator_c__visibility_control.h
[45.957s] -- Installing: /home/philnoc/ezmr_ws/install/turtlesim/include/turtlesim/turtlesim/msg/pose.h
[45.957s] -- Installing: /home/philnoc/ezmr_ws/install/turtlesim/include/turtlesim/turtlesim/msg/color.h
[45.958s] -- Installing: /home/philnoc/ezmr_ws/install/turtlesim/include/turtlesim/turtlesim/msg/detail
[45.958s] -- Installing: /home/philnoc/ezmr_ws/install/turtlesim/include/turtlesim/turtlesim/msg/detail/pose__functions.h
[45.958s] -- Installing: /home/philnoc/ezmr_ws/install/turtlesim/include/turtlesim/turtlesim/msg/detail/pose__functions.c
[45.959s] -- Installing: /home/philnoc/ezmr_ws/install/turtlesim/include/turtlesim/turtlesim/msg/detail/pose__type_support.h
[45.959s] -- Installing: /home/philnoc/ezmr_ws/install/turtlesim/include/turtlesim/turtlesim/msg/detail/color__struct.h
[45.959s] -- Installing: /home/philnoc/ezmr_ws/install/turtlesim/include/turtlesim/turtlesim/msg/detail/pose__struct.h
[45.959s] -- Installing: /home/philnoc/ezmr_ws/install/turtlesim/include/turtlesim/turtlesim/msg/detail/color__functions.c
[45.959s] -- Installing: /home/philnoc/ezmr_ws/install/turtlesim/include/turtlesim/turtlesim/msg/detail/color__functions.h
[45.959s] -- Installing: /home/philnoc/ezmr_ws/install/turtlesim/include/turtlesim/turtlesim/msg/detail/color__type_support.h
[45.959s] -- Installing: /home/philnoc/ezmr_ws/install/turtlesim/include/turtlesim/turtlesim/srv
[45.959s] -- Installing: /home/philnoc/ezmr_ws/install/turtlesim/include/turtlesim/turtlesim/srv/detail
[45.960s] -- Installing: /home/philnoc/ezmr_ws/install/turtlesim/include/turtlesim/turtlesim/srv/detail/teleport_relative__type_support.h
[45.960s] -- Installing: /home/philnoc/ezmr_ws/install/turtlesim/include/turtlesim/turtlesim/srv/detail/spawn__struct.h
[45.960s] -- Installing: /home/philnoc/ezmr_ws/install/turtlesim/include/turtlesim/turtlesim/srv/detail/set_pen__type_support.h
[45.960s] -- Installing: /home/philnoc/ezmr_ws/install/turtlesim/include/turtlesim/turtlesim/srv/detail/spawn__functions.c
[45.960s] -- Installing: /home/philnoc/ezmr_ws/install/turtlesim/include/turtlesim/turtlesim/srv/detail/set_pen__struct.h
[45.960s] -- Installing: /home/philnoc/ezmr_ws/install/turtlesim/include/turtlesim/turtlesim/srv/detail/spawn__type_support.h
[45.960s] -- Installing: /home/philnoc/ezmr_ws/install/turtlesim/include/turtlesim/turtlesim/srv/detail/kill__functions.c
[45.961s] -- Installing: /home/philnoc/ezmr_ws/install/turtlesim/include/turtlesim/turtlesim/srv/detail/set_pen__functions.c
[45.961s] -- Installing: /home/philnoc/ezmr_ws/install/turtlesim/include/turtlesim/turtlesim/srv/detail/teleport_relative__functions.c
[45.961s] -- Installing: /home/philnoc/ezmr_ws/install/turtlesim/include/turtlesim/turtlesim/srv/detail/set_pen__functions.h
[45.961s] -- Installing: /home/philnoc/ezmr_ws/install/turtlesim/include/turtlesim/turtlesim/srv/detail/kill__functions.h
[45.962s] -- Installing: /home/philnoc/ezmr_ws/install/turtlesim/include/turtlesim/turtlesim/srv/detail/kill__type_support.h
[45.962s] -- Installing: /home/philnoc/ezmr_ws/install/turtlesim/include/turtlesim/turtlesim/srv/detail/teleport_absolute__functions.h
[45.962s] -- Installing: /home/philnoc/ezmr_ws/install/turtlesim/include/turtlesim/turtlesim/srv/detail/teleport_absolute__functions.c
[45.962s] -- Installing: /home/philnoc/ezmr_ws/install/turtlesim/include/turtlesim/turtlesim/srv/detail/teleport_absolute__struct.h
[45.962s] -- Installing: /home/philnoc/ezmr_ws/install/turtlesim/include/turtlesim/turtlesim/srv/detail/teleport_relative__functions.h
[45.962s] -- Installing: /home/philnoc/ezmr_ws/install/turtlesim/include/turtlesim/turtlesim/srv/detail/spawn__functions.h
[45.962s] -- Installing: /home/philnoc/ezmr_ws/install/turtlesim/include/turtlesim/turtlesim/srv/detail/teleport_relative__struct.h
[45.963s] -- Installing: /home/philnoc/ezmr_ws/install/turtlesim/include/turtlesim/turtlesim/srv/detail/teleport_absolute__type_support.h
[45.963s] -- Installing: /home/philnoc/ezmr_ws/install/turtlesim/include/turtlesim/turtlesim/srv/detail/kill__struct.h
[45.963s] -- Installing: /home/philnoc/ezmr_ws/install/turtlesim/include/turtlesim/turtlesim/srv/teleport_absolute.h
[45.963s] -- Installing: /home/philnoc/ezmr_ws/install/turtlesim/include/turtlesim/turtlesim/srv/teleport_relative.h
[45.963s] -- Installing: /home/philnoc/ezmr_ws/install/turtlesim/include/turtlesim/turtlesim/srv/kill.h
[45.963s] -- Installing: /home/philnoc/ezmr_ws/install/turtlesim/include/turtlesim/turtlesim/srv/set_pen.h
[45.963s] -- Installing: /home/philnoc/ezmr_ws/install/turtlesim/include/turtlesim/turtlesim/srv/spawn.h
[45.963s] -- Installing: /home/philnoc/ezmr_ws/install/turtlesim/share/turtlesim/environment/library_path.sh
[45.963s] -- Installing: /home/philnoc/ezmr_ws/install/turtlesim/share/turtlesim/environment/library_path.dsv
[45.964s] -- Installing: /home/philnoc/ezmr_ws/install/turtlesim/lib/libturtlesim__rosidl_generator_c.so
[45.964s] -- Set runtime path of "/home/philnoc/ezmr_ws/install/turtlesim/lib/libturtlesim__rosidl_generator_c.so" to ""
[45.965s] -- Up-to-date: /home/philnoc/ezmr_ws/install/turtlesim/include/turtlesim/turtlesim
[45.965s] -- Up-to-date: /home/philnoc/ezmr_ws/install/turtlesim/include/turtlesim/turtlesim/action
[45.965s] -- Up-to-date: /home/philnoc/ezmr_ws/install/turtlesim/include/turtlesim/turtlesim/action/detail
[45.965s] -- Installing: /home/philnoc/ezmr_ws/install/turtlesim/include/turtlesim/turtlesim/action/detail/rotate_absolute__rosidl_typesupport_fastrtps_c.h
[45.965s] -- Up-to-date: /home/philnoc/ezmr_ws/install/turtlesim/include/turtlesim/turtlesim/msg
[45.966s] -- Up-to-date: /home/philnoc/ezmr_ws/install/turtlesim/include/turtlesim/turtlesim/msg/detail
[45.966s] -- Installing: /home/philnoc/ezmr_ws/install/turtlesim/include/turtlesim/turtlesim/msg/detail/color__rosidl_typesupport_fastrtps_c.h
[45.966s] -- Installing: /home/philnoc/ezmr_ws/install/turtlesim/include/turtlesim/turtlesim/msg/detail/pose__rosidl_typesupport_fastrtps_c.h
[45.966s] -- Installing: /home/philnoc/ezmr_ws/install/turtlesim/include/turtlesim/turtlesim/msg/rosidl_typesupport_fastrtps_c__visibility_control.h
[45.966s] -- Up-to-date: /home/philnoc/ezmr_ws/install/turtlesim/include/turtlesim/turtlesim/srv
[45.966s] -- Up-to-date: /home/philnoc/ezmr_ws/install/turtlesim/include/turtlesim/turtlesim/srv/detail
[45.966s] -- Installing: /home/philnoc/ezmr_ws/install/turtlesim/include/turtlesim/turtlesim/srv/detail/teleport_relative__rosidl_typesupport_fastrtps_c.h
[45.966s] -- Installing: /home/philnoc/ezmr_ws/install/turtlesim/include/turtlesim/turtlesim/srv/detail/set_pen__rosidl_typesupport_fastrtps_c.h
[45.966s] -- Installing: /home/philnoc/ezmr_ws/install/turtlesim/include/turtlesim/turtlesim/srv/detail/teleport_absolute__rosidl_typesupport_fastrtps_c.h
[45.966s] -- Installing: /home/philnoc/ezmr_ws/install/turtlesim/include/turtlesim/turtlesim/srv/detail/kill__rosidl_typesupport_fastrtps_c.h
[45.966s] -- Installing: /home/philnoc/ezmr_ws/install/turtlesim/include/turtlesim/turtlesim/srv/detail/spawn__rosidl_typesupport_fastrtps_c.h
[45.967s] -- Installing: /home/philnoc/ezmr_ws/install/turtlesim/lib/libturtlesim__rosidl_typesupport_fastrtps_c.so
[45.967s] -- Set runtime path of "/home/philnoc/ezmr_ws/install/turtlesim/lib/libturtlesim__rosidl_typesupport_fastrtps_c.so" to ""
[45.968s] -- Up-to-date: /home/philnoc/ezmr_ws/install/turtlesim/include/turtlesim/turtlesim
[45.968s] -- Up-to-date: /home/philnoc/ezmr_ws/install/turtlesim/include/turtlesim/turtlesim/action
[45.968s] -- Up-to-date: /home/philnoc/ezmr_ws/install/turtlesim/include/turtlesim/turtlesim/action/detail
[45.968s] -- Installing: /home/philnoc/ezmr_ws/install/turtlesim/include/turtlesim/turtlesim/action/detail/rotate_absolute__traits.hpp
[45.969s] -- Installing: /home/philnoc/ezmr_ws/install/turtlesim/include/turtlesim/turtlesim/action/detail/rotate_absolute__struct.hpp
[45.969s] -- Installing: /home/philnoc/ezmr_ws/install/turtlesim/include/turtlesim/turtlesim/action/detail/rotate_absolute__builder.hpp
[45.969s] -- Installing: /home/philnoc/ezmr_ws/install/turtlesim/include/turtlesim/turtlesim/action/detail/rotate_absolute__type_support.hpp
[45.969s] -- Installing: /home/philnoc/ezmr_ws/install/turtlesim/include/turtlesim/turtlesim/action/rotate_absolute.hpp
[45.969s] -- Up-to-date: /home/philnoc/ezmr_ws/install/turtlesim/include/turtlesim/turtlesim/msg
[45.969s] -- Up-to-date: /home/philnoc/ezmr_ws/install/turtlesim/include/turtlesim/turtlesim/msg/detail
[45.969s] -- Installing: /home/philnoc/ezmr_ws/install/turtlesim/include/turtlesim/turtlesim/msg/detail/pose__builder.hpp
[45.969s] -- Installing: /home/philnoc/ezmr_ws/install/turtlesim/include/turtlesim/turtlesim/msg/detail/pose__struct.hpp
[45.970s] -- Installing: /home/philnoc/ezmr_ws/install/turtlesim/include/turtlesim/turtlesim/msg/detail/color__type_support.hpp
[45.970s] -- Installing: /home/philnoc/ezmr_ws/install/turtlesim/include/turtlesim/turtlesim/msg/detail/pose__traits.hpp
[45.970s] -- Installing: /home/philnoc/ezmr_ws/install/turtlesim/include/turtlesim/turtlesim/msg/detail/color__struct.hpp
[45.970s] -- Installing: /home/philnoc/ezmr_ws/install/turtlesim/include/turtlesim/turtlesim/msg/detail/color__builder.hpp
[45.970s] -- Installing: /home/philnoc/ezmr_ws/install/turtlesim/include/turtlesim/turtlesim/msg/detail/pose__type_support.hpp
[45.970s] -- Installing: /home/philnoc/ezmr_ws/install/turtlesim/include/turtlesim/turtlesim/msg/detail/color__traits.hpp
[45.970s] -- Installing: /home/philnoc/ezmr_ws/install/turtlesim/include/turtlesim/turtlesim/msg/pose.hpp
[45.970s] -- Installing: /home/philnoc/ezmr_ws/install/turtlesim/include/turtlesim/turtlesim/msg/color.hpp
[45.971s] -- Installing: /home/philnoc/ezmr_ws/install/turtlesim/include/turtlesim/turtlesim/msg/rosidl_generator_cpp__visibility_control.hpp
[45.971s] -- Up-to-date: /home/philnoc/ezmr_ws/install/turtlesim/include/turtlesim/turtlesim/srv
[45.971s] -- Installing: /home/philnoc/ezmr_ws/install/turtlesim/include/turtlesim/turtlesim/srv/kill.hpp
[45.971s] -- Installing: /home/philnoc/ezmr_ws/install/turtlesim/include/turtlesim/turtlesim/srv/teleport_relative.hpp
[45.971s] -- Up-to-date: /home/philnoc/ezmr_ws/install/turtlesim/include/turtlesim/turtlesim/srv/detail
[45.971s] -- Installing: /home/philnoc/ezmr_ws/install/turtlesim/include/turtlesim/turtlesim/srv/detail/kill__builder.hpp
[45.972s] -- Installing: /home/philnoc/ezmr_ws/install/turtlesim/include/turtlesim/turtlesim/srv/detail/set_pen__struct.hpp
[45.972s] -- Installing: /home/philnoc/ezmr_ws/install/turtlesim/include/turtlesim/turtlesim/srv/detail/teleport_relative__struct.hpp
[45.972s] -- Installing: /home/philnoc/ezmr_ws/install/turtlesim/include/turtlesim/turtlesim/srv/detail/spawn__builder.hpp
[45.972s] -- Installing: /home/philnoc/ezmr_ws/install/turtlesim/include/turtlesim/turtlesim/srv/detail/teleport_relative__traits.hpp
[45.972s] -- Installing: /home/philnoc/ezmr_ws/install/turtlesim/include/turtlesim/turtlesim/srv/detail/teleport_absolute__builder.hpp
[45.972s] -- Installing: /home/philnoc/ezmr_ws/install/turtlesim/include/turtlesim/turtlesim/srv/detail/kill__type_support.hpp
[45.972s] -- Installing: /home/philnoc/ezmr_ws/install/turtlesim/include/turtlesim/turtlesim/srv/detail/set_pen__traits.hpp
[45.973s] -- Installing: /home/philnoc/ezmr_ws/install/turtlesim/include/turtlesim/turtlesim/srv/detail/spawn__struct.hpp
[45.973s] -- Installing: /home/philnoc/ezmr_ws/install/turtlesim/include/turtlesim/turtlesim/srv/detail/kill__traits.hpp
[45.973s] -- Installing: /home/philnoc/ezmr_ws/install/turtlesim/include/turtlesim/turtlesim/srv/detail/spawn__type_support.hpp
[45.974s] -- Installing: /home/philnoc/ezmr_ws/install/turtlesim/include/turtlesim/turtlesim/srv/detail/teleport_absolute__traits.hpp
[45.974s] -- Installing: /home/philnoc/ezmr_ws/install/turtlesim/include/turtlesim/turtlesim/srv/detail/teleport_relative__type_support.hpp
[45.974s] -- Installing: /home/philnoc/ezmr_ws/install/turtlesim/include/turtlesim/turtlesim/srv/detail/set_pen__builder.hpp
[45.974s] -- Installing: /home/philnoc/ezmr_ws/install/turtlesim/include/turtlesim/turtlesim/srv/detail/spawn__traits.hpp
[45.974s] -- Installing: /home/philnoc/ezmr_ws/install/turtlesim/include/turtlesim/turtlesim/srv/detail/teleport_absolute__type_support.hpp
[45.974s] -- Installing: /home/philnoc/ezmr_ws/install/turtlesim/include/turtlesim/turtlesim/srv/detail/kill__struct.hpp
[45.974s] -- Installing: /home/philnoc/ezmr_ws/install/turtlesim/include/turtlesim/turtlesim/srv/detail/teleport_absolute__struct.hpp
[45.975s] -- Installing: /home/philnoc/ezmr_ws/install/turtlesim/include/turtlesim/turtlesim/srv/detail/set_pen__type_support.hpp
[45.975s] -- Installing: /home/philnoc/ezmr_ws/install/turtlesim/include/turtlesim/turtlesim/srv/detail/teleport_relative__builder.hpp
[45.975s] -- Installing: /home/philnoc/ezmr_ws/install/turtlesim/include/turtlesim/turtlesim/srv/set_pen.hpp
[45.975s] -- Installing: /home/philnoc/ezmr_ws/install/turtlesim/include/turtlesim/turtlesim/srv/spawn.hpp
[45.975s] -- Installing: /home/philnoc/ezmr_ws/install/turtlesim/include/turtlesim/turtlesim/srv/teleport_absolute.hpp
[45.975s] -- Up-to-date: /home/philnoc/ezmr_ws/install/turtlesim/include/turtlesim/turtlesim
[45.975s] -- Up-to-date: /home/philnoc/ezmr_ws/install/turtlesim/include/turtlesim/turtlesim/action
[45.975s] -- Up-to-date: /home/philnoc/ezmr_ws/install/turtlesim/include/turtlesim/turtlesim/action/detail
[45.975s] -- Installing: /home/philnoc/ezmr_ws/install/turtlesim/include/turtlesim/turtlesim/action/detail/dds_fastrtps
[45.976s] -- Installing: /home/philnoc/ezmr_ws/install/turtlesim/include/turtlesim/turtlesim/action/detail/rotate_absolute__rosidl_typesupport_fastrtps_cpp.hpp
[45.976s] -- Up-to-date: /home/philnoc/ezmr_ws/install/turtlesim/include/turtlesim/turtlesim/msg
[45.976s] -- Installing: /home/philnoc/ezmr_ws/install/turtlesim/include/turtlesim/turtlesim/msg/rosidl_typesupport_fastrtps_cpp__visibility_control.h
[45.976s] -- Up-to-date: /home/philnoc/ezmr_ws/install/turtlesim/include/turtlesim/turtlesim/msg/detail
[45.976s] -- Installing: /home/philnoc/ezmr_ws/install/turtlesim/include/turtlesim/turtlesim/msg/detail/pose__rosidl_typesupport_fastrtps_cpp.hpp
[45.976s] -- Installing: /home/philnoc/ezmr_ws/install/turtlesim/include/turtlesim/turtlesim/msg/detail/dds_fastrtps
[45.976s] -- Installing: /home/philnoc/ezmr_ws/install/turtlesim/include/turtlesim/turtlesim/msg/detail/color__rosidl_typesupport_fastrtps_cpp.hpp
[45.977s] -- Up-to-date: /home/philnoc/ezmr_ws/install/turtlesim/include/turtlesim/turtlesim/srv
[45.977s] -- Up-to-date: /home/philnoc/ezmr_ws/install/turtlesim/include/turtlesim/turtlesim/srv/detail
[45.977s] -- Installing: /home/philnoc/ezmr_ws/install/turtlesim/include/turtlesim/turtlesim/srv/detail/teleport_absolute__rosidl_typesupport_fastrtps_cpp.hpp
[45.977s] -- Installing: /home/philnoc/ezmr_ws/install/turtlesim/include/turtlesim/turtlesim/srv/detail/dds_fastrtps
[45.977s] -- Installing: /home/philnoc/ezmr_ws/install/turtlesim/include/turtlesim/turtlesim/srv/detail/set_pen__rosidl_typesupport_fastrtps_cpp.hpp
[45.977s] -- Installing: /home/philnoc/ezmr_ws/install/turtlesim/include/turtlesim/turtlesim/srv/detail/spawn__rosidl_typesupport_fastrtps_cpp.hpp
[45.977s] -- Installing: /home/philnoc/ezmr_ws/install/turtlesim/include/turtlesim/turtlesim/srv/detail/kill__rosidl_typesupport_fastrtps_cpp.hpp
[45.977s] -- Installing: /home/philnoc/ezmr_ws/install/turtlesim/include/turtlesim/turtlesim/srv/detail/teleport_relative__rosidl_typesupport_fastrtps_cpp.hpp
[45.978s] -- Installing: /home/philnoc/ezmr_ws/install/turtlesim/lib/libturtlesim__rosidl_typesupport_fastrtps_cpp.so
[45.978s] -- Set runtime path of "/home/philnoc/ezmr_ws/install/turtlesim/lib/libturtlesim__rosidl_typesupport_fastrtps_cpp.so" to ""
[45.978s] -- Up-to-date: /home/philnoc/ezmr_ws/install/turtlesim/include/turtlesim/turtlesim
[45.978s] -- Up-to-date: /home/philnoc/ezmr_ws/install/turtlesim/include/turtlesim/turtlesim/action
[45.978s] -- Up-to-date: /home/philnoc/ezmr_ws/install/turtlesim/include/turtlesim/turtlesim/action/detail
[45.978s] -- Installing: /home/philnoc/ezmr_ws/install/turtlesim/include/turtlesim/turtlesim/action/detail/rotate_absolute__rosidl_typesupport_introspection_c.h
[45.979s] -- Installing: /home/philnoc/ezmr_ws/install/turtlesim/include/turtlesim/turtlesim/action/detail/rotate_absolute__type_support.c
[45.979s] -- Up-to-date: /home/philnoc/ezmr_ws/install/turtlesim/include/turtlesim/turtlesim/msg
[45.979s] -- Up-to-date: /home/philnoc/ezmr_ws/install/turtlesim/include/turtlesim/turtlesim/msg/detail
[45.979s] -- Installing: /home/philnoc/ezmr_ws/install/turtlesim/include/turtlesim/turtlesim/msg/detail/color__rosidl_typesupport_introspection_c.h
[45.980s] -- Installing: /home/philnoc/ezmr_ws/install/turtlesim/include/turtlesim/turtlesim/msg/detail/pose__type_support.c
[45.980s] -- Installing: /home/philnoc/ezmr_ws/install/turtlesim/include/turtlesim/turtlesim/msg/detail/pose__rosidl_typesupport_introspection_c.h
[45.980s] -- Installing: /home/philnoc/ezmr_ws/install/turtlesim/include/turtlesim/turtlesim/msg/detail/color__type_support.c
[45.980s] -- Installing: /home/philnoc/ezmr_ws/install/turtlesim/include/turtlesim/turtlesim/msg/rosidl_typesupport_introspection_c__visibility_control.h
[45.981s] -- Up-to-date: /home/philnoc/ezmr_ws/install/turtlesim/include/turtlesim/turtlesim/srv
[45.981s] -- Up-to-date: /home/philnoc/ezmr_ws/install/turtlesim/include/turtlesim/turtlesim/srv/detail
[45.981s] -- Installing: /home/philnoc/ezmr_ws/install/turtlesim/include/turtlesim/turtlesim/srv/detail/teleport_relative__rosidl_typesupport_introspection_c.h
[45.981s] -- Installing: /home/philnoc/ezmr_ws/install/turtlesim/include/turtlesim/turtlesim/srv/detail/spawn__rosidl_typesupport_introspection_c.h
[45.981s] -- Installing: /home/philnoc/ezmr_ws/install/turtlesim/include/turtlesim/turtlesim/srv/detail/set_pen__type_support.c
[45.982s] -- Installing: /home/philnoc/ezmr_ws/install/turtlesim/include/turtlesim/turtlesim/srv/detail/teleport_relative__type_support.c
[45.982s] -- Installing: /home/philnoc/ezmr_ws/install/turtlesim/include/turtlesim/turtlesim/srv/detail/kill__rosidl_typesupport_introspection_c.h
[45.982s] -- Installing: /home/philnoc/ezmr_ws/install/turtlesim/include/turtlesim/turtlesim/srv/detail/set_pen__rosidl_typesupport_introspection_c.h
[45.982s] -- Installing: /home/philnoc/ezmr_ws/install/turtlesim/include/turtlesim/turtlesim/srv/detail/teleport_absolute__rosidl_typesupport_introspection_c.h
[45.982s] -- Installing: /home/philnoc/ezmr_ws/install/turtlesim/include/turtlesim/turtlesim/srv/detail/kill__type_support.c
[45.983s] -- Installing: /home/philnoc/ezmr_ws/install/turtlesim/include/turtlesim/turtlesim/srv/detail/spawn__type_support.c
[45.983s] -- Installing: /home/philnoc/ezmr_ws/install/turtlesim/include/turtlesim/turtlesim/srv/detail/teleport_absolute__type_support.c
[45.983s] -- Installing: /home/philnoc/ezmr_ws/install/turtlesim/lib/libturtlesim__rosidl_typesupport_introspection_c.so
[45.984s] -- Set runtime path of "/home/philnoc/ezmr_ws/install/turtlesim/lib/libturtlesim__rosidl_typesupport_introspection_c.so" to ""
[45.984s] -- Installing: /home/philnoc/ezmr_ws/install/turtlesim/lib/libturtlesim__rosidl_typesupport_c.so
[45.984s] -- Set runtime path of "/home/philnoc/ezmr_ws/install/turtlesim/lib/libturtlesim__rosidl_typesupport_c.so" to ""
[45.985s] -- Up-to-date: /home/philnoc/ezmr_ws/install/turtlesim/include/turtlesim/turtlesim
[45.985s] -- Up-to-date: /home/philnoc/ezmr_ws/install/turtlesim/include/turtlesim/turtlesim/action
[45.985s] -- Up-to-date: /home/philnoc/ezmr_ws/install/turtlesim/include/turtlesim/turtlesim/action/detail
[45.985s] -- Installing: /home/philnoc/ezmr_ws/install/turtlesim/include/turtlesim/turtlesim/action/detail/rotate_absolute__rosidl_typesupport_introspection_cpp.hpp
[45.985s] -- Installing: /home/philnoc/ezmr_ws/install/turtlesim/include/turtlesim/turtlesim/action/detail/rotate_absolute__type_support.cpp
[45.985s] -- Up-to-date: /home/philnoc/ezmr_ws/install/turtlesim/include/turtlesim/turtlesim/msg
[45.985s] -- Up-to-date: /home/philnoc/ezmr_ws/install/turtlesim/include/turtlesim/turtlesim/msg/detail
[45.986s] -- Installing: /home/philnoc/ezmr_ws/install/turtlesim/include/turtlesim/turtlesim/msg/detail/color__rosidl_typesupport_introspection_cpp.hpp
[45.986s] -- Installing: /home/philnoc/ezmr_ws/install/turtlesim/include/turtlesim/turtlesim/msg/detail/color__type_support.cpp
[45.986s] -- Installing: /home/philnoc/ezmr_ws/install/turtlesim/include/turtlesim/turtlesim/msg/detail/pose__rosidl_typesupport_introspection_cpp.hpp
[45.986s] -- Installing: /home/philnoc/ezmr_ws/install/turtlesim/include/turtlesim/turtlesim/msg/detail/pose__type_support.cpp
[45.986s] -- Up-to-date: /home/philnoc/ezmr_ws/install/turtlesim/include/turtlesim/turtlesim/srv
[45.986s] -- Up-to-date: /home/philnoc/ezmr_ws/install/turtlesim/include/turtlesim/turtlesim/srv/detail
[45.986s] -- Installing: /home/philnoc/ezmr_ws/install/turtlesim/include/turtlesim/turtlesim/srv/detail/kill__type_support.cpp
[45.986s] -- Installing: /home/philnoc/ezmr_ws/install/turtlesim/include/turtlesim/turtlesim/srv/detail/spawn__rosidl_typesupport_introspection_cpp.hpp
[45.986s] -- Installing: /home/philnoc/ezmr_ws/install/turtlesim/include/turtlesim/turtlesim/srv/detail/kill__rosidl_typesupport_introspection_cpp.hpp
[45.986s] -- Installing: /home/philnoc/ezmr_ws/install/turtlesim/include/turtlesim/turtlesim/srv/detail/spawn__type_support.cpp
[45.987s] -- Installing: /home/philnoc/ezmr_ws/install/turtlesim/include/turtlesim/turtlesim/srv/detail/teleport_absolute__type_support.cpp
[45.987s] -- Installing: /home/philnoc/ezmr_ws/install/turtlesim/include/turtlesim/turtlesim/srv/detail/set_pen__type_support.cpp
[45.987s] -- Installing: /home/philnoc/ezmr_ws/install/turtlesim/include/turtlesim/turtlesim/srv/detail/set_pen__rosidl_typesupport_introspection_cpp.hpp
[45.988s] -- Installing: /home/philnoc/ezmr_ws/install/turtlesim/include/turtlesim/turtlesim/srv/detail/teleport_absolute__rosidl_typesupport_introspection_cpp.hpp
[45.988s] -- Installing: /home/philnoc/ezmr_ws/install/turtlesim/include/turtlesim/turtlesim/srv/detail/teleport_relative__type_support.cpp
[45.988s] -- Installing: /home/philnoc/ezmr_ws/install/turtlesim/include/turtlesim/turtlesim/srv/detail/teleport_relative__rosidl_typesupport_introspection_cpp.hpp
[45.989s] -- Installing: /home/philnoc/ezmr_ws/install/turtlesim/lib/libturtlesim__rosidl_typesupport_introspection_cpp.so
[45.990s] -- Set runtime path of "/home/philnoc/ezmr_ws/install/turtlesim/lib/libturtlesim__rosidl_typesupport_introspection_cpp.so" to ""
[45.990s] -- Installing: /home/philnoc/ezmr_ws/install/turtlesim/lib/libturtlesim__rosidl_typesupport_cpp.so
[45.990s] -- Set runtime path of "/home/philnoc/ezmr_ws/install/turtlesim/lib/libturtlesim__rosidl_typesupport_cpp.so" to ""
[45.991s] -- Installing: /home/philnoc/ezmr_ws/install/turtlesim/share/turtlesim/environment/pythonpath.sh
[45.991s] -- Installing: /home/philnoc/ezmr_ws/install/turtlesim/share/turtlesim/environment/pythonpath.dsv
[45.991s] -- Installing: /home/philnoc/ezmr_ws/install/turtlesim/local/lib/python3.10/dist-packages/turtlesim-1.4.2-py3.10.egg-info
[45.991s] -- Installing: /home/philnoc/ezmr_ws/install/turtlesim/local/lib/python3.10/dist-packages/turtlesim-1.4.2-py3.10.egg-info/top_level.txt
[45.991s] -- Installing: /home/philnoc/ezmr_ws/install/turtlesim/local/lib/python3.10/dist-packages/turtlesim-1.4.2-py3.10.egg-info/dependency_links.txt
[45.991s] -- Installing: /home/philnoc/ezmr_ws/install/turtlesim/local/lib/python3.10/dist-packages/turtlesim-1.4.2-py3.10.egg-info/PKG-INFO
[45.991s] -- Installing: /home/philnoc/ezmr_ws/install/turtlesim/local/lib/python3.10/dist-packages/turtlesim-1.4.2-py3.10.egg-info/SOURCES.txt
[45.992s] -- Installing: /home/philnoc/ezmr_ws/install/turtlesim/local/lib/python3.10/dist-packages/turtlesim
[45.993s] -- Installing: /home/philnoc/ezmr_ws/install/turtlesim/local/lib/python3.10/dist-packages/turtlesim/turtlesim_s__rosidl_typesupport_fastrtps_c.cpython-310-x86_64-linux-gnu.so
[45.993s] -- Installing: /home/philnoc/ezmr_ws/install/turtlesim/local/lib/python3.10/dist-packages/turtlesim/action
[45.993s] -- Installing: /home/philnoc/ezmr_ws/install/turtlesim/local/lib/python3.10/dist-packages/turtlesim/action/__init__.py
[45.994s] -- Installing: /home/philnoc/ezmr_ws/install/turtlesim/local/lib/python3.10/dist-packages/turtlesim/action/_rotate_absolute_s.c
[45.994s] -- Installing: /home/philnoc/ezmr_ws/install/turtlesim/local/lib/python3.10/dist-packages/turtlesim/action/_rotate_absolute.py
[45.994s] -- Installing: /home/philnoc/ezmr_ws/install/turtlesim/local/lib/python3.10/dist-packages/turtlesim/_turtlesim_s.ep.rosidl_typesupport_c.c
[45.994s] -- Installing: /home/philnoc/ezmr_ws/install/turtlesim/local/lib/python3.10/dist-packages/turtlesim/msg
[45.994s] -- Installing: /home/philnoc/ezmr_ws/install/turtlesim/local/lib/python3.10/dist-packages/turtlesim/msg/_pose.py
[45.994s] -- Installing: /home/philnoc/ezmr_ws/install/turtlesim/local/lib/python3.10/dist-packages/turtlesim/msg/__init__.py
[45.994s] -- Installing: /home/philnoc/ezmr_ws/install/turtlesim/local/lib/python3.10/dist-packages/turtlesim/msg/_color_s.c
[45.995s] -- Installing: /home/philnoc/ezmr_ws/install/turtlesim/local/lib/python3.10/dist-packages/turtlesim/msg/_color.py
[45.995s] -- Installing: /home/philnoc/ezmr_ws/install/turtlesim/local/lib/python3.10/dist-packages/turtlesim/msg/_pose_s.c
[45.995s] -- Installing: /home/philnoc/ezmr_ws/install/turtlesim/local/lib/python3.10/dist-packages/turtlesim/__init__.py
[45.995s] -- Installing: /home/philnoc/ezmr_ws/install/turtlesim/local/lib/python3.10/dist-packages/turtlesim/_turtlesim_s.ep.rosidl_typesupport_introspection_c.c
[45.995s] -- Installing: /home/philnoc/ezmr_ws/install/turtlesim/local/lib/python3.10/dist-packages/turtlesim/libturtlesim__rosidl_generator_py.so
[45.995s] -- Installing: /home/philnoc/ezmr_ws/install/turtlesim/local/lib/python3.10/dist-packages/turtlesim/turtlesim_s__rosidl_typesupport_c.cpython-310-x86_64-linux-gnu.so
[45.996s] -- Installing: /home/philnoc/ezmr_ws/install/turtlesim/local/lib/python3.10/dist-packages/turtlesim/turtlesim_s__rosidl_typesupport_introspection_c.cpython-310-x86_64-linux-gnu.so
[45.996s] -- Installing: /home/philnoc/ezmr_ws/install/turtlesim/local/lib/python3.10/dist-packages/turtlesim/_turtlesim_s.ep.rosidl_typesupport_fastrtps_c.c
[45.996s] -- Installing: /home/philnoc/ezmr_ws/install/turtlesim/local/lib/python3.10/dist-packages/turtlesim/srv
[45.996s] -- Installing: /home/philnoc/ezmr_ws/install/turtlesim/local/lib/python3.10/dist-packages/turtlesim/srv/_teleport_relative.py
[45.997s] -- Installing: /home/philnoc/ezmr_ws/install/turtlesim/local/lib/python3.10/dist-packages/turtlesim/srv/_teleport_relative_s.c
[45.997s] -- Installing: /home/philnoc/ezmr_ws/install/turtlesim/local/lib/python3.10/dist-packages/turtlesim/srv/_kill_s.c
[45.997s] -- Installing: /home/philnoc/ezmr_ws/install/turtlesim/local/lib/python3.10/dist-packages/turtlesim/srv/__init__.py
[45.997s] -- Installing: /home/philnoc/ezmr_ws/install/turtlesim/local/lib/python3.10/dist-packages/turtlesim/srv/_teleport_absolute.py
[45.998s] -- Installing: /home/philnoc/ezmr_ws/install/turtlesim/local/lib/python3.10/dist-packages/turtlesim/srv/_teleport_absolute_s.c
[45.998s] -- Installing: /home/philnoc/ezmr_ws/install/turtlesim/local/lib/python3.10/dist-packages/turtlesim/srv/_kill.py
[45.998s] -- Installing: /home/philnoc/ezmr_ws/install/turtlesim/local/lib/python3.10/dist-packages/turtlesim/srv/_spawn.py
[45.998s] -- Installing: /home/philnoc/ezmr_ws/install/turtlesim/local/lib/python3.10/dist-packages/turtlesim/srv/_set_pen_s.c
[45.998s] -- Installing: /home/philnoc/ezmr_ws/install/turtlesim/local/lib/python3.10/dist-packages/turtlesim/srv/_spawn_s.c
[45.999s] -- Installing: /home/philnoc/ezmr_ws/install/turtlesim/local/lib/python3.10/dist-packages/turtlesim/srv/_set_pen.py
[46.056s] Listing '/home/philnoc/ezmr_ws/install/turtlesim/local/lib/python3.10/dist-packages/turtlesim'...
[46.056s] Compiling '/home/philnoc/ezmr_ws/install/turtlesim/local/lib/python3.10/dist-packages/turtlesim/__init__.py'...
[46.056s] Listing '/home/philnoc/ezmr_ws/install/turtlesim/local/lib/python3.10/dist-packages/turtlesim/action'...
[46.056s] Compiling '/home/philnoc/ezmr_ws/install/turtlesim/local/lib/python3.10/dist-packages/turtlesim/action/__init__.py'...
[46.056s] Compiling '/home/philnoc/ezmr_ws/install/turtlesim/local/lib/python3.10/dist-packages/turtlesim/action/_rotate_absolute.py'...
[46.056s] Listing '/home/philnoc/ezmr_ws/install/turtlesim/local/lib/python3.10/dist-packages/turtlesim/msg'...
[46.056s] Compiling '/home/philnoc/ezmr_ws/install/turtlesim/local/lib/python3.10/dist-packages/turtlesim/msg/__init__.py'...
[46.056s] Compiling '/home/philnoc/ezmr_ws/install/turtlesim/local/lib/python3.10/dist-packages/turtlesim/msg/_color.py'...
[46.056s] Compiling '/home/philnoc/ezmr_ws/install/turtlesim/local/lib/python3.10/dist-packages/turtlesim/msg/_pose.py'...
[46.056s] Listing '/home/philnoc/ezmr_ws/install/turtlesim/local/lib/python3.10/dist-packages/turtlesim/srv'...
[46.056s] Compiling '/home/philnoc/ezmr_ws/install/turtlesim/local/lib/python3.10/dist-packages/turtlesim/srv/__init__.py'...
[46.056s] Compiling '/home/philnoc/ezmr_ws/install/turtlesim/local/lib/python3.10/dist-packages/turtlesim/srv/_kill.py'...
[46.057s] Compiling '/home/philnoc/ezmr_ws/install/turtlesim/local/lib/python3.10/dist-packages/turtlesim/srv/_set_pen.py'...
[46.057s] Compiling '/home/philnoc/ezmr_ws/install/turtlesim/local/lib/python3.10/dist-packages/turtlesim/srv/_spawn.py'...
[46.057s] Compiling '/home/philnoc/ezmr_ws/install/turtlesim/local/lib/python3.10/dist-packages/turtlesim/srv/_teleport_absolute.py'...
[46.057s] Compiling '/home/philnoc/ezmr_ws/install/turtlesim/local/lib/python3.10/dist-packages/turtlesim/srv/_teleport_relative.py'...
[46.064s] -- Installing: /home/philnoc/ezmr_ws/install/turtlesim/local/lib/python3.10/dist-packages/turtlesim/turtlesim_s__rosidl_typesupport_fastrtps_c.cpython-310-x86_64-linux-gnu.so
[46.065s] -- Set runtime path of "/home/philnoc/ezmr_ws/install/turtlesim/local/lib/python3.10/dist-packages/turtlesim/turtlesim_s__rosidl_typesupport_fastrtps_c.cpython-310-x86_64-linux-gnu.so" to ""
[46.066s] -- Installing: /home/philnoc/ezmr_ws/install/turtlesim/local/lib/python3.10/dist-packages/turtlesim/turtlesim_s__rosidl_typesupport_introspection_c.cpython-310-x86_64-linux-gnu.so
[46.066s] -- Set runtime path of "/home/philnoc/ezmr_ws/install/turtlesim/local/lib/python3.10/dist-packages/turtlesim/turtlesim_s__rosidl_typesupport_introspection_c.cpython-310-x86_64-linux-gnu.so" to ""
[46.067s] -- Installing: /home/philnoc/ezmr_ws/install/turtlesim/local/lib/python3.10/dist-packages/turtlesim/turtlesim_s__rosidl_typesupport_c.cpython-310-x86_64-linux-gnu.so
[46.067s] -- Set runtime path of "/home/philnoc/ezmr_ws/install/turtlesim/local/lib/python3.10/dist-packages/turtlesim/turtlesim_s__rosidl_typesupport_c.cpython-310-x86_64-linux-gnu.so" to ""
[46.068s] -- Installing: /home/philnoc/ezmr_ws/install/turtlesim/lib/libturtlesim__rosidl_generator_py.so
[46.068s] -- Set runtime path of "/home/philnoc/ezmr_ws/install/turtlesim/lib/libturtlesim__rosidl_generator_py.so" to ""
[46.068s] -- Installing: /home/philnoc/ezmr_ws/install/turtlesim/share/turtlesim/action/RotateAbsolute.idl
[46.068s] -- Installing: /home/philnoc/ezmr_ws/install/turtlesim/share/turtlesim/msg/Color.idl
[46.069s] -- Installing: /home/philnoc/ezmr_ws/install/turtlesim/share/turtlesim/msg/Pose.idl
[46.069s] -- Installing: /home/philnoc/ezmr_ws/install/turtlesim/share/turtlesim/srv/Kill.idl
[46.070s] -- Installing: /home/philnoc/ezmr_ws/install/turtlesim/share/turtlesim/srv/SetPen.idl
[46.070s] -- Installing: /home/philnoc/ezmr_ws/install/turtlesim/share/turtlesim/srv/Spawn.idl
[46.070s] -- Installing: /home/philnoc/ezmr_ws/install/turtlesim/share/turtlesim/srv/TeleportAbsolute.idl
[46.070s] -- Installing: /home/philnoc/ezmr_ws/install/turtlesim/share/turtlesim/srv/TeleportRelative.idl
[46.070s] -- Installing: /home/philnoc/ezmr_ws/install/turtlesim/share/turtlesim/action/RotateAbsolute.action
[46.071s] -- Installing: /home/philnoc/ezmr_ws/install/turtlesim/share/turtlesim/msg/Color.msg
[46.072s] -- Installing: /home/philnoc/ezmr_ws/install/turtlesim/share/turtlesim/msg/Pose.msg
[46.073s] -- Installing: /home/philnoc/ezmr_ws/install/turtlesim/share/turtlesim/srv/Kill.srv
[46.073s] -- Installing: /home/philnoc/ezmr_ws/install/turtlesim/share/turtlesim/srv/Kill_Request.msg
[46.074s] -- Installing: /home/philnoc/ezmr_ws/install/turtlesim/share/turtlesim/srv/Kill_Response.msg
[46.074s] -- Installing: /home/philnoc/ezmr_ws/install/turtlesim/share/turtlesim/srv/SetPen.srv
[46.074s] -- Installing: /home/philnoc/ezmr_ws/install/turtlesim/share/turtlesim/srv/SetPen_Request.msg
[46.075s] -- Installing: /home/philnoc/ezmr_ws/install/turtlesim/share/turtlesim/srv/SetPen_Response.msg
[46.075s] -- Installing: /home/philnoc/ezmr_ws/install/turtlesim/share/turtlesim/srv/Spawn.srv
[46.076s] -- Installing: /home/philnoc/ezmr_ws/install/turtlesim/share/turtlesim/srv/Spawn_Request.msg
[46.076s] -- Installing: /home/philnoc/ezmr_ws/install/turtlesim/share/turtlesim/srv/Spawn_Response.msg
[46.076s] -- Installing: /home/philnoc/ezmr_ws/install/turtlesim/share/turtlesim/srv/TeleportAbsolute.srv
[46.077s] -- Installing: /home/philnoc/ezmr_ws/install/turtlesim/share/turtlesim/srv/TeleportAbsolute_Request.msg
[46.077s] -- Installing: /home/philnoc/ezmr_ws/install/turtlesim/share/turtlesim/srv/TeleportAbsolute_Response.msg
[46.077s] -- Installing: /home/philnoc/ezmr_ws/install/turtlesim/share/turtlesim/srv/TeleportRelative.srv
[46.078s] -- Installing: /home/philnoc/ezmr_ws/install/turtlesim/share/turtlesim/srv/TeleportRelative_Request.msg
[46.078s] -- Installing: /home/philnoc/ezmr_ws/install/turtlesim/share/turtlesim/srv/TeleportRelative_Response.msg
[46.078s] -- Installing: /home/philnoc/ezmr_ws/install/turtlesim/lib/turtlesim/turtlesim_node
[46.088s] -- Set runtime path of "/home/philnoc/ezmr_ws/install/turtlesim/lib/turtlesim/turtlesim_node" to ""
[46.088s] -- Installing: /home/philnoc/ezmr_ws/install/turtlesim/lib/turtlesim/turtle_teleop_key
[46.090s] -- Set runtime path of "/home/philnoc/ezmr_ws/install/turtlesim/lib/turtlesim/turtle_teleop_key" to ""
[46.090s] -- Installing: /home/philnoc/ezmr_ws/install/turtlesim/lib/turtlesim/draw_square
[46.096s] -- Set runtime path of "/home/philnoc/ezmr_ws/install/turtlesim/lib/turtlesim/draw_square" to ""
[46.096s] -- Installing: /home/philnoc/ezmr_ws/install/turtlesim/lib/turtlesim/mimic
[46.100s] -- Set runtime path of "/home/philnoc/ezmr_ws/install/turtlesim/lib/turtlesim/mimic" to ""
[46.100s] -- Installing: /home/philnoc/ezmr_ws/install/turtlesim/share/turtlesim/images
[46.101s] -- Installing: /home/philnoc/ezmr_ws/install/turtlesim/share/turtlesim/images/eloquent.png
[46.102s] -- Installing: /home/philnoc/ezmr_ws/install/turtlesim/share/turtlesim/images/bouncy.png
[46.103s] -- Installing: /home/philnoc/ezmr_ws/install/turtlesim/share/turtlesim/images/foxy.png
[46.103s] -- Installing: /home/philnoc/ezmr_ws/install/turtlesim/share/turtlesim/images/dashing.png
[46.104s] -- Installing: /home/philnoc/ezmr_ws/install/turtlesim/share/turtlesim/images/crystal.png
[46.105s] -- Installing: /home/philnoc/ezmr_ws/install/turtlesim/share/turtlesim/images/ardent.png
[46.105s] -- Installing: /home/philnoc/ezmr_ws/install/turtlesim/share/turtlesim/images/rolling.png
[46.106s] -- Installing: /home/philnoc/ezmr_ws/install/turtlesim/share/turtlesim/images/galactic.png
[46.106s] -- Installing: /home/philnoc/ezmr_ws/install/turtlesim/share/turtlesim/images/humble.png
[46.107s] -- Installing: /home/philnoc/ezmr_ws/install/turtlesim/share/turtlesim/launch
[46.108s] -- Installing: /home/philnoc/ezmr_ws/install/turtlesim/share/turtlesim/launch/multisim.launch.py
[46.109s] -- Installing: /home/philnoc/ezmr_ws/install/turtlesim/share/ament_index/resource_index/package_run_dependencies/turtlesim
[46.109s] -- Installing: /home/philnoc/ezmr_ws/install/turtlesim/share/ament_index/resource_index/parent_prefix_path/turtlesim
[46.110s] -- Installing: /home/philnoc/ezmr_ws/install/turtlesim/share/turtlesim/environment/ament_prefix_path.sh
[46.111s] -- Installing: /home/philnoc/ezmr_ws/install/turtlesim/share/turtlesim/environment/ament_prefix_path.dsv
[46.111s] -- Installing: /home/philnoc/ezmr_ws/install/turtlesim/share/turtlesim/environment/path.sh
[46.112s] -- Installing: /home/philnoc/ezmr_ws/install/turtlesim/share/turtlesim/environment/path.dsv
[46.112s] -- Installing: /home/philnoc/ezmr_ws/install/turtlesim/share/turtlesim/local_setup.bash
[46.113s] -- Installing: /home/philnoc/ezmr_ws/install/turtlesim/share/turtlesim/local_setup.sh
[46.113s] -- Installing: /home/philnoc/ezmr_ws/install/turtlesim/share/turtlesim/local_setup.zsh
[46.113s] -- Installing: /home/philnoc/ezmr_ws/install/turtlesim/share/turtlesim/local_setup.dsv
[46.113s] -- Installing: /home/philnoc/ezmr_ws/install/turtlesim/share/turtlesim/package.dsv
[46.114s] -- Installing: /home/philnoc/ezmr_ws/install/turtlesim/share/ament_index/resource_index/packages/turtlesim
[46.114s] -- Installing: /home/philnoc/ezmr_ws/install/turtlesim/share/turtlesim/cmake/export_turtlesim__rosidl_generator_cExport.cmake
[46.114s] -- Installing: /home/philnoc/ezmr_ws/install/turtlesim/share/turtlesim/cmake/export_turtlesim__rosidl_generator_cExport-noconfig.cmake
[46.114s] -- Installing: /home/philnoc/ezmr_ws/install/turtlesim/share/turtlesim/cmake/export_turtlesim__rosidl_typesupport_fastrtps_cExport.cmake
[46.115s] -- Installing: /home/philnoc/ezmr_ws/install/turtlesim/share/turtlesim/cmake/export_turtlesim__rosidl_typesupport_fastrtps_cExport-noconfig.cmake
[46.115s] -- Installing: /home/philnoc/ezmr_ws/install/turtlesim/share/turtlesim/cmake/export_turtlesim__rosidl_generator_cppExport.cmake
[46.115s] -- Installing: /home/philnoc/ezmr_ws/install/turtlesim/share/turtlesim/cmake/export_turtlesim__rosidl_typesupport_fastrtps_cppExport.cmake
[46.116s] -- Installing: /home/philnoc/ezmr_ws/install/turtlesim/share/turtlesim/cmake/export_turtlesim__rosidl_typesupport_fastrtps_cppExport-noconfig.cmake
[46.116s] -- Installing: /home/philnoc/ezmr_ws/install/turtlesim/share/turtlesim/cmake/turtlesim__rosidl_typesupport_introspection_cExport.cmake
[46.116s] -- Installing: /home/philnoc/ezmr_ws/install/turtlesim/share/turtlesim/cmake/turtlesim__rosidl_typesupport_introspection_cExport-noconfig.cmake
[46.116s] -- Installing: /home/philnoc/ezmr_ws/install/turtlesim/share/turtlesim/cmake/turtlesim__rosidl_typesupport_cExport.cmake
[46.117s] -- Installing: /home/philnoc/ezmr_ws/install/turtlesim/share/turtlesim/cmake/turtlesim__rosidl_typesupport_cExport-noconfig.cmake
[46.117s] -- Installing: /home/philnoc/ezmr_ws/install/turtlesim/share/turtlesim/cmake/turtlesim__rosidl_typesupport_introspection_cppExport.cmake
[46.117s] -- Installing: /home/philnoc/ezmr_ws/install/turtlesim/share/turtlesim/cmake/turtlesim__rosidl_typesupport_introspection_cppExport-noconfig.cmake
[46.118s] -- Installing: /home/philnoc/ezmr_ws/install/turtlesim/share/turtlesim/cmake/turtlesim__rosidl_typesupport_cppExport.cmake
[46.118s] -- Installing: /home/philnoc/ezmr_ws/install/turtlesim/share/turtlesim/cmake/turtlesim__rosidl_typesupport_cppExport-noconfig.cmake
[46.118s] -- Installing: /home/philnoc/ezmr_ws/install/turtlesim/share/turtlesim/cmake/export_turtlesim__rosidl_generator_pyExport.cmake
[46.118s] -- Installing: /home/philnoc/ezmr_ws/install/turtlesim/share/turtlesim/cmake/export_turtlesim__rosidl_generator_pyExport-noconfig.cmake
[46.118s] -- Installing: /home/philnoc/ezmr_ws/install/turtlesim/share/turtlesim/cmake/rosidl_cmake-extras.cmake
[46.118s] -- Installing: /home/philnoc/ezmr_ws/install/turtlesim/share/turtlesim/cmake/ament_cmake_export_dependencies-extras.cmake
[46.118s] -- Installing: /home/philnoc/ezmr_ws/install/turtlesim/share/turtlesim/cmake/ament_cmake_export_include_directories-extras.cmake
[46.118s] -- Installing: /home/philnoc/ezmr_ws/install/turtlesim/share/turtlesim/cmake/ament_cmake_export_libraries-extras.cmake
[46.119s] -- Installing: /home/philnoc/ezmr_ws/install/turtlesim/share/turtlesim/cmake/ament_cmake_export_targets-extras.cmake
[46.119s] -- Installing: /home/philnoc/ezmr_ws/install/turtlesim/share/turtlesim/cmake/rosidl_cmake_export_typesupport_targets-extras.cmake
[46.120s] -- Installing: /home/philnoc/ezmr_ws/install/turtlesim/share/turtlesim/cmake/rosidl_cmake_export_typesupport_libraries-extras.cmake
[46.120s] -- Installing: /home/philnoc/ezmr_ws/install/turtlesim/share/turtlesim/cmake/turtlesimConfig.cmake
[46.120s] -- Installing: /home/philnoc/ezmr_ws/install/turtlesim/share/turtlesim/cmake/turtlesimConfig-version.cmake
[46.120s] -- Installing: /home/philnoc/ezmr_ws/install/turtlesim/share/turtlesim/package.xml
[46.124s] Invoked command in '/home/philnoc/ezmr_ws/build/turtlesim' returned '0': CMAKE_PREFIX_PATH=/opt/ros/humble /usr/bin/cmake --install /home/philnoc/ezmr_ws/build/turtlesim
